
===========================================================================
report_checks -path_delay min (Hold)
============================================================================
======================= max_ss_100C_1v60 Corner ===================================

Startpoint: enable (input port clocked by null)
Endpoint: ro_out (output port clocked by null)
Path Group: null
Path Type: min

Fanout         Cap        Slew       Delay        Time   Description
---------------------------------------------------------------------------------------------
                      0.000000    0.000000    0.000000   clock null (rise edge)
                                  0.000000    0.000000   clock network delay (ideal)
                                  2.000000    2.000000 v input external delay
     1    0.003408    0.020807    0.011196    2.011196 v enable (in)
                                                         enable (net)
                      0.020807    0.000000    2.011196 v input1/A (sky130_fd_sc_hd__clkdlybuf4s25_1)
     1    0.003299    0.080360    0.439327    2.450522 v input1/X (sky130_fd_sc_hd__clkdlybuf4s25_1)
                                                         net1 (net)
                      0.080360    0.000236    2.450759 v u_nand/A (sky130_fd_sc_hd__nand2_1)
     1    0.003031    0.063646    0.095888    2.546647 ^ u_nand/Y (sky130_fd_sc_hd__nand2_1)
                                                         n0 (net)
                      0.063646    0.000209    2.546856 ^ u_inv0/A (sky130_fd_sc_hd__inv_1)
     1    0.003120    0.039076    0.066636    2.613492 v u_inv0/Y (sky130_fd_sc_hd__inv_1)
                                                         n1 (net)
                      0.039076    0.000221    2.613714 v u_inv1/A (sky130_fd_sc_hd__inv_1)
     1    0.003011    0.053144    0.065420    2.679133 ^ u_inv1/Y (sky130_fd_sc_hd__inv_1)
                                                         n2 (net)
                      0.053144    0.000207    2.679340 ^ u_inv2/A (sky130_fd_sc_hd__inv_1)
     1    0.003020    0.037835    0.061091    2.740431 v u_inv2/Y (sky130_fd_sc_hd__inv_1)
                                                         n3 (net)
                      0.037836    0.000222    2.740653 v u_inv3/A (sky130_fd_sc_hd__inv_1)
     2    0.005077    0.076994    0.082769    2.823421 ^ u_inv3/Y (sky130_fd_sc_hd__inv_1)
                                                         n4 (net)
                      0.076994    0.000168    2.823590 ^ u_buf/A (sky130_fd_sc_hd__buf_2)
     1    0.002546    0.044303    0.169507    2.993097 ^ u_buf/X (sky130_fd_sc_hd__buf_2)
                                                         net2 (net)
                      0.044303    0.000117    2.993213 ^ output2/A (sky130_fd_sc_hd__clkdlybuf4s25_1)
     1    0.035716    0.575743    0.815369    3.808582 ^ output2/X (sky130_fd_sc_hd__clkdlybuf4s25_1)
                                                         ro_out (net)
                      0.575743    0.001988    3.810570 ^ ro_out (out)
                                              3.810570   data arrival time

                      0.000000    0.000000    0.000000   clock null (rise edge)
                                  0.000000    0.000000   clock network delay (ideal)
                                  0.250000    0.250000   clock uncertainty
                                  0.000000    0.250000   clock reconvergence pessimism
                                 -2.000000   -1.750000   output external delay
                                             -1.750000   data required time
---------------------------------------------------------------------------------------------
                                             -1.750000   data required time
                                             -3.810570   data arrival time
---------------------------------------------------------------------------------------------
                                              5.560570   slack (MET)



