
===========================================================================
report_checks -path_delay min (Hold)
============================================================================
======================= nom_tt_025C_1v80 Corner ===================================

Startpoint: enable (input port clocked by null)
Endpoint: ro_out (output port clocked by null)
Path Group: null
Path Type: min

Fanout         Cap        Slew       Delay        Time   Description
---------------------------------------------------------------------------------------------
                      0.000000    0.000000    0.000000   clock null (rise edge)
                                  0.000000    0.000000   clock network delay (ideal)
                                  2.000000    2.000000 ^ input external delay
     1    0.003545    0.022960    0.012935    2.012935 ^ enable (in)
                                                         enable (net)
                      0.022968    0.000000    2.012935 ^ input1/A (sky130_fd_sc_hd__clkdlybuf4s25_1)
     1    0.003318    0.048615    0.238915    2.251850 ^ input1/X (sky130_fd_sc_hd__clkdlybuf4s25_1)
                                                         net1 (net)
                      0.048615    0.000101    2.251951 ^ u_nand/A (sky130_fd_sc_hd__nand2_1)
     1    0.002852    0.031251    0.045502    2.297453 v u_nand/Y (sky130_fd_sc_hd__nand2_1)
                                                         n0 (net)
                      0.031251    0.000084    2.297537 v u_inv0/A (sky130_fd_sc_hd__inv_1)
     1    0.003243    0.035853    0.045434    2.342971 ^ u_inv0/Y (sky130_fd_sc_hd__inv_1)
                                                         n1 (net)
                      0.035853    0.000099    2.343070 ^ u_inv1/A (sky130_fd_sc_hd__inv_1)
     1    0.002849    0.019749    0.031739    2.374809 v u_inv1/Y (sky130_fd_sc_hd__inv_1)
                                                         n2 (net)
                      0.019749    0.000083    2.374892 v u_inv2/A (sky130_fd_sc_hd__inv_1)
     1    0.003169    0.034908    0.040243    2.415135 ^ u_inv2/Y (sky130_fd_sc_hd__inv_1)
                                                         n3 (net)
                      0.034908    0.000095    2.415230 ^ u_inv3/A (sky130_fd_sc_hd__inv_1)
     2    0.004686    0.026860    0.038095    2.453325 v u_inv3/Y (sky130_fd_sc_hd__inv_1)
                                                         n4 (net)
                      0.026860    0.000069    2.453394 v u_buf/A (sky130_fd_sc_hd__buf_2)
     1    0.002322    0.022364    0.104023    2.557417 v u_buf/X (sky130_fd_sc_hd__buf_2)
                                                         net2 (net)
                      0.022364    0.000045    2.557462 v output2/A (sky130_fd_sc_hd__clkdlybuf4s25_1)
     1    0.035570    0.264494    0.411242    2.968705 v output2/X (sky130_fd_sc_hd__clkdlybuf4s25_1)
                                                         ro_out (net)
                      0.264496    0.001037    2.969741 v ro_out (out)
                                              2.969741   data arrival time

                      0.000000    0.000000    0.000000   clock null (rise edge)
                                  0.000000    0.000000   clock network delay (ideal)
                                  0.250000    0.250000   clock uncertainty
                                  0.000000    0.250000   clock reconvergence pessimism
                                 -2.000000   -1.750000   output external delay
                                             -1.750000   data required time
---------------------------------------------------------------------------------------------
                                             -1.750000   data required time
                                             -2.969741   data arrival time
---------------------------------------------------------------------------------------------
                                              4.719741   slack (MET)



