Reading technology LEF file at '/foss/pdks/sky130A/libs.ref/sky130_fd_sc_hd/techlef/sky130_fd_sc_hd__nom.tlef'…
[INFO ODB-0227] LEF file: /foss/pdks/sky130A/libs.ref/sky130_fd_sc_hd/techlef/sky130_fd_sc_hd__nom.tlef, created 14 layers, 25 vias
Reading cell LEF file at '/foss/pdks/sky130A/libs.ref/sky130_fd_sc_hd/lef/sky130_ef_sc_hd.lef'…
[WARNING ODB-0220] WARNING (LEFPARS-2008): NOWIREEXTENSIONATPIN statement is obsolete in version 5.6 or later.
The NOWIREEXTENSIONATPIN statement will be ignored. See file /foss/pdks/sky130A/libs.ref/sky130_fd_sc_hd/lef/sky130_ef_sc_hd.lef at line 2.

[INFO ODB-0227] LEF file: /foss/pdks/sky130A/libs.ref/sky130_fd_sc_hd/lef/sky130_ef_sc_hd.lef, created 8 library cells
Reading cell LEF file at '/foss/pdks/sky130A/libs.ref/sky130_fd_sc_hd/lef/sky130_fd_sc_hd.lef'…
[WARNING ODB-0220] WARNING (LEFPARS-2008): NOWIREEXTENSIONATPIN statement is obsolete in version 5.6 or later.
The NOWIREEXTENSIONATPIN statement will be ignored. See file /foss/pdks/sky130A/libs.ref/sky130_fd_sc_hd/lef/sky130_fd_sc_hd.lef at line 2.

[INFO ODB-0227] LEF file: /foss/pdks/sky130A/libs.ref/sky130_fd_sc_hd/lef/sky130_fd_sc_hd.lef, created 437 library cells
[INFO ODB-0127] Reading DEF file: /foss/designs/sky130_characterization/openlane/characterization_top_sky130/runs/RUN_2026-06-23_12-08-15/53-odb-cellfrequencytables/characterization_top.def
[INFO ODB-0128] Design: characterization_top
[INFO ODB-0130]     Created 106 pins.
[INFO ODB-0131]     Created 63244 components and 251074 component-terminals.
[INFO ODB-0132]     Created 2 special nets and 246428 connections.
[INFO ODB-0133]     Created 1511 nets and 4628 connections.
[INFO ODB-0134] Finished DEF file: /foss/designs/sky130_characterization/openlane/characterization_top_sky130/runs/RUN_2026-06-23_12-08-15/53-odb-cellfrequencytables/characterization_top.def
Using RCX ruleset '/foss/pdks/sky130A/libs.tech/librelane/rules.openrcx.sky130A.nom.calibre'…
[INFO RCX-0431] Defined process_corner CURRENT_CORNER with ext_model_index 0
[INFO RCX-0029] Defined extraction corner CURRENT_CORNER
+ extract_parasitics  -ext_model_file /foss/pdks/sky130A/libs.tech/librelane/rules.openrcx.sky130A.nom.calibre -lef_res
[INFO RCX-0435] Reading extraction model file /foss/pdks/sky130A/libs.tech/librelane/rules.openrcx.sky130A.nom.calibre ...
[INFO RCX-0436] RC segment generation characterization_top (max_merge_res 50.0) ...
[INFO RCX-0040] Final 5111 rc segments
[INFO RCX-0439] Coupling Cap extraction characterization_top ...
[INFO RCX-0440] Coupling threshhold is 0.1000 fF, coupling capacitance less than 0.1000 fF will be grounded.
[INFO RCX-0442] 57% of 10326 wires extracted
[INFO RCX-0442] 100% of 10326 wires extracted
[INFO RCX-0045] Extract 1511 nets, 6622 rsegs, 6622 caps, 10124 ccs
Setting global connections for newly added cells…
[INFO] Setting global connections...
[INFO ODB-0403] 0 connections made, 0 conflicts skipped.
Updating metrics…
Cell type report:                       Count       Area
  Fill cell                             58451  210765.89
  Tap cell                               3274    4096.43
  Antenna cell                              3       7.51
  Standard cell                          1516   17665.69
  Total                                 63244  232535.52
Writing extracted parasitics to '/foss/designs/sky130_characterization/openlane/characterization_top_sky130/runs/RUN_2026-06-23_12-08-15/54-openroad-rcx/nom/characterization_top.nom.spef'…
[INFO RCX-0443] 1511 nets finished
