[WARNING ORD-0039] .openroad ignored with -python
                                Cells by Master                                 
┏━━━━━━━━━━━━━━━━━━━━━━━━━━━━━━━━━━━━━━━━━━━━━━━━━━━━━━━━━━━━━━━━┳━━━━━━━━━━━━━┓
┃ Cell                                                           ┃ Count       ┃
┡━━━━━━━━━━━━━━━━━━━━━━━━━━━━━━━━━━━━━━━━━━━━━━━━━━━━━━━━━━━━━━━━╇━━━━━━━━━━━━━┩
│ sky130_fd_sc_hd__buf_2                                         │ 1           │
│ sky130_fd_sc_hd__clkdlybuf4s25_1                               │ 2           │
│ sky130_fd_sc_hd__decap_3                                       │ 1723        │
│ sky130_fd_sc_hd__fill_1                                        │ 80          │
│ sky130_fd_sc_hd__fill_2                                        │ 15          │
│ sky130_fd_sc_hd__inv_1                                         │ 4           │
│ sky130_fd_sc_hd__nand2_1                                       │ 1           │
│ sky130_fd_sc_hd__tapvpwrvgnd_1                                 │ 90          │
└────────────────────────────────────────────────────────────────┴─────────────┘
                               Cells by Function                                
┏━━━━━━━━━━━━━━━━━━━━━━━━━━━━━━━━━━━━━━━━━━━━━━━━━━━━━━━━━━━━━━━━┳━━━━━━━━━━━━━┓
┃ Cell Function                                                  ┃ Count       ┃
┡━━━━━━━━━━━━━━━━━━━━━━━━━━━━━━━━━━━━━━━━━━━━━━━━━━━━━━━━━━━━━━━━╇━━━━━━━━━━━━━┩
│ sky130_fd_sc_hd__buf                                           │ 1           │
│ sky130_fd_sc_hd__clkdlybuf4s25                                 │ 2           │
│ sky130_fd_sc_hd__decap                                         │ 1723        │
│ sky130_fd_sc_hd__fill                                          │ 95          │
│ sky130_fd_sc_hd__inv                                           │ 4           │
│ sky130_fd_sc_hd__nand2                                         │ 1           │
│ sky130_fd_sc_hd__tapvpwrvgnd                                   │ 90          │
└────────────────────────────────────────────────────────────────┴─────────────┘
                                  Cells by SCL                                  
┏━━━━━━━━━━━━━━━━━━━━━━━━━━━━━━━━━━━━━━━━━━━━━━━━━━━━━━━┳━━━━━━━━━━━━━━━━━━━━━━┓
┃ SCL                                                   ┃ Count                ┃
┡━━━━━━━━━━━━━━━━━━━━━━━━━━━━━━━━━━━━━━━━━━━━━━━━━━━━━━━╇━━━━━━━━━━━━━━━━━━━━━━┩
│ sky130_fd_sc_hd                                       │ 1916                 │
└───────────────────────────────────────────────────────┴──────────────────────┘
                             Buffers by Cell Master                             
┏━━━━━━━━━━━━━━━━━━━━━━━━━━━━━━━━━━━━━━━━━━━━━━━━━━━━━━━━━━━━━━━━┳━━━━━━━━━━━━━┓
┃ Buffer                                                         ┃ Count       ┃
┡━━━━━━━━━━━━━━━━━━━━━━━━━━━━━━━━━━━━━━━━━━━━━━━━━━━━━━━━━━━━━━━━╇━━━━━━━━━━━━━┩
│ sky130_fd_sc_hd__buf_2                                         │ 1           │
│ sky130_fd_sc_hd__clkdlybuf4s25_1                               │ 2           │
└────────────────────────────────────────────────────────────────┴─────────────┘
