Reading timing models for corner nom_tt_025C_1v80…
Reading timing library for the 'nom_tt_025C_1v80' corner at '/foss/pdks/sky130A/libs.ref/sky130_fd_sc_hd/lib/sky130_fd_sc_hd__tt_025C_1v80.lib'…
Reading OpenROAD database at '/foss/designs/sky130_characterization/openlane/characterization_top_sky130/runs/RUN_2026-06-23_12-08-15/25-openroad-ioplacement/characterization_top.odb'…
Reading design constraints file at '/usr/local/lib/python3.12/dist-packages/librelane/scripts/base.sdc'…
[INFO] Using clock clk…
[INFO] Setting output delay to: 2.0
[INFO] Setting input delay to: 2.0
[INFO] Setting load to: 0.033442
[INFO] Setting clock uncertainty to: 0.25
[INFO] Setting clock transition to: 0.1499999999999999944488848768742172978818416595458984375
[INFO] Setting timing derate to: 5%
[INFO] Setting signal min routing layer to: met1 and clock min routing layer to met1. 
[INFO] Setting signal max routing layer to: met5 and clock max routing layer to met5. 
+ global_placement -density 0.45 -routability_driven -pad_right 0 -pad_left 0 -init_wirelength_coef 0.25
[INFO GPL-0001] ---- Initialize GPL Main Data Structures
[INFO GPL-0002] DBU: 1000
[INFO GPL-0003] SiteSize: (  0.460  2.720 ) um
[INFO GPL-0004] CoreBBox: (  5.520 10.880 ) ( 494.040 486.880 ) um
[INFO GPL-0036] Movable instances area:      12478.218 um^2
[INFO GPL-0037] Total instances area:        17888.406 um^2
[INFO GPL-0035] Pin density area adjust:       953.489 um^2
[INFO GPL-0032] ---- Initialize Region: Top-level
[INFO GPL-0006] Number of instances:              4629
[INFO GPL-0007] Movable instances:                1005
[INFO GPL-0008] Fixed instances:                  3624
[INFO GPL-0009] Dummy instances:                     0
[INFO GPL-0010] Number of nets:                   1016
[INFO GPL-0011] Number of pins:                   3723
[INFO GPL-0012] Die BBox:  (  0.000  0.000 ) ( 500.000 500.000 ) um
[INFO GPL-0013] Core BBox: (  5.520 10.880 ) ( 494.040 486.880 ) um
[INFO GPL-0016] Core area:                  232535.520 um^2
[INFO GPL-0014] Region name: top-level.
[INFO GPL-0015] Region area:                232535.520 um^2
[INFO GPL-0017] Fixed instances area:         5410.189 um^2
[INFO GPL-0018] Movable instances area:      13431.707 um^2
[INFO GPL-0019] Utilization:                     5.914 %
[INFO GPL-0020] Standard cells area:         13431.707 um^2
[INFO GPL-0021] Large instances area:            0.000 um^2
[INFO GPL-0005] ---- Execute Conjugate Gradient Initial Placement.
[INFO GPL-0051] Source of initial instance position counters:
	Odb location = 1005	Core center = 0	Region center = 0
[InitialPlace]  Iter: 1 conjugate gradient residual: 0.00022445 HPWL: 41882683
[InitialPlace]  Iter: 2 conjugate gradient residual: 0.00009781 HPWL: 35800477
[InitialPlace]  Iter: 3 conjugate gradient residual: 0.00011344 HPWL: 32505019
[InitialPlace]  Iter: 4 conjugate gradient residual: 0.00009762 HPWL: 30416248
[InitialPlace]  Iter: 5 conjugate gradient residual: 0.00010653 HPWL: 29260478
[InitialPlace]  Iter: 6 conjugate gradient residual: 0.00001518 HPWL: 28608407
[InitialPlace]  Iter: 7 conjugate gradient residual: 0.00001582 HPWL: 28121330
[InitialPlace]  Iter: 8 conjugate gradient residual: 0.00000362 HPWL: 27954834
[INFO GPL-0033] ---- Initialize Nesterov Region: Top-level
[INFO GPL-0023] Placement target density:       0.4500
[INFO GPL-0024] Movable insts average area:     13.365 um^2
[INFO GPL-0025] Ideal bin area:                 29.700 um^2
[INFO GPL-0026] Ideal bin count:                  7829
[INFO GPL-0027] Total bin area:             232535.520 um^2
[INFO GPL-0028] Bin count (X, Y):          64 ,     64
[INFO GPL-0029] Bin size (W * H):       7.633 *  7.438 um
[INFO GPL-0030] Number of bins:                   4096
[INFO GPL-0007] ---- Execute Nesterov Global Placement.
[INFO GPL-0031] HPWL: Half-Perimeter Wirelength
Iteration | Overflow |     HPWL (um) |  HPWL(%) |   Penalty | Group
---------------------------------------------------------------
        0 |   0.7462 |  2.157039e+04 |   +0.00% |  1.35e-14 |      
       10 |   0.6795 |  2.269886e+04 |   +5.23% |  2.20e-14 |      
       20 |   0.6412 |  2.308887e+04 |   +1.72% |  3.59e-14 |      
       30 |   0.6248 |  2.323453e+04 |   +0.63% |  5.85e-14 |      
       40 |   0.6239 |  2.316850e+04 |   -0.28% |  9.52e-14 |      
       50 |   0.6216 |  2.306016e+04 |   -0.47% |  1.55e-13 |      
       60 |   0.6178 |  2.304509e+04 |   -0.07% |  2.53e-13 |      
       70 |   0.6148 |  2.301877e+04 |   -0.11% |  4.12e-13 |      
       80 |   0.6153 |  2.302041e+04 |   +0.01% |  6.71e-13 |      
       90 |   0.6153 |  2.298201e+04 |   -0.17% |  1.09e-12 |      
      100 |   0.6211 |  2.299257e+04 |   +0.05% |  1.78e-12 |      
      110 |   0.6191 |  2.300551e+04 |   +0.06% |  2.90e-12 |      
      120 |   0.6181 |  2.299972e+04 |   -0.03% |  4.72e-12 |      
      130 |   0.6184 |  2.302598e+04 |   +0.11% |  7.69e-12 |      
      140 |   0.6179 |  2.307288e+04 |   +0.20% |  1.25e-11 |      
      150 |   0.6161 |  2.315510e+04 |   +0.36% |  2.04e-11 |      
      160 |   0.6110 |  2.328299e+04 |   +0.55% |  3.32e-11 |      
      170 |   0.6061 |  2.336582e+04 |   +0.36% |  5.41e-11 |      
      180 |   0.6019 |  2.334237e+04 |   -0.10% |  8.82e-11 |      
[INFO GPL-0038] Routability snapshot saved at iter = 184
      183 |   0.5996 |  2.330232e+04 |          |           |      
      190 |   0.5908 |  2.320270e+04 |   -0.60% |  1.44e-10 |      
      200 |   0.5817 |  2.331448e+04 |   +0.48% |  2.34e-10 |      
      210 |   0.5599 |  2.350168e+04 |   +0.80% |  3.81e-10 |      
      220 |   0.5423 |  2.334215e+04 |   -0.68% |  6.21e-10 |      
      230 |   0.5090 |  2.353475e+04 |   +0.83% |  1.01e-09 |      
      240 |   0.4909 |  2.366864e+04 |   +0.57% |  1.65e-09 |      
      250 |   0.4516 |  2.378704e+04 |   +0.50% |  2.68e-09 |      
      260 |   0.4220 |  2.396584e+04 |   +0.75% |  4.37e-09 |      
      270 |   0.3777 |  2.412889e+04 |   +0.68% |  7.12e-09 |      
      280 |   0.3418 |  2.432943e+04 |   +0.83% |  1.16e-08 |      
      290 |   0.3112 |  2.443394e+04 |   +0.43% |  1.71e-08 |      
[INFO GPL-0040] Routability iteration: 1
[INFO GPL-0041] Total routing overflow: 0.0000
[INFO GPL-0042] Number of overflowed tiles: 0 (0.00%)
[INFO GPL-0043] Average top 0.5% routing congestion: 0.7612
[INFO GPL-0044] Average top 1.0% routing congestion: 0.7339
[INFO GPL-0045] Average top 2.0% routing congestion: 0.7037
[INFO GPL-0046] Average top 5.0% routing congestion: 0.6594
[INFO GPL-0047] Routability iteration weighted routing congestion: 0.7476
[INFO GPL-0050] Weighted routing congestion is lower than target routing congestion(1.0100), end routability optimization.
[INFO GPL-0090] Routability finished. Target routing congestion achieved succesfully.
Iteration | Overflow |     HPWL (um) |  HPWL(%) |   Penalty | Group
---------------------------------------------------------------
      300 |   0.2762 |  2.458753e+04 |   +0.63% |  2.52e-08 |      
      310 |   0.2457 |  2.480870e+04 |   +0.90% |  3.71e-08 |      
      320 |   0.2186 |  2.494106e+04 |   +0.53% |  5.46e-08 |      
      330 |   0.1876 |  2.510916e+04 |   +0.67% |  8.04e-08 |      
      340 |   0.1611 |  2.518485e+04 |   +0.30% |  1.18e-07 |      
      350 |   0.1357 |  2.526510e+04 |   +0.32% |  1.75e-07 |      
      360 |   0.1180 |  2.533779e+04 |   +0.29% |  2.57e-07 |      
      370 |   0.1043 |  2.541365e+04 |   +0.30% |  3.79e-07 |      
      372 |   0.0997 |  2.543886e+04 |          |  4.25e-07 |      
---------------------------------------------------------------
[INFO GPL-1001] Global placement finished at iteration 372
[INFO GPL-1003] Routability mode iteration count: 110
[INFO GPL-1005] Routability final weighted congestion: 0.7076
[INFO GPL-1002] Placed Cell Area            13431.7071
[INFO GPL-1003] Available Free Area         227125.3312
[INFO GPL-1004] Minimum Feasible Density        0.0600 (cell_area / free_area)
[INFO GPL-1006]   Suggested Target Densities:
[INFO GPL-1007]     - For 90% usage of free space: 0.0657
[INFO GPL-1008]     - For 80% usage of free space: 0.0739
[INFO GPL-1009]     - For 50% usage of free space: 0.1183
[INFO GPL-1011] Original area (um^2): 13431.71
[INFO GPL-1012] Total routability artificial inflation: 0.00 (+0.00%)
[INFO GPL-1014] Final placement area: 13431.71 (+0.00%)
Setting global connections for newly added cells…
[INFO] Setting global connections...
[INFO ODB-0403] 0 connections made, 0 conflicts skipped.
Updating metrics…
Cell type report:                       Count       Area
  Fill cell                               350    1313.76
  Tap cell                               3274    4096.43
  Buffer                                    1       5.00
  Inverter                                286    1073.53
  Sequential cell                         270    7094.30
  Multi-Input combinational cell          448    4305.38
  Total                                  4629   17888.41
Writing OpenROAD database to '/foss/designs/sky130_characterization/openlane/characterization_top_sky130/runs/RUN_2026-06-23_12-08-15/28-openroad-globalplacement/characterization_top.odb'…
Writing netlist to '/foss/designs/sky130_characterization/openlane/characterization_top_sky130/runs/RUN_2026-06-23_12-08-15/28-openroad-globalplacement/characterization_top.nl.v'…
Writing powered netlist to '/foss/designs/sky130_characterization/openlane/characterization_top_sky130/runs/RUN_2026-06-23_12-08-15/28-openroad-globalplacement/characterization_top.pnl.v'…
Writing layout to '/foss/designs/sky130_characterization/openlane/characterization_top_sky130/runs/RUN_2026-06-23_12-08-15/28-openroad-globalplacement/characterization_top.def'…
Writing timing constraints to '/foss/designs/sky130_characterization/openlane/characterization_top_sky130/runs/RUN_2026-06-23_12-08-15/28-openroad-globalplacement/characterization_top.sdc'…
