
===========================================================================
report_checks -path_delay min (Hold)
============================================================================
======================= nom_tt_025C_1v80 Corner ===================================

Startpoint: in (input port clocked by null)
Endpoint: out (output port clocked by null)
Path Group: null
Path Type: min

Fanout         Cap        Slew       Delay        Time   Description
---------------------------------------------------------------------------------------------
                      0.000000    0.000000    0.000000   clock null (rise edge)
                                  0.000000    0.000000   clock network delay (ideal)
                                  2.000000    2.000000 ^ input external delay
     1    0.005120    0.029818    0.018229    2.018229 ^ in (in)
                                                         in (net)
                      0.029818    0.000000    2.018229 ^ u0/A (sky130_fd_sc_hd__buf_2)
     1    0.001996    0.024116    0.081488    2.099716 ^ u0/X (sky130_fd_sc_hd__buf_2)
                                                         n0 (net)
                      0.024116    0.000002    2.099718 ^ u1/A (sky130_fd_sc_hd__buf_2)
     1    0.001981    0.024062    0.079287    2.179005 ^ u1/X (sky130_fd_sc_hd__buf_2)
                                                         n1 (net)
                      0.024062    0.000002    2.179007 ^ u2/A (sky130_fd_sc_hd__buf_2)
     1    0.001954    0.023940    0.079150    2.258157 ^ u2/X (sky130_fd_sc_hd__buf_2)
                                                         n2 (net)
                      0.023940    0.000001    2.258158 ^ u3/A (sky130_fd_sc_hd__buf_2)
     1    0.001965    0.023992    0.079154    2.337312 ^ u3/X (sky130_fd_sc_hd__buf_2)
                                                         n3 (net)
                      0.023992    0.000001    2.337313 ^ u4/A (sky130_fd_sc_hd__buf_2)
     1    0.001992    0.024111    0.079289    2.416602 ^ u4/X (sky130_fd_sc_hd__buf_2)
                                                         n4 (net)
                      0.024111    0.000002    2.416603 ^ u5/A (sky130_fd_sc_hd__buf_2)
     1    0.001973    0.024025    0.079250    2.495854 ^ u5/X (sky130_fd_sc_hd__buf_2)
                                                         n5 (net)
                      0.024025    0.000001    2.495855 ^ u6/A (sky130_fd_sc_hd__buf_2)
     1    0.001954    0.023941    0.079137    2.574992 ^ u6/X (sky130_fd_sc_hd__buf_2)
                                                         n6 (net)
                      0.023941    0.000001    2.574993 ^ u7/A (sky130_fd_sc_hd__buf_2)
     1    0.001995    0.024121    0.079279    2.654272 ^ u7/X (sky130_fd_sc_hd__buf_2)
                                                         n7 (net)
                      0.024121    0.000002    2.654274 ^ u8/A (sky130_fd_sc_hd__buf_2)
     1    0.036786    0.181718    0.198428    2.852702 ^ u8/X (sky130_fd_sc_hd__buf_2)
                                                         out (net)
                      0.181719    0.000486    2.853189 ^ out (out)
                                              2.853189   data arrival time

                      0.000000    0.000000    0.000000   clock null (rise edge)
                                  0.000000    0.000000   clock network delay (ideal)
                                  0.250000    0.250000   clock uncertainty
                                  0.000000    0.250000   clock reconvergence pessimism
                                 -2.000000   -1.750000   output external delay
                                             -1.750000   data required time
---------------------------------------------------------------------------------------------
                                             -1.750000   data required time
                                             -2.853189   data arrival time
---------------------------------------------------------------------------------------------
                                              4.603188   slack (MET)



