                                                                       Cells by Function                                                                        
┏━━━━━━━━━━━━━━━━━━━━━━━━━━━━━━━━━━━━━━━━━━━━━━━━━━━━━━━━━━━━━━━━━━━━━━━━━━━━━━━━━━━━━━━━━━━━━━━━━━━━━━━━━━━━━━━━━━━━━━━━━━━━━━━━━┳━━━━━━━━━━━━━━━━━━━━━━━━━━━━┓
┃ Cell Function                                                                                                                   ┃ Count                      ┃
┡━━━━━━━━━━━━━━━━━━━━━━━━━━━━━━━━━━━━━━━━━━━━━━━━━━━━━━━━━━━━━━━━━━━━━━━━━━━━━━━━━━━━━━━━━━━━━━━━━━━━━━━━━━━━━━━━━━━━━━━━━━━━━━━━━╇━━━━━━━━━━━━━━━━━━━━━━━━━━━━┩
│ sky130_fd_sc_hd__a2111o                                                                                                         │ 1                          │
│ sky130_fd_sc_hd__a21boi                                                                                                         │ 1                          │
│ sky130_fd_sc_hd__a21o                                                                                                           │ 12                         │
│ sky130_fd_sc_hd__a21oi                                                                                                          │ 18                         │
│ sky130_fd_sc_hd__a22o                                                                                                           │ 117                        │
│ sky130_fd_sc_hd__a2bb2o                                                                                                         │ 6                          │
│ sky130_fd_sc_hd__a311oi                                                                                                         │ 1                          │
│ sky130_fd_sc_hd__a31o                                                                                                           │ 13                         │
│ sky130_fd_sc_hd__a31oi                                                                                                          │ 1                          │
│ sky130_fd_sc_hd__a32o                                                                                                           │ 18                         │
│ sky130_fd_sc_hd__a41o                                                                                                           │ 4                          │
│ sky130_fd_sc_hd__and2                                                                                                           │ 16                         │
│ sky130_fd_sc_hd__and2b                                                                                                          │ 5                          │
│ sky130_fd_sc_hd__and3                                                                                                           │ 17                         │
│ sky130_fd_sc_hd__and3b                                                                                                          │ 2                          │
│ sky130_fd_sc_hd__and4                                                                                                           │ 9                          │
│ sky130_fd_sc_hd__and4b                                                                                                          │ 1                          │
│ sky130_fd_sc_hd__and4bb                                                                                                         │ 1                          │
│ sky130_fd_sc_hd__buf                                                                                                            │ 30                         │
│ sky130_fd_sc_hd__bufinv                                                                                                         │ 1                          │
│ sky130_fd_sc_hd__clkbuf                                                                                                         │ 45                         │
│ sky130_fd_sc_hd__clkdlybuf4s25                                                                                                  │ 179                        │
│ sky130_fd_sc_hd__clkinv                                                                                                         │ 2                          │
│ sky130_fd_sc_hd__conb                                                                                                           │ 2                          │
│ sky130_fd_sc_hd__decap                                                                                                          │ 54722                      │
│ sky130_fd_sc_hd__dfrtp                                                                                                          │ 269                        │
│ sky130_fd_sc_hd__dfstp                                                                                                          │ 1                          │
│ sky130_fd_sc_hd__diode                                                                                                          │ 3                          │
│ sky130_fd_sc_hd__dlygate4sd3                                                                                                    │ 253                        │
│ sky130_fd_sc_hd__fill                                                                                                           │ 3729                       │
│ sky130_fd_sc_hd__inv                                                                                                            │ 288                        │
│ sky130_fd_sc_hd__mux2                                                                                                           │ 79                         │
│ sky130_fd_sc_hd__nand2                                                                                                          │ 15                         │
│ sky130_fd_sc_hd__nand2b                                                                                                         │ 3                          │
│ sky130_fd_sc_hd__nand3                                                                                                          │ 2                          │
│ sky130_fd_sc_hd__nand4                                                                                                          │ 3                          │
│ sky130_fd_sc_hd__nor2                                                                                                           │ 14                         │
│ sky130_fd_sc_hd__nor3                                                                                                           │ 8                          │
│ sky130_fd_sc_hd__nor3b                                                                                                          │ 2                          │
│ sky130_fd_sc_hd__nor4                                                                                                           │ 1                          │
│ sky130_fd_sc_hd__o2111a                                                                                                         │ 2                          │
│ sky130_fd_sc_hd__o2111ai                                                                                                        │ 1                          │
│ sky130_fd_sc_hd__o211a                                                                                                          │ 4                          │
│ sky130_fd_sc_hd__o21a                                                                                                           │ 16                         │
│ sky130_fd_sc_hd__o21ai                                                                                                          │ 9                          │
│ sky130_fd_sc_hd__o21ba                                                                                                          │ 2                          │
│ sky130_fd_sc_hd__o22a                                                                                                           │ 1                          │
│ sky130_fd_sc_hd__o311a                                                                                                          │ 9                          │
│ sky130_fd_sc_hd__o31a                                                                                                           │ 8                          │
│ sky130_fd_sc_hd__or2                                                                                                            │ 12                         │
│ sky130_fd_sc_hd__or3                                                                                                            │ 4                          │
│ sky130_fd_sc_hd__or3b                                                                                                           │ 1                          │
│ sky130_fd_sc_hd__or4                                                                                                            │ 7                          │
│ sky130_fd_sc_hd__tapvpwrvgnd                                                                                                    │ 3274                       │
└─────────────────────────────────────────────────────────────────────────────────────────────────────────────────────────────────┴────────────────────────────┘
