Clock: clk
Sources: clk 
Generated: no
Virtual: no
Propagated: no
Period: 10.000000

===========================================================================
report_clock_properties
============================================================================
Clock                   Period          Waveform
----------------------------------------------------
clk                  10.000000    0.000000  5.000000

===========================================================================
report_clock_latency
============================================================================
Clock clk
rise -> rise
    min     max
0.000000 0.000000 source latency
1.546258         network latency _1464_/CLK
        1.546258 network latency _1464_/CLK
---------------
1.546258 1.546258 latency
        0.000000 skew

fall -> fall
    min     max
0.000000 0.000000 source latency
0.753492         network latency _1464_/CLK
        0.753492 network latency _1464_/CLK
---------------
0.753492 0.753492 latency
        0.000000 skew



===========================================================================
report_clock_min_period
============================================================================
clk period_min = 2.60 fmax = 384.07
