Reading timing models for corner nom_tt_025C_1v80…
Reading timing library for the 'nom_tt_025C_1v80' corner at '/foss/pdks/sky130A/libs.ref/sky130_fd_sc_hd/lib/sky130_fd_sc_hd__tt_025C_1v80.lib'…
Reading OpenROAD database at '/foss/designs/sky130_characterization/openlane/characterization_top_sky130/runs/RUN_2026-06-23_12-08-15/53-odb-cellfrequencytables/characterization_top.odb'…
Reading design constraints file at '/usr/local/lib/python3.12/dist-packages/librelane/scripts/base.sdc'…
[INFO] Using clock clk…
[INFO] Setting output delay to: 2.0
[INFO] Setting input delay to: 2.0
[INFO] Setting load to: 0.033442
[INFO] Setting clock uncertainty to: 0.25
[INFO] Setting clock transition to: 0.1499999999999999944488848768742172978818416595458984375
[INFO] Setting timing derate to: 5%
[INFO] Using voltage extracted from lib (1.8000000000V) for power nets and 0V for ground nets…
%OL_CREATE_REPORT irdrop.rpt
+ analyze_power_grid -net VPWR -voltage_file /foss/designs/sky130_characterization/openlane/characterization_top_sky130/runs/RUN_2026-06-23_12-08-15/56-openroad-irdropreport/net-VPWR.csv
[INFO PSM-0040] All shapes on net VPWR are connected.
########## IR report #################
Net              : VPWR
Corner           : nom_tt_025C_1v80
Total power      : 2.26e-03 W
Supply voltage   : 1.80e+00 V
Worstcase voltage: 1.80e+00 V
Average voltage  : 1.80e+00 V
Average IR drop  : 2.48e-05 V
Worstcase IR drop: 6.61e-04 V
Percentage drop  : 0.04 %
######################################
+ analyze_power_grid -net VGND -voltage_file /foss/designs/sky130_characterization/openlane/characterization_top_sky130/runs/RUN_2026-06-23_12-08-15/56-openroad-irdropreport/net-VGND.csv
[INFO PSM-0040] All shapes on net VGND are connected.
########## IR report #################
Net              : VGND
Corner           : nom_tt_025C_1v80
Total power      : 2.26e-03 W
Supply voltage   : 0.00e+00 V
Worstcase voltage: 5.52e-04 V
Average voltage  : 2.49e-05 V
Average IR drop  : 2.49e-05 V
Worstcase IR drop: 5.52e-04 V
Percentage drop  : 0.03 %
######################################
%OL_END_REPORT
