Reading timing models for corner nom_tt_025C_1v80…
Reading timing library for the 'nom_tt_025C_1v80' corner at '/foss/pdks/sky130A/libs.ref/sky130_fd_sc_hd/lib/sky130_fd_sc_hd__tt_025C_1v80.lib'…
Reading OpenROAD database at '/foss/designs/sky130_characterization/openlane/characterization_top_sky130/runs/RUN_2026-06-23_12-08-15/39-openroad-globalrouting/characterization_top.odb'…
Reading design constraints file at '/usr/local/lib/python3.12/dist-packages/librelane/scripts/base.sdc'…
[INFO] Using clock clk…
[INFO] Setting output delay to: 2.0
[INFO] Setting input delay to: 2.0
[INFO] Setting load to: 0.033442
[INFO] Setting clock uncertainty to: 0.25
[INFO] Setting clock transition to: 0.1499999999999999944488848768742172978818416595458984375
[INFO] Setting timing derate to: 5%
+ repair_antennas sky130_fd_sc_hd__diode_2 -iterations 3 -ratio_margin 10
[INFO GRT-0012] Found 6 antenna violations.
[INFO GRT-0302] Inserted 5 jumpers for 5 nets.
[INFO GRT-0012] Found 1 antenna violations.
[INFO GRT-0015] Inserted 3 diodes.
[INFO GRT-0012] Found 0 antenna violations.
Setting global connections for newly added cells…
[INFO] Setting global connections...
[INFO ODB-0403] 12 connections made, 0 conflicts skipped.
Updating metrics…
Cell type report:                       Count       Area
  Fill cell                               350    1313.76
  Tap cell                               3274    4096.43
  Antenna cell                              3       7.51
  Buffer                                    1       5.00
  Clock buffer                             40     575.55
  Timing Repair Buffer                    466    4554.37
  Inverter                                286    1073.53
  Clock inverter                            5      57.56
  Sequential cell                         270    7094.30
  Multi-Input combinational cell          448    4305.38
  Total                                  5143   23083.39
Writing OpenROAD database to '/foss/designs/sky130_characterization/openlane/characterization_top_sky130/runs/RUN_2026-06-23_12-08-15/42-openroad-repairantennas/1-openroad-diodeinsertion/characterization_top.odb'…
Writing layout to '/foss/designs/sky130_characterization/openlane/characterization_top_sky130/runs/RUN_2026-06-23_12-08-15/42-openroad-repairantennas/1-openroad-diodeinsertion/characterization_top.def'…
