Clock: clk
Sources: clk 
Generated: no
Virtual: yes
Propagated: no
Period: 10.000000

===========================================================================
report_clock_properties
============================================================================
Clock                   Period          Waveform
----------------------------------------------------
clk                  10.000000    0.000000  5.000000

===========================================================================
report_clock_latency
============================================================================
Clock clk
rise -> rise
    min     max
0.000000 0.000000 source latency
0.620300         network latency _1481_/CLK
        0.654537 network latency _1631_/CLK
---------------
0.620300 0.654537 latency
        0.034237 skew

fall -> fall
    min     max
0.000000 0.000000 source latency
0.561841         network latency _1704_/CLK
        0.586437 network latency _1631_/CLK
---------------
0.561841 0.586437 latency
        0.024595 skew



===========================================================================
report_clock_min_period
============================================================================
clk period_min = 3.65 fmax = 274.13
