Reading timing models for corner nom_tt_025C_1v80…
Reading timing library for the 'nom_tt_025C_1v80' corner at '/foss/pdks/sky130A/libs.ref/sky130_fd_sc_hd/lib/sky130_fd_sc_hd__tt_025C_1v80.lib'…
Reading OpenROAD database at '/foss/designs/sky130_characterization/openlane/ro_physical_top/runs/RUN_2026-07-07_10-36-36/37-openroad-resizertimingpostcts/ro_physical_top.odb'…
Reading design constraints file at '/usr/local/lib/python3.12/dist-packages/librelane/scripts/base.sdc'…
[WARNING STA-0366] port 'null' not found.
[INFO] Using clock null…
[INFO] Setting output delay to: 2
[INFO] Setting input delay to: 2
[WARNING STA-0366] port 'null' not found.
[INFO] Setting load to: 0.033442
[INFO] Setting clock uncertainty to: 0.25
[INFO] Setting clock transition to: 0.1499999999999999944488848768742172978818416595458984375
[WARNING STA-0419] transition time can not be specified for virtual clocks.
[INFO] Setting timing derate to: 5%
[WARNING STA-0450] virtual clock null can not be propagated.
%OL_CREATE_REPORT min.rpt

===========================================================================
report_checks -path_delay min (Hold)
============================================================================
======================= nom_tt_025C_1v80 Corner ===================================

Startpoint: enable (input port clocked by null)
Endpoint: ro_out (output port clocked by null)
Path Group: null
Path Type: min

Fanout         Cap        Slew       Delay        Time   Description
---------------------------------------------------------------------------------------------
                      0.000000    0.000000    0.000000   clock null (rise edge)
                                  0.000000    0.000000   clock network delay (ideal)
                                  2.000000    2.000000 ^ input external delay
     1    0.003283    0.021820    0.011988    2.011988 ^ enable (in)
                                                         enable (net)
                      0.021820    0.000000    2.011988 ^ input1/A (sky130_fd_sc_hd__clkdlybuf4s25_1)
     1    0.003145    0.048762    0.237287    2.249274 ^ input1/X (sky130_fd_sc_hd__clkdlybuf4s25_1)
                                                         net1 (net)
                      0.048762    0.000012    2.249286 ^ u_nand/A (sky130_fd_sc_hd__nand2_1)
     1    0.002686    0.031454    0.044658    2.293945 v u_nand/Y (sky130_fd_sc_hd__nand2_1)
                                                         n0 (net)
                      0.031454    0.000008    2.293952 v u_inv0/A (sky130_fd_sc_hd__inv_1)
     1    0.002858    0.034221    0.043283    2.337235 ^ u_inv0/Y (sky130_fd_sc_hd__inv_1)
                                                         n1 (net)
                      0.034221    0.000007    2.337242 ^ u_inv1/A (sky130_fd_sc_hd__inv_1)
     1    0.002563    0.019107    0.030088    2.367329 v u_inv1/Y (sky130_fd_sc_hd__inv_1)
                                                         n2 (net)
                      0.019107    0.000005    2.367334 v u_inv2/A (sky130_fd_sc_hd__inv_1)
     1    0.002858    0.033674    0.038186    2.405520 ^ u_inv2/Y (sky130_fd_sc_hd__inv_1)
                                                         n3 (net)
                      0.033674    0.000007    2.405527 ^ u_inv3/A (sky130_fd_sc_hd__inv_1)
     2    0.004316    0.025982    0.036424    2.441951 v u_inv3/Y (sky130_fd_sc_hd__inv_1)
                                                         n4 (net)
                      0.025982    0.000003    2.441954 v u_buf/A (sky130_fd_sc_hd__buf_2)
     1    0.002180    0.022526    0.103142    2.545096 v u_buf/X (sky130_fd_sc_hd__buf_2)
                                                         net2 (net)
                      0.022526    0.000000    2.545097 v output2/A (sky130_fd_sc_hd__clkdlybuf4s25_1)
     1    0.034902    0.259494    0.408351    2.953448 v output2/X (sky130_fd_sc_hd__clkdlybuf4s25_1)
                                                         ro_out (net)
                      0.259494    0.000312    2.953760 v ro_out (out)
                                              2.953760   data arrival time

                      0.000000    0.000000    0.000000   clock null (rise edge)
                                  0.000000    0.000000   clock network delay (ideal)
                                  0.250000    0.250000   clock uncertainty
                                  0.000000    0.250000   clock reconvergence pessimism
                                 -2.000000   -1.750000   output external delay
                                             -1.750000   data required time
---------------------------------------------------------------------------------------------
                                             -1.750000   data required time
                                             -2.953760   data arrival time
---------------------------------------------------------------------------------------------
                                              4.703760   slack (MET)



%OL_END_REPORT
%OL_CREATE_REPORT max.rpt

===========================================================================
report_checks -path_delay max (Setup)
============================================================================
======================= nom_tt_025C_1v80 Corner ===================================

Startpoint: enable (input port clocked by null)
Endpoint: ro_out (output port clocked by null)
Path Group: null
Path Type: max

Fanout         Cap        Slew       Delay        Time   Description
---------------------------------------------------------------------------------------------
                      0.000000    0.000000    0.000000   clock null (rise edge)
                                  0.000000    0.000000   clock network delay (ideal)
                                  2.000000    2.000000 v input external delay
     1    0.003058    0.009230    0.004851    2.004851 v enable (in)
                                                         enable (net)
                      0.009230    0.000000    2.004851 v input1/A (sky130_fd_sc_hd__clkdlybuf4s25_1)
     1    0.003024    0.042806    0.227821    2.232671 v input1/X (sky130_fd_sc_hd__clkdlybuf4s25_1)
                                                         net1 (net)
                      0.042806    0.000011    2.232682 v u_nand/A (sky130_fd_sc_hd__nand2_1)
     1    0.002862    0.039171    0.053087    2.285769 ^ u_nand/Y (sky130_fd_sc_hd__nand2_1)
                                                         n0 (net)
                      0.039171    0.000008    2.285777 ^ u_inv0/A (sky130_fd_sc_hd__inv_1)
     1    0.002682    0.020357    0.032230    2.318007 v u_inv0/Y (sky130_fd_sc_hd__inv_1)
                                                         n1 (net)
                      0.020357    0.000006    2.318014 v u_inv1/A (sky130_fd_sc_hd__inv_1)
     1    0.002739    0.032699    0.037962    2.355976 ^ u_inv1/Y (sky130_fd_sc_hd__inv_1)
                                                         n2 (net)
                      0.032699    0.000005    2.355981 ^ u_inv2/A (sky130_fd_sc_hd__inv_1)
     1    0.002682    0.019306    0.030045    2.386026 v u_inv2/Y (sky130_fd_sc_hd__inv_1)
                                                         n3 (net)
                      0.019306    0.000006    2.386032 v u_inv3/A (sky130_fd_sc_hd__inv_1)
     2    0.004684    0.048495    0.048918    2.434950 ^ u_inv3/Y (sky130_fd_sc_hd__inv_1)
                                                         n4 (net)
                      0.048495    0.000004    2.434954 ^ u_buf/A (sky130_fd_sc_hd__buf_2)
     1    0.002405    0.025879    0.090223    2.525176 ^ u_buf/X (sky130_fd_sc_hd__buf_2)
                                                         net2 (net)
                      0.025879    0.000000    2.525177 ^ output2/A (sky130_fd_sc_hd__clkdlybuf4s25_1)
     1    0.034902    0.352605    0.457147    2.982324 ^ output2/X (sky130_fd_sc_hd__clkdlybuf4s25_1)
                                                         ro_out (net)
                      0.352605    0.000312    2.982637 ^ ro_out (out)
                                              2.982637   data arrival time

                      0.000000   10.000000   10.000000   clock null (rise edge)
                                  0.000000   10.000000   clock network delay (ideal)
                                 -0.250000    9.750000   clock uncertainty
                                  0.000000    9.750000   clock reconvergence pessimism
                                 -2.000000    7.750000   output external delay
                                              7.750000   data required time
---------------------------------------------------------------------------------------------
                                              7.750000   data required time
                                             -2.982637   data arrival time
---------------------------------------------------------------------------------------------
                                              4.767363   slack (MET)



%OL_END_REPORT
%OL_CREATE_REPORT checks.rpt

===========================================================================
report_checks -unconstrained
===========================================================================
======================= nom_tt_025C_1v80 Corner ===================================

Startpoint: enable (input port clocked by null)
Endpoint: ro_out (output port clocked by null)
Path Group: null
Path Type: max

Fanout         Cap        Slew       Delay        Time   Description
---------------------------------------------------------------------------------------------
                      0.000000    0.000000    0.000000   clock null (rise edge)
                                  0.000000    0.000000   clock network delay (ideal)
                                  2.000000    2.000000 v input external delay
     1    0.003058    0.009230    0.004851    2.004851 v enable (in)
                                                         enable (net)
                      0.009230    0.000000    2.004851 v input1/A (sky130_fd_sc_hd__clkdlybuf4s25_1)
     1    0.003024    0.042806    0.227821    2.232671 v input1/X (sky130_fd_sc_hd__clkdlybuf4s25_1)
                                                         net1 (net)
                      0.042806    0.000011    2.232682 v u_nand/A (sky130_fd_sc_hd__nand2_1)
     1    0.002862    0.039171    0.053087    2.285769 ^ u_nand/Y (sky130_fd_sc_hd__nand2_1)
                                                         n0 (net)
                      0.039171    0.000008    2.285777 ^ u_inv0/A (sky130_fd_sc_hd__inv_1)
     1    0.002682    0.020357    0.032230    2.318007 v u_inv0/Y (sky130_fd_sc_hd__inv_1)
                                                         n1 (net)
                      0.020357    0.000006    2.318014 v u_inv1/A (sky130_fd_sc_hd__inv_1)
     1    0.002739    0.032699    0.037962    2.355976 ^ u_inv1/Y (sky130_fd_sc_hd__inv_1)
                                                         n2 (net)
                      0.032699    0.000005    2.355981 ^ u_inv2/A (sky130_fd_sc_hd__inv_1)
     1    0.002682    0.019306    0.030045    2.386026 v u_inv2/Y (sky130_fd_sc_hd__inv_1)
                                                         n3 (net)
                      0.019306    0.000006    2.386032 v u_inv3/A (sky130_fd_sc_hd__inv_1)
     2    0.004684    0.048495    0.048918    2.434950 ^ u_inv3/Y (sky130_fd_sc_hd__inv_1)
                                                         n4 (net)
                      0.048495    0.000004    2.434954 ^ u_buf/A (sky130_fd_sc_hd__buf_2)
     1    0.002405    0.025879    0.090223    2.525176 ^ u_buf/X (sky130_fd_sc_hd__buf_2)
                                                         net2 (net)
                      0.025879    0.000000    2.525177 ^ output2/A (sky130_fd_sc_hd__clkdlybuf4s25_1)
     1    0.034902    0.352605    0.457147    2.982324 ^ output2/X (sky130_fd_sc_hd__clkdlybuf4s25_1)
                                                         ro_out (net)
                      0.352605    0.000312    2.982637 ^ ro_out (out)
                                              2.982637   data arrival time

                      0.000000   10.000000   10.000000   clock null (rise edge)
                                  0.000000   10.000000   clock network delay (ideal)
                                 -0.250000    9.750000   clock uncertainty
                                  0.000000    9.750000   clock reconvergence pessimism
                                 -2.000000    7.750000   output external delay
                                              7.750000   data required time
---------------------------------------------------------------------------------------------
                                              7.750000   data required time
                                             -2.982637   data arrival time
---------------------------------------------------------------------------------------------
                                              4.767363   slack (MET)




===========================================================================
report_checks --slack_max -0.01
============================================================================
======================= nom_tt_025C_1v80 Corner ===================================

No paths found.


===========================================================================
 report_check_types -max_slew -max_cap -max_fanout -violators
============================================================================
======================= nom_tt_025C_1v80 Corner ===================================



===========================================================================
report_parasitic_annotation -report_unannotated
============================================================================
Found 0 unannotated drivers.
Found 0 partially unannotated drivers.

===========================================================================
max slew violation count 0
Writing metric design__max_slew_violation__count__corner:nom_tt_025C_1v80: 0
max fanout violation count 0
Writing metric design__max_fanout_violation__count__corner:nom_tt_025C_1v80: 0
max cap violation count 0
Writing metric design__max_cap_violation__count__corner:nom_tt_025C_1v80: 0
============================================================================

===========================================================================
check_setup -verbose -unconstrained_endpoints -multiple_clock -no_clock -no_input_delay -loops -generated_clocks
===========================================================================
Warning: There is 1 combinational loop in the design.
  u_nand/Y
  u_inv0/A
  u_inv0/Y
  u_inv1/A
  u_inv1/Y
  u_inv2/A
  u_inv2/Y
  u_inv3/A
  u_inv3/Y
  u_nand/B
  | loop cut point
  u_nand/Y
  --------------------------------
%OL_END_REPORT
%OL_CREATE_REPORT power.rpt

===========================================================================
 report_power
============================================================================
======================= nom_tt_025C_1v80 Corner ===================================

Group                    Internal    Switching      Leakage        Total
                            Power        Power        Power        Power (Watts)
------------------------------------------------------------------------
Sequential           0.000000e+00 0.000000e+00 0.000000e+00 0.000000e+00   0.0%
Combinational        2.752921e-07 5.095104e-08 3.627460e-11 3.262793e-07  99.9%
Clock                0.000000e+00 0.000000e+00 1.814421e-10 1.814421e-10   0.1%
Macro                0.000000e+00 0.000000e+00 0.000000e+00 0.000000e+00   0.0%
Pad                  0.000000e+00 0.000000e+00 0.000000e+00 0.000000e+00   0.0%
------------------------------------------------------------------------
Total                2.752921e-07 5.095104e-08 2.177166e-10 3.264608e-07 100.0%
                            84.3%        15.6%         0.1%
Writing metric power__internal__total: 2.7529205226528575e-7
Writing metric power__switching__total: 5.095104427255137e-8
Writing metric power__leakage__total: 2.1771662250813506e-10
Writing metric power__total: 3.264607926212193e-7

%OL_END_REPORT
%OL_CREATE_REPORT skew.min.rpt

===========================================================================
Clock Skew (Hold)
============================================================================
Writing metric clock__skew__worst_hold__corner:nom_tt_025C_1v80: 0.0
======================= nom_tt_025C_1v80 Corner ===================================

Clock null
No launch/capture paths found.

%OL_END_REPORT
%OL_CREATE_REPORT skew.max.rpt

===========================================================================
Clock Skew (Setup)
============================================================================
Writing metric clock__skew__worst_setup__corner:nom_tt_025C_1v80: 0.0
======================= nom_tt_025C_1v80 Corner ===================================

Clock null
No launch/capture paths found.

%OL_END_REPORT
%OL_CREATE_REPORT ws.min.rpt

===========================================================================
Worst Slack (Hold)
============================================================================
Writing metric timing__hold__ws__corner:nom_tt_025C_1v80: 4.7037601811617575
nom_tt_025C_1v80: 4.7037601811617575
%OL_END_REPORT
%OL_CREATE_REPORT ws.max.rpt

===========================================================================
Worst Slack (Setup)
============================================================================
Writing metric timing__setup__ws__corner:nom_tt_025C_1v80: 4.767363083684506
nom_tt_025C_1v80: 4.767363083684506
%OL_END_REPORT
%OL_CREATE_REPORT tns.min.rpt

===========================================================================
Total Negative Slack (Hold)
============================================================================
Writing metric timing__hold__tns__corner:nom_tt_025C_1v80: 0.0
nom_tt_025C_1v80: 0.0
%OL_END_REPORT
%OL_CREATE_REPORT tns.max.rpt

===========================================================================
Total Negative Slack (Setup)
============================================================================
Writing metric timing__setup__tns__corner:nom_tt_025C_1v80: 0.0
nom_tt_025C_1v80: 0.0
%OL_END_REPORT
%OL_CREATE_REPORT wns.min.rpt

===========================================================================
Worst Negative Slack (Hold)
============================================================================
Writing metric timing__hold__wns__corner:nom_tt_025C_1v80: 0
nom_tt_025C_1v80: 0
%OL_END_REPORT
%OL_CREATE_REPORT wns.max.rpt

===========================================================================
Worst Negative Slack (Setup)
============================================================================
Writing metric timing__setup__wns__corner:nom_tt_025C_1v80: 0.0
nom_tt_025C_1v80: 0.0
%OL_END_REPORT
%OL_CREATE_REPORT violator_list.rpt

===========================================================================
Violator List
============================================================================
Writing metric timing__hold_vio__count__corner:nom_tt_025C_1v80: 0
Writing metric timing__hold_r2r__ws__corner:nom_tt_025C_1v80: 1e30
Writing metric timing__hold_r2r_vio__count__corner:nom_tt_025C_1v80: 0
Writing metric timing__setup_vio__count__corner:nom_tt_025C_1v80: 0
Writing metric timing__setup_r2r__ws__corner:nom_tt_025C_1v80: 1e30
Writing metric timing__setup_r2r_vio__count__corner:nom_tt_025C_1v80: 0
%OL_END_REPORT
%OL_CREATE_REPORT unpropagated.rpt
null
%OL_END_REPORT
%OL_CREATE_REPORT clock.rpt
Clock: null
Sources: 
Generated: no
Virtual: yes
Propagated: no
Period: 10.000000

===========================================================================
report_clock_properties
============================================================================
Clock                   Period          Waveform
----------------------------------------------------
null                 10.000000    0.000000  5.000000

===========================================================================
report_clock_latency
============================================================================
Clock null


===========================================================================
report_clock_min_period
============================================================================
null period_min = 0.00 fmax = inf
%OL_END_REPORT
