Startpoint: rst (input port clocked by clk)
Endpoint: _1728_ (removal check against rising-edge clock clk)
Path Group: asynchronous
Path Type: min

  Delay    Time   Description
---------------------------------------------------------
   0.00    0.00   clock clk (rise edge)
   0.00    0.00   clock network delay (propagated)
   2.00    2.00 v input external delay
   0.01    2.01 v rst (in)
   0.16    2.17 v input9/X (sky130_fd_sc_hd__buf_1)
   0.25    2.42 v max_cap212/X (sky130_fd_sc_hd__buf_2)
   0.06    2.49 ^ _1285_/Y (sky130_fd_sc_hd__inv_2)
   0.00    2.49 ^ _1728_/RESET_B (sky130_fd_sc_hd__dfrtp_2)
           2.49   data arrival time

   0.00    0.00   clock clk (rise edge)
   0.76    0.76   clock network delay (propagated)
   0.25    1.01   clock uncertainty
   0.00    1.01   clock reconvergence pessimism
           1.01 ^ _1728_/CLK (sky130_fd_sc_hd__dfrtp_2)
   0.66    1.67   library removal time
           1.67   data required time
---------------------------------------------------------
           1.67   data required time
          -2.49   data arrival time
---------------------------------------------------------
           0.82   slack (MET)


Startpoint: _1571_ (rising edge-triggered flip-flop clocked by clk)
Endpoint: _1726_ (rising edge-triggered flip-flop clocked by clk)
Path Group: clk
Path Type: min

  Delay    Time   Description
---------------------------------------------------------
   0.00    0.00   clock clk (rise edge)
   0.76    0.76   clock network delay (propagated)
   0.00    0.76 ^ _1571_/CLK (sky130_fd_sc_hd__dfrtp_2)
   0.73    1.49 ^ _1571_/Q (sky130_fd_sc_hd__dfrtp_2)
   0.12    1.61 v _0739_/Y (sky130_fd_sc_hd__nand2_2)
   0.07    1.68 ^ _0740_/Y (sky130_fd_sc_hd__inv_2)
   0.00    1.68 ^ _1726_/D (sky130_fd_sc_hd__dfrtp_2)
           1.68   data arrival time

   0.00    0.00   clock clk (rise edge)
   0.77    0.77   clock network delay (propagated)
   0.25    1.02   clock uncertainty
   0.00    1.02   clock reconvergence pessimism
           1.02 ^ _1726_/CLK (sky130_fd_sc_hd__dfrtp_2)
  -0.06    0.95   library hold time
           0.95   data required time
---------------------------------------------------------
           0.95   data required time
          -1.68   data arrival time
---------------------------------------------------------
           0.72   slack (MET)


