Clock: clk
Sources: clk 
Generated: no
Virtual: yes
Propagated: no
Period: 10.000000

===========================================================================
report_clock_properties
============================================================================
Clock                   Period          Waveform
----------------------------------------------------
clk                  10.000000    0.000000  5.000000

===========================================================================
report_clock_latency
============================================================================
Clock clk
rise -> rise
    min     max
0.000000 0.000000 source latency
0.364848         network latency _1972_/CLK
        0.414905 network latency _2039_/CLK
---------------
0.364848 0.414905 latency
        0.050057 skew

fall -> fall
    min     max
0.000000 0.000000 source latency
0.355601         network latency _1972_/CLK
        0.402494 network latency _2039_/CLK
---------------
0.355601 0.402494 latency
        0.046893 skew



===========================================================================
report_clock_min_period
============================================================================
clk period_min = 3.23 fmax = 309.41
