
===========================================================================
report_checks -unconstrained
===========================================================================
======================= nom_tt_025C_1v80 Corner ===================================

Startpoint: rst (input port clocked by clk)
Endpoint: _1720_ (recovery check against rising-edge clock clk)
Path Group: asynchronous
Path Type: max

Fanout         Cap        Slew       Delay        Time   Description
---------------------------------------------------------------------------------------------
                                  0.000000    0.000000   clock clk (rise edge)
                                  0.000000    0.000000   clock network delay (propagated)
                                  2.000000    2.000000 v input external delay
   270    1.390416    3.041127    2.310664    4.310664 v rst (in)
                                                         rst (net)
                      3.056078    0.000000    4.310664 v _1277_/A (sky130_fd_sc_hd__inv_2)
     1    0.003446    0.315644    0.436390    4.747055 ^ _1277_/Y (sky130_fd_sc_hd__inv_2)
                                                         _0092_ (net)
                      0.315644    0.000000    4.747055 ^ _1720_/SET_B (sky130_fd_sc_hd__dfstp_2)
                                              4.747055   data arrival time

                                 10.000000   10.000000   clock clk (rise edge)
                                  0.000000   10.000000   clock source latency
   270    0.741722    3.284246    2.308993   12.308993 ^ clk (in)
                                                         clk (net)
                      3.288191    0.000000   12.308993 ^ _1720_/CLK (sky130_fd_sc_hd__dfstp_2)
                                 -0.250000   12.058993   clock uncertainty
                                  0.000000   12.058993   clock reconvergence pessimism
                                  0.539554   12.598547   library recovery time
                                             12.598547   data required time
---------------------------------------------------------------------------------------------
                                             12.598547   data required time
                                             -4.747055   data arrival time
---------------------------------------------------------------------------------------------
                                              7.851492   slack (MET)


Startpoint: _1707_ (rising edge-triggered flip-flop clocked by clk)
Endpoint: status_reg[4] (output port clocked by clk)
Path Group: clk
Path Type: max

Fanout         Cap        Slew       Delay        Time   Description
---------------------------------------------------------------------------------------------
                                  0.000000    0.000000   clock clk (rise edge)
                                  0.000000    0.000000   clock source latency
   270    0.741722    3.284246    2.324588    2.324588 ^ clk (in)
                                                         clk (net)
                      3.289649    0.000000    2.324588 ^ _1707_/CLK (sky130_fd_sc_hd__dfrtp_2)
     3    0.039675    0.195233    0.902067    3.226655 ^ _1707_/Q (sky130_fd_sc_hd__dfrtp_2)
                                                         clock_status_reg[5] (net)
                      0.195233    0.000069    3.226724 ^ _1736_/A (sky130_fd_sc_hd__buf_2)
     1    0.034902    0.173562    0.248643    3.475367 ^ _1736_/X (sky130_fd_sc_hd__buf_2)
                                                         status_reg[4] (net)
                      0.173562    0.000336    3.475703 ^ status_reg[4] (out)
                                              3.475703   data arrival time

                                 10.000000   10.000000   clock clk (rise edge)
                                  0.000000   10.000000   clock network delay (propagated)
                                 -0.250000    9.750000   clock uncertainty
                                  0.000000    9.750000   clock reconvergence pessimism
                                 -2.000000    7.750000   output external delay
                                              7.750000   data required time
---------------------------------------------------------------------------------------------
                                              7.750000   data required time
                                             -3.475703   data arrival time
---------------------------------------------------------------------------------------------
                                              4.274298   slack (MET)




===========================================================================
report_checks --slack_max -0.01
============================================================================
======================= nom_tt_025C_1v80 Corner ===================================

No paths found.


===========================================================================
 report_check_types -max_slew -max_cap -max_fanout -violators
============================================================================
======================= nom_tt_025C_1v80 Corner ===================================

max slew

Pin                                        Limit        Slew       Slack
------------------------------------------------------------------------
_1222_/A                                0.750000    6.596329   -5.846329 (VIOLATED)
_1223_/A                                0.750000    6.596335   -5.846335 (VIOLATED)
_1238_/A                                0.750000    6.596331   -5.846331 (VIOLATED)
_1239_/A                                0.750000    6.596336   -5.846335 (VIOLATED)
_1220_/A                                0.750000    6.596315   -5.846315 (VIOLATED)
_1237_/A                                0.750000    6.596321   -5.846321 (VIOLATED)
_1319_/A                                0.750000    6.596304   -5.846304 (VIOLATED)
_1301_/A                                0.750000    6.596298   -5.846298 (VIOLATED)
_1303_/A                                0.750000    6.596303   -5.846303 (VIOLATED)
_1254_/A                                0.750000    6.596277   -5.846277 (VIOLATED)
_1318_/A                                0.750000    6.596273   -5.846273 (VIOLATED)
_1221_/A                                0.750000    6.596266   -5.846266 (VIOLATED)
_1236_/A                                0.750000    6.596268   -5.846268 (VIOLATED)
_1317_/A                                0.750000    6.596262   -5.846262 (VIOLATED)
_1302_/A                                0.750000    6.596252   -5.846251 (VIOLATED)
_1251_/A                                0.750000    6.596230   -5.846230 (VIOLATED)
_1235_/A                                0.750000    6.596223   -5.846223 (VIOLATED)
_1264_/A                                0.750000    6.596229   -5.846229 (VIOLATED)
_1292_/A                                0.750000    6.596229   -5.846229 (VIOLATED)
_1316_/A                                0.750000    6.596217   -5.846217 (VIOLATED)
_1250_/A                                0.750000    6.596155   -5.846155 (VIOLATED)
_1331_/A                                0.750000    6.596116   -5.846116 (VIOLATED)
_1332_/A                                0.750000    6.596117   -5.846117 (VIOLATED)
_1219_/A                                0.750000    6.596084   -5.846083 (VIOLATED)
_1294_/A                                0.750000    6.596086   -5.846086 (VIOLATED)
_1300_/A                                0.750000    6.596080   -5.846080 (VIOLATED)
_1234_/A                                0.750000    6.596072   -5.846072 (VIOLATED)
_1315_/A                                0.750000    6.596070   -5.846070 (VIOLATED)
_1216_/A                                0.750000    6.596059   -5.846059 (VIOLATED)
_1297_/A                                0.750000    6.596051   -5.846050 (VIOLATED)
_1248_/A                                0.750000    6.596041   -5.846041 (VIOLATED)
_1304_/A                                0.750000    6.596039   -5.846039 (VIOLATED)
_1320_/A                                0.750000    6.596039   -5.846039 (VIOLATED)
_1255_/A                                0.750000    6.596028   -5.846028 (VIOLATED)
_1257_/A                                0.750000    6.596033   -5.846033 (VIOLATED)
_1350_/A                                0.750000    6.596033   -5.846033 (VIOLATED)
_1335_/A                                0.750000    6.596018   -5.846018 (VIOLATED)
_1336_/A                                0.750000    6.596020   -5.846020 (VIOLATED)
_1249_/A                                0.750000    6.596012   -5.846012 (VIOLATED)
_1353_/A                                0.750000    6.596005   -5.846005 (VIOLATED)
_1352_/A                                0.750000    6.595984   -5.845984 (VIOLATED)
_1330_/A                                0.750000    6.595976   -5.845976 (VIOLATED)
_1351_/A                                0.750000    6.595965   -5.845965 (VIOLATED)
_1333_/A                                0.750000    6.595935   -5.845935 (VIOLATED)
_1252_/A                                0.750000    6.595915   -5.845914 (VIOLATED)
_1253_/A                                0.750000    6.595912   -5.845912 (VIOLATED)
_1329_/A                                0.750000    6.595911   -5.845911 (VIOLATED)
_1334_/A                                0.750000    6.595897   -5.845897 (VIOLATED)
_1266_/A                                0.750000    6.595849   -5.845849 (VIOLATED)
_1345_/A                                0.750000    6.595828   -5.845828 (VIOLATED)
_1397_/A                                0.750000    6.595731   -5.845731 (VIOLATED)
_1217_/A                                0.750000    6.595679   -5.845679 (VIOLATED)
_1218_/A                                0.750000    6.595677   -5.845677 (VIOLATED)
_1233_/A                                0.750000    6.595677   -5.845677 (VIOLATED)
_1298_/A                                0.750000    6.595665   -5.845665 (VIOLATED)
_1314_/A                                0.750000    6.595668   -5.845668 (VIOLATED)
_1299_/A                                0.750000    6.595653   -5.845653 (VIOLATED)
_1232_/A                                0.750000    6.595643   -5.845643 (VIOLATED)
_1313_/A                                0.750000    6.595632   -5.845632 (VIOLATED)
_1349_/A                                0.750000    6.595605   -5.845604 (VIOLATED)
_1348_/A                                0.750000    6.595573   -5.845573 (VIOLATED)
_1347_/A                                0.750000    6.595544   -5.845544 (VIOLATED)
_1290_/A                                0.750000    6.595529   -5.845529 (VIOLATED)
_1370_/A                                0.750000    6.595492   -5.845492 (VIOLATED)
_1371_/A                                0.750000    6.595494   -5.845494 (VIOLATED)
_1395_/A                                0.750000    6.595496   -5.845496 (VIOLATED)
_1396_/A                                0.750000    6.595479   -5.845479 (VIOLATED)
_1372_/A                                0.750000    6.595456   -5.845455 (VIOLATED)
_1373_/A                                0.750000    6.595454   -5.845454 (VIOLATED)
_1374_/A                                0.750000    6.595449   -5.845449 (VIOLATED)
_1375_/A                                0.750000    6.595446   -5.845446 (VIOLATED)
_1376_/A                                0.750000    6.595440   -5.845440 (VIOLATED)
_1377_/A                                0.750000    6.595434   -5.845434 (VIOLATED)
_1378_/A                                0.750000    6.595420   -5.845420 (VIOLATED)
_1227_/A                                0.750000    6.595356   -5.845356 (VIOLATED)
_1308_/A                                0.750000    6.595355   -5.845355 (VIOLATED)
_1256_/A                                0.750000    6.595349   -5.845349 (VIOLATED)
_1337_/A                                0.750000    6.595339   -5.845339 (VIOLATED)
_1355_/A                                0.750000    6.595329   -5.845329 (VIOLATED)
_1338_/A                                0.750000    6.595315   -5.845315 (VIOLATED)
_1259_/A                                0.750000    6.595304   -5.845304 (VIOLATED)
_1354_/A                                0.750000    6.595305   -5.845305 (VIOLATED)
_1379_/A                                0.750000    6.595308   -5.845308 (VIOLATED)
_1340_/A                                0.750000    6.595291   -5.845291 (VIOLATED)
_1242_/A                                0.750000    6.595280   -5.845280 (VIOLATED)
_1258_/A                                0.750000    6.595274   -5.845274 (VIOLATED)
_1323_/A                                0.750000    6.595277   -5.845277 (VIOLATED)
_1356_/A                                0.750000    6.595274   -5.845274 (VIOLATED)
_1357_/A                                0.750000    6.595268   -5.845268 (VIOLATED)
_1358_/A                                0.750000    6.595258   -5.845258 (VIOLATED)
_1307_/A                                0.750000    6.595252   -5.845252 (VIOLATED)
_1226_/A                                0.750000    6.595239   -5.845239 (VIOLATED)
_1260_/A                                0.750000    6.595243   -5.845243 (VIOLATED)
_1261_/A                                0.750000    6.595230   -5.845230 (VIOLATED)
_1361_/A                                0.750000    6.595232   -5.845232 (VIOLATED)
_1362_/A                                0.750000    6.595235   -5.845235 (VIOLATED)
_1339_/A                                0.750000    6.595213   -5.845213 (VIOLATED)
_1267_/A                                0.750000    6.595204   -5.845203 (VIOLATED)
_1344_/A                                0.750000    6.595210   -5.845210 (VIOLATED)
_1346_/A                                0.750000    6.595203   -5.845203 (VIOLATED)
_1243_/A                                0.750000    6.595197   -5.845197 (VIOLATED)
_1324_/A                                0.750000    6.595196   -5.845196 (VIOLATED)
_1343_/A                                0.750000    6.595197   -5.845197 (VIOLATED)
_1393_/A                                0.750000    6.595197   -5.845197 (VIOLATED)
_1394_/A                                0.750000    6.595201   -5.845201 (VIOLATED)
_1341_/A                                0.750000    6.595190   -5.845190 (VIOLATED)
_1342_/A                                0.750000    6.595190   -5.845190 (VIOLATED)
_1360_/A                                0.750000    6.595188   -5.845188 (VIOLATED)
_1392_/A                                0.750000    6.595189   -5.845189 (VIOLATED)
_1359_/A                                0.750000    6.595180   -5.845180 (VIOLATED)
_1391_/A                                0.750000    6.595179   -5.845179 (VIOLATED)
_1390_/A                                0.750000    6.595170   -5.845170 (VIOLATED)
_1389_/A                                0.750000    6.595154   -5.845154 (VIOLATED)
_1289_/A                                0.750000    6.595144   -5.845144 (VIOLATED)
_1380_/A                                0.750000    6.595135   -5.845135 (VIOLATED)
_1286_/A                                0.750000    6.595113   -5.845112 (VIOLATED)
_1381_/A                                0.750000    6.595020   -5.845020 (VIOLATED)
_1265_/A                                0.750000    6.594981   -5.844981 (VIOLATED)
_1262_/A                                0.750000    6.594949   -5.844949 (VIOLATED)
_1263_/A                                0.750000    6.594952   -5.844951 (VIOLATED)
_1278_/A                                0.750000    6.594881   -5.844881 (VIOLATED)
_1296_/A                                0.750000    6.594882   -5.844882 (VIOLATED)
_1283_/A                                0.750000    6.594874   -5.844874 (VIOLATED)
_1387_/A                                0.750000    6.594865   -5.844865 (VIOLATED)
_1388_/A                                0.750000    6.594870   -5.844870 (VIOLATED)
_1382_/A                                0.750000    6.594790   -5.844790 (VIOLATED)
_1368_/A                                0.750000    6.594759   -5.844759 (VIOLATED)
_1369_/A                                0.750000    6.594760   -5.844760 (VIOLATED)
_1363_/A                                0.750000    6.594749   -5.844749 (VIOLATED)
_1364_/A                                0.750000    6.594748   -5.844748 (VIOLATED)
_1366_/A                                0.750000    6.594752   -5.844752 (VIOLATED)
_1367_/A                                0.750000    6.594754   -5.844754 (VIOLATED)
_1386_/A                                0.750000    6.594751   -5.844751 (VIOLATED)
_1365_/A                                0.750000    6.594743   -5.844743 (VIOLATED)
_1385_/A                                0.750000    6.594667   -5.844666 (VIOLATED)
_1383_/A                                0.750000    6.594604   -5.844604 (VIOLATED)
_1384_/A                                0.750000    6.594610   -5.844610 (VIOLATED)
_1268_/A                                0.750000    6.593842   -5.843842 (VIOLATED)
_1271_/A                                0.750000    6.593536   -5.843535 (VIOLATED)
_1276_/A                                0.750000    6.593114   -5.843114 (VIOLATED)
_1284_/A                                0.750000    6.593116   -5.843116 (VIOLATED)
_1275_/A                                0.750000    6.593105   -5.843105 (VIOLATED)
_1280_/A                                0.750000    6.593110   -5.843110 (VIOLATED)
_1277_/A                                0.750000    6.593102   -5.843102 (VIOLATED)
_1281_/A                                0.750000    6.593102   -5.843102 (VIOLATED)
_1282_/A                                0.750000    6.593091   -5.843091 (VIOLATED)
_1279_/A                                0.750000    6.592995   -5.842995 (VIOLATED)
_1224_/A                                0.750000    6.592963   -5.842963 (VIOLATED)
_1305_/A                                0.750000    6.592967   -5.842966 (VIOLATED)
_1321_/A                                0.750000    6.592967   -5.842966 (VIOLATED)
_1240_/A                                0.750000    6.592957   -5.842957 (VIOLATED)
_1225_/A                                0.750000    6.592938   -5.842938 (VIOLATED)
_1241_/A                                0.750000    6.592929   -5.842929 (VIOLATED)
_1306_/A                                0.750000    6.592925   -5.842925 (VIOLATED)
_1322_/A                                0.750000    6.592925   -5.842925 (VIOLATED)
_1311_/A                                0.750000    6.592918   -5.842918 (VIOLATED)
_1312_/A                                0.750000    6.592917   -5.842917 (VIOLATED)
_1310_/A                                0.750000    6.592901   -5.842901 (VIOLATED)
_1230_/A                                0.750000    6.592893   -5.842893 (VIOLATED)
_1231_/A                                0.750000    6.592892   -5.842892 (VIOLATED)
_1228_/A                                0.750000    6.592885   -5.842885 (VIOLATED)
_1229_/A                                0.750000    6.592885   -5.842885 (VIOLATED)
_1246_/A                                0.750000    6.592889   -5.842888 (VIOLATED)
_1247_/A                                0.750000    6.592885   -5.842885 (VIOLATED)
_1309_/A                                0.750000    6.592877   -5.842877 (VIOLATED)
_1327_/A                                0.750000    6.592879   -5.842879 (VIOLATED)
_1328_/A                                0.750000    6.592873   -5.842873 (VIOLATED)
_1244_/A                                0.750000    6.592842   -5.842842 (VIOLATED)
_1325_/A                                0.750000    6.592838   -5.842837 (VIOLATED)
_1245_/A                                0.750000    6.592800   -5.842800 (VIOLATED)
_1326_/A                                0.750000    6.592775   -5.842775 (VIOLATED)
_1285_/A                                0.750000    6.587390   -5.837390 (VIOLATED)
_1398_/A                                0.750000    6.587340   -5.837340 (VIOLATED)
_1432_/A                                0.750000    6.587341   -5.837341 (VIOLATED)
_1287_/A                                0.750000    6.587251   -5.837250 (VIOLATED)
_1431_/A                                0.750000    6.587061   -5.837061 (VIOLATED)
_1430_/A                                0.750000    6.586710   -5.836710 (VIOLATED)
_1288_/A                                0.750000    6.586514   -5.836514 (VIOLATED)
_1429_/A                                0.750000    6.586459   -5.836459 (VIOLATED)
_1433_/A                                0.750000    6.586462   -5.836461 (VIOLATED)
_1460_/A                                0.750000    6.586370   -5.836370 (VIOLATED)
_1269_/A                                0.750000    6.586151   -5.836151 (VIOLATED)
_1270_/A                                0.750000    6.586152   -5.836151 (VIOLATED)
_1423_/A                                0.750000    6.586148   -5.836148 (VIOLATED)
_1424_/A                                0.750000    6.586150   -5.836150 (VIOLATED)
_1459_/A                                0.750000    6.586144   -5.836144 (VIOLATED)
_1458_/A                                0.750000    6.586135   -5.836135 (VIOLATED)
_1457_/A                                0.750000    6.586019   -5.836019 (VIOLATED)
_1418_/A                                0.750000    6.585634   -5.835634 (VIOLATED)
_1417_/A                                0.750000    6.585508   -5.835508 (VIOLATED)
_1425_/A                                0.750000    6.585431   -5.835431 (VIOLATED)
_1426_/A                                0.750000    6.585430   -5.835430 (VIOLATED)
_1427_/A                                0.750000    6.585433   -5.835433 (VIOLATED)
_1428_/A                                0.750000    6.585433   -5.835433 (VIOLATED)
_1434_/A                                0.750000    6.585434   -5.835434 (VIOLATED)
_1455_/A                                0.750000    6.585421   -5.835421 (VIOLATED)
_1456_/A                                0.750000    6.585424   -5.835424 (VIOLATED)
_1461_/A                                0.750000    6.585427   -5.835426 (VIOLATED)
_1415_/A                                0.750000    6.585408   -5.835408 (VIOLATED)
_1451_/A                                0.750000    6.585413   -5.835413 (VIOLATED)
_1454_/A                                0.750000    6.585417   -5.835417 (VIOLATED)
_1452_/A                                0.750000    6.585404   -5.835404 (VIOLATED)
_1453_/A                                0.750000    6.585410   -5.835410 (VIOLATED)
_1416_/A                                0.750000    6.585382   -5.835382 (VIOLATED)
_1407_/A                                0.750000    6.585351   -5.835351 (VIOLATED)
_1408_/A                                0.750000    6.585351   -5.835351 (VIOLATED)
_1443_/A                                0.750000    6.585355   -5.835355 (VIOLATED)
_1444_/A                                0.750000    6.585354   -5.835354 (VIOLATED)
_1445_/A                                0.750000    6.585354   -5.835354 (VIOLATED)
_1447_/A                                0.750000    6.585355   -5.835355 (VIOLATED)
_1403_/A                                0.750000    6.585340   -5.835340 (VIOLATED)
_1404_/A                                0.750000    6.585341   -5.835341 (VIOLATED)
_1405_/A                                0.750000    6.585343   -5.835343 (VIOLATED)
_1409_/A                                0.750000    6.585345   -5.835345 (VIOLATED)
_1410_/A                                0.750000    6.585350   -5.835350 (VIOLATED)
_1411_/A                                0.750000    6.585345   -5.835345 (VIOLATED)
_1413_/A                                0.750000    6.585345   -5.835345 (VIOLATED)
_1414_/A                                0.750000    6.585348   -5.835348 (VIOLATED)
_1200_/A                                0.750000    6.585337   -5.835336 (VIOLATED)
_1201_/A                                0.750000    6.585337   -5.835336 (VIOLATED)
_1401_/A                                0.750000    6.585332   -5.835332 (VIOLATED)
_1402_/A                                0.750000    6.585330   -5.835330 (VIOLATED)
_1412_/A                                0.750000    6.585336   -5.835335 (VIOLATED)
_1441_/A                                0.750000    6.585323   -5.835323 (VIOLATED)
_1446_/A                                0.750000    6.585325   -5.835325 (VIOLATED)
_1448_/A                                0.750000    6.585326   -5.835326 (VIOLATED)
_1449_/A                                0.750000    6.585326   -5.835326 (VIOLATED)
_1450_/A                                0.750000    6.585325   -5.835325 (VIOLATED)
_1399_/A                                0.750000    6.585317   -5.835316 (VIOLATED)
_1400_/A                                0.750000    6.585320   -5.835320 (VIOLATED)
_1406_/A                                0.750000    6.585317   -5.835317 (VIOLATED)
_1422_/A                                0.750000    6.585312   -5.835312 (VIOLATED)
_1437_/A                                0.750000    6.585317   -5.835317 (VIOLATED)
_1419_/A                                0.750000    6.585306   -5.835306 (VIOLATED)
_1420_/A                                0.750000    6.585306   -5.835306 (VIOLATED)
_1421_/A                                0.750000    6.585312   -5.835312 (VIOLATED)
_1438_/A                                0.750000    6.585311   -5.835311 (VIOLATED)
_1439_/A                                0.750000    6.585317   -5.835316 (VIOLATED)
_1440_/A                                0.750000    6.585321   -5.835321 (VIOLATED)
_1442_/A                                0.750000    6.585324   -5.835323 (VIOLATED)
_1435_/A                                0.750000    6.585304   -5.835304 (VIOLATED)
_1436_/A                                0.750000    6.585304   -5.835304 (VIOLATED)
_1462_/A                                0.750000    6.585309   -5.835309 (VIOLATED)
_1212_/A                                0.750000    6.585299   -5.835299 (VIOLATED)
_1214_/A                                0.750000    6.585296   -5.835296 (VIOLATED)
_1213_/A                                0.750000    6.585289   -5.835289 (VIOLATED)
_0738_/A                                0.750000    6.585279   -5.835279 (VIOLATED)
_1195_/A                                0.750000    6.585279   -5.835278 (VIOLATED)
_1196_/A                                0.750000    6.585279   -5.835279 (VIOLATED)
_1197_/A                                0.750000    6.585281   -5.835281 (VIOLATED)
_1198_/A                                0.750000    6.585280   -5.835280 (VIOLATED)
_1202_/A                                0.750000    6.585283   -5.835283 (VIOLATED)
_1203_/A                                0.750000    6.585283   -5.835283 (VIOLATED)
_1204_/A                                0.750000    6.585283   -5.835283 (VIOLATED)
_1205_/A                                0.750000    6.585282   -5.835282 (VIOLATED)
_1206_/A                                0.750000    6.585281   -5.835281 (VIOLATED)
_1199_/A                                0.750000    6.585275   -5.835275 (VIOLATED)
_1207_/A                                0.750000    6.585280   -5.835280 (VIOLATED)
_1215_/A                                0.750000    6.585281   -5.835281 (VIOLATED)
_1210_/A                                0.750000    6.585268   -5.835268 (VIOLATED)
_1272_/A                                0.750000    6.585271   -5.835271 (VIOLATED)
_1273_/A                                0.750000    6.585268   -5.835268 (VIOLATED)
_1274_/A                                0.750000    6.585271   -5.835271 (VIOLATED)
_1463_/A                                0.750000    6.585275   -5.835275 (VIOLATED)
_1291_/A                                0.750000    6.585263   -5.835263 (VIOLATED)
_1293_/A                                0.750000    6.585263   -5.835263 (VIOLATED)
_1295_/A                                0.750000    6.585258   -5.835258 (VIOLATED)
_1208_/A                                0.750000    6.585249   -5.835249 (VIOLATED)
_1211_/A                                0.750000    6.585252   -5.835251 (VIOLATED)
_1209_/A                                0.750000    6.585230   -5.835230 (VIOLATED)
rst                                     0.750000    6.585064   -5.835064 (VIOLATED)
_1665_/CLK                              0.750000    3.289703   -2.539703 (VIOLATED)
_1681_/CLK                              0.750000    3.289703   -2.539703 (VIOLATED)
_1476_/CLK                              0.750000    3.289700   -2.539700 (VIOLATED)
_1492_/CLK                              0.750000    3.289700   -2.539700 (VIOLATED)
_1474_/CLK                              0.750000    3.289696   -2.539696 (VIOLATED)
_1477_/CLK                              0.750000    3.289698   -2.539698 (VIOLATED)
_1481_/CLK                              0.750000    3.289696   -2.539696 (VIOLATED)
_1493_/CLK                              0.750000    3.289698   -2.539698 (VIOLATED)
_1663_/CLK                              0.750000    3.289698   -2.539698 (VIOLATED)
_1666_/CLK                              0.750000    3.289701   -2.539701 (VIOLATED)
_1680_/CLK                              0.750000    3.289699   -2.539699 (VIOLATED)
_1682_/CLK                              0.750000    3.289700   -2.539701 (VIOLATED)
_1670_/CLK                              0.750000    3.289696   -2.539696 (VIOLATED)
_1700_/CLK                              0.750000    3.289691   -2.539692 (VIOLATED)
_1490_/CLK                              0.750000    3.289684   -2.539685 (VIOLATED)
_1491_/CLK                              0.750000    3.289687   -2.539687 (VIOLATED)
_1664_/CLK                              0.750000    3.289686   -2.539686 (VIOLATED)
_1679_/CLK                              0.750000    3.289687   -2.539687 (VIOLATED)
_1698_/CLK                              0.750000    3.289685   -2.539685 (VIOLATED)
_1475_/CLK                              0.750000    3.289680   -2.539680 (VIOLATED)
_1508_/CLK                              0.750000    3.289676   -2.539676 (VIOLATED)
_1509_/CLK                              0.750000    3.289676   -2.539676 (VIOLATED)
_1694_/CLK                              0.750000    3.289670   -2.539670 (VIOLATED)
_1526_/CLK                              0.750000    3.289666   -2.539666 (VIOLATED)
_1697_/CLK                              0.750000    3.289666   -2.539666 (VIOLATED)
_1465_/CLK                              0.750000    3.289649   -2.539649 (VIOLATED)
_1525_/CLK                              0.750000    3.289648   -2.539648 (VIOLATED)
_1693_/CLK                              0.750000    3.289649   -2.539649 (VIOLATED)
_1707_/CLK                              0.750000    3.289649   -2.539649 (VIOLATED)
_1489_/CLK                              0.750000    3.289643   -2.539643 (VIOLATED)
_1678_/CLK                              0.750000    3.289645   -2.539645 (VIOLATED)
_1505_/CLK                              0.750000    3.289638   -2.539638 (VIOLATED)
_1677_/CLK                              0.750000    3.289639   -2.539640 (VIOLATED)
_1524_/CLK                              0.750000    3.289635   -2.539635 (VIOLATED)
_1467_/CLK                              0.750000    3.289628   -2.539628 (VIOLATED)
_1473_/CLK                              0.750000    3.289626   -2.539625 (VIOLATED)
_1504_/CLK                              0.750000    3.289627   -2.539627 (VIOLATED)
_1662_/CLK                              0.750000    3.289627   -2.539627 (VIOLATED)
_1488_/CLK                              0.750000    3.289622   -2.539622 (VIOLATED)
_1659_/CLK                              0.750000    3.289618   -2.539618 (VIOLATED)
_1470_/CLK                              0.750000    3.289613   -2.539613 (VIOLATED)
_1506_/CLK                              0.750000    3.289613   -2.539613 (VIOLATED)
_1523_/CLK                              0.750000    3.289607   -2.539607 (VIOLATED)
_1692_/CLK                              0.750000    3.289597   -2.539598 (VIOLATED)
_1691_/CLK                              0.750000    3.289594   -2.539594 (VIOLATED)
_1503_/CLK                              0.750000    3.289573   -2.539573 (VIOLATED)
_1660_/CLK                              0.750000    3.289528   -2.539528 (VIOLATED)
_1661_/CLK                              0.750000    3.289527   -2.539527 (VIOLATED)
_1676_/CLK                              0.750000    3.289527   -2.539527 (VIOLATED)
_1471_/CLK                              0.750000    3.289521   -2.539521 (VIOLATED)
_1487_/CLK                              0.750000    3.289522   -2.539522 (VIOLATED)
_1472_/CLK                              0.750000    3.289516   -2.539516 (VIOLATED)
_1502_/CLK                              0.750000    3.289515   -2.539515 (VIOLATED)
_1675_/CLK                              0.750000    3.289511   -2.539511 (VIOLATED)
_1486_/CLK                              0.750000    3.289507   -2.539507 (VIOLATED)
_1522_/CLK                              0.750000    3.289492   -2.539492 (VIOLATED)
_1518_/CLK                              0.750000    3.289477   -2.539477 (VIOLATED)
_1521_/CLK                              0.750000    3.289476   -2.539476 (VIOLATED)
_1709_/CLK                              0.750000    3.289477   -2.539477 (VIOLATED)
_1520_/CLK                              0.750000    3.289467   -2.539467 (VIOLATED)
_1733_/CLK                              0.750000    3.289454   -2.539454 (VIOLATED)
_1570_/CLK                              0.750000    3.289422   -2.539422 (VIOLATED)
_1569_/CLK                              0.750000    3.289276   -2.539276 (VIOLATED)
_1543_/CLK                              0.750000    3.289227   -2.539227 (VIOLATED)
_1568_/CLK                              0.750000    3.289227   -2.539227 (VIOLATED)
_1549_/CLK                              0.750000    3.289224   -2.539224 (VIOLATED)
_1550_/CLK                              0.750000    3.289224   -2.539224 (VIOLATED)
_1510_/CLK                              0.750000    3.289221   -2.539221 (VIOLATED)
_1551_/CLK                              0.750000    3.289222   -2.539222 (VIOLATED)
_1699_/CLK                              0.750000    3.289222   -2.539222 (VIOLATED)
_1528_/CLK                              0.750000    3.289218   -2.539218 (VIOLATED)
_1511_/CLK                              0.750000    3.289214   -2.539214 (VIOLATED)
_1527_/CLK                              0.750000    3.289212   -2.539212 (VIOLATED)
_1702_/CLK                              0.750000    3.289211   -2.539211 (VIOLATED)
_1513_/CLK                              0.750000    3.289207   -2.539207 (VIOLATED)
_1496_/CLK                              0.750000    3.289202   -2.539202 (VIOLATED)
_1529_/CLK                              0.750000    3.289200   -2.539201 (VIOLATED)
_1685_/CLK                              0.750000    3.289202   -2.539203 (VIOLATED)
_1701_/CLK                              0.750000    3.289201   -2.539201 (VIOLATED)
_1530_/CLK                              0.750000    3.289197   -2.539197 (VIOLATED)
_1480_/CLK                              0.750000    3.289189   -2.539189 (VIOLATED)
_1531_/CLK                              0.750000    3.289191   -2.539191 (VIOLATED)
_1703_/CLK                              0.750000    3.289188   -2.539188 (VIOLATED)
_1534_/CLK                              0.750000    3.289183   -2.539183 (VIOLATED)
_1669_/CLK                              0.750000    3.289185   -2.539185 (VIOLATED)
_1535_/CLK                              0.750000    3.289182   -2.539182 (VIOLATED)
_1704_/CLK                              0.750000    3.289184   -2.539184 (VIOLATED)
_1552_/CLK                              0.750000    3.289180   -2.539180 (VIOLATED)
_1512_/CLK                              0.750000    3.289173   -2.539173 (VIOLATED)
_1517_/CLK                              0.750000    3.289171   -2.539172 (VIOLATED)
_1695_/CLK                              0.750000    3.289168   -2.539169 (VIOLATED)
_1507_/CLK                              0.750000    3.289165   -2.539165 (VIOLATED)
_1514_/CLK                              0.750000    3.289166   -2.539166 (VIOLATED)
_1515_/CLK                              0.750000    3.289166   -2.539166 (VIOLATED)
_1516_/CLK                              0.750000    3.289165   -2.539165 (VIOLATED)
_1696_/CLK                              0.750000    3.289167   -2.539167 (VIOLATED)
_1519_/CLK                              0.750000    3.289158   -2.539158 (VIOLATED)
_1710_/CLK                              0.750000    3.289159   -2.539159 (VIOLATED)
_1567_/CLK                              0.750000    3.289153   -2.539153 (VIOLATED)
_1566_/CLK                              0.750000    3.289150   -2.539150 (VIOLATED)
_1565_/CLK                              0.750000    3.289143   -2.539143 (VIOLATED)
_1564_/CLK                              0.750000    3.289137   -2.539136 (VIOLATED)
_1732_/CLK                              0.750000    3.289133   -2.539133 (VIOLATED)
_1563_/CLK                              0.750000    3.289129   -2.539129 (VIOLATED)
_1562_/CLK                              0.750000    3.289116   -2.539117 (VIOLATED)
_1729_/CLK                              0.750000    3.289117   -2.539117 (VIOLATED)
_1553_/CLK                              0.750000    3.289103   -2.539103 (VIOLATED)
_1469_/CLK                              0.750000    3.289097   -2.539097 (VIOLATED)
_1721_/CLK                              0.750000    3.289096   -2.539097 (VIOLATED)
_1726_/CLK                              0.750000    3.289095   -2.539095 (VIOLATED)
_1497_/CLK                              0.750000    3.289089   -2.539089 (VIOLATED)
_1686_/CLK                              0.750000    3.289090   -2.539090 (VIOLATED)
_1533_/CLK                              0.750000    3.289086   -2.539086 (VIOLATED)
_1532_/CLK                              0.750000    3.289083   -2.539083 (VIOLATED)
_1705_/CLK                              0.750000    3.289083   -2.539082 (VIOLATED)
_1706_/CLK                              0.750000    3.289083   -2.539084 (VIOLATED)
_1708_/CLK                              0.750000    3.289071   -2.539071 (VIOLATED)
_1554_/CLK                              0.750000    3.289042   -2.539042 (VIOLATED)
_1561_/CLK                              0.750000    3.289023   -2.539023 (VIOLATED)
_1560_/CLK                              0.750000    3.289002   -2.539001 (VIOLATED)
_1555_/CLK                              0.750000    3.288951   -2.538951 (VIOLATED)
_1559_/CLK                              0.750000    3.288949   -2.538949 (VIOLATED)
_1536_/CLK                              0.750000    3.288917   -2.538917 (VIOLATED)
_1537_/CLK                              0.750000    3.288917   -2.538917 (VIOLATED)
_1538_/CLK                              0.750000    3.288915   -2.538915 (VIOLATED)
_1558_/CLK                              0.750000    3.288915   -2.538915 (VIOLATED)
_1557_/CLK                              0.750000    3.288891   -2.538891 (VIOLATED)
_1556_/CLK                              0.750000    3.288872   -2.538872 (VIOLATED)
_1711_/CLK                              0.750000    3.288522   -2.538522 (VIOLATED)
_1714_/CLK                              0.750000    3.288401   -2.538401 (VIOLATED)
_1544_/CLK                              0.750000    3.288249   -2.538250 (VIOLATED)
_1545_/CLK                              0.750000    3.288249   -2.538249 (VIOLATED)
_1546_/CLK                              0.750000    3.288248   -2.538248 (VIOLATED)
_1547_/CLK                              0.750000    3.288244   -2.538244 (VIOLATED)
_1548_/CLK                              0.750000    3.288242   -2.538242 (VIOLATED)
_1542_/CLK                              0.750000    3.288236   -2.538235 (VIOLATED)
_1541_/CLK                              0.750000    3.288233   -2.538232 (VIOLATED)
_1540_/CLK                              0.750000    3.288225   -2.538225 (VIOLATED)
_1539_/CLK                              0.750000    3.288221   -2.538221 (VIOLATED)
_1727_/CLK                              0.750000    3.288206   -2.538206 (VIOLATED)
_1719_/CLK                              0.750000    3.288193   -2.538193 (VIOLATED)
_1720_/CLK                              0.750000    3.288191   -2.538192 (VIOLATED)
_1723_/CLK                              0.750000    3.288184   -2.538183 (VIOLATED)
_1718_/CLK                              0.750000    3.288172   -2.538172 (VIOLATED)
_1724_/CLK                              0.750000    3.288168   -2.538167 (VIOLATED)
_1725_/CLK                              0.750000    3.288151   -2.538151 (VIOLATED)
_1722_/CLK                              0.750000    3.288138   -2.538138 (VIOLATED)
_1478_/CLK                              0.750000    3.288126   -2.538126 (VIOLATED)
_1667_/CLK                              0.750000    3.288128   -2.538128 (VIOLATED)
_1494_/CLK                              0.750000    3.288126   -2.538126 (VIOLATED)
_1683_/CLK                              0.750000    3.288127   -2.538128 (VIOLATED)
_1668_/CLK                              0.750000    3.288123   -2.538123 (VIOLATED)
_1684_/CLK                              0.750000    3.288124   -2.538124 (VIOLATED)
_1479_/CLK                              0.750000    3.288121   -2.538121 (VIOLATED)
_1495_/CLK                              0.750000    3.288119   -2.538119 (VIOLATED)
_1484_/CLK                              0.750000    3.288110   -2.538110 (VIOLATED)
_1671_/CLK                              0.750000    3.288112   -2.538112 (VIOLATED)
_1672_/CLK                              0.750000    3.288112   -2.538112 (VIOLATED)
_1485_/CLK                              0.750000    3.288109   -2.538109 (VIOLATED)
_1483_/CLK                              0.750000    3.288100   -2.538100 (VIOLATED)
_1482_/CLK                              0.750000    3.288088   -2.538088 (VIOLATED)
_1673_/CLK                              0.750000    3.288090   -2.538090 (VIOLATED)
_1674_/CLK                              0.750000    3.288090   -2.538090 (VIOLATED)
_1689_/CLK                              0.750000    3.288088   -2.538088 (VIOLATED)
_1500_/CLK                              0.750000    3.288085   -2.538085 (VIOLATED)
_1501_/CLK                              0.750000    3.288082   -2.538082 (VIOLATED)
_1690_/CLK                              0.750000    3.288084   -2.538084 (VIOLATED)
_1687_/CLK                              0.750000    3.288070   -2.538070 (VIOLATED)
_1498_/CLK                              0.750000    3.288067   -2.538067 (VIOLATED)
_1688_/CLK                              0.750000    3.288048   -2.538048 (VIOLATED)
_1499_/CLK                              0.750000    3.288036   -2.538037 (VIOLATED)
_1728_/CLK                              0.750000    3.285383   -2.535383 (VIOLATED)
_1730_/CLK                              0.750000    3.285383   -2.535383 (VIOLATED)
_1571_/CLK                              0.750000    3.285343   -2.535343 (VIOLATED)
_1605_/CLK                              0.750000    3.285296   -2.535296 (VIOLATED)
_1604_/CLK                              0.750000    3.285208   -2.535208 (VIOLATED)
_1603_/CLK                              0.750000    3.285034   -2.535034 (VIOLATED)
_1602_/CLK                              0.750000    3.285026   -2.535027 (VIOLATED)
_1731_/CLK                              0.750000    3.284991   -2.534991 (VIOLATED)
_1633_/CLK                              0.750000    3.284868   -2.534868 (VIOLATED)
_1631_/CLK                              0.750000    3.284809   -2.534809 (VIOLATED)
_1630_/CLK                              0.750000    3.284772   -2.534772 (VIOLATED)
_1596_/CLK                              0.750000    3.284733   -2.534733 (VIOLATED)
_1597_/CLK                              0.750000    3.284734   -2.534734 (VIOLATED)
_1615_/CLK                              0.750000    3.284734   -2.534735 (VIOLATED)
_1712_/CLK                              0.750000    3.284735   -2.534735 (VIOLATED)
_1713_/CLK                              0.750000    3.284735   -2.534735 (VIOLATED)
_1632_/CLK                              0.750000    3.284730   -2.534730 (VIOLATED)
_1591_/CLK                              0.750000    3.284524   -2.534524 (VIOLATED)
_1592_/CLK                              0.750000    3.284515   -2.534515 (VIOLATED)
_1593_/CLK                              0.750000    3.284514   -2.534514 (VIOLATED)
_1594_/CLK                              0.750000    3.284515   -2.534515 (VIOLATED)
_1595_/CLK                              0.750000    3.284515   -2.534515 (VIOLATED)
_1590_/CLK                              0.750000    3.284465   -2.534465 (VIOLATED)
_1606_/CLK                              0.750000    3.284424   -2.534424 (VIOLATED)
_1607_/CLK                              0.750000    3.284424   -2.534424 (VIOLATED)
_1598_/CLK                              0.750000    3.284421   -2.534421 (VIOLATED)
_1599_/CLK                              0.750000    3.284421   -2.534421 (VIOLATED)
_1600_/CLK                              0.750000    3.284423   -2.534423 (VIOLATED)
_1601_/CLK                              0.750000    3.284424   -2.534423 (VIOLATED)
_1629_/CLK                              0.750000    3.284418   -2.534418 (VIOLATED)
_1634_/CLK                              0.750000    3.284420   -2.534420 (VIOLATED)
_1624_/CLK                              0.750000    3.284412   -2.534412 (VIOLATED)
_1627_/CLK                              0.750000    3.284414   -2.534414 (VIOLATED)
_1628_/CLK                              0.750000    3.284416   -2.534416 (VIOLATED)
_1588_/CLK                              0.750000    3.284409   -2.534409 (VIOLATED)
_1626_/CLK                              0.750000    3.284410   -2.534410 (VIOLATED)
_1625_/CLK                              0.750000    3.284408   -2.534407 (VIOLATED)
_1589_/CLK                              0.750000    3.284396   -2.534396 (VIOLATED)
_1580_/CLK                              0.750000    3.284367   -2.534367 (VIOLATED)
_1581_/CLK                              0.750000    3.284367   -2.534367 (VIOLATED)
_1583_/CLK                              0.750000    3.284367   -2.534367 (VIOLATED)
_1616_/CLK                              0.750000    3.284368   -2.534368 (VIOLATED)
_1617_/CLK                              0.750000    3.284368   -2.534368 (VIOLATED)
_1618_/CLK                              0.750000    3.284368   -2.534368 (VIOLATED)
_1576_/CLK                              0.750000    3.284363   -2.534363 (VIOLATED)
_1577_/CLK                              0.750000    3.284362   -2.534363 (VIOLATED)
_1578_/CLK                              0.750000    3.284364   -2.534364 (VIOLATED)
_1582_/CLK                              0.750000    3.284365   -2.534365 (VIOLATED)
_1584_/CLK                              0.750000    3.284365   -2.534365 (VIOLATED)
_1586_/CLK                              0.750000    3.284365   -2.534365 (VIOLATED)
_1587_/CLK                              0.750000    3.284366   -2.534366 (VIOLATED)
_1579_/CLK                              0.750000    3.284360   -2.534360 (VIOLATED)
_1610_/CLK                              0.750000    3.284358   -2.534358 (VIOLATED)
_1572_/CLK                              0.750000    3.284355   -2.534355 (VIOLATED)
_1573_/CLK                              0.750000    3.284355   -2.534355 (VIOLATED)
_1574_/CLK                              0.750000    3.284356   -2.534355 (VIOLATED)
_1575_/CLK                              0.750000    3.284356   -2.534355 (VIOLATED)
_1614_/CLK                              0.750000    3.284357   -2.534357 (VIOLATED)
_1619_/CLK                              0.750000    3.284359   -2.534359 (VIOLATED)
_1620_/CLK                              0.750000    3.284359   -2.534359 (VIOLATED)
_1621_/CLK                              0.750000    3.284359   -2.534359 (VIOLATED)
_1622_/CLK                              0.750000    3.284359   -2.534359 (VIOLATED)
_1623_/CLK                              0.750000    3.284358   -2.534358 (VIOLATED)
_1609_/CLK                              0.750000    3.284353   -2.534353 (VIOLATED)
_1612_/CLK                              0.750000    3.284354   -2.534354 (VIOLATED)
_1613_/CLK                              0.750000    3.284356   -2.534356 (VIOLATED)
_1611_/CLK                              0.750000    3.284352   -2.534351 (VIOLATED)
_1585_/CLK                              0.750000    3.284348   -2.534348 (VIOLATED)
_1608_/CLK                              0.750000    3.284349   -2.534349 (VIOLATED)
_1635_/CLK                              0.750000    3.284349   -2.534349 (VIOLATED)
_1643_/CLK                              0.750000    3.284349   -2.534349 (VIOLATED)
_1644_/CLK                              0.750000    3.284349   -2.534349 (VIOLATED)
_1646_/CLK                              0.750000    3.284348   -2.534348 (VIOLATED)
_1647_/CLK                              0.750000    3.284348   -2.534348 (VIOLATED)
_1648_/CLK                              0.750000    3.284348   -2.534348 (VIOLATED)
_1639_/CLK                              0.750000    3.284345   -2.534345 (VIOLATED)
_1640_/CLK                              0.750000    3.284346   -2.534346 (VIOLATED)
_1645_/CLK                              0.750000    3.284348   -2.534348 (VIOLATED)
_1641_/CLK                              0.750000    3.284346   -2.534346 (VIOLATED)
_1649_/CLK                              0.750000    3.284346   -2.534346 (VIOLATED)
_1650_/CLK                              0.750000    3.284346   -2.534346 (VIOLATED)
_1655_/CLK                              0.750000    3.284348   -2.534348 (VIOLATED)
_1636_/CLK                              0.750000    3.284343   -2.534343 (VIOLATED)
_1637_/CLK                              0.750000    3.284345   -2.534345 (VIOLATED)
_1638_/CLK                              0.750000    3.284345   -2.534345 (VIOLATED)
_1642_/CLK                              0.750000    3.284342   -2.534342 (VIOLATED)
_1656_/CLK                              0.750000    3.284344   -2.534344 (VIOLATED)
_1657_/CLK                              0.750000    3.284346   -2.534346 (VIOLATED)
_1658_/CLK                              0.750000    3.284346   -2.534347 (VIOLATED)
_1715_/CLK                              0.750000    3.284340   -2.534339 (VIOLATED)
_1464_/CLK                              0.750000    3.284335   -2.534335 (VIOLATED)
_1466_/CLK                              0.750000    3.284335   -2.534335 (VIOLATED)
_1653_/CLK                              0.750000    3.284336   -2.534336 (VIOLATED)
_1716_/CLK                              0.750000    3.284338   -2.534338 (VIOLATED)
_1717_/CLK                              0.750000    3.284340   -2.534340 (VIOLATED)
_1468_/CLK                              0.750000    3.284333   -2.534333 (VIOLATED)
_1651_/CLK                              0.750000    3.284330   -2.534330 (VIOLATED)
_1654_/CLK                              0.750000    3.284330   -2.534330 (VIOLATED)
_1652_/CLK                              0.750000    3.284320   -2.534320 (VIOLATED)
clk                                     0.750000    3.284246   -2.534246 (VIOLATED)
_1039_/B1                               0.750000    1.183421   -0.433421 (VIOLATED)
_1040_/B1                               0.750000    1.183421   -0.433421 (VIOLATED)
_1041_/B1                               0.750000    1.183421   -0.433421 (VIOLATED)
_1042_/B1                               0.750000    1.183421   -0.433421 (VIOLATED)
_1045_/B1                               0.750000    1.183420   -0.433420 (VIOLATED)
_1046_/B1                               0.750000    1.183419   -0.433419 (VIOLATED)
_1047_/B1                               0.750000    1.183419   -0.433419 (VIOLATED)
_1048_/B1                               0.750000    1.183419   -0.433419 (VIOLATED)
_1049_/B1                               0.750000    1.183419   -0.433419 (VIOLATED)
_1050_/B1                               0.750000    1.183419   -0.433419 (VIOLATED)
_1051_/B1                               0.750000    1.183418   -0.433418 (VIOLATED)
_1053_/B1                               0.750000    1.183418   -0.433418 (VIOLATED)
_1054_/B1                               0.750000    1.183418   -0.433418 (VIOLATED)
_1038_/Y                                0.750000    1.183417   -0.433417 (VIOLATED)
_1043_/B1                               0.750000    1.183417   -0.433417 (VIOLATED)
_1044_/B1                               0.750000    1.183417   -0.433417 (VIOLATED)
_1052_/B1                               0.750000    1.183417   -0.433417 (VIOLATED)
_1150_/S                                0.750000    1.173934   -0.423934 (VIOLATED)
_1165_/S                                0.750000    1.173934   -0.423934 (VIOLATED)
_1166_/S                                0.750000    1.173934   -0.423934 (VIOLATED)
_1164_/S                                0.750000    1.173933   -0.423933 (VIOLATED)
_1148_/S                                0.750000    1.173932   -0.423932 (VIOLATED)
_1149_/S                                0.750000    1.173931   -0.423931 (VIOLATED)
_1146_/S                                0.750000    1.173930   -0.423930 (VIOLATED)
_1147_/S                                0.750000    1.173930   -0.423930 (VIOLATED)
_1145_/S                                0.750000    1.173930   -0.423930 (VIOLATED)
_1151_/S                                0.750000    1.173930   -0.423930 (VIOLATED)
_1163_/S                                0.750000    1.173930   -0.423930 (VIOLATED)
_1161_/S                                0.750000    1.173930   -0.423930 (VIOLATED)
_1162_/S                                0.750000    1.173930   -0.423930 (VIOLATED)
_1167_/S                                0.750000    1.173930   -0.423930 (VIOLATED)
_1132_/S                                0.750000    1.173929   -0.423929 (VIOLATED)
_1144_/S                                0.750000    1.173929   -0.423929 (VIOLATED)
_1160_/S                                0.750000    1.173929   -0.423929 (VIOLATED)
_1133_/S                                0.750000    1.173927   -0.423927 (VIOLATED)
_1156_/S                                0.750000    1.173927   -0.423927 (VIOLATED)
_1126_/S                                0.750000    1.173925   -0.423925 (VIOLATED)
_1127_/S                                0.750000    1.173925   -0.423925 (VIOLATED)
_1128_/S                                0.750000    1.173924   -0.423924 (VIOLATED)
_1129_/S                                0.750000    1.173924   -0.423924 (VIOLATED)
_1134_/S                                0.750000    1.173923   -0.423923 (VIOLATED)
_1138_/S                                0.750000    1.173923   -0.423923 (VIOLATED)
_1139_/S                                0.750000    1.173923   -0.423923 (VIOLATED)
_1135_/S                                0.750000    1.173922   -0.423922 (VIOLATED)
_1136_/S                                0.750000    1.173922   -0.423922 (VIOLATED)
_1137_/S                                0.750000    1.173922   -0.423922 (VIOLATED)
_1152_/S                                0.750000    1.173921   -0.423921 (VIOLATED)
_1153_/S                                0.750000    1.173921   -0.423921 (VIOLATED)
_1154_/S                                0.750000    1.173919   -0.423919 (VIOLATED)
_1155_/S                                0.750000    1.173919   -0.423919 (VIOLATED)
_1141_/S                                0.750000    1.173918   -0.423918 (VIOLATED)
_1131_/S                                0.750000    1.173918   -0.423918 (VIOLATED)
_1124_/S                                0.750000    1.173917   -0.423917 (VIOLATED)
_1142_/S                                0.750000    1.173917   -0.423917 (VIOLATED)
_1158_/S                                0.750000    1.173916   -0.423916 (VIOLATED)
_1130_/S                                0.750000    1.173915   -0.423915 (VIOLATED)
_1125_/S                                0.750000    1.173914   -0.423914 (VIOLATED)
_1143_/S                                0.750000    1.173912   -0.423912 (VIOLATED)
_1159_/S                                0.750000    1.173911   -0.423911 (VIOLATED)
_1123_/S                                0.750000    1.173909   -0.423909 (VIOLATED)
_1122_/S                                0.750000    1.173908   -0.423908 (VIOLATED)
_1140_/S                                0.750000    1.173908   -0.423908 (VIOLATED)
_1157_/S                                0.750000    1.173908   -0.423908 (VIOLATED)
_1120_/S                                0.750000    1.173905   -0.423905 (VIOLATED)
_1121_/S                                0.750000    1.173904   -0.423904 (VIOLATED)
_1119_/A                                0.750000    1.173904   -0.423904 (VIOLATED)
_1118_/Y                                0.750000    1.173902   -0.423902 (VIOLATED)
_1058_/B1                               0.750000    1.146583   -0.396583 (VIOLATED)
_1059_/B1                               0.750000    1.146583   -0.396583 (VIOLATED)
_1060_/B1                               0.750000    1.146583   -0.396583 (VIOLATED)
_1061_/B1                               0.750000    1.146583   -0.396583 (VIOLATED)
_1064_/B1                               0.750000    1.146583   -0.396583 (VIOLATED)
_1062_/B1                               0.750000    1.146582   -0.396582 (VIOLATED)
_1065_/B1                               0.750000    1.146582   -0.396582 (VIOLATED)
_1066_/B1                               0.750000    1.146582   -0.396582 (VIOLATED)
_1067_/B1                               0.750000    1.146581   -0.396581 (VIOLATED)
_1068_/B1                               0.750000    1.146581   -0.396581 (VIOLATED)
_1069_/B1                               0.750000    1.146581   -0.396581 (VIOLATED)
_1070_/B1                               0.750000    1.146580   -0.396580 (VIOLATED)
_1071_/B1                               0.750000    1.146580   -0.396580 (VIOLATED)
_1072_/B1                               0.750000    1.146580   -0.396580 (VIOLATED)
_1057_/Y                                0.750000    1.146579   -0.396579 (VIOLATED)
_1063_/B1                               0.750000    1.146579   -0.396579 (VIOLATED)
_1073_/B1                               0.750000    1.146579   -0.396579 (VIOLATED)
_0928_/Y                                0.750000    1.054246   -0.304246 (VIOLATED)
_0929_/B1                               0.750000    1.054246   -0.304246 (VIOLATED)
_0930_/B1                               0.750000    1.054246   -0.304246 (VIOLATED)
_0931_/B1                               0.750000    1.054246   -0.304246 (VIOLATED)
_0932_/B1                               0.750000    1.054246   -0.304246 (VIOLATED)
_0933_/B1                               0.750000    1.054246   -0.304246 (VIOLATED)
_0934_/B1                               0.750000    1.054246   -0.304246 (VIOLATED)
_0935_/B1                               0.750000    1.054246   -0.304246 (VIOLATED)
_0936_/B1                               0.750000    1.054246   -0.304246 (VIOLATED)
_0937_/B1                               0.750000    1.054246   -0.304246 (VIOLATED)
_0938_/B1                               0.750000    1.054246   -0.304246 (VIOLATED)
_0939_/B1                               0.750000    1.054246   -0.304246 (VIOLATED)
_0940_/B1                               0.750000    1.054246   -0.304246 (VIOLATED)
_0941_/B1                               0.750000    1.054246   -0.304246 (VIOLATED)
_0942_/B1                               0.750000    1.054246   -0.304246 (VIOLATED)
_0943_/B1                               0.750000    1.054246   -0.304246 (VIOLATED)
_0944_/B1                               0.750000    1.054246   -0.304246 (VIOLATED)
_0945_/B1                               0.750000    1.054246   -0.304246 (VIOLATED)
_0946_/B1                               0.750000    1.054246   -0.304246 (VIOLATED)
_0947_/B1                               0.750000    1.054246   -0.304246 (VIOLATED)
_0948_/B1                               0.750000    1.054246   -0.304246 (VIOLATED)
_0949_/B1                               0.750000    1.054246   -0.304246 (VIOLATED)
_0950_/B1                               0.750000    1.054246   -0.304246 (VIOLATED)
_0951_/B1                               0.750000    1.054246   -0.304246 (VIOLATED)
_0952_/B1                               0.750000    1.054246   -0.304246 (VIOLATED)
_0953_/B1                               0.750000    1.054246   -0.304246 (VIOLATED)
_0954_/B1                               0.750000    1.054246   -0.304246 (VIOLATED)
_0955_/B1                               0.750000    1.054246   -0.304246 (VIOLATED)
_0956_/B1                               0.750000    1.054246   -0.304246 (VIOLATED)
_0957_/B1                               0.750000    1.054246   -0.304246 (VIOLATED)
_0958_/B1                               0.750000    1.054246   -0.304246 (VIOLATED)
_0959_/B1                               0.750000    1.054246   -0.304246 (VIOLATED)
_1190_/B1                               0.750000    1.054246   -0.304246 (VIOLATED)
_0910_/B1                               0.750000    0.884969   -0.134969 (VIOLATED)
_0911_/B1                               0.750000    0.884969   -0.134969 (VIOLATED)
_0908_/B1                               0.750000    0.884968   -0.134968 (VIOLATED)
_0904_/B1                               0.750000    0.884968   -0.134968 (VIOLATED)
_0905_/B1                               0.750000    0.884968   -0.134968 (VIOLATED)
_0907_/B1                               0.750000    0.884968   -0.134968 (VIOLATED)
_0909_/B1                               0.750000    0.884968   -0.134968 (VIOLATED)
_0913_/B1                               0.750000    0.884967   -0.134967 (VIOLATED)
_0914_/B1                               0.750000    0.884967   -0.134967 (VIOLATED)
_0915_/B1                               0.750000    0.884966   -0.134966 (VIOLATED)
_0912_/B1                               0.750000    0.884966   -0.134966 (VIOLATED)
_0906_/B1                               0.750000    0.884965   -0.134965 (VIOLATED)
_0917_/B1                               0.750000    0.884964   -0.134964 (VIOLATED)
_0916_/B1                               0.750000    0.884964   -0.134964 (VIOLATED)
_0918_/B1                               0.750000    0.884963   -0.134963 (VIOLATED)
_0919_/B1                               0.750000    0.884962   -0.134962 (VIOLATED)
_0901_/B1                               0.750000    0.884958   -0.134958 (VIOLATED)
_0902_/B1                               0.750000    0.884958   -0.134958 (VIOLATED)
_0903_/B1                               0.750000    0.884958   -0.134958 (VIOLATED)
_0900_/B1                               0.750000    0.884958   -0.134958 (VIOLATED)
_0898_/B1                               0.750000    0.884958   -0.134958 (VIOLATED)
_0899_/B1                               0.750000    0.884958   -0.134958 (VIOLATED)
_0897_/B1                               0.750000    0.884956   -0.134956 (VIOLATED)
_0896_/B1                               0.750000    0.884955   -0.134955 (VIOLATED)
_0880_/Y                                0.750000    0.884954   -0.134954 (VIOLATED)
_0881_/B1                               0.750000    0.884954   -0.134954 (VIOLATED)
_0895_/B1                               0.750000    0.884954   -0.134954 (VIOLATED)
_1095_/B2                               0.750000    0.767717   -0.017717 (VIOLATED)
_1103_/B2                               0.750000    0.767717   -0.017717 (VIOLATED)
_1102_/B2                               0.750000    0.767717   -0.017717 (VIOLATED)
_1081_/A2                               0.750000    0.767716   -0.017716 (VIOLATED)
_1083_/A2                               0.750000    0.767716   -0.017716 (VIOLATED)
_1079_/A2                               0.750000    0.767715   -0.017715 (VIOLATED)
_1080_/A2                               0.750000    0.767679   -0.017679 (VIOLATED)
_1082_/A2                               0.750000    0.767679   -0.017679 (VIOLATED)
_1116_/B1                               0.750000    0.767679   -0.017679 (VIOLATED)
_1113_/A2                               0.750000    0.767676   -0.017676 (VIOLATED)
_1112_/A2                               0.750000    0.767675   -0.017675 (VIOLATED)
_1114_/A2                               0.750000    0.767673   -0.017674 (VIOLATED)
_1077_/Y                                0.750000    0.767672   -0.017672 (VIOLATED)

max fanout

Pin                                   Limit Fanout  Slack
---------------------------------------------------------
clk                                      10    270   -260 (VIOLATED)
rst                                      10    270   -260 (VIOLATED)
_1118_/Y                                 10     49    -39 (VIOLATED)
_0925_/X                                 10     34    -24 (VIOLATED)
_0928_/Y                                 10     32    -22 (VIOLATED)
_0880_/Y                                 10     26    -16 (VIOLATED)
_0739_/Y                                 10     25    -15 (VIOLATED)
_0878_/X                                 10     25    -15 (VIOLATED)
_0921_/X                                 10     18     -8 (VIOLATED)
_0922_/Y                                 10     16     -6 (VIOLATED)
_1017_/Y                                 10     16     -6 (VIOLATED)
_1037_/X                                 10     16     -6 (VIOLATED)
_1038_/Y                                 10     16     -6 (VIOLATED)
_1056_/X                                 10     16     -6 (VIOLATED)
_1057_/Y                                 10     16     -6 (VIOLATED)
_1018_/X                                 10     15     -5 (VIOLATED)
_0744_/Y                                 10     12     -2 (VIOLATED)
_1077_/Y                                 10     12     -2 (VIOLATED)
_1078_/X                                 10     12     -2 (VIOLATED)
_0747_/Y                                 10     11        (VIOLATED)

max capacitance

Pin                                        Limit         Cap       Slack
------------------------------------------------------------------------
rst                                     0.200000    1.489236   -1.289236 (VIOLATED)
clk                                     0.200000    0.741722   -0.541722 (VIOLATED)
_1118_/Y                                0.200000    0.236482   -0.036482 (VIOLATED)



===========================================================================
report_parasitic_annotation -report_unannotated
============================================================================
Found 2 unannotated drivers.
 _1734_/HI
 _1735_/HI
Found 0 partially unannotated drivers.

===========================================================================
max slew violation count 699
Writing metric design__max_slew_violation__count__corner:nom_tt_025C_1v80: 699
max fanout violation count 20
Writing metric design__max_fanout_violation__count__corner:nom_tt_025C_1v80: 20
max cap violation count 3
Writing metric design__max_cap_violation__count__corner:nom_tt_025C_1v80: 3
============================================================================

===========================================================================
check_setup -verbose -unconstrained_endpoints -multiple_clock -no_clock -no_input_delay -loops -generated_clocks
===========================================================================
