Clock: clk
Sources: clk 
Generated: no
Virtual: yes
Propagated: no
Period: 10.000000

===========================================================================
report_clock_properties
============================================================================
Clock                   Period          Waveform
----------------------------------------------------
clk                  10.000000    0.000000  5.000000

===========================================================================
report_clock_latency
============================================================================
Clock clk
rise -> rise
    min     max
0.000000 0.000000 source latency
2.228076         network latency _1652_/CLK
        2.325123 network latency _1665_/CLK
---------------
2.228076 2.325123 latency
        0.097047 skew

fall -> fall
    min     max
0.000000 0.000000 source latency
1.089739         network latency _1652_/CLK
        1.180760 network latency _1665_/CLK
---------------
1.089739 1.180760 latency
        0.091021 skew



===========================================================================
report_clock_min_period
============================================================================
clk period_min = 2.71 fmax = 369.41
