Startpoint: rst (input port clocked by clk)
Endpoint: _1560_ (recovery check against rising-edge clock clk)
Path Group: asynchronous
Path Type: max

  Delay    Time   Description
---------------------------------------------------------
   0.00    0.00   clock clk (rise edge)
   0.00    0.00   clock network delay (propagated)
   2.00    2.00 v input external delay
   0.01    2.01 v rst (in)
   0.28    2.29 v input9/X (sky130_fd_sc_hd__buf_1)
   0.44    2.73 v max_cap212/X (sky130_fd_sc_hd__buf_2)
   0.91    3.63 v fanout210/X (sky130_fd_sc_hd__clkdlybuf4s25_1)
   0.49    4.12 v load_slew211/X (sky130_fd_sc_hd__buf_2)
   0.98    5.10 v fanout189/X (sky130_fd_sc_hd__clkdlybuf4s25_1)
   1.06    6.16 v fanout187/X (sky130_fd_sc_hd__clkdlybuf4s25_1)
   1.11    7.27 v fanout185/X (sky130_fd_sc_hd__clkdlybuf4s25_1)
   0.68    7.95 v load_slew186/X (sky130_fd_sc_hd__buf_4)
   0.15    8.09 ^ _1387_/Y (sky130_fd_sc_hd__inv_2)
   0.00    8.09 ^ _1560_/RESET_B (sky130_fd_sc_hd__dfrtp_2)
           8.09   data arrival time

  10.00   10.00   clock clk (rise edge)
   1.27   11.27   clock network delay (propagated)
  -0.25   11.02   clock uncertainty
   0.00   11.02   clock reconvergence pessimism
          11.02 ^ _1560_/CLK (sky130_fd_sc_hd__dfrtp_2)
   0.87   11.89   library recovery time
          11.89   data required time
---------------------------------------------------------
          11.89   data required time
          -8.09   data arrival time
---------------------------------------------------------
           3.79   slack (MET)


Startpoint: _1618_ (rising edge-triggered flip-flop clocked by clk)
Endpoint: _1596_ (rising edge-triggered flip-flop clocked by clk)
Path Group: clk
Path Type: max

  Delay    Time   Description
---------------------------------------------------------
   0.00    0.00   clock clk (rise edge)
   1.30    1.30   clock network delay (propagated)
   0.00    1.30 ^ _1618_/CLK (sky130_fd_sc_hd__dfrtp_2)
   1.66    2.96 v _1618_/Q (sky130_fd_sc_hd__dfrtp_2)
   1.79    4.75 v _0889_/X (sky130_fd_sc_hd__o31a_2)
   1.83    6.58 v _0890_/X (sky130_fd_sc_hd__o311a_2)
   2.46    9.04 v _0893_/X (sky130_fd_sc_hd__or3_2)
   2.48   11.52 v _0894_/X (sky130_fd_sc_hd__or3b_2)
   1.15   12.66 v _0895_/X (sky130_fd_sc_hd__a32o_2)
   0.00   12.66 v _1596_/D (sky130_fd_sc_hd__dfrtp_2)
          12.66   data arrival time

  10.00   10.00   clock clk (rise edge)
   1.29   11.29   clock network delay (propagated)
  -0.25   11.04   clock uncertainty
   0.00   11.04   clock reconvergence pessimism
          11.04 ^ _1596_/CLK (sky130_fd_sc_hd__dfrtp_2)
  -0.77   10.27   library setup time
          10.27   data required time
---------------------------------------------------------
          10.27   data required time
         -12.66   data arrival time
---------------------------------------------------------
          -2.39   slack (VIOLATED)


