Clock: clk
Sources: clk 
Generated: no
Virtual: yes
Propagated: no
Period: 10.000000

===========================================================================
report_clock_properties
============================================================================
Clock                   Period          Waveform
----------------------------------------------------
clk                  10.000000    0.000000  5.000000

===========================================================================
report_clock_latency
============================================================================
Clock clk
rise -> rise
    min     max
0.000000 0.000000 source latency
0.643450         network latency _1481_/CLK
        0.687498 network latency _1731_/CLK
---------------
0.643450 0.687498 latency
        0.044048 skew

fall -> fall
    min     max
0.000000 0.000000 source latency
0.576305         network latency _1481_/CLK
        0.608273 network latency _1720_/CLK
---------------
0.576305 0.608273 latency
        0.031967 skew



===========================================================================
report_clock_min_period
============================================================================
clk period_min = 3.86 fmax = 259.17
