
===========================================================================
report_checks -path_delay max (Setup)
============================================================================
======================= nom_tt_025C_1v80 Corner ===================================

Startpoint: enable (input port clocked by null)
Endpoint: ro_out (output port clocked by null)
Path Group: null
Path Type: max

Fanout         Cap        Slew       Delay        Time   Description
---------------------------------------------------------------------------------------------
                      0.000000    0.000000    0.000000   clock null (rise edge)
                                  0.000000    0.000000   clock network delay (ideal)
                                  2.000000    2.000000 v input external delay
     1    0.003342    0.009891    0.005330    2.005330 v enable (in)
                                                         enable (net)
                      0.009891    0.000000    2.005330 v u_nand/A (sky130_fd_sc_hd__nand2_1)
     1    0.002410    0.034590    0.036869    2.042199 ^ u_nand/Y (sky130_fd_sc_hd__nand2_1)
                                                         n0 (net)
                      0.034590    0.000000    2.042199 ^ u_inv0/A (sky130_fd_sc_hd__inv_1)
     1    0.002286    0.018132    0.029107    2.071306 v u_inv0/Y (sky130_fd_sc_hd__inv_1)
                                                         n1 (net)
                      0.018132    0.000000    2.071306 v u_inv1/A (sky130_fd_sc_hd__inv_1)
     1    0.002446    0.030337    0.035354    2.106661 ^ u_inv1/Y (sky130_fd_sc_hd__inv_1)
                                                         n2 (net)
                      0.030337    0.000000    2.106661 ^ u_inv2/A (sky130_fd_sc_hd__inv_1)
     1    0.002255    0.017265    0.027617    2.134278 v u_inv2/Y (sky130_fd_sc_hd__inv_1)
                                                         n3 (net)
                      0.017265    0.000000    2.134278 v u_inv3/A (sky130_fd_sc_hd__inv_1)
     2    0.004320    0.045567    0.046026    2.180305 ^ u_inv3/Y (sky130_fd_sc_hd__inv_1)
                                                         n4 (net)
                      0.045567    0.000000    2.180305 ^ u_buf/A (sky130_fd_sc_hd__buf_2)
     1    0.034535    0.171371    0.199357    2.379662 ^ u_buf/X (sky130_fd_sc_hd__buf_2)
                                                         ro_out (net)
                      0.171371    0.000252    2.379914 ^ ro_out (out)
                                              2.379914   data arrival time

                      0.000000   10.000000   10.000000   clock null (rise edge)
                                  0.000000   10.000000   clock network delay (ideal)
                                 -0.250000    9.750000   clock uncertainty
                                  0.000000    9.750000   clock reconvergence pessimism
                                 -2.000000    7.750000   output external delay
                                              7.750000   data required time
---------------------------------------------------------------------------------------------
                                              7.750000   data required time
                                             -2.379914   data arrival time
---------------------------------------------------------------------------------------------
                                              5.370086   slack (MET)



