
===========================================================================
report_checks -path_delay max (Setup)
============================================================================
======================= max_tt_025C_1v80 Corner ===================================

Startpoint: in (input port clocked by null)
Endpoint: out (output port clocked by null)
Path Group: null
Path Type: max

Fanout         Cap        Slew       Delay        Time   Description
---------------------------------------------------------------------------------------------
                      0.000000    0.000000    0.000000   clock null (rise edge)
                                  0.000000    0.000000   clock network delay (ideal)
                                  2.000000    2.000000 v input external delay
     1    0.007635    0.019350    0.012499    2.012499 v in (in)
                                                         in (net)
                      0.019355    0.000000    2.012499 v u0/A (sky130_fd_sc_hd__buf_2)
     1    0.001948    0.021576    0.099526    2.112025 v u0/X (sky130_fd_sc_hd__buf_2)
                                                         n0 (net)
                      0.021576    0.000088    2.112113 v u1/A (sky130_fd_sc_hd__buf_2)
     1    0.001948    0.021576    0.100422    2.212534 v u1/X (sky130_fd_sc_hd__buf_2)
                                                         n1 (net)
                      0.021576    0.000088    2.212622 v u2/A (sky130_fd_sc_hd__buf_2)
     1    0.002056    0.021816    0.100800    2.313422 v u2/X (sky130_fd_sc_hd__buf_2)
                                                         n2 (net)
                      0.021816    0.000147    2.313569 v u3/A (sky130_fd_sc_hd__buf_2)
     1    0.001987    0.021659    0.100659    2.414227 v u3/X (sky130_fd_sc_hd__buf_2)
                                                         n3 (net)
                      0.021659    0.000089    2.414316 v u4/A (sky130_fd_sc_hd__buf_2)
     1    0.001948    0.021576    0.100455    2.514772 v u4/X (sky130_fd_sc_hd__buf_2)
                                                         n4 (net)
                      0.021576    0.000088    2.514860 v u5/A (sky130_fd_sc_hd__buf_2)
     1    0.001948    0.021576    0.100422    2.615281 v u5/X (sky130_fd_sc_hd__buf_2)
                                                         n5 (net)
                      0.021576    0.000088    2.615369 v u6/A (sky130_fd_sc_hd__buf_2)
     1    0.001897    0.021464    0.100236    2.715605 v u6/X (sky130_fd_sc_hd__buf_2)
                                                         n6 (net)
                      0.021464    0.000086    2.715691 v u7/A (sky130_fd_sc_hd__buf_2)
     1    0.001948    0.021576    0.100377    2.816067 v u7/X (sky130_fd_sc_hd__buf_2)
                                                         n7 (net)
                      0.021576    0.000088    2.816155 v u8/A (sky130_fd_sc_hd__buf_2)
     1    0.005562    0.029639    0.112050    2.928206 v u8/X (sky130_fd_sc_hd__buf_2)
                                                         net1 (net)
                      0.029655    0.000432    2.928638 v output1/A (sky130_fd_sc_hd__clkdlybuf4s25_1)
     1    0.034356    0.256071    0.407457    3.336095 v output1/X (sky130_fd_sc_hd__clkdlybuf4s25_1)
                                                         out (net)
                      0.256079    0.001663    3.337758 v out (out)
                                              3.337758   data arrival time

                      0.000000   10.000000   10.000000   clock null (rise edge)
                                  0.000000   10.000000   clock network delay (ideal)
                                 -0.250000    9.750000   clock uncertainty
                                  0.000000    9.750000   clock reconvergence pessimism
                                 -2.000000    7.750000   output external delay
                                              7.750000   data required time
---------------------------------------------------------------------------------------------
                                              7.750000   data required time
                                             -3.337758   data arrival time
---------------------------------------------------------------------------------------------
                                              4.412242   slack (MET)



