
===========================================================================
report_checks -path_delay min (Hold)
============================================================================
======================= max_tt_025C_1v80 Corner ===================================

Startpoint: in (input port clocked by null)
Endpoint: out (output port clocked by null)
Path Group: null
Path Type: min

Fanout         Cap        Slew       Delay        Time   Description
---------------------------------------------------------------------------------------------
                      0.000000    0.000000    0.000000   clock null (rise edge)
                                  0.000000    0.000000   clock network delay (ideal)
                                  2.000000    2.000000 ^ input external delay
     1    0.007795    0.041618    0.027020    2.027020 ^ in (in)
                                                         in (net)
                      0.041621    0.000000    2.027020 ^ u0/A (sky130_fd_sc_hd__buf_2)
     1    0.002108    0.024032    0.086357    2.113378 ^ u0/X (sky130_fd_sc_hd__buf_2)
                                                         n0 (net)
                      0.024032    0.000096    2.113473 ^ u1/A (sky130_fd_sc_hd__buf_2)
     1    0.002108    0.024068    0.079770    2.193243 ^ u1/X (sky130_fd_sc_hd__buf_2)
                                                         n1 (net)
                      0.024068    0.000096    2.193339 ^ u2/A (sky130_fd_sc_hd__buf_2)
     1    0.002216    0.024500    0.080226    2.273565 ^ u2/X (sky130_fd_sc_hd__buf_2)
                                                         n2 (net)
                      0.024500    0.000159    2.273724 ^ u3/A (sky130_fd_sc_hd__buf_2)
     1    0.002147    0.024222    0.080110    2.353834 ^ u3/X (sky130_fd_sc_hd__buf_2)
                                                         n3 (net)
                      0.024222    0.000097    2.353931 ^ u4/A (sky130_fd_sc_hd__buf_2)
     1    0.002108    0.024068    0.079841    2.433772 ^ u4/X (sky130_fd_sc_hd__buf_2)
                                                         n4 (net)
                      0.024068    0.000096    2.433868 ^ u5/A (sky130_fd_sc_hd__buf_2)
     1    0.002108    0.024068    0.079784    2.513651 ^ u5/X (sky130_fd_sc_hd__buf_2)
                                                         n5 (net)
                      0.024068    0.000096    2.513747 ^ u6/A (sky130_fd_sc_hd__buf_2)
     1    0.002057    0.023863    0.079565    2.593312 ^ u6/X (sky130_fd_sc_hd__buf_2)
                                                         n6 (net)
                      0.023863    0.000093    2.593406 ^ u7/A (sky130_fd_sc_hd__buf_2)
     1    0.002108    0.024068    0.079707    2.673113 ^ u7/X (sky130_fd_sc_hd__buf_2)
                                                         n7 (net)
                      0.024068    0.000096    2.673208 ^ u8/A (sky130_fd_sc_hd__buf_2)
     1    0.005787    0.039487    0.094290    2.767498 ^ u8/X (sky130_fd_sc_hd__buf_2)
                                                         net1 (net)
                      0.039492    0.000457    2.767955 ^ output1/A (sky130_fd_sc_hd__clkdlybuf4s25_1)
     1    0.034356    0.347201    0.457228    3.225183 ^ output1/X (sky130_fd_sc_hd__clkdlybuf4s25_1)
                                                         out (net)
                      0.347205    0.001663    3.226847 ^ out (out)
                                              3.226847   data arrival time

                      0.000000    0.000000    0.000000   clock null (rise edge)
                                  0.000000    0.000000   clock network delay (ideal)
                                  0.250000    0.250000   clock uncertainty
                                  0.000000    0.250000   clock reconvergence pessimism
                                 -2.000000   -1.750000   output external delay
                                             -1.750000   data required time
---------------------------------------------------------------------------------------------
                                             -1.750000   data required time
                                             -3.226847   data arrival time
---------------------------------------------------------------------------------------------
                                              4.976847   slack (MET)



