
===========================================================================
report_checks -unconstrained
===========================================================================
======================= nom_slow_1p08V_125C Corner ===================================

Startpoint: rst (input port clocked by clk)
Endpoint: _1893_ (recovery check against rising-edge clock clk)
Path Group: asynchronous
Path Type: max

Fanout         Cap        Slew       Delay        Time   Description
---------------------------------------------------------------------------------------------
                      0.150000    0.000000    0.000000   clock clk (rise edge)
                                  0.000000    0.000000   clock network delay (ideal)
                                  2.000000    2.000000 v input external delay
   270    0.802107    1.016678    0.762231    2.762231 v rst (in)
                                                         rst (net)
                      1.016678    0.000000    2.762231 v _1720_/A (sg13g2_inv_1)
     1    0.005312    0.192363    0.200424    2.962655 ^ _1720_/Y (sg13g2_inv_1)
                                                         _0107_ (net)
                      0.192363    0.000000    2.962655 ^ _1893_/RESET_B (sg13g2_dfrbpq_1)
                                              2.962655   data arrival time

                      0.150000   10.000000   10.000000   clock clk (rise edge)
                                  0.000000   10.000000   clock network delay (ideal)
                                 -0.250000    9.750000   clock uncertainty
                                  0.000000    9.750000   clock reconvergence pessimism
                                              9.750000 ^ _1893_/CLK (sg13g2_dfrbpq_1)
                                 -0.244811    9.505190   library recovery time
                                              9.505190   data required time
---------------------------------------------------------------------------------------------
                                              9.505190   data required time
                                             -2.962655   data arrival time
---------------------------------------------------------------------------------------------
                                              6.542535   slack (MET)


Startpoint: start (input port clocked by clk)
Endpoint: _2136_ (rising edge-triggered flip-flop clocked by clk)
Path Group: clk
Path Type: max

Fanout         Cap        Slew       Delay        Time   Description
---------------------------------------------------------------------------------------------
                      0.150000    0.000000    0.000000   clock clk (rise edge)
                                  0.000000    0.000000   clock network delay (ideal)
                                  2.000000    2.000000 ^ input external delay
     2    0.004772    0.035399    0.006061    2.006061 ^ start (in)
                                                         start (net)
                      0.035399    0.000000    2.006061 ^ _1471_/B (sg13g2_nand2b_1)
     4    0.012187    0.136567    0.141899    2.147959 v _1471_/Y (sg13g2_nand2b_1)
                                                         _0747_ (net)
                      0.136567    0.000000    2.147959 v _1472_/B (sg13g2_nand2b_1)
     6    0.015924    0.134286    0.163147    2.311106 ^ _1472_/Y (sg13g2_nand2b_1)
                                                         _0092_ (net)
                      0.134286    0.000000    2.311106 ^ _1474_/A (sg13g2_nand2_1)
    12    0.036622    0.352189    0.351199    2.662306 v _1474_/Y (sg13g2_nand2_1)
                                                         _0749_ (net)
                      0.352189    0.000000    2.662306 v _1543_/A2 (sg13g2_a22oi_1)
     1    0.003174    0.124772    0.225186    2.887491 ^ _1543_/Y (sg13g2_a22oi_1)
                                                         _0800_ (net)
                      0.124772    0.000000    2.887491 ^ _1544_/D (sg13g2_nand4_1)
     1    0.001692    0.101319    0.181063    3.068555 v _1544_/Y (sg13g2_nand4_1)
                                                         _0350_ (net)
                      0.101319    0.000000    3.068555 v _2136_/D (sg13g2_dfrbpq_1)
                                              3.068555   data arrival time

                      0.150000   10.000000   10.000000   clock clk (rise edge)
                                  0.000000   10.000000   clock network delay (ideal)
                                 -0.250000    9.750000   clock uncertainty
                                  0.000000    9.750000   clock reconvergence pessimism
                                              9.750000 ^ _2136_/CLK (sg13g2_dfrbpq_1)
                                 -0.170949    9.579051   library setup time
                                              9.579051   data required time
---------------------------------------------------------------------------------------------
                                              9.579051   data required time
                                             -3.068555   data arrival time
---------------------------------------------------------------------------------------------
                                              6.510496   slack (MET)




===========================================================================
report_checks --slack_max -0.01
============================================================================
======================= nom_slow_1p08V_125C Corner ===================================

No paths found.


===========================================================================
 report_check_types -max_slew -max_cap -max_fanout -violators
============================================================================
======================= nom_slow_1p08V_125C Corner ===================================

max fanout

Pin                                   Limit Fanout  Slack
---------------------------------------------------------
rst                                       8    270   -262 (VIOLATED)
_1545_/Y                                  8     49    -41 (VIOLATED)
_1216_/X                                  8     38    -30 (VIOLATED)
_1222_/Y                                  8     35    -27 (VIOLATED)
_1213_/Y                                  8     29    -21 (VIOLATED)
_0973_/Y                                  8     28    -20 (VIOLATED)
_1115_/Y                                  8     26    -18 (VIOLATED)
_1143_/X                                  8     26    -18 (VIOLATED)
_1214_/Y                                  8     18    -10 (VIOLATED)
_0978_/Y                                  8     17     -9 (VIOLATED)
_1402_/Y                                  8     17     -9 (VIOLATED)
_1436_/Y                                  8     17     -9 (VIOLATED)
_1363_/X                                  8     16     -8 (VIOLATED)
_1403_/X                                  8     16     -8 (VIOLATED)
_1437_/X                                  8     16     -8 (VIOLATED)
_2162_/Q                                  8     16     -8 (VIOLATED)
_0983_/Y                                  8     12     -4 (VIOLATED)
_1474_/Y                                  8     12     -4 (VIOLATED)
_1475_/X                                  8     12     -4 (VIOLATED)



===========================================================================
report_parasitic_annotation -report_unannotated
============================================================================
Found 1230 unannotated drivers.
 clk
 clk_bad_duty
 clk_fast
 clk_slow
 clk_stuck_high
 clk_stuck_low
 ro_clk_0
 ro_clk_1
 ro_clk_2
 rst
 start
 _0947_/Y
 _0948_/Y
 _0949_/Y
 _0950_/Y
 _0951_/Y
 _0952_/Y
 _0953_/Y
 _0954_/Y
 _0955_/Y
 _0956_/Y
 _0957_/Y
 _0958_/Y
 _0959_/Y
 _0960_/Y
 _0961_/Y
 _0962_/Y
 _0963_/Y
 _0964_/Y
 _0965_/Y
 _0966_/Y
 _0967_/Y
 _0968_/Y
 _0969_/Y
 _0970_/Y
 _0971_/Y
 _0972_/Y
 _0973_/Y
 _0974_/Y
 _0975_/X
 _0976_/X
 _0977_/Y
 _0978_/Y
 _0979_/X
 _0980_/Y
 _0981_/Y
 _0982_/Y
 _0983_/Y
 _0984_/X
 _0985_/Y
 _0986_/X
 _0987_/X
 _0988_/X
 _0989_/Y
 _0990_/Y
 _0991_/Y
 _0992_/X
 _0993_/X
 _0994_/Y
 _0995_/Y
 _0996_/Y
 _0997_/Y
 _0998_/Y
 _0999_/Y
 _1000_/Y
 _1001_/Y
 _1002_/Y
 _1003_/Y
 _1004_/Y
 _1005_/X
 _1006_/Y
 _1007_/Y
 _1008_/Y
 _1009_/Y
 _1010_/Y
 _1011_/Y
 _1012_/Y
 _1013_/Y
 _1014_/Y
 _1015_/Y
 _1016_/X
 _1017_/Y
 _1018_/Y
 _1019_/Y
 _1020_/Y
 _1021_/Y
 _1022_/Y
 _1023_/X
 _1024_/Y
 _1025_/Y
 _1026_/X
 _1027_/Y
 _1028_/Y
 _1029_/Y
 _1030_/Y
 _1031_/Y
 _1032_/Y
 _1033_/Y
 _1034_/Y
 _1035_/Y
 _1036_/Y
 _1037_/X
 _1038_/Y
 _1039_/Y
 _1040_/X
 _1041_/Y
 _1042_/Y
 _1043_/X
 _1044_/Y
 _1045_/Y
 _1046_/Y
 _1047_/Y
 _1048_/Y
 _1049_/Y
 _1050_/Y
 _1051_/Y
 _1052_/Y
 _1053_/Y
 _1054_/Y
 _1055_/Y
 _1056_/Y
 _1057_/Y
 _1058_/X
 _1059_/Y
 _1060_/Y
 _1061_/Y
 _1062_/Y
 _1063_/Y
 _1064_/Y
 _1065_/Y
 _1066_/Y
 _1067_/Y
 _1068_/Y
 _1069_/Y
 _1070_/Y
 _1071_/Y
 _1072_/Y
 _1073_/Y
 _1074_/Y
 _1075_/Y
 _1076_/Y
 _1077_/Y
 _1078_/Y
 _1079_/Y
 _1080_/X
 _1081_/Y
 _1082_/Y
 _1083_/Y
 _1084_/Y
 _1085_/Y
 _1086_/X
 _1087_/Y
 _1088_/Y
 _1089_/Y
 _1090_/Y
 _1091_/X
 _1092_/X
 _1093_/Y
 _1094_/Y
 _1095_/Y
 _1096_/Y
 _1097_/Y
 _1098_/Y
 _1099_/Y
 _1100_/Y
 _1101_/Y
 _1102_/Y
 _1103_/Y
 _1104_/X
 _1105_/Y
 _1106_/Y
 _1107_/X
 _1108_/Y
 _1109_/Y
 _1110_/Y
 _1111_/Y
 _1112_/Y
 _1113_/Y
 _1114_/Y
 _1115_/Y
 _1116_/X
 _1117_/Y
 _1118_/Y
 _1119_/Y
 _1120_/Y
 _1121_/Y
 _1122_/X
 _1123_/X
 _1124_/Y
 _1125_/Y
 _1126_/Y
 _1127_/Y
 _1128_/X
 _1129_/Y
 _1130_/Y
 _1131_/Y
 _1132_/Y
 _1133_/Y
 _1134_/Y
 _1135_/X
 _1136_/Y
 _1137_/Y
 _1138_/X
 _1139_/Y
 _1140_/Y
 _1141_/Y
 _1142_/Y
 _1143_/X
 _1144_/Y
 _1145_/X
 _1146_/Y
 _1147_/Y
 _1148_/Y
 _1149_/Y
 _1150_/Y
 _1151_/Y
 _1152_/X
 _1153_/Y
 _1154_/X
 _1155_/Y
 _1156_/Y
 _1157_/Y
 _1158_/X
 _1159_/Y
 _1160_/Y
 _1161_/X
 _1162_/Y
 _1163_/Y
 _1164_/Y
 _1165_/Y
 _1166_/Y
 _1167_/Y
 _1168_/Y
 _1169_/Y
 _1170_/Y
 _1171_/Y
 _1172_/Y
 _1173_/Y
 _1174_/Y
 _1175_/Y
 _1176_/Y
 _1177_/Y
 _1178_/Y
 _1179_/Y
 _1180_/Y
 _1181_/Y
 _1182_/Y
 _1183_/Y
 _1184_/Y
 _1185_/Y
 _1186_/Y
 _1187_/Y
 _1188_/Y
 _1189_/Y
 _1190_/Y
 _1191_/Y
 _1192_/Y
 _1193_/Y
 _1194_/Y
 _1195_/Y
 _1196_/Y
 _1197_/Y
 _1198_/Y
 _1199_/Y
 _1200_/Y
 _1201_/Y
 _1202_/Y
 _1203_/Y
 _1204_/Y
 _1205_/Y
 _1206_/Y
 _1207_/Y
 _1208_/Y
 _1209_/Y
 _1210_/Y
 _1211_/X
 _1212_/Y
 _1213_/Y
 _1214_/Y
 _1215_/Y
 _1216_/X
 _1217_/Y
 _1218_/Y
 _1219_/Y
 _1220_/Y
 _1221_/Y
 _1222_/Y
 _1223_/Y
 _1224_/Y
 _1225_/Y
 _1226_/Y
 _1227_/Y
 _1228_/Y
 _1229_/Y
 _1230_/Y
 _1231_/Y
 _1232_/Y
 _1233_/Y
 _1234_/Y
 _1235_/Y
 _1236_/Y
 _1237_/Y
 _1238_/Y
 _1239_/Y
 _1240_/Y
 _1241_/Y
 _1242_/Y
 _1243_/Y
 _1244_/Y
 _1245_/Y
 _1246_/Y
 _1247_/Y
 _1248_/Y
 _1249_/Y
 _1250_/Y
 _1251_/Y
 _1252_/Y
 _1253_/Y
 _1254_/Y
 _1255_/Y
 _1256_/Y
 _1257_/Y
 _1258_/Y
 _1259_/Y
 _1260_/Y
 _1261_/Y
 _1262_/Y
 _1263_/Y
 _1264_/Y
 _1265_/Y
 _1266_/Y
 _1267_/Y
 _1268_/Y
 _1269_/Y
 _1270_/Y
 _1271_/Y
 _1272_/Y
 _1273_/Y
 _1274_/Y
 _1275_/Y
 _1276_/Y
 _1277_/Y
 _1278_/Y
 _1279_/Y
 _1280_/Y
 _1281_/Y
 _1282_/Y
 _1283_/Y
 _1284_/Y
 _1285_/Y
 _1286_/Y
 _1287_/X
 _1288_/X
 _1289_/X
 _1290_/X
 _1291_/X
 _1292_/X
 _1293_/Y
 _1294_/Y
 _1295_/Y
 _1296_/Y
 _1297_/Y
 _1298_/Y
 _1299_/Y
 _1300_/Y
 _1301_/X
 _1302_/Y
 _1303_/Y
 _1304_/Y
 _1305_/Y
 _1306_/Y
 _1307_/Y
 _1308_/Y
 _1309_/Y
 _1310_/Y
 _1311_/Y
 _1312_/Y
 _1313_/Y
 _1314_/Y
 _1315_/Y
 _1316_/Y
 _1317_/Y
 _1318_/X
 _1319_/Y
 _1320_/Y
 _1321_/Y
 _1322_/X
 _1323_/Y
 _1324_/Y
 _1325_/Y
 _1326_/X
 _1327_/Y
 _1328_/X
 _1329_/Y
 _1330_/Y
 _1331_/Y
 _1332_/Y
 _1333_/Y
 _1334_/X
 _1335_/Y
 _1336_/Y
 _1337_/Y
 _1338_/X
 _1339_/Y
 _1340_/Y
 _1341_/Y
 _1342_/Y
 _1343_/Y
 _1344_/Y
 _1345_/Y
 _1346_/Y
 _1347_/Y
 _1348_/Y
 _1349_/Y
 _1350_/Y
 _1351_/Y
 _1352_/Y
 _1353_/Y
 _1354_/X
 _1355_/Y
 _1356_/Y
 _1357_/Y
 _1358_/Y
 _1359_/Y
 _1360_/Y
 _1361_/Y
 _1362_/X
 _1363_/X
 _1364_/Y
 _1365_/Y
 _1366_/Y
 _1367_/Y
 _1368_/Y
 _1369_/Y
 _1370_/Y
 _1371_/Y
 _1372_/Y
 _1373_/Y
 _1374_/Y
 _1375_/Y
 _1376_/Y
 _1377_/Y
 _1378_/Y
 _1379_/Y
 _1380_/Y
 _1381_/Y
 _1382_/Y
 _1383_/Y
 _1384_/Y
 _1385_/Y
 _1386_/Y
 _1387_/Y
 _1388_/Y
 _1389_/Y
 _1390_/Y
 _1391_/Y
 _1392_/Y
 _1393_/Y
 _1394_/Y
 _1395_/Y
 _1396_/Y
 _1397_/Y
 _1398_/Y
 _1399_/Y
 _1400_/Y
 _1401_/Y
 _1402_/Y
 _1403_/X
 _1404_/Y
 _1405_/Y
 _1406_/Y
 _1407_/Y
 _1408_/Y
 _1409_/Y
 _1410_/Y
 _1411_/Y
 _1412_/Y
 _1413_/Y
 _1414_/Y
 _1415_/Y
 _1416_/Y
 _1417_/Y
 _1418_/Y
 _1419_/Y
 _1420_/Y
 _1421_/Y
 _1422_/Y
 _1423_/Y
 _1424_/Y
 _1425_/Y
 _1426_/Y
 _1427_/Y
 _1428_/Y
 _1429_/Y
 _1430_/Y
 _1431_/Y
 _1432_/Y
 _1433_/Y
 _1434_/Y
 _1435_/Y
 _1436_/Y
 _1437_/X
 _1438_/Y
 _1439_/Y
 _1440_/Y
 _1441_/Y
 _1442_/Y
 _1443_/Y
 _1444_/Y
 _1445_/Y
 _1446_/Y
 _1447_/Y
 _1448_/Y
 _1449_/Y
 _1450_/Y
 _1451_/Y
 _1452_/Y
 _1453_/Y
 _1454_/Y
 _1455_/Y
 _1456_/Y
 _1457_/Y
 _1458_/Y
 _1459_/Y
 _1460_/Y
 _1461_/Y
 _1462_/Y
 _1463_/Y
 _1464_/Y
 _1465_/Y
 _1466_/Y
 _1467_/Y
 _1468_/Y
 _1469_/Y
 _1470_/Y
 _1471_/Y
 _1472_/Y
 _1473_/Y
 _1474_/Y
 _1475_/X
 _1476_/Y
 _1477_/Y
 _1478_/Y
 _1479_/Y
 _1480_/Y
 _1481_/Y
 _1482_/Y
 _1483_/Y
 _1484_/Y
 _1485_/Y
 _1486_/Y
 _1487_/Y
 _1488_/Y
 _1489_/Y
 _1490_/Y
 _1491_/Y
 _1492_/Y
 _1493_/X
 _1494_/X
 _1495_/Y
 _1496_/Y
 _1497_/Y
 _1498_/Y
 _1499_/Y
 _1500_/Y
 _1501_/Y
 _1502_/Y
 _1503_/Y
 _1504_/Y
 _1505_/Y
 _1506_/Y
 _1507_/Y
 _1508_/X
 _1509_/Y
 _1510_/X
 _1511_/Y
 _1512_/Y
 _1513_/Y
 _1514_/Y
 _1515_/Y
 _1516_/Y
 _1517_/Y
 _1518_/Y
 _1519_/Y
 _1520_/Y
 _1521_/Y
 _1522_/Y
 _1523_/X
 _1524_/Y
 _1525_/Y
 _1526_/Y
 _1527_/Y
 _1528_/Y
 _1529_/Y
 _1530_/Y
 _1531_/Y
 _1532_/X
 _1533_/Y
 _1534_/X
 _1535_/X
 _1536_/Y
 _1537_/Y
 _1538_/Y
 _1539_/Y
 _1540_/Y
 _1541_/Y
 _1542_/Y
 _1543_/Y
 _1544_/Y
 _1545_/Y
 _1546_/Y
 _1547_/X
 _1548_/X
 _1549_/X
 _1550_/X
 _1551_/X
 _1552_/X
 _1553_/X
 _1554_/X
 _1555_/X
 _1556_/X
 _1557_/X
 _1558_/X
 _1559_/X
 _1560_/X
 _1561_/X
 _1562_/X
 _1563_/X
 _1564_/X
 _1565_/X
 _1566_/X
 _1567_/X
 _1568_/X
 _1569_/X
 _1570_/X
 _1571_/X
 _1572_/X
 _1573_/X
 _1574_/X
 _1575_/X
 _1576_/X
 _1577_/X
 _1578_/X
 _1579_/X
 _1580_/X
 _1581_/X
 _1582_/X
 _1583_/X
 _1584_/X
 _1585_/X
 _1586_/X
 _1587_/X
 _1588_/X
 _1589_/X
 _1590_/X
 _1591_/X
 _1592_/X
 _1593_/X
 _1594_/X
 _1595_/X
 _1596_/X
 _1597_/X
 _1598_/X
 _1599_/Y
 _1600_/Y
 _1601_/X
 _1602_/X
 _1603_/X
 _1604_/X
 _1605_/X
 _1606_/X
 _1607_/X
 _1608_/Y
 _1609_/Y
 _1610_/X
 _1611_/X
 _1612_/X
 _1613_/X
 _1614_/X
 _1615_/X
 _1616_/X
 _1617_/Y
 _1618_/Y
 _1619_/X
 _1620_/Y
 _1621_/X
 _1622_/Y
 _1623_/X
 _1624_/Y
 _1625_/Y
 _1626_/Y
 _1627_/Y
 _1628_/Y
 _1629_/Y
 _1630_/Y
 _1631_/Y
 _1632_/Y
 _1633_/Y
 _1634_/Y
 _1635_/Y
 _1636_/Y
 _1637_/Y
 _1638_/Y
 _1639_/Y
 _1640_/Y
 _1641_/Y
 _1642_/Y
 _1643_/Y
 _1644_/Y
 _1645_/Y
 _1646_/Y
 _1647_/Y
 _1648_/Y
 _1649_/Y
 _1650_/Y
 _1651_/Y
 _1652_/Y
 _1653_/Y
 _1654_/Y
 _1655_/Y
 _1656_/Y
 _1657_/Y
 _1658_/Y
 _1659_/Y
 _1660_/Y
 _1661_/Y
 _1662_/Y
 _1663_/Y
 _1664_/Y
 _1665_/Y
 _1666_/Y
 _1667_/Y
 _1668_/Y
 _1669_/Y
 _1670_/Y
 _1671_/Y
 _1672_/Y
 _1673_/Y
 _1674_/Y
 _1675_/Y
 _1676_/Y
 _1677_/Y
 _1678_/Y
 _1679_/Y
 _1680_/Y
 _1681_/Y
 _1682_/Y
 _1683_/Y
 _1684_/Y
 _1685_/Y
 _1686_/Y
 _1687_/Y
 _1688_/Y
 _1689_/Y
 _1690_/Y
 _1691_/Y
 _1692_/Y
 _1693_/Y
 _1694_/Y
 _1695_/Y
 _1696_/Y
 _1697_/Y
 _1698_/Y
 _1699_/Y
 _1700_/Y
 _1701_/Y
 _1702_/Y
 _1703_/Y
 _1704_/Y
 _1705_/Y
 _1706_/Y
 _1707_/Y
 _1708_/Y
 _1709_/Y
 _1710_/Y
 _1711_/Y
 _1712_/Y
 _1713_/Y
 _1714_/Y
 _1715_/Y
 _1716_/Y
 _1717_/Y
 _1718_/Y
 _1719_/Y
 _1720_/Y
 _1721_/Y
 _1722_/Y
 _1723_/Y
 _1724_/Y
 _1725_/Y
 _1726_/Y
 _1727_/Y
 _1728_/Y
 _1729_/Y
 _1730_/Y
 _1731_/Y
 _1732_/Y
 _1733_/Y
 _1734_/Y
 _1735_/Y
 _1736_/Y
 _1737_/Y
 _1738_/Y
 _1739_/Y
 _1740_/Y
 _1741_/Y
 _1742_/Y
 _1743_/Y
 _1744_/Y
 _1745_/Y
 _1746_/Y
 _1747_/Y
 _1748_/Y
 _1749_/Y
 _1750_/Y
 _1751_/Y
 _1752_/Y
 _1753_/Y
 _1754_/Y
 _1755_/Y
 _1756_/Y
 _1757_/Y
 _1758_/Y
 _1759_/Y
 _1760_/Y
 _1761_/Y
 _1762_/Y
 _1763_/Y
 _1764_/Y
 _1765_/Y
 _1766_/Y
 _1767_/Y
 _1768_/Y
 _1769_/Y
 _1770_/Y
 _1771_/Y
 _1772_/Y
 _1773_/Y
 _1774_/Y
 _1775_/Y
 _1776_/Y
 _1777_/Y
 _1778_/Y
 _1779_/Y
 _1780_/Y
 _1781_/Y
 _1782_/Y
 _1783_/Y
 _1784_/Y
 _1785_/Y
 _1786_/Y
 _1787_/Y
 _1788_/Y
 _1789_/Y
 _1790_/Y
 _1791_/Y
 _1792_/Y
 _1793_/Y
 _1794_/Y
 _1795_/Y
 _1796_/Y
 _1797_/Y
 _1798_/Y
 _1799_/Y
 _1800_/Y
 _1801_/Y
 _1802_/Y
 _1803_/Y
 _1804_/Y
 _1805_/Y
 _1806_/Y
 _1807_/Y
 _1808_/Y
 _1809_/Y
 _1810_/Y
 _1811_/Y
 _1812_/Y
 _1813_/Y
 _1814_/Y
 _1815_/Y
 _1816_/Y
 _1817_/Y
 _1818_/Y
 _1819_/Y
 _1820_/Y
 _1821_/Y
 _1822_/Y
 _1823_/Y
 _1824_/Y
 _1825_/Y
 _1826_/Y
 _1827_/Y
 _1828_/Y
 _1829_/Y
 _1830_/Y
 _1831_/Y
 _1832_/Y
 _1833_/Y
 _1834_/Y
 _1835_/Y
 _1836_/Y
 _1837_/Y
 _1838_/Y
 _1839_/Y
 _1840_/Y
 _1841_/Y
 _1842_/Y
 _1843_/Y
 _1844_/Y
 _1845_/Y
 _1846_/Y
 _1847_/Y
 _1848_/Y
 _1849_/Y
 _1850_/Y
 _1851_/Y
 _1852_/Y
 _1853_/Y
 _1854_/Y
 _1855_/Y
 _1856_/Y
 _1857_/Y
 _1858_/Y
 _1859_/Y
 _1860_/Y
 _1861_/Y
 _1862_/Y
 _1863_/Y
 _1864_/Y
 _1865_/Y
 _1866_/Y
 _1867_/Y
 _1868_/Y
 _1869_/Y
 _1870_/Y
 _1871_/Y
 _1872_/Y
 _1873_/Y
 _1874_/Y
 _1875_/Y
 _1876_/Y
 _1877_/Y
 _1878_/Y
 _1879_/Y
 _1880_/Y
 _1881_/Y
 _1882_/Y
 _1883_/Y
 _1884_/Y
 _1885_/Y
 _1886_/Y
 _1887_/Y
 _1888_/Y
 _1889_/Y
 _1890_/Y
 _1891_/Y
 _1892_/Y
 _1893_/Q
 _1894_/Q
 _1895_/Q
 _1896_/Q
 _1897_/Q
 _1898_/Q
 _1899_/Q
 _1900_/Q
 _1901_/Q
 _1902_/Q
 _1903_/Q
 _1904_/Q
 _1905_/Q
 _1906_/Q
 _1907_/Q
 _1908_/Q
 _1909_/Q
 _1910_/Q
 _1911_/Q
 _1912_/Q
 _1913_/Q
 _1914_/Q
 _1915_/Q
 _1916_/Q
 _1917_/Q
 _1918_/Q
 _1919_/Q
 _1920_/Q
 _1921_/Q
 _1922_/Q
 _1923_/Q
 _1924_/Q
 _1925_/Q
 _1926_/Q
 _1927_/Q
 _1928_/Q
 _1929_/Q
 _1930_/Q
 _1931_/Q
 _1932_/Q
 _1933_/Q
 _1934_/Q
 _1935_/Q
 _1936_/Q
 _1937_/Q
 _1938_/Q
 _1939_/Q
 _1940_/Q
 _1941_/Q
 _1942_/Q
 _1943_/Q
 _1944_/Q
 _1945_/Q
 _1946_/Q
 _1947_/Q
 _1948_/Q
 _1949_/Q
 _1950_/Q
 _1951_/Q
 _1952_/Q
 _1953_/Q
 _1954_/Q
 _1955_/Q
 _1956_/Q
 _1957_/Q
 _1958_/Q
 _1959_/Q
 _1960_/Q
 _1961_/Q
 _1962_/Q
 _1963_/Q
 _1964_/Q
 _1965_/Q
 _1966_/Q
 _1967_/Q
 _1968_/Q
 _1969_/Q
 _1970_/Q
 _1971_/Q
 _1972_/Q
 _1973_/Q
 _1974_/Q
 _1975_/Q
 _1976_/Q
 _1977_/Q
 _1978_/Q
 _1979_/Q
 _1980_/Q
 _1981_/Q
 _1982_/Q
 _1983_/Q
 _1984_/Q
 _1985_/Q
 _1986_/Q
 _1987_/Q
 _1988_/Q
 _1989_/Q
 _1990_/Q
 _1991_/Q
 _1992_/Q
 _1993_/Q
 _1994_/Q
 _1995_/Q
 _1996_/Q
 _1997_/Q
 _1998_/Q
 _1999_/Q
 _2000_/Q
 _2001_/Q
 _2002_/Q
 _2003_/Q
 _2004_/Q
 _2005_/Q
 _2006_/Q
 _2007_/Q
 _2008_/Q
 _2009_/Q
 _2010_/Q
 _2011_/Q
 _2012_/Q
 _2013_/Q
 _2014_/Q
 _2015_/Q
 _2016_/Q
 _2017_/Q
 _2018_/Q
 _2019_/Q
 _2020_/Q
 _2021_/Q
 _2022_/Q
 _2023_/Q
 _2024_/Q
 _2025_/Q
 _2026_/Q
 _2027_/Q
 _2028_/Q
 _2029_/Q
 _2030_/Q
 _2031_/Q
 _2032_/Q
 _2033_/Q
 _2034_/Q
 _2035_/Q
 _2036_/Q
 _2037_/Q
 _2038_/Q
 _2039_/Q
 _2040_/Q
 _2041_/Q
 _2042_/Q
 _2043_/Q
 _2044_/Q
 _2045_/Q
 _2046_/Q
 _2047_/Q
 _2048_/Q
 _2049_/Q
 _2050_/Q
 _2051_/Q
 _2052_/Q
 _2053_/Q
 _2054_/Q
 _2055_/Q
 _2056_/Q
 _2057_/Q
 _2058_/Q
 _2059_/Q
 _2060_/Q
 _2061_/Q
 _2062_/Q
 _2063_/Q
 _2064_/Q
 _2065_/Q
 _2066_/Q
 _2067_/Q
 _2068_/Q
 _2069_/Q
 _2070_/Q
 _2071_/Q
 _2072_/Q
 _2073_/Q
 _2074_/Q
 _2075_/Q
 _2076_/Q
 _2077_/Q
 _2078_/Q
 _2079_/Q
 _2080_/Q
 _2081_/Q
 _2082_/Q
 _2083_/Q
 _2084_/Q
 _2085_/Q
 _2086_/Q
 _2087_/Q
 _2088_/Q
 _2089_/Q
 _2090_/Q
 _2091_/Q
 _2092_/Q
 _2093_/Q
 _2094_/Q
 _2095_/Q
 _2096_/Q
 _2097_/Q
 _2098_/Q
 _2099_/Q
 _2100_/Q
 _2101_/Q
 _2102_/Q
 _2103_/Q
 _2104_/Q
 _2105_/Q
 _2106_/Q
 _2107_/Q
 _2108_/Q
 _2109_/Q
 _2110_/Q
 _2111_/Q
 _2112_/Q
 _2113_/Q
 _2114_/Q
 _2115_/Q
 _2116_/Q
 _2117_/Q
 _2118_/Q
 _2119_/Q
 _2120_/Q
 _2121_/Q
 _2122_/Q
 _2123_/Q
 _2124_/Q
 _2125_/Q
 _2126_/Q
 _2127_/Q
 _2128_/Q
 _2129_/Q
 _2130_/Q
 _2131_/Q
 _2132_/Q
 _2133_/Q
 _2134_/Q
 _2135_/Q
 _2136_/Q
 _2137_/Q
 _2138_/Q
 _2139_/Q
 _2140_/Q
 _2141_/Q
 _2142_/Q
 _2143_/Q
 _2144_/Q
 _2145_/Q
 _2146_/Q
 _2147_/Q
 _2148_/Q
 _2149_/Q
 _2150_/Q
 _2151_/Q
 _2152_/Q
 _2153_/Q
 _2154_/Q
 _2155_/Q
 _2156_/Q
 _2157_/Q
 _2158_/Q
 _2159_/Q
 _2160_/Q
 _2161_/Q
 _2162_/Q
 _2163_/L_LO
 _2164_/L_LO
 _2165_/X
Found 0 partially unannotated drivers.

===========================================================================
max slew violation count 0
max fanout violation count 19
max cap violation count 0
============================================================================

===========================================================================
check_setup -verbose -unconstrained_endpoints -multiple_clock -no_clock -no_input_delay -loops -generated_clocks
===========================================================================
