Reading timing models for corner nom_tt_025C_1v80…
Reading timing library for the 'nom_tt_025C_1v80' corner at '/foss/pdks/sky130A/libs.ref/sky130_fd_sc_hd/lib/sky130_fd_sc_hd__tt_025C_1v80.lib'…
Reading OpenROAD database at '/foss/designs/sky130_characterization/openlane/characterization_top_sky130/runs/RUN_2026-06-23_12-08-15/42-openroad-repairantennas/1-openroad-diodeinsertion/characterization_top.odb'…
Reading design constraints file at '/usr/local/lib/python3.12/dist-packages/librelane/scripts/base.sdc'…
[INFO] Using clock clk…
[INFO] Setting output delay to: 2.0
[INFO] Setting input delay to: 2.0
[INFO] Setting load to: 0.033442
[INFO] Setting clock uncertainty to: 0.25
[INFO] Setting clock transition to: 0.1499999999999999944488848768742172978818416595458984375
[INFO] Setting timing derate to: 5%
[INFO ORD-0030] Using 22 thread(s).
+ detailed_route -droute_end_iter 64 -or_seed 42 -verbose 1 -output_drc /foss/designs/sky130_characterization/openlane/characterization_top_sky130/runs/RUN_2026-06-23_12-08-15/44-openroad-detailedrouting/drt-run-0/characterization_top.drc
[INFO DRT-0149] Reading tech and libs.
[WARNING DRT-0349] LEF58_ENCLOSURE with no CUTCLASS is not supported. Skipping for layer mcon
[WARNING DRT-0349] LEF58_ENCLOSURE with no CUTCLASS is not supported. Skipping for layer mcon
[WARNING DRT-0349] LEF58_ENCLOSURE with no CUTCLASS is not supported. Skipping for layer via
[WARNING DRT-0349] LEF58_ENCLOSURE with no CUTCLASS is not supported. Skipping for layer via
[WARNING DRT-0349] LEF58_ENCLOSURE with no CUTCLASS is not supported. Skipping for layer via2
[WARNING DRT-0349] LEF58_ENCLOSURE with no CUTCLASS is not supported. Skipping for layer via2
[WARNING DRT-0349] LEF58_ENCLOSURE with no CUTCLASS is not supported. Skipping for layer via3
[WARNING DRT-0349] LEF58_ENCLOSURE with no CUTCLASS is not supported. Skipping for layer via3
[WARNING DRT-0349] LEF58_ENCLOSURE with no CUTCLASS is not supported. Skipping for layer via4
[WARNING DRT-0349] LEF58_ENCLOSURE with no CUTCLASS is not supported. Skipping for layer via4

Units:                1000
Number of layers:     13
Number of macros:     445
Number of vias:       29
Number of viarulegen: 25

[INFO DRT-0150] Reading design.

Design:                   characterization_top
Die area:                 ( 0 0 ) ( 500000 500000 )
Number of track patterns: 12
Number of DEF vias:       0
Number of components:     5143
Number of terminals:      106
Number of snets:          2
Number of nets:           1511

[INFO DRT-0167] List of default vias:
  Layer via
    default via: M1M2_PR
  Layer via2
    default via: M2M3_PR
  Layer via3
    default via: M3M4_PR
  Layer via4
    default via: M4M5_PR
[INFO DRT-0162] Library cell analysis.
[INFO DRT-0163] Instance analysis.
[INFO DRT-0164] Number of unique instances = 99.
[INFO DRT-0168] Init region query.
[INFO DRT-0024]   Complete FR_MASTERSLICE.
[INFO DRT-0024]   Complete licon.
[INFO DRT-0024]   Complete li1.
[INFO DRT-0024]   Complete mcon.
[INFO DRT-0024]   Complete met1.
[INFO DRT-0024]   Complete via.
[INFO DRT-0024]   Complete met2.
[INFO DRT-0024]   Complete via2.
[INFO DRT-0024]   Complete met3.
[INFO DRT-0024]   Complete via3.
[INFO DRT-0024]   Complete met4.
[INFO DRT-0024]   Complete via4.
[INFO DRT-0024]   Complete met5.
[INFO DRT-0033] FR_MASTERSLICE shape region query size = 0.
[INFO DRT-0033] licon shape region query size = 0.
[INFO DRT-0033] li1 shape region query size = 64302.
[INFO DRT-0033] mcon shape region query size = 0.
[INFO DRT-0033] met1 shape region query size = 14947.
[INFO DRT-0033] via shape region query size = 3520.
[INFO DRT-0033] met2 shape region query size = 2204.
[INFO DRT-0033] via2 shape region query size = 2816.
[INFO DRT-0033] met3 shape region query size = 2124.
[INFO DRT-0033] via3 shape region query size = 2816.
[INFO DRT-0033] met4 shape region query size = 744.
[INFO DRT-0033] via4 shape region query size = 24.
[INFO DRT-0033] met5 shape region query size = 36.
[INFO DRT-0165] Start pin access.
[INFO DRT-0078]   Complete 738 pins.
[INFO DRT-0081]   Complete 99 unique inst patterns.
[INFO DRT-0084]   Complete 1034 groups.
#scanned instances     = 5143
#unique  instances     = 99
#stdCellGenAp          = 2402
#stdCellValidPlanarAp  = 13
#stdCellValidViaAp     = 1848
#stdCellPinNoAp        = 0
#stdCellPinCnt         = 4625
#instTermValidViaApCnt = 0
#macroGenAp            = 0
#macroValidPlanarAp    = 0
#macroValidViaAp       = 0
#macroNoAp             = 0
[INFO DRT-0166] Complete pin access.
[INFO DRT-0267] cpu time = 00:01:03, elapsed time = 00:00:03, memory = 143.11 (MB), peak = 141.03 (MB)

[INFO DRT-0157] Number of guides:     11036

[INFO DRT-0169] Post process guides.
[INFO DRT-0176] GCELLGRID X 0 DO 72 STEP 6900 ;
[INFO DRT-0177] GCELLGRID Y 0 DO 72 STEP 6900 ;
[INFO DRT-0028]   Complete FR_MASTERSLICE.
[INFO DRT-0028]   Complete licon.
[INFO DRT-0028]   Complete li1.
[INFO DRT-0028]   Complete mcon.
[INFO DRT-0028]   Complete met1.
[INFO DRT-0028]   Complete via.
[INFO DRT-0028]   Complete met2.
[INFO DRT-0028]   Complete via2.
[INFO DRT-0028]   Complete met3.
[INFO DRT-0028]   Complete via3.
[INFO DRT-0028]   Complete met4.
[INFO DRT-0028]   Complete via4.
[INFO DRT-0028]   Complete met5.
[INFO DRT-0178] Init guide query.
[INFO DRT-0035]   Complete FR_MASTERSLICE (guide).
[INFO DRT-0035]   Complete licon (guide).
[INFO DRT-0035]   Complete li1 (guide).
[INFO DRT-0035]   Complete mcon (guide).
[INFO DRT-0035]   Complete met1 (guide).
[INFO DRT-0035]   Complete via (guide).
[INFO DRT-0035]   Complete met2 (guide).
[INFO DRT-0035]   Complete via2 (guide).
[INFO DRT-0035]   Complete met3 (guide).
[INFO DRT-0035]   Complete via3 (guide).
[INFO DRT-0035]   Complete met4 (guide).
[INFO DRT-0035]   Complete via4 (guide).
[INFO DRT-0035]   Complete met5 (guide).
[INFO DRT-0036] FR_MASTERSLICE guide region query size = 0.
[INFO DRT-0036] licon guide region query size = 0.
[INFO DRT-0036] li1 guide region query size = 3798.
[INFO DRT-0036] mcon guide region query size = 0.
[INFO DRT-0036] met1 guide region query size = 3436.
[INFO DRT-0036] via guide region query size = 0.
[INFO DRT-0036] met2 guide region query size = 1697.
[INFO DRT-0036] via2 guide region query size = 0.
[INFO DRT-0036] met3 guide region query size = 37.
[INFO DRT-0036] via3 guide region query size = 0.
[INFO DRT-0036] met4 guide region query size = 4.
[INFO DRT-0036] via4 guide region query size = 0.
[INFO DRT-0036] met5 guide region query size = 0.
[INFO DRT-0179] Init gr pin query.
[INFO DRT-0267] cpu time = 00:00:00, elapsed time = 00:00:00, memory = 146.34 (MB), peak = 144.12 (MB)
[INFO DRT-0245] skipped writing guide updates to database.
[INFO DRT-0185] Post process initialize RPin region query.
[INFO DRT-0181] Start track assignment.
[INFO DRT-0184] Done with 5499 vertical wires in 2 frboxes and 3473 horizontal wires in 2 frboxes.
[INFO DRT-0186] Done with 378 vertical wires in 2 frboxes and 958 horizontal wires in 2 frboxes.
[INFO DRT-0182] Complete track assignment.
[INFO DRT-0267] cpu time = 00:00:00, elapsed time = 00:00:00, memory = 190.33 (MB), peak = 188.12 (MB)
[INFO DRT-0187] Start routing data preparation.
[INFO DRT-0267] cpu time = 00:00:00, elapsed time = 00:00:00, memory = 190.52 (MB), peak = 188.31 (MB)
[INFO DRT-0194] Start detail routing.
[INFO DRT-0195] Start 0th optimization iteration.
    Completing 10% with 0 violations.
    elapsed time = 00:00:00, memory = 190.88 (MB).
    Completing 20% with 0 violations.
    elapsed time = 00:00:00, memory = 254.86 (MB).
    Completing 30% with 82 violations.
    elapsed time = 00:00:01, memory = 255.17 (MB).
    Completing 40% with 82 violations.
    elapsed time = 00:00:01, memory = 255.47 (MB).
    Completing 50% with 82 violations.
    elapsed time = 00:00:01, memory = 366.54 (MB).
    Completing 60% with 137 violations.
    elapsed time = 00:00:02, memory = 341.05 (MB).
    Completing 70% with 137 violations.
    elapsed time = 00:00:02, memory = 392.98 (MB).
    Completing 80% with 207 violations.
    elapsed time = 00:00:03, memory = 405.27 (MB).
    Completing 90% with 207 violations.
    elapsed time = 00:00:03, memory = 461.13 (MB).
    Completing 100% with 258 violations.
    elapsed time = 00:00:04, memory = 435.96 (MB).
[INFO DRT-0199]   Number of violations = 339.
Viol/Layer        met1    via   met2
Metal Spacing       63      0     33
Min Hole             1      0      0
Recheck             65      0     16
Short              150      3      8
[INFO DRT-0267] cpu time = 00:00:18, elapsed time = 00:00:04, memory = 786.82 (MB), peak = 784.46 (MB)
Total wire length = 45252 um.
Total wire length on LAYER li1 = 0 um.
Total wire length on LAYER met1 = 18829 um.
Total wire length on LAYER met2 = 24883 um.
Total wire length on LAYER met3 = 543 um.
Total wire length on LAYER met4 = 995 um.
Total wire length on LAYER met5 = 0 um.
Total number of vias = 9473.
Up-via summary (total 9473):

-----------------------
 FR_MASTERSLICE       0
            li1    4430
           met1    4973
           met2      62
           met3       8
           met4       0
-----------------------
               9473


[INFO DRT-0195] Start 1st optimization iteration.
    Completing 10% with 339 violations.
    elapsed time = 00:00:00, memory = 786.82 (MB).
    Completing 20% with 339 violations.
    elapsed time = 00:00:00, memory = 833.88 (MB).
    Completing 30% with 223 violations.
    elapsed time = 00:00:01, memory = 853.30 (MB).
    Completing 40% with 223 violations.
    elapsed time = 00:00:01, memory = 853.40 (MB).
    Completing 50% with 223 violations.
    elapsed time = 00:00:01, memory = 917.17 (MB).
    Completing 60% with 150 violations.
    elapsed time = 00:00:01, memory = 929.63 (MB).
    Completing 70% with 150 violations.
    elapsed time = 00:00:01, memory = 929.63 (MB).
    Completing 80% with 127 violations.
    elapsed time = 00:00:03, memory = 969.56 (MB).
    Completing 90% with 127 violations.
    elapsed time = 00:00:03, memory = 969.56 (MB).
    Completing 100% with 106 violations.
    elapsed time = 00:00:03, memory = 1003.23 (MB).
[INFO DRT-0199]   Number of violations = 106.
Viol/Layer        met1   met2
Metal Spacing       13      2
Short               91      0
[INFO DRT-0267] cpu time = 00:00:16, elapsed time = 00:00:04, memory = 1003.37 (MB), peak = 1000.51 (MB)
Total wire length = 44914 um.
Total wire length on LAYER li1 = 0 um.
Total wire length on LAYER met1 = 18652 um.
Total wire length on LAYER met2 = 24735 um.
Total wire length on LAYER met3 = 548 um.
Total wire length on LAYER met4 = 977 um.
Total wire length on LAYER met5 = 0 um.
Total number of vias = 9371.
Up-via summary (total 9371):

-----------------------
 FR_MASTERSLICE       0
            li1    4439
           met1    4868
           met2      56
           met3       8
           met4       0
-----------------------
               9371


[INFO DRT-0195] Start 2nd optimization iteration.
    Completing 10% with 106 violations.
    elapsed time = 00:00:00, memory = 1003.37 (MB).
    Completing 20% with 106 violations.
    elapsed time = 00:00:00, memory = 1003.37 (MB).
    Completing 30% with 111 violations.
    elapsed time = 00:00:01, memory = 1035.90 (MB).
    Completing 40% with 111 violations.
    elapsed time = 00:00:01, memory = 1035.90 (MB).
    Completing 50% with 111 violations.
    elapsed time = 00:00:01, memory = 1035.90 (MB).
    Completing 60% with 92 violations.
    elapsed time = 00:00:02, memory = 1047.51 (MB).
    Completing 70% with 92 violations.
    elapsed time = 00:00:02, memory = 1047.51 (MB).
    Completing 80% with 65 violations.
    elapsed time = 00:00:03, memory = 1080.38 (MB).
    Completing 90% with 65 violations.
    elapsed time = 00:00:03, memory = 1080.38 (MB).
    Completing 100% with 47 violations.
    elapsed time = 00:00:04, memory = 1080.38 (MB).
[INFO DRT-0199]   Number of violations = 47.
Viol/Layer        met1   met2
Metal Spacing        8      2
Short               37      0
[INFO DRT-0267] cpu time = 00:00:11, elapsed time = 00:00:04, memory = 1083.38 (MB), peak = 1098.82 (MB)
Total wire length = 44845 um.
Total wire length on LAYER li1 = 0 um.
Total wire length on LAYER met1 = 18579 um.
Total wire length on LAYER met2 = 24737 um.
Total wire length on LAYER met3 = 547 um.
Total wire length on LAYER met4 = 981 um.
Total wire length on LAYER met5 = 0 um.
Total number of vias = 9368.
Up-via summary (total 9368):

-----------------------
 FR_MASTERSLICE       0
            li1    4434
           met1    4870
           met2      55
           met3       9
           met4       0
-----------------------
               9368


[INFO DRT-0195] Start 3rd guides tiles iteration.
    Completing 10% with 47 violations.
    elapsed time = 00:00:00, memory = 1109.42 (MB).
    Completing 20% with 47 violations.
    elapsed time = 00:00:00, memory = 1131.38 (MB).
    Completing 30% with 47 violations.
    elapsed time = 00:00:00, memory = 1131.38 (MB).
    Completing 40% with 47 violations.
    elapsed time = 00:00:00, memory = 1131.38 (MB).
    Completing 50% with 47 violations.
    elapsed time = 00:00:00, memory = 1131.38 (MB).
    Completing 60% with 0 violations.
    elapsed time = 00:00:01, memory = 1083.38 (MB).
    Completing 70% with 0 violations.
    elapsed time = 00:00:01, memory = 1083.38 (MB).
    Completing 80% with 0 violations.
    elapsed time = 00:00:01, memory = 1083.38 (MB).
    Completing 90% with 0 violations.
    elapsed time = 00:00:01, memory = 1083.38 (MB).
    Completing 100% with 0 violations.
    elapsed time = 00:00:01, memory = 1083.38 (MB).
[INFO DRT-0199]   Number of violations = 0.
[INFO DRT-0267] cpu time = 00:00:04, elapsed time = 00:00:01, memory = 1083.38 (MB), peak = 1128.63 (MB)
Total wire length = 44819 um.
Total wire length on LAYER li1 = 0 um.
Total wire length on LAYER met1 = 18327 um.
Total wire length on LAYER met2 = 24756 um.
Total wire length on LAYER met3 = 754 um.
Total wire length on LAYER met4 = 981 um.
Total wire length on LAYER met5 = 0 um.
Total number of vias = 9406.
Up-via summary (total 9406):

-----------------------
 FR_MASTERSLICE       0
            li1    4435
           met1    4885
           met2      77
           met3       9
           met4       0
-----------------------
               9406


[INFO DRT-0198] Complete detail routing.
Total wire length = 44819 um.
Total wire length on LAYER li1 = 0 um.
Total wire length on LAYER met1 = 18327 um.
Total wire length on LAYER met2 = 24756 um.
Total wire length on LAYER met3 = 754 um.
Total wire length on LAYER met4 = 981 um.
Total wire length on LAYER met5 = 0 um.
Total number of vias = 9406.
Up-via summary (total 9406):

-----------------------
 FR_MASTERSLICE       0
            li1    4435
           met1    4885
           met2      77
           met3       9
           met4       0
-----------------------
               9406


[INFO DRT-0267] cpu time = 00:00:52, elapsed time = 00:00:15, memory = 1083.50 (MB), peak = 1128.63 (MB)

[INFO DRT-0180] Post processing.
+ check_antennas 
[INFO ANT-0002] Found 0 net violations.
[INFO ANT-0001] Found 0 pin violations.
Setting global connections for newly added cells…
[INFO] Setting global connections...
[INFO ODB-0403] 0 connections made, 0 conflicts skipped.
Updating metrics…
Cell type report:                       Count       Area
  Fill cell                               350    1313.76
  Tap cell                               3274    4096.43
  Antenna cell                              3       7.51
  Buffer                                    1       5.00
  Clock buffer                             40     575.55
  Timing Repair Buffer                    466    4554.37
  Inverter                                286    1073.53
  Clock inverter                            5      57.56
  Sequential cell                         270    7094.30
  Multi-Input combinational cell          448    4305.38
  Total                                  5143   23083.39
Writing OpenROAD database to '/foss/designs/sky130_characterization/openlane/characterization_top_sky130/runs/RUN_2026-06-23_12-08-15/44-openroad-detailedrouting/characterization_top.odb'…
Writing netlist to '/foss/designs/sky130_characterization/openlane/characterization_top_sky130/runs/RUN_2026-06-23_12-08-15/44-openroad-detailedrouting/characterization_top.nl.v'…
Writing powered netlist to '/foss/designs/sky130_characterization/openlane/characterization_top_sky130/runs/RUN_2026-06-23_12-08-15/44-openroad-detailedrouting/characterization_top.pnl.v'…
Writing layout to '/foss/designs/sky130_characterization/openlane/characterization_top_sky130/runs/RUN_2026-06-23_12-08-15/44-openroad-detailedrouting/characterization_top.def'…
Writing timing constraints to '/foss/designs/sky130_characterization/openlane/characterization_top_sky130/runs/RUN_2026-06-23_12-08-15/44-openroad-detailedrouting/characterization_top.sdc'…
