
===========================================================================
report_checks -unconstrained
===========================================================================
======================= min_ss_100C_1v60 Corner ===================================

Startpoint: enable (input port clocked by null)
Endpoint: ro_out (output port clocked by null)
Path Group: null
Path Type: max

Fanout         Cap        Slew       Delay        Time   Description
---------------------------------------------------------------------------------------------
                      0.000000    0.000000    0.000000   clock null (rise edge)
                                  0.000000    0.000000   clock network delay (ideal)
                                  2.000000    2.000000 ^ input external delay
     1    0.003447    0.036568    0.019193    2.019193 ^ enable (in)
                                                         enable (net)
                      0.036568    0.000000    2.019193 ^ input1/A (sky130_fd_sc_hd__clkdlybuf4s25_1)
     1    0.003233    0.079559    0.451551    2.470745 ^ input1/X (sky130_fd_sc_hd__clkdlybuf4s25_1)
                                                         net1 (net)
                      0.079559    0.000039    2.470783 ^ u_nand/A (sky130_fd_sc_hd__nand2_1)
     1    0.002752    0.067475    0.098418    2.569201 v u_nand/Y (sky130_fd_sc_hd__nand2_1)
                                                         n0 (net)
                      0.067475    0.000028    2.569230 v u_inv0/A (sky130_fd_sc_hd__inv_1)
     1    0.003069    0.054859    0.078785    2.648015 ^ u_inv0/Y (sky130_fd_sc_hd__inv_1)
                                                         n1 (net)
                      0.054859    0.000033    2.648048 ^ u_inv1/A (sky130_fd_sc_hd__inv_1)
     1    0.002738    0.035814    0.060137    2.708184 v u_inv1/Y (sky130_fd_sc_hd__inv_1)
                                                         n2 (net)
                      0.035814    0.000026    2.708210 v u_inv2/A (sky130_fd_sc_hd__inv_1)
     1    0.003006    0.052967    0.063971    2.772182 ^ u_inv2/Y (sky130_fd_sc_hd__inv_1)
                                                         n3 (net)
                      0.052967    0.000032    2.772213 ^ u_inv3/A (sky130_fd_sc_hd__inv_1)
     2    0.004599    0.050024    0.071375    2.843588 v u_inv3/Y (sky130_fd_sc_hd__inv_1)
                                                         n4 (net)
                      0.050024    0.000019    2.843607 v u_buf/A (sky130_fd_sc_hd__buf_2)
     1    0.002318    0.041639    0.211212    3.054819 v u_buf/X (sky130_fd_sc_hd__buf_2)
                                                         net2 (net)
                      0.041639    0.000010    3.054829 v output2/A (sky130_fd_sc_hd__clkdlybuf4s25_1)
     1    0.035404    0.478641    0.765621    3.820451 v output2/X (sky130_fd_sc_hd__clkdlybuf4s25_1)
                                                         ro_out (net)
                      0.478641    0.000591    3.821041 v ro_out (out)
                                              3.821041   data arrival time

                      0.000000   10.000000   10.000000   clock null (rise edge)
                                  0.000000   10.000000   clock network delay (ideal)
                                 -0.250000    9.750000   clock uncertainty
                                  0.000000    9.750000   clock reconvergence pessimism
                                 -2.000000    7.750000   output external delay
                                              7.750000   data required time
---------------------------------------------------------------------------------------------
                                              7.750000   data required time
                                             -3.821041   data arrival time
---------------------------------------------------------------------------------------------
                                              3.928959   slack (MET)




===========================================================================
report_checks --slack_max -0.01
============================================================================
======================= min_ss_100C_1v60 Corner ===================================

No paths found.


===========================================================================
 report_check_types -max_slew -max_cap -max_fanout -violators
============================================================================
======================= min_ss_100C_1v60 Corner ===================================



===========================================================================
report_parasitic_annotation -report_unannotated
============================================================================
Found 0 unannotated drivers.
Found 0 partially unannotated drivers.

===========================================================================
max slew violation count 0
max fanout violation count 0
max cap violation count 0
============================================================================

===========================================================================
check_setup -verbose -unconstrained_endpoints -multiple_clock -no_clock -no_input_delay -loops -generated_clocks
===========================================================================
Warning: There is 1 combinational loop in the design.
  u_nand/Y
  u_inv0/A
  u_inv0/Y
  u_inv1/A
  u_inv1/Y
  u_inv2/A
  u_inv2/Y
  u_inv3/A
  u_inv3/Y
  u_nand/B
  | loop cut point
  u_nand/Y
  --------------------------------
