
===========================================================================
report_checks -path_delay min (Hold)
============================================================================
======================= min_ss_100C_1v60 Corner ===================================

Startpoint: enable (input port clocked by null)
Endpoint: ro_out (output port clocked by null)
Path Group: null
Path Type: min

Fanout         Cap        Slew       Delay        Time   Description
---------------------------------------------------------------------------------------------
                      0.000000    0.000000    0.000000   clock null (rise edge)
                                  0.000000    0.000000   clock network delay (ideal)
                                  2.000000    2.000000 v input external delay
     1    0.003270    0.020271    0.010703    2.010703 v enable (in)
                                                         enable (net)
                      0.020271    0.000000    2.010703 v input1/A (sky130_fd_sc_hd__clkdlybuf4s25_1)
     1    0.003132    0.078360    0.437038    2.447741 v input1/X (sky130_fd_sc_hd__clkdlybuf4s25_1)
                                                         net1 (net)
                      0.078360    0.000037    2.447778 v u_nand/A (sky130_fd_sc_hd__nand2_1)
     1    0.002884    0.061612    0.093544    2.541322 ^ u_nand/Y (sky130_fd_sc_hd__nand2_1)
                                                         n0 (net)
                      0.061612    0.000030    2.541352 ^ u_inv0/A (sky130_fd_sc_hd__inv_1)
     1    0.002937    0.037648    0.064575    2.605927 v u_inv0/Y (sky130_fd_sc_hd__inv_1)
                                                         n1 (net)
                      0.037648    0.000032    2.605958 v u_inv1/A (sky130_fd_sc_hd__inv_1)
     1    0.002870    0.051507    0.063618    2.669576 ^ u_inv1/Y (sky130_fd_sc_hd__inv_1)
                                                         n2 (net)
                      0.051507    0.000027    2.669603 ^ u_inv2/A (sky130_fd_sc_hd__inv_1)
     1    0.002874    0.036663    0.059459    2.729062 v u_inv2/Y (sky130_fd_sc_hd__inv_1)
                                                         n3 (net)
                      0.036663    0.000030    2.729092 v u_inv3/A (sky130_fd_sc_hd__inv_1)
     2    0.004916    0.075048    0.080956    2.810048 ^ u_inv3/Y (sky130_fd_sc_hd__inv_1)
                                                         n4 (net)
                      0.075048    0.000020    2.810068 ^ u_buf/A (sky130_fd_sc_hd__buf_2)
     1    0.002495    0.045109    0.168277    2.978345 ^ u_buf/X (sky130_fd_sc_hd__buf_2)
                                                         net2 (net)
                      0.045109    0.000011    2.978357 ^ output2/A (sky130_fd_sc_hd__clkdlybuf4s25_1)
     1    0.035404    0.570580    0.813301    3.791657 ^ output2/X (sky130_fd_sc_hd__clkdlybuf4s25_1)
                                                         ro_out (net)
                      0.570580    0.000591    3.792248 ^ ro_out (out)
                                              3.792248   data arrival time

                      0.000000    0.000000    0.000000   clock null (rise edge)
                                  0.000000    0.000000   clock network delay (ideal)
                                  0.250000    0.250000   clock uncertainty
                                  0.000000    0.250000   clock reconvergence pessimism
                                 -2.000000   -1.750000   output external delay
                                             -1.750000   data required time
---------------------------------------------------------------------------------------------
                                             -1.750000   data required time
                                             -3.792248   data arrival time
---------------------------------------------------------------------------------------------
                                              5.542248   slack (MET)



