
===========================================================================
report_checks -path_delay min (Hold)
============================================================================
======================= nom_tt_025C_1v80 Corner ===================================

Startpoint: enable (input port clocked by null)
Endpoint: ro_out (output port clocked by null)
Path Group: null
Path Type: min

Fanout         Cap        Slew       Delay        Time   Description
---------------------------------------------------------------------------------------------
                      0.000000    0.000000    0.000000   clock null (rise edge)
                                  0.000000    0.000000   clock network delay (ideal)
                                  2.000000    2.000000 ^ input external delay
     1    0.003397    0.022318    0.012417    2.012417 ^ enable (in)
                                                         enable (net)
                      0.022318    0.000000    2.012417 ^ input1/A (sky130_fd_sc_hd__clkdlybuf4s25_1)
     1    0.003323    0.048662    0.238744    2.251161 ^ input1/X (sky130_fd_sc_hd__clkdlybuf4s25_1)
                                                         net1 (net)
                      0.048662    0.000107    2.251269 ^ u_nand/A (sky130_fd_sc_hd__nand2_1)
     1    0.003222    0.033248    0.047567    2.298836 v u_nand/Y (sky130_fd_sc_hd__nand2_1)
                                                         n0 (net)
                      0.033248    0.000105    2.298941 v u_inv0/A (sky130_fd_sc_hd__inv_1)
     1    0.004119    0.042665    0.051343    2.350284 ^ u_inv0/Y (sky130_fd_sc_hd__inv_1)
                                                         n1 (net)
                      0.042665    0.000155    2.350439 ^ u_inv1/A (sky130_fd_sc_hd__inv_1)
     1    0.004093    0.025245    0.038931    2.389370 v u_inv1/Y (sky130_fd_sc_hd__inv_1)
                                                         n2 (net)
                      0.025245    0.000148    2.389518 v u_inv2/A (sky130_fd_sc_hd__inv_1)
     1    0.004119    0.042433    0.047983    2.437501 ^ u_inv2/Y (sky130_fd_sc_hd__inv_1)
                                                         n3 (net)
                      0.042448    0.000153    2.437654 ^ u_inv3/A (sky130_fd_sc_hd__inv_1)
     2    0.005421    0.030643    0.043399    2.481053 v u_inv3/Y (sky130_fd_sc_hd__inv_1)
                                                         n4 (net)
                      0.030643    0.000121    2.481174 v u_buf/A (sky130_fd_sc_hd__buf_2)
     1    0.002768    0.023318    0.107267    2.588441 v u_buf/X (sky130_fd_sc_hd__buf_2)
                                                         net2 (net)
                      0.023318    0.000062    2.588503 v output2/A (sky130_fd_sc_hd__clkdlybuf4s25_1)
     1    0.035192    0.261812    0.409537    2.998040 v output2/X (sky130_fd_sc_hd__clkdlybuf4s25_1)
                                                         ro_out (net)
                      0.261814    0.001163    2.999203 v ro_out (out)
                                              2.999203   data arrival time

                      0.000000    0.000000    0.000000   clock null (rise edge)
                                  0.000000    0.000000   clock network delay (ideal)
                                  0.250000    0.250000   clock uncertainty
                                  0.000000    0.250000   clock reconvergence pessimism
                                 -2.000000   -1.750000   output external delay
                                             -1.750000   data required time
---------------------------------------------------------------------------------------------
                                             -1.750000   data required time
                                             -2.999203   data arrival time
---------------------------------------------------------------------------------------------
                                              4.749203   slack (MET)



