137. Printing statistics.

=== characterization_top ===

        +----------Local Count, excluding submodules.
        |        +-Local Area, excluding submodules.
        |        | 
     1145        - wires
     1415        - wire bits
       56        - public wires
      310        - public wire bits
       22        - ports
      104        - port bits
     1371 7.09E+03 cells
      312        -   $_ANDNOT_
       24        -   $_AND_
      257        -   $_MUX_
       57        -   $_NAND_
       42        -   $_NOR_
      278        -   $_NOT_
       21        -   $_ORNOT_
       65        -   $_OR_
       17        -   $_XNOR_
       28        -   $_XOR_
      269 7.07E+03   sky130_fd_sc_hd__dfrtp_2
        1   26.275   sky130_fd_sc_hd__dfstp_2

   Area for cell type $_ANDNOT_ is unknown!
   Area for cell type $_AND_ is unknown!
   Area for cell type $_MUX_ is unknown!
   Area for cell type $_NAND_ is unknown!
   Area for cell type $_NOR_ is unknown!
   Area for cell type $_NOT_ is unknown!
   Area for cell type $_ORNOT_ is unknown!
   Area for cell type $_OR_ is unknown!
   Area for cell type $_XNOR_ is unknown!
   Area for cell type $_XOR_ is unknown!

   Chip area for module '\characterization_top': 7094.304000
     of which used for sequential elements: 7094.304000 (100.00%)

