Startpoint: rst (input port clocked by clk)
Endpoint: _1728_ (removal check against rising-edge clock clk)
Path Group: asynchronous
Path Type: min

  Delay    Time   Description
---------------------------------------------------------
   0.00    0.00   clock clk (rise edge)
   0.00    0.00   clock network delay (propagated)
   2.00    2.00 v input external delay
   0.00    2.00 v rst (in)
   0.09    2.09 v input9/X (sky130_fd_sc_hd__buf_1)
   0.12    2.21 v max_cap212/X (sky130_fd_sc_hd__buf_2)
   0.04    2.25 ^ _1285_/Y (sky130_fd_sc_hd__inv_2)
   0.00    2.25 ^ _1728_/RESET_B (sky130_fd_sc_hd__dfrtp_2)
           2.25   data arrival time

   0.00    0.00   clock clk (rise edge)
   0.44    0.44   clock network delay (propagated)
   0.25    0.69   clock uncertainty
   0.00    0.69   clock reconvergence pessimism
           0.69 ^ _1728_/CLK (sky130_fd_sc_hd__dfrtp_2)
   0.32    1.00   library removal time
           1.00   data required time
---------------------------------------------------------
           1.00   data required time
          -2.25   data arrival time
---------------------------------------------------------
           1.25   slack (MET)


Startpoint: _1571_ (rising edge-triggered flip-flop clocked by clk)
Endpoint: _1726_ (rising edge-triggered flip-flop clocked by clk)
Path Group: clk
Path Type: min

  Delay    Time   Description
---------------------------------------------------------
   0.00    0.00   clock clk (rise edge)
   0.44    0.44   clock network delay (propagated)
   0.00    0.44 ^ _1571_/CLK (sky130_fd_sc_hd__dfrtp_2)
   0.36    0.80 ^ _1571_/Q (sky130_fd_sc_hd__dfrtp_2)
   0.05    0.85 v _0739_/Y (sky130_fd_sc_hd__nand2_2)
   0.03    0.89 ^ _0740_/Y (sky130_fd_sc_hd__inv_2)
   0.00    0.89 ^ _1726_/D (sky130_fd_sc_hd__dfrtp_2)
           0.89   data arrival time

   0.00    0.00   clock clk (rise edge)
   0.44    0.44   clock network delay (propagated)
   0.25    0.69   clock uncertainty
   0.00    0.69   clock reconvergence pessimism
           0.69 ^ _1726_/CLK (sky130_fd_sc_hd__dfrtp_2)
  -0.03    0.66   library hold time
           0.66   data required time
---------------------------------------------------------
           0.66   data required time
          -0.89   data arrival time
---------------------------------------------------------
           0.23   slack (MET)


