
===========================================================================
report_checks -unconstrained
===========================================================================
======================= nom_tt_025C_1v80 Corner ===================================

Startpoint: enable (input port clocked by null)
Endpoint: ro_out (output port clocked by null)
Path Group: null
Path Type: max

Fanout         Cap        Slew       Delay        Time   Description
---------------------------------------------------------------------------------------------
                      0.000000    0.000000    0.000000   clock null (rise edge)
                                  0.000000    0.000000   clock network delay (ideal)
                                  2.000000    2.000000 v input external delay
     1    0.002254    0.007646    0.003490    2.003490 v enable (in)
                                                         enable (net)
                      0.007646    0.000000    2.003490 v u_nand/A (sky130_fd_sc_hd__nand2_1)
     1    0.002390    0.034416    0.035892    2.039381 ^ u_nand/Y (sky130_fd_sc_hd__nand2_1)
                                                         n0 (net)
                      0.034416    0.000000    2.039381 ^ u_inv0/A (sky130_fd_sc_hd__inv_1)
     1    0.002214    0.017833    0.028766    2.068147 v u_inv0/Y (sky130_fd_sc_hd__inv_1)
                                                         n1 (net)
                      0.017833    0.000000    2.068147 v u_inv1/A (sky130_fd_sc_hd__inv_1)
     1    0.002390    0.029882    0.034904    2.103051 ^ u_inv1/Y (sky130_fd_sc_hd__inv_1)
                                                         n2 (net)
                      0.029882    0.000000    2.103051 ^ u_inv2/A (sky130_fd_sc_hd__inv_1)
     1    0.002214    0.017023    0.027312    2.130363 v u_inv2/Y (sky130_fd_sc_hd__inv_1)
                                                         n3 (net)
                      0.017023    0.000000    2.130363 v u_inv3/A (sky130_fd_sc_hd__inv_1)
     2    0.004235    0.044878    0.045441    2.175804 ^ u_inv3/Y (sky130_fd_sc_hd__inv_1)
                                                         n4 (net)
                      0.044878    0.000000    2.175804 ^ u_buf/A (sky130_fd_sc_hd__buf_2)
     1    0.033442    0.168745    0.195644    2.371449 ^ u_buf/X (sky130_fd_sc_hd__buf_2)
                                                         ro_out (net)
                      0.168745    0.000000    2.371449 ^ ro_out (out)
                                              2.371449   data arrival time

                      0.000000   10.000000   10.000000   clock null (rise edge)
                                  0.000000   10.000000   clock network delay (ideal)
                                 -0.250000    9.750000   clock uncertainty
                                  0.000000    9.750000   clock reconvergence pessimism
                                 -2.000000    7.750000   output external delay
                                              7.750000   data required time
---------------------------------------------------------------------------------------------
                                              7.750000   data required time
                                             -2.371449   data arrival time
---------------------------------------------------------------------------------------------
                                              5.378551   slack (MET)




===========================================================================
report_checks --slack_max -0.01
============================================================================
======================= nom_tt_025C_1v80 Corner ===================================

No paths found.


===========================================================================
 report_check_types -max_slew -max_cap -max_fanout -violators
============================================================================
======================= nom_tt_025C_1v80 Corner ===================================



===========================================================================
report_parasitic_annotation -report_unannotated
============================================================================
Found 7 unannotated drivers.
 enable
 u_buf/X
 u_inv0/Y
 u_inv1/Y
 u_inv2/Y
 u_inv3/Y
 u_nand/Y
Found 0 partially unannotated drivers.

===========================================================================
max slew violation count 0
max fanout violation count 0
max cap violation count 0
============================================================================

===========================================================================
check_setup -verbose -unconstrained_endpoints -multiple_clock -no_clock -no_input_delay -loops -generated_clocks
===========================================================================
Warning: There is 1 combinational loop in the design.
  u_nand/Y
  u_inv0/A
  u_inv0/Y
  u_inv1/A
  u_inv1/Y
  u_inv2/A
  u_inv2/Y
  u_inv3/A
  u_inv3/Y
  u_nand/B
  | loop cut point
  u_nand/Y
  --------------------------------
