
===========================================================================
report_checks -path_delay min (Hold)
============================================================================
======================= nom_tt_025C_1v80 Corner ===================================

Startpoint: enable (input port clocked by null)
Endpoint: ro_out (output port clocked by null)
Path Group: null
Path Type: min

Fanout         Cap        Slew       Delay        Time   Description
---------------------------------------------------------------------------------------------
                      0.000000    0.000000    0.000000   clock null (rise edge)
                                  0.000000    0.000000   clock network delay (ideal)
                                  2.000000    2.000000 ^ input external delay
     1    0.002375    0.018531    0.008803    2.008802 ^ enable (in)
                                                         enable (net)
                      0.018531    0.000000    2.008802 ^ u_nand/A (sky130_fd_sc_hd__nand2_1)
     1    0.002214    0.025942    0.032332    2.041135 v u_nand/Y (sky130_fd_sc_hd__nand2_1)
                                                         n0 (net)
                      0.025942    0.000000    2.041135 v u_inv0/A (sky130_fd_sc_hd__inv_1)
     1    0.002390    0.030116    0.038158    2.079293 ^ u_inv0/Y (sky130_fd_sc_hd__inv_1)
                                                         n1 (net)
                      0.030116    0.000000    2.079293 ^ u_inv1/A (sky130_fd_sc_hd__inv_1)
     1    0.002214    0.017064    0.027387    2.106680 v u_inv1/Y (sky130_fd_sc_hd__inv_1)
                                                         n2 (net)
                      0.017064    0.000000    2.106680 v u_inv2/A (sky130_fd_sc_hd__inv_1)
     1    0.002390    0.029887    0.034606    2.141285 ^ u_inv2/Y (sky130_fd_sc_hd__inv_1)
                                                         n3 (net)
                      0.029887    0.000000    2.141285 ^ u_inv3/A (sky130_fd_sc_hd__inv_1)
     2    0.003867    0.023600    0.033490    2.174775 v u_inv3/Y (sky130_fd_sc_hd__inv_1)
                                                         n4 (net)
                      0.023600    0.000000    2.174775 v u_buf/A (sky130_fd_sc_hd__buf_2)
     1    0.033442    0.087357    0.169863    2.344639 v u_buf/X (sky130_fd_sc_hd__buf_2)
                                                         ro_out (net)
                      0.087357    0.000000    2.344639 v ro_out (out)
                                              2.344639   data arrival time

                      0.000000    0.000000    0.000000   clock null (rise edge)
                                  0.000000    0.000000   clock network delay (ideal)
                                  0.250000    0.250000   clock uncertainty
                                  0.000000    0.250000   clock reconvergence pessimism
                                 -2.000000   -1.750000   output external delay
                                             -1.750000   data required time
---------------------------------------------------------------------------------------------
                                             -1.750000   data required time
                                             -2.344639   data arrival time
---------------------------------------------------------------------------------------------
                                              4.094638   slack (MET)



