138. Printing statistics.

=== characterization_top ===

        +----------Local Count, excluding submodules.
        |        +-Local Area, excluding submodules.
        |        | 
     1147        - wires
     1417        - wire bits
       56        - public wires
      310        - public wire bits
       22        - ports
      104        - port bits
     1373 1.32E+04 cells
      312        -   $_ANDNOT_
       24        -   $_AND_
      257        -   $_MUX_
       57        -   $_NAND_
       42        -   $_NOR_
      280        -   $_NOT_
       21        -   $_ORNOT_
       65        -   $_OR_
       17        -   $_XNOR_
       28        -   $_XOR_
      270 1.32E+04   sg13g2_dfrbpq_1

   Area for cell type $_ANDNOT_ is unknown!
   Area for cell type $_AND_ is unknown!
   Area for cell type $_MUX_ is unknown!
   Area for cell type $_NAND_ is unknown!
   Area for cell type $_NOR_ is unknown!
   Area for cell type $_NOT_ is unknown!
   Area for cell type $_ORNOT_ is unknown!
   Area for cell type $_OR_ is unknown!
   Area for cell type $_XNOR_ is unknown!
   Area for cell type $_XOR_ is unknown!

   Chip area for module '\characterization_top': 13226.976000
     of which used for sequential elements: 13226.976000 (100.00%)

