132. Printing statistics.

=== characterization_top ===

        +----------Local Count, excluding submodules.
        | 
      619 wires
      889 wire bits
       56 public wires
      310 public wire bits
       22 ports
      104 port bits
      845 cells
      312   $_ANDNOT_
       24   $_AND_
      256   $_DFFE_PP0P_
       13   $_DFF_PP0_
        1   $_DFF_PP1_
        1   $_MUX_
       57   $_NAND_
       42   $_NOR_
        8   $_NOT_
       21   $_ORNOT_
       65   $_OR_
       17   $_XNOR_
       28   $_XOR_

   Area for cell type $_ANDNOT_ is unknown!
   Area for cell type $_AND_ is unknown!
   Area for cell type $_DFFE_PP0P_ is unknown!
   Area for cell type $_DFF_PP0_ is unknown!
   Area for cell type $_DFF_PP1_ is unknown!
   Area for cell type $_MUX_ is unknown!
   Area for cell type $_NAND_ is unknown!
   Area for cell type $_NOR_ is unknown!
   Area for cell type $_NOT_ is unknown!
   Area for cell type $_ORNOT_ is unknown!
   Area for cell type $_OR_ is unknown!
   Area for cell type $_XNOR_ is unknown!
   Area for cell type $_XOR_ is unknown!

