146. Printing statistics.

=== characterization_top ===

        +----------Local Count, excluding submodules.
        |        +-Local Area, excluding submodules.
        |        | 
     1148        - wires
     1230        - wire bits
      201        - public wires
      283        - public wire bits
       22        - ports
      104        - port bits
     1219 2.13E+04 cells
       13   165.11   sg13g2_a21o_1
       39  353.808   sg13g2_a21oi_1
        4   58.061   sg13g2_a221oi_1
       71  770.251   sg13g2_a22oi_1
       21  190.512   sg13g2_and2_1
        6   76.205   sg13g2_and3_1
        3   43.546   sg13g2_and4_1
        1    7.258   sg13g2_buf_1
      270 1.32E+04   sg13g2_dfrbpq_1
      365 1.99E+03   sg13g2_inv_1
       74 1.34E+03   sg13g2_mux2_1
      110  798.336   sg13g2_nand2_1
        9   81.648   sg13g2_nand2b_1
       19  172.368   sg13g2_nand3_1
        8  101.606   sg13g2_nand3b_1
       10  108.864   sg13g2_nand4_1
       24  174.182   sg13g2_nor2_1
       11   99.792   sg13g2_nor2b_1
       23  208.656   sg13g2_nor3_1
       10  108.864   sg13g2_nor4_1
      101  916.272   sg13g2_o21ai_1
        9   81.648   sg13g2_or2_1
        2   25.402   sg13g2_or3_1
        4   58.061   sg13g2_or4_1
        2   14.515   sg13g2_tielo
        9  130.637   sg13g2_xnor2_1
        1   14.515   sg13g2_xor2_1

   Chip area for module '\characterization_top': 21316.516200
     of which used for sequential elements: 13226.976000 (62.05%)

