
===========================================================================
report_checks -path_delay max (Setup)
============================================================================
======================= nom_tt_025C_1v80 Corner ===================================

Startpoint: enable (input port clocked by null)
Endpoint: ro_out (output port clocked by null)
Path Group: null
Path Type: max

Fanout         Cap        Slew       Delay        Time   Description
---------------------------------------------------------------------------------------------
                      0.000000    0.000000    0.000000   clock null (rise edge)
                                  0.000000    0.000000   clock network delay (ideal)
                                  2.000000    2.000000 v input external delay
     1    0.003320    0.009828    0.005320    2.005320 v enable (in)
                                                         enable (net)
                      0.009828    0.000000    2.005320 v input1/A (sky130_fd_sc_hd__clkdlybuf4s25_1)
     1    0.003197    0.042478    0.229304    2.234625 v input1/X (sky130_fd_sc_hd__clkdlybuf4s25_1)
                                                         net1 (net)
                      0.042478    0.000097    2.234721 v u_nand/A (sky130_fd_sc_hd__nand2_1)
     1    0.003028    0.039094    0.053972    2.288694 ^ u_nand/Y (sky130_fd_sc_hd__nand2_1)
                                                         n0 (net)
                      0.039094    0.000090    2.288784 ^ u_inv0/A (sky130_fd_sc_hd__inv_1)
     1    0.003067    0.020991    0.033749    2.322532 v u_inv0/Y (sky130_fd_sc_hd__inv_1)
                                                         n1 (net)
                      0.020991    0.000093    2.322626 v u_inv1/A (sky130_fd_sc_hd__inv_1)
     1    0.003025    0.033768    0.039870    2.362496 ^ u_inv1/Y (sky130_fd_sc_hd__inv_1)
                                                         n2 (net)
                      0.033768    0.000088    2.362584 ^ u_inv2/A (sky130_fd_sc_hd__inv_1)
     1    0.002993    0.019960    0.031587    2.394171 v u_inv2/Y (sky130_fd_sc_hd__inv_1)
                                                         n3 (net)
                      0.019960    0.000090    2.394260 v u_inv3/A (sky130_fd_sc_hd__inv_1)
     2    0.005054    0.049863    0.051252    2.445513 ^ u_inv3/Y (sky130_fd_sc_hd__inv_1)
                                                         n4 (net)
                      0.049863    0.000075    2.445587 ^ u_buf/A (sky130_fd_sc_hd__buf_2)
     1    0.002547    0.025763    0.091323    2.536910 ^ u_buf/X (sky130_fd_sc_hd__buf_2)
                                                         net2 (net)
                      0.025763    0.000050    2.536959 ^ output2/A (sky130_fd_sc_hd__clkdlybuf4s25_1)
     1    0.035570    0.359278    0.461158    2.998117 ^ output2/X (sky130_fd_sc_hd__clkdlybuf4s25_1)
                                                         ro_out (net)
                      0.359278    0.001037    2.999154 ^ ro_out (out)
                                              2.999154   data arrival time

                      0.000000   10.000000   10.000000   clock null (rise edge)
                                  0.000000   10.000000   clock network delay (ideal)
                                 -0.250000    9.750000   clock uncertainty
                                  0.000000    9.750000   clock reconvergence pessimism
                                 -2.000000    7.750000   output external delay
                                              7.750000   data required time
---------------------------------------------------------------------------------------------
                                              7.750000   data required time
                                             -2.999154   data arrival time
---------------------------------------------------------------------------------------------
                                              4.750846   slack (MET)



