+ define_corners nom_tt_025C_1v80
Reading timing models for corner nom_tt_025C_1v80…
Reading cell library for the 'nom_tt_025C_1v80' corner at '/foss/pdks/sky130A/libs.ref/sky130_fd_sc_hd/lib/sky130_fd_sc_hd__tt_025C_1v80.lib'…
Reading top-level netlist at '/foss/designs/sky130_characterization/openlane/ro_physical_top/runs/RUN_2026-07-07_10-36-36/52-openroad-fillinsertion/ro_physical_top.nl.v'…
Linking design 'ro_physical_top' from netlist…
Warning: /foss/designs/sky130_characterization/openlane/ro_physical_top/runs/RUN_2026-07-07_10-36-36/52-openroad-fillinsertion/ro_physical_top.nl.v line 15, module sky130_fd_sc_hd__fill_2 not found. Creating black box for FILLER_0_110.
Warning: /foss/designs/sky130_characterization/openlane/ro_physical_top/runs/RUN_2026-07-07_10-36-36/52-openroad-fillinsertion/ro_physical_top.nl.v line 46, module sky130_fd_sc_hd__fill_1 not found. Creating black box for FILLER_0_27.
Warning: /foss/designs/sky130_characterization/openlane/ro_physical_top/runs/RUN_2026-07-07_10-36-36/52-openroad-fillinsertion/ro_physical_top.nl.v line 1832, module sky130_fd_sc_hd__tapvpwrvgnd_1 not found. Creating black box for TAP_TAPCELL_ROW_0_56.
Reading design constraints file at '/usr/local/lib/python3.12/dist-packages/librelane/scripts/base.sdc'…
Warning: base.sdc line 15, port 'null' not found.
[INFO] Using clock null…
[INFO] Setting output delay to: 2
[INFO] Setting input delay to: 2
Warning: base.sdc line 32, port 'null' not found.
[INFO] Setting load to: 0.033442
[INFO] Setting clock uncertainty to: 0.25
[INFO] Setting clock transition to: 0.1499999999999999944488848768742172978818416595458984375
Warning: base.sdc line 69, transition time can not be specified for virtual clocks.
[INFO] Setting timing derate to: 5%
Warning: base.sdc line 79, virtual clock null can not be propagated.
Reading top-level design parasitics for the 'nom_tt_025C_1v80' corner at '/foss/designs/sky130_characterization/openlane/ro_physical_top/runs/RUN_2026-07-07_10-36-36/54-openroad-rcx/nom/ro_physical_top.nom.spef'…
%OL_CREATE_REPORT min.rpt

===========================================================================
report_checks -path_delay min (Hold)
============================================================================
======================= nom_tt_025C_1v80 Corner ===================================

Startpoint: enable (input port clocked by null)
Endpoint: ro_out (output port clocked by null)
Path Group: null
Path Type: min

Fanout         Cap        Slew       Delay        Time   Description
---------------------------------------------------------------------------------------------
                      0.000000    0.000000    0.000000   clock null (rise edge)
                                  0.000000    0.000000   clock network delay (ideal)
                                  2.000000    2.000000 ^ input external delay
     1    0.003545    0.022960    0.012935    2.012935 ^ enable (in)
                                                         enable (net)
                      0.022968    0.000000    2.012935 ^ input1/A (sky130_fd_sc_hd__clkdlybuf4s25_1)
     1    0.003318    0.048615    0.238915    2.251850 ^ input1/X (sky130_fd_sc_hd__clkdlybuf4s25_1)
                                                         net1 (net)
                      0.048615    0.000101    2.251951 ^ u_nand/A (sky130_fd_sc_hd__nand2_1)
     1    0.002852    0.031251    0.045502    2.297453 v u_nand/Y (sky130_fd_sc_hd__nand2_1)
                                                         n0 (net)
                      0.031251    0.000084    2.297537 v u_inv0/A (sky130_fd_sc_hd__inv_1)
     1    0.003243    0.035853    0.045434    2.342971 ^ u_inv0/Y (sky130_fd_sc_hd__inv_1)
                                                         n1 (net)
                      0.035853    0.000099    2.343070 ^ u_inv1/A (sky130_fd_sc_hd__inv_1)
     1    0.002849    0.019749    0.031739    2.374809 v u_inv1/Y (sky130_fd_sc_hd__inv_1)
                                                         n2 (net)
                      0.019749    0.000083    2.374892 v u_inv2/A (sky130_fd_sc_hd__inv_1)
     1    0.003169    0.034908    0.040243    2.415135 ^ u_inv2/Y (sky130_fd_sc_hd__inv_1)
                                                         n3 (net)
                      0.034908    0.000095    2.415230 ^ u_inv3/A (sky130_fd_sc_hd__inv_1)
     2    0.004686    0.026860    0.038095    2.453325 v u_inv3/Y (sky130_fd_sc_hd__inv_1)
                                                         n4 (net)
                      0.026860    0.000069    2.453394 v u_buf/A (sky130_fd_sc_hd__buf_2)
     1    0.002322    0.022364    0.104023    2.557417 v u_buf/X (sky130_fd_sc_hd__buf_2)
                                                         net2 (net)
                      0.022364    0.000045    2.557462 v output2/A (sky130_fd_sc_hd__clkdlybuf4s25_1)
     1    0.035570    0.264494    0.411242    2.968705 v output2/X (sky130_fd_sc_hd__clkdlybuf4s25_1)
                                                         ro_out (net)
                      0.264496    0.001037    2.969741 v ro_out (out)
                                              2.969741   data arrival time

                      0.000000    0.000000    0.000000   clock null (rise edge)
                                  0.000000    0.000000   clock network delay (ideal)
                                  0.250000    0.250000   clock uncertainty
                                  0.000000    0.250000   clock reconvergence pessimism
                                 -2.000000   -1.750000   output external delay
                                             -1.750000   data required time
---------------------------------------------------------------------------------------------
                                             -1.750000   data required time
                                             -2.969741   data arrival time
---------------------------------------------------------------------------------------------
                                              4.719741   slack (MET)



%OL_END_REPORT
%OL_CREATE_REPORT max.rpt

===========================================================================
report_checks -path_delay max (Setup)
============================================================================
======================= nom_tt_025C_1v80 Corner ===================================

Startpoint: enable (input port clocked by null)
Endpoint: ro_out (output port clocked by null)
Path Group: null
Path Type: max

Fanout         Cap        Slew       Delay        Time   Description
---------------------------------------------------------------------------------------------
                      0.000000    0.000000    0.000000   clock null (rise edge)
                                  0.000000    0.000000   clock network delay (ideal)
                                  2.000000    2.000000 v input external delay
     1    0.003320    0.009828    0.005320    2.005320 v enable (in)
                                                         enable (net)
                      0.009828    0.000000    2.005320 v input1/A (sky130_fd_sc_hd__clkdlybuf4s25_1)
     1    0.003197    0.042478    0.229304    2.234625 v input1/X (sky130_fd_sc_hd__clkdlybuf4s25_1)
                                                         net1 (net)
                      0.042478    0.000097    2.234721 v u_nand/A (sky130_fd_sc_hd__nand2_1)
     1    0.003028    0.039094    0.053972    2.288694 ^ u_nand/Y (sky130_fd_sc_hd__nand2_1)
                                                         n0 (net)
                      0.039094    0.000090    2.288784 ^ u_inv0/A (sky130_fd_sc_hd__inv_1)
     1    0.003067    0.020991    0.033749    2.322532 v u_inv0/Y (sky130_fd_sc_hd__inv_1)
                                                         n1 (net)
                      0.020991    0.000093    2.322626 v u_inv1/A (sky130_fd_sc_hd__inv_1)
     1    0.003025    0.033768    0.039870    2.362496 ^ u_inv1/Y (sky130_fd_sc_hd__inv_1)
                                                         n2 (net)
                      0.033768    0.000088    2.362584 ^ u_inv2/A (sky130_fd_sc_hd__inv_1)
     1    0.002993    0.019960    0.031587    2.394171 v u_inv2/Y (sky130_fd_sc_hd__inv_1)
                                                         n3 (net)
                      0.019960    0.000090    2.394260 v u_inv3/A (sky130_fd_sc_hd__inv_1)
     2    0.005054    0.049863    0.051252    2.445513 ^ u_inv3/Y (sky130_fd_sc_hd__inv_1)
                                                         n4 (net)
                      0.049863    0.000075    2.445587 ^ u_buf/A (sky130_fd_sc_hd__buf_2)
     1    0.002547    0.025763    0.091323    2.536910 ^ u_buf/X (sky130_fd_sc_hd__buf_2)
                                                         net2 (net)
                      0.025763    0.000050    2.536959 ^ output2/A (sky130_fd_sc_hd__clkdlybuf4s25_1)
     1    0.035570    0.359278    0.461158    2.998117 ^ output2/X (sky130_fd_sc_hd__clkdlybuf4s25_1)
                                                         ro_out (net)
                      0.359278    0.001037    2.999154 ^ ro_out (out)
                                              2.999154   data arrival time

                      0.000000   10.000000   10.000000   clock null (rise edge)
                                  0.000000   10.000000   clock network delay (ideal)
                                 -0.250000    9.750000   clock uncertainty
                                  0.000000    9.750000   clock reconvergence pessimism
                                 -2.000000    7.750000   output external delay
                                              7.750000   data required time
---------------------------------------------------------------------------------------------
                                              7.750000   data required time
                                             -2.999154   data arrival time
---------------------------------------------------------------------------------------------
                                              4.750846   slack (MET)



%OL_END_REPORT
%OL_CREATE_REPORT checks.rpt

===========================================================================
report_checks -unconstrained
===========================================================================
======================= nom_tt_025C_1v80 Corner ===================================

Startpoint: enable (input port clocked by null)
Endpoint: ro_out (output port clocked by null)
Path Group: null
Path Type: max

Fanout         Cap        Slew       Delay        Time   Description
---------------------------------------------------------------------------------------------
                      0.000000    0.000000    0.000000   clock null (rise edge)
                                  0.000000    0.000000   clock network delay (ideal)
                                  2.000000    2.000000 v input external delay
     1    0.003320    0.009828    0.005320    2.005320 v enable (in)
                                                         enable (net)
                      0.009828    0.000000    2.005320 v input1/A (sky130_fd_sc_hd__clkdlybuf4s25_1)
     1    0.003197    0.042478    0.229304    2.234625 v input1/X (sky130_fd_sc_hd__clkdlybuf4s25_1)
                                                         net1 (net)
                      0.042478    0.000097    2.234721 v u_nand/A (sky130_fd_sc_hd__nand2_1)
     1    0.003028    0.039094    0.053972    2.288694 ^ u_nand/Y (sky130_fd_sc_hd__nand2_1)
                                                         n0 (net)
                      0.039094    0.000090    2.288784 ^ u_inv0/A (sky130_fd_sc_hd__inv_1)
     1    0.003067    0.020991    0.033749    2.322532 v u_inv0/Y (sky130_fd_sc_hd__inv_1)
                                                         n1 (net)
                      0.020991    0.000093    2.322626 v u_inv1/A (sky130_fd_sc_hd__inv_1)
     1    0.003025    0.033768    0.039870    2.362496 ^ u_inv1/Y (sky130_fd_sc_hd__inv_1)
                                                         n2 (net)
                      0.033768    0.000088    2.362584 ^ u_inv2/A (sky130_fd_sc_hd__inv_1)
     1    0.002993    0.019960    0.031587    2.394171 v u_inv2/Y (sky130_fd_sc_hd__inv_1)
                                                         n3 (net)
                      0.019960    0.000090    2.394260 v u_inv3/A (sky130_fd_sc_hd__inv_1)
     2    0.005054    0.049863    0.051252    2.445513 ^ u_inv3/Y (sky130_fd_sc_hd__inv_1)
                                                         n4 (net)
                      0.049863    0.000075    2.445587 ^ u_buf/A (sky130_fd_sc_hd__buf_2)
     1    0.002547    0.025763    0.091323    2.536910 ^ u_buf/X (sky130_fd_sc_hd__buf_2)
                                                         net2 (net)
                      0.025763    0.000050    2.536959 ^ output2/A (sky130_fd_sc_hd__clkdlybuf4s25_1)
     1    0.035570    0.359278    0.461158    2.998117 ^ output2/X (sky130_fd_sc_hd__clkdlybuf4s25_1)
                                                         ro_out (net)
                      0.359278    0.001037    2.999154 ^ ro_out (out)
                                              2.999154   data arrival time

                      0.000000   10.000000   10.000000   clock null (rise edge)
                                  0.000000   10.000000   clock network delay (ideal)
                                 -0.250000    9.750000   clock uncertainty
                                  0.000000    9.750000   clock reconvergence pessimism
                                 -2.000000    7.750000   output external delay
                                              7.750000   data required time
---------------------------------------------------------------------------------------------
                                              7.750000   data required time
                                             -2.999154   data arrival time
---------------------------------------------------------------------------------------------
                                              4.750846   slack (MET)




===========================================================================
report_checks --slack_max -0.01
============================================================================
======================= nom_tt_025C_1v80 Corner ===================================

No paths found.


===========================================================================
 report_check_types -max_slew -max_cap -max_fanout -violators
============================================================================
======================= nom_tt_025C_1v80 Corner ===================================



===========================================================================
report_parasitic_annotation -report_unannotated
============================================================================
Found 0 unannotated drivers.
Found 0 partially unannotated drivers.

===========================================================================
max slew violation count 0
%OL_METRIC_I design__max_slew_violation__count__corner:nom_tt_025C_1v80 0
max fanout violation count 0
%OL_METRIC_I design__max_fanout_violation__count__corner:nom_tt_025C_1v80 0
max cap violation count 0
%OL_METRIC_I design__max_cap_violation__count__corner:nom_tt_025C_1v80 0
============================================================================

===========================================================================
check_setup -verbose -unconstrained_endpoints -multiple_clock -no_clock -no_input_delay -loops -generated_clocks
===========================================================================
Warning: There is 1 combinational loop in the design.
  u_nand/Y
  u_inv0/A
  u_inv0/Y
  u_inv1/A
  u_inv1/Y
  u_inv2/A
  u_inv2/Y
  u_inv3/A
  u_inv3/Y
  u_nand/B
  | loop cut point
  u_nand/Y
  --------------------------------
%OL_END_REPORT
%OL_CREATE_REPORT power.rpt

===========================================================================
 report_power
============================================================================
======================= nom_tt_025C_1v80 Corner ===================================

Group                    Internal    Switching      Leakage        Total
                            Power        Power        Power        Power (Watts)
------------------------------------------------------------------------
Sequential           0.000000e+00 0.000000e+00 0.000000e+00 0.000000e+00   0.0%
Combinational        2.754287e-07 5.374383e-08 3.627460e-11 3.292088e-07  98.3%
Clock                0.000000e+00 0.000000e+00 5.582636e-09 5.582636e-09   1.7%
Macro                0.000000e+00 0.000000e+00 0.000000e+00 0.000000e+00   0.0%
Pad                  0.000000e+00 0.000000e+00 0.000000e+00 0.000000e+00   0.0%
------------------------------------------------------------------------
Total                2.754287e-07 5.374383e-08 5.618911e-09 3.347914e-07 100.0%
                            82.3%        16.1%         1.7%
%OL_METRIC_F power__internal__total 2.754286754225177e-7
%OL_METRIC_F power__switching__total 5.374382539002909e-8
%OL_METRIC_F power__leakage__total 5.618910670079913e-9
%OL_METRIC_F power__total 3.3479142302894616e-7

%OL_END_REPORT
%OL_CREATE_REPORT skew.min.rpt

===========================================================================
Clock Skew (Hold)
============================================================================
%OL_METRIC_F clock__skew__worst_hold__corner:nom_tt_025C_1v80 0.0
======================= nom_tt_025C_1v80 Corner ===================================

Clock null
No launch/capture paths found.

%OL_END_REPORT
%OL_CREATE_REPORT skew.max.rpt

===========================================================================
Clock Skew (Setup)
============================================================================
%OL_METRIC_F clock__skew__worst_setup__corner:nom_tt_025C_1v80 0.0
======================= nom_tt_025C_1v80 Corner ===================================

Clock null
No launch/capture paths found.

%OL_END_REPORT
%OL_CREATE_REPORT ws.min.rpt

===========================================================================
Worst Slack (Hold)
============================================================================
%OL_METRIC_F timing__hold__ws__corner:nom_tt_025C_1v80 4.7197411759193955
nom_tt_025C_1v80: 4.7197411759193955
%OL_END_REPORT
%OL_CREATE_REPORT ws.max.rpt

===========================================================================
Worst Slack (Setup)
============================================================================
%OL_METRIC_F timing__setup__ws__corner:nom_tt_025C_1v80 4.75084607323542
nom_tt_025C_1v80: 4.75084607323542
%OL_END_REPORT
%OL_CREATE_REPORT tns.min.rpt

===========================================================================
Total Negative Slack (Hold)
============================================================================
%OL_METRIC_F timing__hold__tns__corner:nom_tt_025C_1v80 0.0
nom_tt_025C_1v80: 0.0
%OL_END_REPORT
%OL_CREATE_REPORT tns.max.rpt

===========================================================================
Total Negative Slack (Setup)
============================================================================
%OL_METRIC_F timing__setup__tns__corner:nom_tt_025C_1v80 0.0
nom_tt_025C_1v80: 0.0
%OL_END_REPORT
%OL_CREATE_REPORT wns.min.rpt

===========================================================================
Worst Negative Slack (Hold)
============================================================================
%OL_METRIC_F timing__hold__wns__corner:nom_tt_025C_1v80 0
nom_tt_025C_1v80: 0
%OL_END_REPORT
%OL_CREATE_REPORT wns.max.rpt

===========================================================================
Worst Negative Slack (Setup)
============================================================================
%OL_METRIC_F timing__setup__wns__corner:nom_tt_025C_1v80 0.0
nom_tt_025C_1v80: 0.0
%OL_END_REPORT
%OL_CREATE_REPORT violator_list.rpt

===========================================================================
Violator List
============================================================================
%OL_METRIC_I timing__hold_vio__count__corner:nom_tt_025C_1v80 0
%OL_METRIC_F timing__hold_r2r__ws__corner:nom_tt_025C_1v80 inf
%OL_METRIC_I timing__hold_r2r_vio__count__corner:nom_tt_025C_1v80 0
%OL_METRIC_I timing__setup_vio__count__corner:nom_tt_025C_1v80 0
%OL_METRIC_F timing__setup_r2r__ws__corner:nom_tt_025C_1v80 inf
%OL_METRIC_I timing__setup_r2r_vio__count__corner:nom_tt_025C_1v80 0
%OL_END_REPORT
%OL_CREATE_REPORT unpropagated.rpt
null
%OL_END_REPORT
%OL_CREATE_REPORT clock.rpt
Clock: null
Sources: 
Generated: no
Virtual: yes
Propagated: no
Period: 10.000000

===========================================================================
report_clock_properties
============================================================================
Clock                   Period          Waveform
----------------------------------------------------
null                 10.000000    0.000000  5.000000

===========================================================================
report_clock_latency
============================================================================
Clock null


===========================================================================
report_clock_min_period
============================================================================
null period_min = 0.00 fmax = inf
%OL_END_REPORT
Writing SDF files for all corners…
Removing Clock latencies before writing libs…
Writing timing models for all corners…
Writing timing models for the nom_tt_025C_1v80 corner to /foss/designs/sky130_characterization/openlane/ro_physical_top/runs/RUN_2026-07-07_10-36-36/55-openroad-stapostpnr/nom_tt_025C_1v80/ro_physical_top__nom_tt_025C_1v80.lib…
