Clock: clk
Sources: clk 
Generated: no
Virtual: yes
Propagated: no
Period: 10.000000

===========================================================================
report_clock_properties
============================================================================
Clock                   Period          Waveform
----------------------------------------------------
clk                  10.000000    0.000000  5.000000

===========================================================================
report_clock_latency
============================================================================
Clock clk
rise -> rise
    min     max
0.000000 0.000000 source latency
0.446627         network latency _1481_/CLK
        0.477977 network latency _1731_/CLK
---------------
0.446627 0.477977 latency
        0.031350 skew

fall -> fall
    min     max
0.000000 0.000000 source latency
0.396392         network latency _1481_/CLK
        0.419574 network latency _1720_/CLK
---------------
0.396392 0.419574 latency
        0.023182 skew



===========================================================================
report_clock_min_period
============================================================================
clk period_min = 2.61 fmax = 382.88
