Clock: clk
Sources: clk 
Generated: no
Virtual: no
Propagated: no
Period: 10.000000

===========================================================================
report_clock_properties
============================================================================
Clock                   Period          Waveform
----------------------------------------------------
clk                  10.000000    0.000000  5.000000

===========================================================================
report_clock_latency
============================================================================
Clock clk
rise -> rise
    min     max
0.000000 0.000000 source latency
0.773125         network latency _1893_/CLK
        0.886519 network latency _1893_/CLK
---------------
0.773125 0.886519 latency
        0.113393 skew

fall -> fall
    min     max
0.000000 0.000000 source latency
0.608370         network latency _1893_/CLK
        0.731976 network latency _1893_/CLK
---------------
0.608370 0.731976 latency
        0.123606 skew



===========================================================================
report_clock_min_period
============================================================================
clk period_min = 3.18 fmax = 314.21
