Reading timing models for corner nom_typ_1p20V_25C…
Reading timing library for the 'nom_typ_1p20V_25C' corner at '/foss/pdks/ihp-sg13g2/libs.ref/sg13g2_stdcell/lib/sg13g2_stdcell_typ_1p20V_25C.lib'…
Reading timing library for the 'nom_typ_1p20V_25C' corner at '/foss/pdks/ihp-sg13g2/libs.ref/sg13g2_io/lib/sg13g2_io_typ_1p2V_3p3V_25C.lib'…
Reading OpenROAD database at '/foss/designs/sky130_characterization/openlane/characterization_top/runs/RUN_2026-06-19_09-25-21/37-openroad-resizertimingpostcts/characterization_top.odb'…
Reading design constraints file at '/usr/local/lib/python3.12/dist-packages/librelane/scripts/base.sdc'…
[INFO] Using clock clk…
[INFO] Setting output delay to: 2.0
[INFO] Setting input delay to: 2.0
[INFO] Setting load to: 0.006
[INFO] Setting clock uncertainty to: 0.25
[INFO] Setting clock transition to: 0.15
[INFO] Setting timing derate to: 5%
[INFO] Setting signal min routing layer to: Metal2 and clock min routing layer to Metal2. 
[INFO] Setting signal max routing layer to: TopMetal2 and clock max routing layer to TopMetal2. 
+ global_route -congestion_iterations 50 -verbose
[INFO GRT-0020] Min routing layer: Metal2
[INFO GRT-0021] Max routing layer: TopMetal2
[INFO GRT-0022] Global adjustment: 30%
[INFO GRT-0023] Grid origin: (0, 0)
[INFO GRT-0088] Layer Metal1  Track-Pitch = 0.4200  line-2-Via Pitch: 0.3650
[INFO GRT-0088] Layer Metal2  Track-Pitch = 0.4800  line-2-Via Pitch: 0.4150
[INFO GRT-0088] Layer Metal3  Track-Pitch = 0.4200  line-2-Via Pitch: 0.4150
[INFO GRT-0088] Layer Metal4  Track-Pitch = 0.4800  line-2-Via Pitch: 0.4150
[INFO GRT-0088] Layer Metal5  Track-Pitch = 0.4200  line-2-Via Pitch: 0.6200
[INFO GRT-0088] Layer TopMetal1 Track-Pitch = 3.2800  line-2-Via Pitch: 3.4100
[INFO GRT-0088] Layer TopMetal2 Track-Pitch = 4.0000  line-2-Via Pitch: 3.9500
[INFO GRT-0003] Macros: 0
[INFO GRT-0004] Blockages: 0
[INFO GRT-0019] Found 29 clock nets.
[INFO GRT-0001] Minimum degree: 2
[INFO GRT-0002] Maximum degree: 17

[INFO GRT-0053] Routing resources analysis:
          Routing      Original      Derated      Resource
Layer     Direction    Resources     Resources    Reduction (%)
---------------------------------------------------------------
Metal1     Horizontal          0             0          0.00%
Metal2     Vertical        67099         44567          33.58%
Metal3     Horizontal      80024         52374          34.55%
Metal4     Vertical        67099         44567          33.58%
Metal5     Horizontal      79128         51709          34.65%
TopMetal1    Vertical         9221          5319          42.32%
TopMetal2    Horizontal       7140          4352          39.05%
---------------------------------------------------------------

[INFO GRT-0197] Via related to pin nodes: 8677
[INFO GRT-0198] Via related Steiner nodes: 152
[INFO GRT-0199] Via filling finished.
[INFO GRT-0111] Final number of vias: 10536
[INFO GRT-0112] Final usage 3D: 38746

[INFO GRT-0096] Final congestion report:
Layer         Resource        Demand        Usage (%)    Max H / Max V / Total Overflow
---------------------------------------------------------------------------------------
Metal1               0             0            0.00%             0 /  0 /  0
Metal2           44567          3797            8.52%             0 /  0 /  0
Metal3           52374          3313            6.33%             0 /  0 /  0
Metal4           44567            28            0.06%             0 /  0 /  0
Metal5           51709             0            0.00%             0 /  0 /  0
TopMetal1           5319             0            0.00%             0 /  0 /  0
TopMetal2           4352             0            0.00%             0 /  0 /  0
---------------------------------------------------------------------------------------
Total           202888          7138            3.52%             0 /  0 /  0

[INFO GRT-0018] Total wirelength: 77630 um
[INFO GRT-0014] Routed nets: 1879
[INFO GRT-0303] Global routing runtime = 00:00:00
Setting global connections for newly added cells…
[INFO] Setting global connections...
[INFO ODB-0403] 0 connections made, 0 conflicts skipped.
Updating metrics…
Cell type report:                       Count       Area
  Buffer                                    1       7.26
  Clock buffer                             29     792.89
  Timing Repair Buffer                    621    8253.71
  Inverter                                365    1986.77
  Clock inverter                           15     148.78
  Sequential cell                         270   13226.98
  Multi-Input combinational cell          583    6098.20
  Total                                  1884   30514.58
Writing OpenROAD database to '/foss/designs/sky130_characterization/openlane/characterization_top/runs/RUN_2026-06-19_09-25-21/39-openroad-globalrouting/characterization_top.odb'…
Writing layout to '/foss/designs/sky130_characterization/openlane/characterization_top/runs/RUN_2026-06-19_09-25-21/39-openroad-globalrouting/characterization_top.def'…
