Clock: clk
Sources: clk 
Generated: no
Virtual: yes
Propagated: no
Period: 10.000000

===========================================================================
report_clock_properties
============================================================================
Clock                   Period          Waveform
----------------------------------------------------
clk                  10.000000    0.000000  5.000000

===========================================================================
report_clock_latency
============================================================================
Clock clk
rise -> rise
    min     max
0.000000 0.000000 source latency
0.470565         network latency _2099_/CLK
        0.508963 network latency _2151_/CLK
---------------
0.470565 0.508963 latency
        0.038397 skew

fall -> fall
    min     max
0.000000 0.000000 source latency
0.466560         network latency _2099_/CLK
        0.500230 network latency _2151_/CLK
---------------
0.466560 0.500230 latency
        0.033670 skew



===========================================================================
report_clock_min_period
============================================================================
clk period_min = 4.57 fmax = 218.82
