Startpoint: rst (input port clocked by clk)
Endpoint: _1560_ (recovery check against rising-edge clock clk)
Path Group: asynchronous
Path Type: max

  Delay    Time   Description
---------------------------------------------------------
   0.00    0.00   clock clk (rise edge)
   0.00    0.00   clock network delay (propagated)
   2.00    2.00 v input external delay
   0.00    2.00 v rst (in)
   0.17    2.18 v input9/X (sky130_fd_sc_hd__buf_1)
   0.26    2.43 v max_cap212/X (sky130_fd_sc_hd__buf_2)
   0.51    2.95 v fanout210/X (sky130_fd_sc_hd__clkdlybuf4s25_1)
   0.29    3.24 v load_slew211/X (sky130_fd_sc_hd__buf_2)
   0.57    3.81 v fanout189/X (sky130_fd_sc_hd__clkdlybuf4s25_1)
   0.62    4.43 v fanout187/X (sky130_fd_sc_hd__clkdlybuf4s25_1)
   0.66    5.09 v fanout185/X (sky130_fd_sc_hd__clkdlybuf4s25_1)
   0.41    5.50 v load_slew186/X (sky130_fd_sc_hd__buf_4)
   0.09    5.59 ^ _1387_/Y (sky130_fd_sc_hd__inv_2)
   0.00    5.59 ^ _1560_/RESET_B (sky130_fd_sc_hd__dfrtp_2)
           5.59   data arrival time

  10.00   10.00   clock clk (rise edge)
   0.79   10.79   clock network delay (propagated)
  -0.25   10.54   clock uncertainty
   0.00   10.54   clock reconvergence pessimism
          10.54 ^ _1560_/CLK (sky130_fd_sc_hd__dfrtp_2)
   0.49   11.03   library recovery time
          11.03   data required time
---------------------------------------------------------
          11.03   data required time
          -5.59   data arrival time
---------------------------------------------------------
           5.44   slack (MET)


Startpoint: _1722_ (rising edge-triggered flip-flop clocked by clk)
Endpoint: _1645_ (rising edge-triggered flip-flop clocked by clk)
Path Group: clk
Path Type: max

  Delay    Time   Description
---------------------------------------------------------
   0.00    0.00   clock clk (rise edge)
   0.80    0.80   clock network delay (propagated)
   0.00    0.80 ^ _1722_/CLK (sky130_fd_sc_hd__dfrtp_2)
   0.89    1.69 v _1722_/Q (sky130_fd_sc_hd__dfrtp_2)
   0.16    1.85 ^ _0739_/Y (sky130_fd_sc_hd__nand2_2)
   0.89    2.73 ^ fanout151/X (sky130_fd_sc_hd__clkdlybuf4s25_1)
   1.01    3.74 ^ fanout150/X (sky130_fd_sc_hd__clkdlybuf4s25_1)
   1.11    4.85 ^ fanout149/X (sky130_fd_sc_hd__clkdlybuf4s25_1)
   0.98    5.83 v _1181_/X (sky130_fd_sc_hd__mux2_1)
   1.09    6.93 v hold374/X (sky130_fd_sc_hd__dlygate4sd3_1)
   0.00    6.93 v _1645_/D (sky130_fd_sc_hd__dfrtp_2)
           6.93   data arrival time

  10.00   10.00   clock clk (rise edge)
   0.81   10.81   clock network delay (propagated)
  -0.25   10.56   clock uncertainty
   0.00   10.56   clock reconvergence pessimism
          10.56 ^ _1645_/CLK (sky130_fd_sc_hd__dfrtp_2)
  -0.36   10.20   library setup time
          10.20   data required time
---------------------------------------------------------
          10.20   data required time
          -6.93   data arrival time
---------------------------------------------------------
           3.27   slack (MET)


