Clock: clk
Sources: clk 
Generated: no
Virtual: yes
Propagated: no
Period: 10.000000

===========================================================================
report_clock_properties
============================================================================
Clock                   Period          Waveform
----------------------------------------------------
clk                  10.000000    0.000000  5.000000

===========================================================================
report_clock_latency
============================================================================
Clock clk
rise -> rise
    min     max
0.000000 0.000000 source latency
0.460764         network latency _1481_/CLK
        0.494777 network latency _1720_/CLK
---------------
0.460764 0.494777 latency
        0.034013 skew

fall -> fall
    min     max
0.000000 0.000000 source latency
0.406990         network latency _1481_/CLK
        0.432721 network latency _1720_/CLK
---------------
0.406990 0.432721 latency
        0.025730 skew



===========================================================================
report_clock_min_period
============================================================================
clk period_min = 2.66 fmax = 376.61
