Clock: clk
Sources: clk 
Generated: no
Virtual: no
Propagated: no
Period: 10.000000

===========================================================================
report_clock_properties
============================================================================
Clock                   Period          Waveform
----------------------------------------------------
clk                  10.000000    0.000000  5.000000

===========================================================================
report_clock_latency
============================================================================
Clock clk
rise -> rise
    min     max
0.000000 0.000000 source latency
1.232191         network latency _1464_/CLK
        1.232191 network latency _1464_/CLK
---------------
1.232191 1.232191 latency
        0.000000 skew

fall -> fall
    min     max
0.000000 0.000000 source latency
0.538877         network latency _1464_/CLK
        0.538877 network latency _1464_/CLK
---------------
0.538877 0.538877 latency
        0.000000 skew



===========================================================================
report_clock_min_period
============================================================================
clk period_min = 1.64 fmax = 609.59
