Reading timing models for corner nom_tt_025C_1v80…
Reading timing library for the 'nom_tt_025C_1v80' corner at '/foss/pdks/sky130A/libs.ref/sky130_fd_sc_hd/lib/sky130_fd_sc_hd__tt_025C_1v80.lib'…
Reading OpenROAD database at '/foss/designs/sky130_characterization/openlane/characterization_top_sky130/runs/RUN_2026-06-23_12-08-15/39-openroad-globalrouting/characterization_top.odb'…
Reading design constraints file at '/usr/local/lib/python3.12/dist-packages/librelane/scripts/base.sdc'…
[INFO] Using clock clk…
[INFO] Setting output delay to: 2.0
[INFO] Setting input delay to: 2.0
[INFO] Setting load to: 0.033442
[INFO] Setting clock uncertainty to: 0.25
[INFO] Setting clock transition to: 0.1499999999999999944488848768742172978818416595458984375
[INFO] Setting timing derate to: 5%
%OL_CREATE_REPORT /foss/designs/sky130_characterization/openlane/characterization_top_sky130/runs/RUN_2026-06-23_12-08-15/40-openroad-checkantennas/reports/antenna.rpt
Net: _0608_
  Pin:   _1116_/A3 (sky130_fd_sc_hd__o31a_2)
    Layer: mcon
      Partial area ratio:    0.12
      Required ratio:    3.00 (Gate area) 
      Cumulative area ratio:    0.12
      Required ratio:    0.00 (Cumulative area) 

    Layer: met1
      Partial area ratio:    1.55
      Required ratio:    0.00 (Gate area) 
      Cumulative area ratio:    1.55
      Required ratio:    0.00 (Cumulative area) 
      Partial area ratio:    6.99
      Required ratio:  400.00 (Side area) 
      Cumulative area ratio:    6.99
      Required ratio:    0.00 (Cumulative side area) 

    Layer: via
      Partial area ratio:    0.18
      Required ratio:    6.00 (Gate area) 
      Cumulative area ratio:    0.30
      Required ratio:    0.00 (Cumulative area) 

    Layer: met2
      Partial area ratio:    0.75
      Required ratio:    0.00 (Gate area) 
      Cumulative area ratio:    2.30
      Required ratio:    0.00 (Cumulative area) 
      Partial area ratio:    3.48
      Required ratio:  400.00 (Side area) 
      Cumulative area ratio:   10.46
      Required ratio:    0.00 (Cumulative side area) 

    Layer: via2
      Partial area ratio:    0.16
      Required ratio:    6.00 (Gate area) 
      Cumulative area ratio:    0.46
      Required ratio:    0.00 (Cumulative area) 

    Layer: met3
      Partial area ratio:    0.50
      Required ratio:    0.00 (Gate area) 
      Cumulative area ratio:    2.81
      Required ratio:    0.00 (Cumulative area) 
      Partial area ratio:    4.59
      Required ratio:  400.00 (Side area) 
      Cumulative area ratio:   15.05
      Required ratio:    0.00 (Cumulative side area) 

    Layer: via3
      Partial area ratio:    0.16
      Required ratio:    6.00 (Gate area) 
      Cumulative area ratio:    0.62
      Required ratio:    0.00 (Cumulative area) 

    Layer: met4
      Partial area ratio:  552.48
      Required ratio:    0.00 (Gate area) 
      Cumulative area ratio:  555.29
      Required ratio:    0.00 (Cumulative area) 
      Partial area ratio: 2948.46
      Required ratio: 2778.20 (Side area) (VIOLATED)
      Cumulative area ratio: 2963.52
      Required ratio:    0.00 (Cumulative side area) 



Net: net22
  Pin:   _1157_/A1 (sky130_fd_sc_hd__mux2_1)
    Layer: mcon
      Partial area ratio:    0.23
      Required ratio:    3.00 (Gate area) 
      Cumulative area ratio:    0.23
      Required ratio:    0.00 (Cumulative area) 

    Layer: met1
      Partial area ratio:   13.14
      Required ratio:    0.00 (Gate area) 
      Cumulative area ratio:   13.14
      Required ratio:    0.00 (Cumulative area) 
      Partial area ratio:   64.22
      Required ratio:  400.00 (Side area) 
      Cumulative area ratio:   64.22
      Required ratio:    0.00 (Cumulative side area) 

    Layer: via
      Partial area ratio:    0.36
      Required ratio:    6.00 (Gate area) 
      Cumulative area ratio:    0.59
      Required ratio:    0.00 (Cumulative area) 

    Layer: met2
      Partial area ratio:   15.46
      Required ratio:    0.00 (Gate area) 
      Cumulative area ratio:   28.59
      Required ratio:    0.00 (Cumulative area) 
      Partial area ratio:   76.53
      Required ratio: 2778.20 (Side area) 
      Cumulative area ratio:  140.75
      Required ratio:    0.00 (Cumulative side area) 


  Pin:   output22/A (sky130_fd_sc_hd__clkdlybuf4s25_1)
    Layer: mcon
      Partial area ratio:    0.14
      Required ratio:    3.00 (Gate area) 
      Cumulative area ratio:    0.14
      Required ratio:    0.00 (Cumulative area) 

    Layer: met1
      Partial area ratio:  111.78
      Required ratio:    0.00 (Gate area) 
      Cumulative area ratio:  111.78
      Required ratio:    0.00 (Cumulative area) 
      Partial area ratio:  558.04
      Required ratio:  400.00 (Side area) (VIOLATED)
      Cumulative area ratio:  558.04
      Required ratio:    0.00 (Cumulative side area) 

    Layer: via
      Partial area ratio:    0.21
      Required ratio:    6.00 (Gate area) 
      Cumulative area ratio:    0.35
      Required ratio:    0.00 (Cumulative area) 

    Layer: met2
      Partial area ratio:   15.46
      Required ratio:    0.00 (Gate area) 
      Cumulative area ratio:  127.24
      Required ratio:    0.00 (Cumulative area) 
      Partial area ratio:   76.53
      Required ratio: 2778.20 (Side area) 
      Cumulative area ratio:  634.56
      Required ratio:    0.00 (Cumulative side area) 



Net: net25
  Pin:   _1154_/A1 (sky130_fd_sc_hd__mux2_1)
    Layer: mcon
      Partial area ratio:    0.23
      Required ratio:    3.00 (Gate area) 
      Cumulative area ratio:    0.23
      Required ratio:    0.00 (Cumulative area) 

    Layer: met1
      Partial area ratio:   10.79
      Required ratio:    0.00 (Gate area) 
      Cumulative area ratio:   10.79
      Required ratio:    0.00 (Cumulative area) 
      Partial area ratio:   52.50
      Required ratio:  400.00 (Side area) 
      Cumulative area ratio:   52.50
      Required ratio:    0.00 (Cumulative side area) 

    Layer: via
      Partial area ratio:    0.36
      Required ratio:    6.00 (Gate area) 
      Cumulative area ratio:    0.59
      Required ratio:    0.00 (Cumulative area) 

    Layer: met2
      Partial area ratio:    6.91
      Required ratio:    0.00 (Gate area) 
      Cumulative area ratio:   17.70
      Required ratio:    0.00 (Cumulative area) 
      Partial area ratio:   33.78
      Required ratio: 2778.20 (Side area) 
      Cumulative area ratio:   86.28
      Required ratio:    0.00 (Cumulative side area) 


  Pin:   output25/A (sky130_fd_sc_hd__clkdlybuf4s25_1)
    Layer: mcon
      Partial area ratio:    0.14
      Required ratio:    3.00 (Gate area) 
      Cumulative area ratio:    0.14
      Required ratio:    0.00 (Cumulative area) 

    Layer: met1
      Partial area ratio:  112.91
      Required ratio:    0.00 (Gate area) 
      Cumulative area ratio:  112.91
      Required ratio:    0.00 (Cumulative area) 
      Partial area ratio:  563.69
      Required ratio:  400.00 (Side area) (VIOLATED)
      Cumulative area ratio:  563.69
      Required ratio:    0.00 (Cumulative side area) 

    Layer: via
      Partial area ratio:    0.21
      Required ratio:    6.00 (Gate area) 
      Cumulative area ratio:    0.35
      Required ratio:    0.00 (Cumulative area) 

    Layer: met2
      Partial area ratio:    6.91
      Required ratio:    0.00 (Gate area) 
      Cumulative area ratio:  119.82
      Required ratio:    0.00 (Cumulative area) 
      Partial area ratio:   33.78
      Required ratio: 2778.20 (Side area) 
      Cumulative area ratio:  597.47
      Required ratio:    0.00 (Cumulative side area) 



Net: net27
  Pin:   _1152_/A1 (sky130_fd_sc_hd__mux2_1)
    Layer: mcon
      Partial area ratio:    0.23
      Required ratio:    3.00 (Gate area) 
      Cumulative area ratio:    0.23
      Required ratio:    0.00 (Cumulative area) 

    Layer: met1
      Partial area ratio:   15.00
      Required ratio:    0.00 (Gate area) 
      Cumulative area ratio:   15.00
      Required ratio:    0.00 (Cumulative area) 
      Partial area ratio:   72.14
      Required ratio: 2778.20 (Side area) 
      Cumulative area ratio:   72.14
      Required ratio:    0.00 (Cumulative side area) 

    Layer: via
      Partial area ratio:    0.54
      Required ratio:   22.04 (Gate area) 
      Cumulative area ratio:    0.77
      Required ratio:    0.00 (Cumulative area) 

    Layer: met2
      Partial area ratio:    6.79
      Required ratio:    0.00 (Gate area) 
      Cumulative area ratio:   21.79
      Required ratio:    0.00 (Cumulative area) 
      Partial area ratio:   33.53
      Required ratio: 2778.20 (Side area) 
      Cumulative area ratio:  105.67
      Required ratio:    0.00 (Cumulative side area) 


  Pin:   output27/A (sky130_fd_sc_hd__clkdlybuf4s25_1)
    Layer: mcon
      Partial area ratio:    0.14
      Required ratio:    3.00 (Gate area) 
      Cumulative area ratio:    0.14
      Required ratio:    0.00 (Cumulative area) 

    Layer: met1
      Partial area ratio:  111.84
      Required ratio:    0.00 (Gate area) 
      Cumulative area ratio:  111.84
      Required ratio:    0.00 (Cumulative area) 
      Partial area ratio:  558.35
      Required ratio:  400.00 (Side area) (VIOLATED)
      Cumulative area ratio:  558.35
      Required ratio:    0.00 (Cumulative side area) 

    Layer: via
      Partial area ratio:    0.21
      Required ratio:    6.00 (Gate area) 
      Cumulative area ratio:    0.35
      Required ratio:    0.00 (Cumulative area) 

    Layer: met2
      Partial area ratio:    6.79
      Required ratio:    0.00 (Gate area) 
      Cumulative area ratio:  118.64
      Required ratio:    0.00 (Cumulative area) 
      Partial area ratio:   33.53
      Required ratio: 2778.20 (Side area) 
      Cumulative area ratio:  591.88
      Required ratio:    0.00 (Cumulative side area) 



Net: net39
  Pin:   _1140_/A1 (sky130_fd_sc_hd__mux2_1)
    Layer: mcon
      Partial area ratio:    0.23
      Required ratio:    3.00 (Gate area) 
      Cumulative area ratio:    0.23
      Required ratio:    0.00 (Cumulative area) 

    Layer: met1
      Partial area ratio:    6.31
      Required ratio:    0.00 (Gate area) 
      Cumulative area ratio:    6.31
      Required ratio:    0.00 (Cumulative area) 
      Partial area ratio:   30.06
      Required ratio:  400.00 (Side area) 
      Cumulative area ratio:   30.06
      Required ratio:    0.00 (Cumulative side area) 

    Layer: via
      Partial area ratio:    0.36
      Required ratio:    6.00 (Gate area) 
      Cumulative area ratio:    0.59
      Required ratio:    0.00 (Cumulative area) 

    Layer: met2
      Partial area ratio:   21.16
      Required ratio:    0.00 (Gate area) 
      Cumulative area ratio:   27.46
      Required ratio:    0.00 (Cumulative area) 
      Partial area ratio:  105.02
      Required ratio: 2778.20 (Side area) 
      Cumulative area ratio:  135.08
      Required ratio:    0.00 (Cumulative side area) 


  Pin:   output39/A (sky130_fd_sc_hd__clkdlybuf4s25_1)
    Layer: mcon
      Partial area ratio:    0.14
      Required ratio:    3.00 (Gate area) 
      Cumulative area ratio:    0.14
      Required ratio:    0.00 (Cumulative area) 

    Layer: met1
      Partial area ratio:  117.63
      Required ratio:    0.00 (Gate area) 
      Cumulative area ratio:  117.63
      Required ratio:    0.00 (Cumulative area) 
      Partial area ratio:  587.27
      Required ratio:  400.00 (Side area) (VIOLATED)
      Cumulative area ratio:  587.27
      Required ratio:    0.00 (Cumulative side area) 

    Layer: via
      Partial area ratio:    0.21
      Required ratio:    6.00 (Gate area) 
      Cumulative area ratio:    0.35
      Required ratio:    0.00 (Cumulative area) 

    Layer: met2
      Partial area ratio:   21.16
      Required ratio:    0.00 (Gate area) 
      Cumulative area ratio:  138.78
      Required ratio:    0.00 (Cumulative area) 
      Partial area ratio:  105.02
      Required ratio: 2778.20 (Side area) 
      Cumulative area ratio:  692.29
      Required ratio:    0.00 (Cumulative side area) 



Net: net52
  Pin:   _1142_/A1 (sky130_fd_sc_hd__mux2_1)
    Layer: mcon
      Partial area ratio:    0.23
      Required ratio:    3.00 (Gate area) 
      Cumulative area ratio:    0.23
      Required ratio:    0.00 (Cumulative area) 

    Layer: met1
      Partial area ratio:   10.81
      Required ratio:    0.00 (Gate area) 
      Cumulative area ratio:   10.81
      Required ratio:    0.00 (Cumulative area) 
      Partial area ratio:   52.56
      Required ratio:  400.00 (Side area) 
      Cumulative area ratio:   52.56
      Required ratio:    0.00 (Cumulative side area) 

    Layer: via
      Partial area ratio:    0.36
      Required ratio:    6.00 (Gate area) 
      Cumulative area ratio:    0.59
      Required ratio:    0.00 (Cumulative area) 

    Layer: met2
      Partial area ratio:    6.91
      Required ratio:    0.00 (Gate area) 
      Cumulative area ratio:   17.71
      Required ratio:    0.00 (Cumulative area) 
      Partial area ratio:   33.78
      Required ratio: 2778.20 (Side area) 
      Cumulative area ratio:   86.34
      Required ratio:    0.00 (Cumulative side area) 


  Pin:   output52/A (sky130_fd_sc_hd__clkdlybuf4s25_1)
    Layer: mcon
      Partial area ratio:    0.14
      Required ratio:    3.00 (Gate area) 
      Cumulative area ratio:    0.14
      Required ratio:    0.00 (Cumulative area) 

    Layer: met1
      Partial area ratio:  113.58
      Required ratio:    0.00 (Gate area) 
      Cumulative area ratio:  113.58
      Required ratio:    0.00 (Cumulative area) 
      Partial area ratio:  567.04
      Required ratio:  400.00 (Side area) (VIOLATED)
      Cumulative area ratio:  567.04
      Required ratio:    0.00 (Cumulative side area) 

    Layer: via
      Partial area ratio:    0.21
      Required ratio:    6.00 (Gate area) 
      Cumulative area ratio:    0.35
      Required ratio:    0.00 (Cumulative area) 

    Layer: met2
      Partial area ratio:    6.91
      Required ratio:    0.00 (Gate area) 
      Cumulative area ratio:  120.49
      Required ratio:    0.00 (Cumulative area) 
      Partial area ratio:   33.78
      Required ratio: 2778.20 (Side area) 
      Cumulative area ratio:  600.82
      Required ratio:    0.00 (Cumulative side area) 



[INFO ANT-0002] Found 6 net violations.
[INFO ANT-0001] Found 6 pin violations.
%OL_END_REPORT
