
===========================================================================
report_checks -path_delay min (Hold)
============================================================================
======================= nom_ff_n40C_1v95 Corner ===================================

Startpoint: enable (input port clocked by null)
Endpoint: ro_out (output port clocked by null)
Path Group: null
Path Type: min

Fanout         Cap        Slew       Delay        Time   Description
---------------------------------------------------------------------------------------------
                      0.000000    0.000000    0.000000   clock null (rise edge)
                                  0.000000    0.000000   clock network delay (ideal)
                                  2.000000    2.000000 ^ input external delay
     1    0.002387    0.012908    0.006130    2.006130 ^ enable (in)
                                                         enable (net)
                      0.012908    0.000000    2.006130 ^ u_nand/A (sky130_fd_sc_hd__nand2_1)
     1    0.002214    0.015571    0.019057    2.025186 v u_nand/Y (sky130_fd_sc_hd__nand2_1)
                                                         n0 (net)
                      0.015571    0.000000    2.025186 v u_inv0/A (sky130_fd_sc_hd__inv_1)
     1    0.002392    0.022238    0.025926    2.051112 ^ u_inv0/Y (sky130_fd_sc_hd__inv_1)
                                                         n1 (net)
                      0.022238    0.000000    2.051112 ^ u_inv1/A (sky130_fd_sc_hd__inv_1)
     1    0.002214    0.012387    0.017116    2.068228 v u_inv1/Y (sky130_fd_sc_hd__inv_1)
                                                         n2 (net)
                      0.012387    0.000000    2.068228 v u_inv2/A (sky130_fd_sc_hd__inv_1)
     1    0.002392    0.022157    0.024748    2.092976 ^ u_inv2/Y (sky130_fd_sc_hd__inv_1)
                                                         n3 (net)
                      0.022157    0.000000    2.092976 ^ u_inv3/A (sky130_fd_sc_hd__inv_1)
     2    0.003938    0.016606    0.021558    2.114534 v u_inv3/Y (sky130_fd_sc_hd__inv_1)
                                                         n4 (net)
                      0.016606    0.000000    2.114534 v u_buf/A (sky130_fd_sc_hd__buf_2)
     1    0.033442    0.061540    0.111596    2.226130 v u_buf/X (sky130_fd_sc_hd__buf_2)
                                                         ro_out (net)
                      0.061540    0.000000    2.226130 v ro_out (out)
                                              2.226130   data arrival time

                      0.000000    0.000000    0.000000   clock null (rise edge)
                                  0.000000    0.000000   clock network delay (ideal)
                                  0.250000    0.250000   clock uncertainty
                                  0.000000    0.250000   clock reconvergence pessimism
                                 -2.000000   -1.750000   output external delay
                                             -1.750000   data required time
---------------------------------------------------------------------------------------------
                                             -1.750000   data required time
                                             -2.226130   data arrival time
---------------------------------------------------------------------------------------------
                                              3.976130   slack (MET)



