
 /----------------------------------------------------------------------------\
 |  yosys -- Yosys Open SYnthesis Suite                                       |
 |  Copyright (C) 2012 - 2026  Claire Xenia Wolf <claire@yosyshq.com>         |
 |  Distributed under an ISC-like license, type "license" to see terms        |
 \----------------------------------------------------------------------------/
 Yosys 0.65 (git sha1 b85cad634, g++ 13.3.0-6ubuntu2~24.04.1 -fPIC -O3)

1. Executing Verilog-2005 frontend: /foss/designs/sky130_characterization/openlane/characterization_top/runs/RUN_2026-06-19_09-25-21/tmp/f77f7f7ac4b742e2a703bd9ce0b9dde5.bb.v
Parsing SystemVerilog input from `/foss/designs/sky130_characterization/openlane/characterization_top/runs/RUN_2026-06-19_09-25-21/tmp/f77f7f7ac4b742e2a703bd9ce0b9dde5.bb.v' to AST representation.
Generating RTLIL representation for module `\sg13g2_a21o_1'.
Generating RTLIL representation for module `\sg13g2_a21o_2'.
Generating RTLIL representation for module `\sg13g2_a21oi_1'.
Generating RTLIL representation for module `\sg13g2_a21oi_2'.
Generating RTLIL representation for module `\sg13g2_a221oi_1'.
Generating RTLIL representation for module `\sg13g2_a22oi_1'.
Generating RTLIL representation for module `\sg13g2_and2_1'.
Generating RTLIL representation for module `\sg13g2_and2_2'.
Generating RTLIL representation for module `\sg13g2_and3_1'.
Generating RTLIL representation for module `\sg13g2_and3_2'.
Generating RTLIL representation for module `\sg13g2_and4_1'.
Generating RTLIL representation for module `\sg13g2_and4_2'.
Generating RTLIL representation for module `\sg13g2_antennanp'.
Generating RTLIL representation for module `\sg13g2_buf_1'.
Generating RTLIL representation for module `\sg13g2_buf_16'.
Generating RTLIL representation for module `\sg13g2_buf_2'.
Generating RTLIL representation for module `\sg13g2_buf_4'.
Generating RTLIL representation for module `\sg13g2_buf_8'.
Generating RTLIL representation for module `\sg13g2_decap_4'.
Generating RTLIL representation for module `\sg13g2_decap_8'.
Generating RTLIL representation for module `\sg13g2_dfrbp_1'.
Generating RTLIL representation for module `\sg13g2_dfrbp_2'.
Generating RTLIL representation for module `\sg13g2_dfrbpq_1'.
Generating RTLIL representation for module `\sg13g2_dfrbpq_2'.
Generating RTLIL representation for module `\sg13g2_dlhq_1'.
Generating RTLIL representation for module `\sg13g2_dlhr_1'.
Generating RTLIL representation for module `\sg13g2_dlhrq_1'.
Generating RTLIL representation for module `\sg13g2_dllr_1'.
Generating RTLIL representation for module `\sg13g2_dllrq_1'.
Generating RTLIL representation for module `\sg13g2_dlygate4sd1_1'.
Generating RTLIL representation for module `\sg13g2_dlygate4sd2_1'.
Generating RTLIL representation for module `\sg13g2_dlygate4sd3_1'.
Generating RTLIL representation for module `\sg13g2_ebufn_2'.
Generating RTLIL representation for module `\sg13g2_ebufn_4'.
Generating RTLIL representation for module `\sg13g2_ebufn_8'.
Generating RTLIL representation for module `\sg13g2_einvn_2'.
Generating RTLIL representation for module `\sg13g2_einvn_4'.
Generating RTLIL representation for module `\sg13g2_einvn_8'.
Generating RTLIL representation for module `\sg13g2_fill_1'.
Generating RTLIL representation for module `\sg13g2_fill_2'.
Generating RTLIL representation for module `\sg13g2_fill_4'.
Generating RTLIL representation for module `\sg13g2_fill_8'.
Generating RTLIL representation for module `\sg13g2_inv_1'.
Generating RTLIL representation for module `\sg13g2_inv_16'.
Generating RTLIL representation for module `\sg13g2_inv_2'.
Generating RTLIL representation for module `\sg13g2_inv_4'.
Generating RTLIL representation for module `\sg13g2_inv_8'.
Generating RTLIL representation for module `\sg13g2_lgcp_1'.
Generating RTLIL representation for module `\sg13g2_mux2_1'.
Generating RTLIL representation for module `\sg13g2_mux2_2'.
Generating RTLIL representation for module `\sg13g2_mux4_1'.
Generating RTLIL representation for module `\sg13g2_nand2_1'.
Generating RTLIL representation for module `\sg13g2_nand2_2'.
Generating RTLIL representation for module `\sg13g2_nand2b_1'.
Generating RTLIL representation for module `\sg13g2_nand2b_2'.
Generating RTLIL representation for module `\sg13g2_nand3_1'.
Generating RTLIL representation for module `\sg13g2_nand3b_1'.
Generating RTLIL representation for module `\sg13g2_nand4_1'.
Generating RTLIL representation for module `\sg13g2_nor2_1'.
Generating RTLIL representation for module `\sg13g2_nor2_2'.
Generating RTLIL representation for module `\sg13g2_nor2b_1'.
Generating RTLIL representation for module `\sg13g2_nor2b_2'.
Generating RTLIL representation for module `\sg13g2_nor3_1'.
Generating RTLIL representation for module `\sg13g2_nor3_2'.
Generating RTLIL representation for module `\sg13g2_nor4_1'.
Generating RTLIL representation for module `\sg13g2_nor4_2'.
Generating RTLIL representation for module `\sg13g2_o21ai_1'.
Generating RTLIL representation for module `\sg13g2_or2_1'.
Generating RTLIL representation for module `\sg13g2_or2_2'.
Generating RTLIL representation for module `\sg13g2_or3_1'.
Generating RTLIL representation for module `\sg13g2_or3_2'.
Generating RTLIL representation for module `\sg13g2_or4_1'.
Generating RTLIL representation for module `\sg13g2_or4_2'.
Generating RTLIL representation for module `\sg13g2_sdfbbp_1'.
Generating RTLIL representation for module `\sg13g2_sdfrbp_1'.
Generating RTLIL representation for module `\sg13g2_sdfrbp_2'.
Generating RTLIL representation for module `\sg13g2_sdfrbpq_1'.
Generating RTLIL representation for module `\sg13g2_sdfrbpq_2'.
Generating RTLIL representation for module `\sg13g2_sighold'.
Generating RTLIL representation for module `\sg13g2_slgcp_1'.
Generating RTLIL representation for module `\sg13g2_tiehi'.
Generating RTLIL representation for module `\sg13g2_tielo'.
Generating RTLIL representation for module `\sg13g2_xnor2_1'.
Generating RTLIL representation for module `\sg13g2_xor2_1'.
Successfully finished Verilog frontend.

2. Executing Verilog-2005 frontend: /foss/designs/sky130_characterization/openlane/characterization_top/runs/RUN_2026-06-19_09-25-21/tmp/f6506887e74744f3a5b899cdb908e11d.bb.v
Parsing SystemVerilog input from `/foss/designs/sky130_characterization/openlane/characterization_top/runs/RUN_2026-06-19_09-25-21/tmp/f6506887e74744f3a5b899cdb908e11d.bb.v' to AST representation.
Generating RTLIL representation for module `\sg13g2_Corner'.
Generating RTLIL representation for module `\sg13g2_Filler1000'.
Generating RTLIL representation for module `\sg13g2_Filler10000'.
Generating RTLIL representation for module `\sg13g2_Filler200'.
Generating RTLIL representation for module `\sg13g2_Filler2000'.
Generating RTLIL representation for module `\sg13g2_Filler400'.
Generating RTLIL representation for module `\sg13g2_Filler4000'.
Generating RTLIL representation for module `\sg13g2_IOPadAnalog'.
Generating RTLIL representation for module `\sg13g2_IOPadIOVdd'.
Generating RTLIL representation for module `\sg13g2_IOPadIOVss'.
Generating RTLIL representation for module `\sg13g2_IOPadIn'.
Generating RTLIL representation for module `\sg13g2_IOPadInOut16mA'.
Generating RTLIL representation for module `\sg13g2_IOPadInOut30mA'.
Generating RTLIL representation for module `\sg13g2_IOPadInOut4mA'.
Generating RTLIL representation for module `\sg13g2_IOPadOut16mA'.
Generating RTLIL representation for module `\sg13g2_IOPadOut30mA'.
Generating RTLIL representation for module `\sg13g2_IOPadOut4mA'.
Generating RTLIL representation for module `\sg13g2_IOPadTriOut16mA'.
Generating RTLIL representation for module `\sg13g2_IOPadTriOut30mA'.
Generating RTLIL representation for module `\sg13g2_IOPadTriOut4mA'.
Generating RTLIL representation for module `\sg13g2_IOPadVdd'.
Generating RTLIL representation for module `\sg13g2_IOPadVss'.
Successfully finished Verilog frontend.
wtaf

3. Executing Verilog-2005 frontend: /foss/designs/sky130_characterization/rtl/ro_counter.v
Parsing SystemVerilog input from `/foss/designs/sky130_characterization/rtl/ro_counter.v' to AST representation.
Storing AST representation for module `$abstract\ro_counter'.
Successfully finished Verilog frontend.

4. Executing Verilog-2005 frontend: /foss/designs/sky130_characterization/rtl/delay_chain_block.v
Parsing SystemVerilog input from `/foss/designs/sky130_characterization/rtl/delay_chain_block.v' to AST representation.
Storing AST representation for module `$abstract\delay_chain_block'.
Successfully finished Verilog frontend.

5. Executing Verilog-2005 frontend: /foss/designs/sky130_characterization/rtl/characterization_top.v
Parsing SystemVerilog input from `/foss/designs/sky130_characterization/rtl/characterization_top.v' to AST representation.
Storing AST representation for module `$abstract\characterization_top'.
Successfully finished Verilog frontend.

6. Executing HIERARCHY pass (managing design hierarchy).

7. Executing AST frontend in derive mode using pre-parsed AST for module `\characterization_top'.
Generating RTLIL representation for module `\characterization_top'.

7.1. Analyzing design hierarchy..
Top module:  \characterization_top

7.2. Executing AST frontend in derive mode using pre-parsed AST for module `\delay_chain_block'.
Generating RTLIL representation for module `\delay_chain_block'.

7.3. Executing AST frontend in derive mode using pre-parsed AST for module `\ro_counter'.
Generating RTLIL representation for module `\ro_counter'.

7.4. Analyzing design hierarchy..
Top module:  \characterization_top
Used module:     \delay_chain_block
Used module:     \ro_counter

7.5. Analyzing design hierarchy..
Top module:  \characterization_top
Used module:     \delay_chain_block
Used module:     \ro_counter
Removing unused module `$abstract\characterization_top'.
Removing unused module `$abstract\delay_chain_block'.
Removing unused module `$abstract\ro_counter'.
Removed 3 unused modules.
Renaming module characterization_top to characterization_top.

8. Executing PROC pass (convert processes to netlists).

8.1. Executing PROC_CLEAN pass (remove empty switches from decision trees).
Cleaned up 0 empty switches.

8.2. Executing PROC_RMDEAD pass (remove dead branches from decision trees).
Marked 2 switch rules as full_case in process $proc$/foss/designs/sky130_characterization/rtl/characterization_top.v:110$22 in module characterization_top.
Marked 4 switch rules as full_case in process $proc$/foss/designs/sky130_characterization/rtl/delay_chain_block.v:34$25 in module delay_chain_block.
Marked 5 switch rules as full_case in process $proc$/foss/designs/sky130_characterization/rtl/ro_counter.v:43$42 in module ro_counter.
Removed a total of 0 dead cases.

8.3. Executing PROC_PRUNE pass (remove redundant assignments in processes).
Removed 5 redundant assignments.
Promoted 0 assignments to connections.

8.4. Executing PROC_INIT pass (extract init attributes).

8.5. Executing PROC_ARST pass (detect async resets in processes).
Found async reset \rst in `\characterization_top.$proc$/foss/designs/sky130_characterization/rtl/characterization_top.v:110$22'.
Found async reset \rst in `\delay_chain_block.$proc$/foss/designs/sky130_characterization/rtl/delay_chain_block.v:34$25'.
Found async reset \rst in `\ro_counter.$proc$/foss/designs/sky130_characterization/rtl/ro_counter.v:43$42'.

8.6. Executing PROC_ROM pass (convert switches to ROMs).
Converted 0 switches.
<suppressed ~21 debug messages>

8.7. Executing PROC_MUX pass (convert decision trees to multiplexers).
Creating decoders for process `\characterization_top.$proc$/foss/designs/sky130_characterization/rtl/characterization_top.v:110$22'.
     1/30: $0\corner_class_reg[2:0] [2]
     2/30: $0\corner_class_reg[2:0] [1]
     3/30: $0\corner_class_reg[2:0] [0]
     4/30: $0\status_reg[7:0] [6]
     5/30: $0\status_reg[7:0] [5]
     6/30: $0\status_reg[7:0] [4]
     7/30: $0\clock_status_reg[7:0] [5]
     8/30: $0\clock_status_reg[7:0] [4]
     9/30: $0\clock_status_reg[7:0] [3]
    10/30: $0\clock_status_reg[7:0] [2]
    11/30: $0\clock_status_reg[7:0] [1]
    12/30: $0\clock_status_reg[7:0] [0]
    13/30: $0\status_reg[7:0] [3]
    14/30: $0\status_reg[7:0] [2]
    15/30: $0\status_reg[7:0] [0]
    16/30: $0\status_reg[7:0] [1]
    17/30: $0\ro_start[0:0]
    18/30: $0\start_prev[0:0]
    19/30: $0\state[2:0]
    20/30: $0\done[0:0]
    21/30: $0\busy[0:0]
    22/30: $0\status_reg[7:0] [7]
    23/30: $0\clock_status_reg[7:0] [7:6]
    24/30: $0\delay_start[0:0]
    25/30: $0\delay_count_reg_2[15:0]
    26/30: $0\delay_count_reg_1[15:0]
    27/30: $0\delay_count_reg_0[15:0]
    28/30: $0\ro_count_reg_2[7:0]
    29/30: $0\ro_count_reg_1[7:0]
    30/30: $0\ro_count_reg_0[7:0]
Creating decoders for process `\delay_chain_block.$proc$/foss/designs/sky130_characterization/rtl/delay_chain_block.v:34$25'.
     1/14: $0\start_prev[0:0]
     2/14: $0\chain_2_done[0:0]
     3/14: $0\chain_1_done[0:0]
     4/14: $0\chain_0_done[0:0]
     5/14: $0\chain_2[31:0]
     6/14: $0\chain_1[15:0]
     7/14: $0\chain_0[7:0]
     8/14: $0\cycle_count[15:0]
     9/14: $0\measuring[0:0]
    10/14: $0\delay_status[2:0]
    11/14: $0\delay_count_2[15:0]
    12/14: $0\delay_count_1[15:0]
    13/14: $0\delay_count_0[15:0]
    14/14: $0\done[0:0]
Creating decoders for process `\ro_counter.$proc$/foss/designs/sky130_characterization/rtl/ro_counter.v:43$42'.
     1/15: $0\start_prev[0:0]
     2/15: $0\prev_rclk_2[0:0]
     3/15: $0\prev_rclk_1[0:0]
     4/15: $0\prev_rclk_0[0:0]
     5/15: $0\count_2[7:0]
     6/15: $0\count_1[7:0]
     7/15: $0\count_0[7:0]
     8/15: $0\measurement_window[9:0]
     9/15: $0\measuring[0:0]
    10/15: $0\fault[0:0]
    11/15: $0\warning[0:0]
    12/15: $0\ro_count_2[7:0]
    13/15: $0\ro_count_1[7:0]
    14/15: $0\ro_count_0[7:0]
    15/15: $0\done[0:0]

8.8. Executing PROC_DLATCH pass (convert process syncs to latches).

8.9. Executing PROC_DFF pass (convert process syncs to FFs).
Creating register for signal `\characterization_top.\ro_count_reg_0' using process `\characterization_top.$proc$/foss/designs/sky130_characterization/rtl/characterization_top.v:110$22'.
  created $adff cell `$procdff$525' with positive edge clock and positive level reset.
Creating register for signal `\characterization_top.\ro_count_reg_1' using process `\characterization_top.$proc$/foss/designs/sky130_characterization/rtl/characterization_top.v:110$22'.
  created $adff cell `$procdff$528' with positive edge clock and positive level reset.
Creating register for signal `\characterization_top.\ro_count_reg_2' using process `\characterization_top.$proc$/foss/designs/sky130_characterization/rtl/characterization_top.v:110$22'.
  created $adff cell `$procdff$531' with positive edge clock and positive level reset.
Creating register for signal `\characterization_top.\delay_count_reg_0' using process `\characterization_top.$proc$/foss/designs/sky130_characterization/rtl/characterization_top.v:110$22'.
  created $adff cell `$procdff$534' with positive edge clock and positive level reset.
Creating register for signal `\characterization_top.\delay_count_reg_1' using process `\characterization_top.$proc$/foss/designs/sky130_characterization/rtl/characterization_top.v:110$22'.
  created $adff cell `$procdff$537' with positive edge clock and positive level reset.
Creating register for signal `\characterization_top.\delay_count_reg_2' using process `\characterization_top.$proc$/foss/designs/sky130_characterization/rtl/characterization_top.v:110$22'.
  created $adff cell `$procdff$540' with positive edge clock and positive level reset.
Creating register for signal `\characterization_top.\status_reg' using process `\characterization_top.$proc$/foss/designs/sky130_characterization/rtl/characterization_top.v:110$22'.
  created $adff cell `$procdff$543' with positive edge clock and positive level reset.
Creating register for signal `\characterization_top.\clock_status_reg' using process `\characterization_top.$proc$/foss/designs/sky130_characterization/rtl/characterization_top.v:110$22'.
  created $adff cell `$procdff$546' with positive edge clock and positive level reset.
Creating register for signal `\characterization_top.\corner_class_reg' using process `\characterization_top.$proc$/foss/designs/sky130_characterization/rtl/characterization_top.v:110$22'.
  created $adff cell `$procdff$549' with positive edge clock and positive level reset.
Creating register for signal `\characterization_top.\busy' using process `\characterization_top.$proc$/foss/designs/sky130_characterization/rtl/characterization_top.v:110$22'.
  created $adff cell `$procdff$552' with positive edge clock and positive level reset.
Creating register for signal `\characterization_top.\done' using process `\characterization_top.$proc$/foss/designs/sky130_characterization/rtl/characterization_top.v:110$22'.
  created $adff cell `$procdff$555' with positive edge clock and positive level reset.
Creating register for signal `\characterization_top.\state' using process `\characterization_top.$proc$/foss/designs/sky130_characterization/rtl/characterization_top.v:110$22'.
  created $adff cell `$procdff$558' with positive edge clock and positive level reset.
Creating register for signal `\characterization_top.\start_prev' using process `\characterization_top.$proc$/foss/designs/sky130_characterization/rtl/characterization_top.v:110$22'.
  created $adff cell `$procdff$561' with positive edge clock and positive level reset.
Creating register for signal `\characterization_top.\ro_start' using process `\characterization_top.$proc$/foss/designs/sky130_characterization/rtl/characterization_top.v:110$22'.
  created $adff cell `$procdff$564' with positive edge clock and positive level reset.
Creating register for signal `\characterization_top.\delay_start' using process `\characterization_top.$proc$/foss/designs/sky130_characterization/rtl/characterization_top.v:110$22'.
  created $adff cell `$procdff$567' with positive edge clock and positive level reset.
Creating register for signal `\delay_chain_block.\done' using process `\delay_chain_block.$proc$/foss/designs/sky130_characterization/rtl/delay_chain_block.v:34$25'.
  created $adff cell `$procdff$570' with positive edge clock and positive level reset.
Creating register for signal `\delay_chain_block.\start_prev' using process `\delay_chain_block.$proc$/foss/designs/sky130_characterization/rtl/delay_chain_block.v:34$25'.
  created $adff cell `$procdff$573' with positive edge clock and positive level reset.
Creating register for signal `\delay_chain_block.\delay_count_0' using process `\delay_chain_block.$proc$/foss/designs/sky130_characterization/rtl/delay_chain_block.v:34$25'.
  created $adff cell `$procdff$576' with positive edge clock and positive level reset.
Creating register for signal `\delay_chain_block.\delay_count_1' using process `\delay_chain_block.$proc$/foss/designs/sky130_characterization/rtl/delay_chain_block.v:34$25'.
  created $adff cell `$procdff$579' with positive edge clock and positive level reset.
Creating register for signal `\delay_chain_block.\delay_count_2' using process `\delay_chain_block.$proc$/foss/designs/sky130_characterization/rtl/delay_chain_block.v:34$25'.
  created $adff cell `$procdff$582' with positive edge clock and positive level reset.
Creating register for signal `\delay_chain_block.\delay_status' using process `\delay_chain_block.$proc$/foss/designs/sky130_characterization/rtl/delay_chain_block.v:34$25'.
  created $adff cell `$procdff$585' with positive edge clock and positive level reset.
Creating register for signal `\delay_chain_block.\measuring' using process `\delay_chain_block.$proc$/foss/designs/sky130_characterization/rtl/delay_chain_block.v:34$25'.
  created $adff cell `$procdff$588' with positive edge clock and positive level reset.
Creating register for signal `\delay_chain_block.\cycle_count' using process `\delay_chain_block.$proc$/foss/designs/sky130_characterization/rtl/delay_chain_block.v:34$25'.
  created $adff cell `$procdff$591' with positive edge clock and positive level reset.
Creating register for signal `\delay_chain_block.\chain_0' using process `\delay_chain_block.$proc$/foss/designs/sky130_characterization/rtl/delay_chain_block.v:34$25'.
  created $adff cell `$procdff$594' with positive edge clock and positive level reset.
Creating register for signal `\delay_chain_block.\chain_1' using process `\delay_chain_block.$proc$/foss/designs/sky130_characterization/rtl/delay_chain_block.v:34$25'.
  created $adff cell `$procdff$597' with positive edge clock and positive level reset.
Creating register for signal `\delay_chain_block.\chain_2' using process `\delay_chain_block.$proc$/foss/designs/sky130_characterization/rtl/delay_chain_block.v:34$25'.
  created $adff cell `$procdff$600' with positive edge clock and positive level reset.
Creating register for signal `\delay_chain_block.\chain_0_done' using process `\delay_chain_block.$proc$/foss/designs/sky130_characterization/rtl/delay_chain_block.v:34$25'.
  created $adff cell `$procdff$603' with positive edge clock and positive level reset.
Creating register for signal `\delay_chain_block.\chain_1_done' using process `\delay_chain_block.$proc$/foss/designs/sky130_characterization/rtl/delay_chain_block.v:34$25'.
  created $adff cell `$procdff$606' with positive edge clock and positive level reset.
Creating register for signal `\delay_chain_block.\chain_2_done' using process `\delay_chain_block.$proc$/foss/designs/sky130_characterization/rtl/delay_chain_block.v:34$25'.
  created $adff cell `$procdff$609' with positive edge clock and positive level reset.
Creating register for signal `\ro_counter.\done' using process `\ro_counter.$proc$/foss/designs/sky130_characterization/rtl/ro_counter.v:43$42'.
  created $adff cell `$procdff$612' with positive edge clock and positive level reset.
Creating register for signal `\ro_counter.\start_prev' using process `\ro_counter.$proc$/foss/designs/sky130_characterization/rtl/ro_counter.v:43$42'.
  created $adff cell `$procdff$615' with positive edge clock and positive level reset.
Creating register for signal `\ro_counter.\ro_count_0' using process `\ro_counter.$proc$/foss/designs/sky130_characterization/rtl/ro_counter.v:43$42'.
  created $adff cell `$procdff$618' with positive edge clock and positive level reset.
Creating register for signal `\ro_counter.\ro_count_1' using process `\ro_counter.$proc$/foss/designs/sky130_characterization/rtl/ro_counter.v:43$42'.
  created $adff cell `$procdff$621' with positive edge clock and positive level reset.
Creating register for signal `\ro_counter.\ro_count_2' using process `\ro_counter.$proc$/foss/designs/sky130_characterization/rtl/ro_counter.v:43$42'.
  created $adff cell `$procdff$624' with positive edge clock and positive level reset.
Creating register for signal `\ro_counter.\warning' using process `\ro_counter.$proc$/foss/designs/sky130_characterization/rtl/ro_counter.v:43$42'.
  created $adff cell `$procdff$627' with positive edge clock and positive level reset.
Creating register for signal `\ro_counter.\fault' using process `\ro_counter.$proc$/foss/designs/sky130_characterization/rtl/ro_counter.v:43$42'.
  created $adff cell `$procdff$630' with positive edge clock and positive level reset.
Creating register for signal `\ro_counter.\measuring' using process `\ro_counter.$proc$/foss/designs/sky130_characterization/rtl/ro_counter.v:43$42'.
  created $adff cell `$procdff$633' with positive edge clock and positive level reset.
Creating register for signal `\ro_counter.\measurement_window' using process `\ro_counter.$proc$/foss/designs/sky130_characterization/rtl/ro_counter.v:43$42'.
  created $adff cell `$procdff$636' with positive edge clock and positive level reset.
Creating register for signal `\ro_counter.\count_0' using process `\ro_counter.$proc$/foss/designs/sky130_characterization/rtl/ro_counter.v:43$42'.
  created $adff cell `$procdff$639' with positive edge clock and positive level reset.
Creating register for signal `\ro_counter.\count_1' using process `\ro_counter.$proc$/foss/designs/sky130_characterization/rtl/ro_counter.v:43$42'.
  created $adff cell `$procdff$642' with positive edge clock and positive level reset.
Creating register for signal `\ro_counter.\count_2' using process `\ro_counter.$proc$/foss/designs/sky130_characterization/rtl/ro_counter.v:43$42'.
  created $adff cell `$procdff$645' with positive edge clock and positive level reset.
Creating register for signal `\ro_counter.\prev_rclk_0' using process `\ro_counter.$proc$/foss/designs/sky130_characterization/rtl/ro_counter.v:43$42'.
  created $adff cell `$procdff$648' with positive edge clock and positive level reset.
Creating register for signal `\ro_counter.\prev_rclk_1' using process `\ro_counter.$proc$/foss/designs/sky130_characterization/rtl/ro_counter.v:43$42'.
  created $adff cell `$procdff$651' with positive edge clock and positive level reset.
Creating register for signal `\ro_counter.\prev_rclk_2' using process `\ro_counter.$proc$/foss/designs/sky130_characterization/rtl/ro_counter.v:43$42'.
  created $adff cell `$procdff$654' with positive edge clock and positive level reset.

8.10. Executing PROC_MEMWR pass (convert process memory writes to cells).

8.11. Executing PROC_CLEAN pass (remove empty switches from decision trees).
Found and cleaned up 5 empty switches in `\characterization_top.$proc$/foss/designs/sky130_characterization/rtl/characterization_top.v:110$22'.
Removing empty process `characterization_top.$proc$/foss/designs/sky130_characterization/rtl/characterization_top.v:110$22'.
Found and cleaned up 8 empty switches in `\delay_chain_block.$proc$/foss/designs/sky130_characterization/rtl/delay_chain_block.v:34$25'.
Removing empty process `delay_chain_block.$proc$/foss/designs/sky130_characterization/rtl/delay_chain_block.v:34$25'.
Found and cleaned up 8 empty switches in `\ro_counter.$proc$/foss/designs/sky130_characterization/rtl/ro_counter.v:43$42'.
Removing empty process `ro_counter.$proc$/foss/designs/sky130_characterization/rtl/ro_counter.v:43$42'.
Cleaned up 21 empty switches.

8.12. Executing OPT_EXPR pass (perform const folding).
Optimizing module characterization_top.
<suppressed ~36 debug messages>
Optimizing module delay_chain_block.
<suppressed ~20 debug messages>
Optimizing module ro_counter.
<suppressed ~21 debug messages>

9. Executing FLATTEN pass (flatten design).
Deleting now unused module delay_chain_block.
Deleting now unused module ro_counter.
<suppressed ~2 debug messages>

10. Executing OPT_CLEAN pass (remove unused cells and wires).
Finding unused cells or wires in module \characterization_top..
Removed 2 unused cells and 252 unused wires.
<suppressed ~23 debug messages>
