Reading timing models for corner max_tt_025C_1v80…
Reading timing library for the 'max_tt_025C_1v80' corner at '/foss/pdks/sky130A/libs.ref/sky130_fd_sc_hd/lib/sky130_fd_sc_hd__tt_025C_1v80.lib'…
Reading timing models for corner min_ss_100C_1v60…
Reading timing library for the 'min_ss_100C_1v60' corner at '/foss/pdks/sky130A/libs.ref/sky130_fd_sc_hd/lib/sky130_fd_sc_hd__ss_100C_1v60.lib'…
Reading timing models for corner nom_tt_025C_1v80…
Reading timing library for the 'nom_tt_025C_1v80' corner at '/foss/pdks/sky130A/libs.ref/sky130_fd_sc_hd/lib/sky130_fd_sc_hd__tt_025C_1v80.lib'…
[WARNING STA-1140] /foss/pdks/sky130A/libs.ref/sky130_fd_sc_hd/lib/sky130_fd_sc_hd__tt_025C_1v80.lib line 1, library sky130_fd_sc_hd__tt_025C_1v80 already exists.
Reading timing models for corner max_ff_n40C_1v95…
Reading timing library for the 'max_ff_n40C_1v95' corner at '/foss/pdks/sky130A/libs.ref/sky130_fd_sc_hd/lib/sky130_fd_sc_hd__ff_n40C_1v95.lib'…
Reading timing models for corner nom_ff_n40C_1v95…
Reading timing library for the 'nom_ff_n40C_1v95' corner at '/foss/pdks/sky130A/libs.ref/sky130_fd_sc_hd/lib/sky130_fd_sc_hd__ff_n40C_1v95.lib'…
[WARNING STA-1140] /foss/pdks/sky130A/libs.ref/sky130_fd_sc_hd/lib/sky130_fd_sc_hd__ff_n40C_1v95.lib line 1, library sky130_fd_sc_hd__ff_n40C_1v95 already exists.
Reading timing models for corner max_ss_100C_1v60…
Reading timing library for the 'max_ss_100C_1v60' corner at '/foss/pdks/sky130A/libs.ref/sky130_fd_sc_hd/lib/sky130_fd_sc_hd__ss_100C_1v60.lib'…
[WARNING STA-1140] /foss/pdks/sky130A/libs.ref/sky130_fd_sc_hd/lib/sky130_fd_sc_hd__ss_100C_1v60.lib line 1, library sky130_fd_sc_hd__ss_100C_1v60 already exists.
Reading timing models for corner min_tt_025C_1v80…
Reading timing library for the 'min_tt_025C_1v80' corner at '/foss/pdks/sky130A/libs.ref/sky130_fd_sc_hd/lib/sky130_fd_sc_hd__tt_025C_1v80.lib'…
[WARNING STA-1140] /foss/pdks/sky130A/libs.ref/sky130_fd_sc_hd/lib/sky130_fd_sc_hd__tt_025C_1v80.lib line 1, library sky130_fd_sc_hd__tt_025C_1v80 already exists.
Reading timing models for corner nom_ss_100C_1v60…
Reading timing library for the 'nom_ss_100C_1v60' corner at '/foss/pdks/sky130A/libs.ref/sky130_fd_sc_hd/lib/sky130_fd_sc_hd__ss_100C_1v60.lib'…
[WARNING STA-1140] /foss/pdks/sky130A/libs.ref/sky130_fd_sc_hd/lib/sky130_fd_sc_hd__ss_100C_1v60.lib line 1, library sky130_fd_sc_hd__ss_100C_1v60 already exists.
Reading timing models for corner min_ff_n40C_1v95…
Reading timing library for the 'min_ff_n40C_1v95' corner at '/foss/pdks/sky130A/libs.ref/sky130_fd_sc_hd/lib/sky130_fd_sc_hd__ff_n40C_1v95.lib'…
[WARNING STA-1140] /foss/pdks/sky130A/libs.ref/sky130_fd_sc_hd/lib/sky130_fd_sc_hd__ff_n40C_1v95.lib line 1, library sky130_fd_sc_hd__ff_n40C_1v95 already exists.
Reading OpenROAD database at '/foss/designs/sky130_characterization/openlane/characterization_top_sky130/runs/RUN_2026-06-23_12-08-15/35-openroad-cts/characterization_top.odb'…
Reading design constraints file at '/usr/local/lib/python3.12/dist-packages/librelane/scripts/base.sdc'…
[INFO] Using clock clk…
[INFO] Setting output delay to: 2.0
[INFO] Setting input delay to: 2.0
[INFO] Setting load to: 0.033442
[INFO] Setting clock uncertainty to: 0.25
[INFO] Setting clock transition to: 0.1499999999999999944488848768742172978818416595458984375
[INFO] Setting timing derate to: 5%
+ repair_timing -verbose -setup -setup_margin 0.05000000000000000277555756156289135105907917022705078125 -max_buffer_percent 50
[INFO RSZ-0100] Repair move sequence: UnbufferMove SizeUpMove SwapPinsMove BufferMove CloneMove SplitLoadMove 
[INFO RSZ-0098] No setup violations found
+ repair_timing -verbose -hold -setup_margin 0.05000000000000000277555756156289135105907917022705078125 -hold_margin 0.1000000000000000055511151231257827021181583404541015625 -max_buffer_percent 50
[INFO RSZ-0046] Found 216 endpoints with hold violations.
Iteration | Resized | Buffers | Cloned Gates |   Area   |   WNS   |   TNS   | Endpoint
--------------------------------------------------------------------------------------
        0 |       0 |       0 |            0 |    +0.0% |  -0.006 |  -0.006 | _1729_/D
       10 |       0 |      13 |            0 |    +0.9% |   0.058 |   0.000 | _1670_/D
       20 |       0 |      26 |            0 |    +1.7% |   0.059 |   0.000 | _1634_/D
       30 |       0 |      37 |            0 |    +2.4% |   0.060 |   0.000 | _1678_/D
       40 |       0 |      51 |            0 |    +3.4% |   0.060 |   0.000 | _1663_/D
       50 |       0 |      61 |            0 |    +4.0% |   0.062 |   0.000 | _1466_/D
       60 |       0 |      71 |            0 |    +4.7% |   0.062 |   0.000 | _1686_/D
       70 |       0 |      81 |            0 |    +5.4% |   0.063 |   0.000 | _1716_/D
       80 |       0 |      92 |            0 |    +6.1% |   0.063 |   0.000 | _1680_/D
       90 |       0 |     106 |            0 |    +7.0% |   0.064 |   0.000 | _1671_/D
      100 |       0 |     113 |            0 |    +7.5% |   0.065 |   0.000 | _1640_/D
      110 |       0 |     124 |            0 |    +8.2% |   0.066 |   0.000 | _1502_/D
      120 |       0 |     136 |            0 |    +9.0% |   0.067 |   0.000 | _1642_/D
      130 |       0 |     152 |            0 |   +10.1% |   0.069 |   0.000 | _1658_/D
      140 |       0 |     167 |            0 |   +11.0% |   0.071 |   0.000 | _1693_/D
      150 |       0 |     177 |            0 |   +11.7% |   0.072 |   0.000 | _1718_/D
      160 |       0 |     188 |            0 |   +12.4% |   0.075 |   0.000 | _1573_/D
      170 |       0 |     200 |            0 |   +13.2% |   0.077 |   0.000 | _1581_/D
      180 |       0 |     211 |            0 |   +14.0% |   0.080 |   0.000 | _1656_/D
      190 |       0 |     220 |            0 |   +14.6% |   0.086 |   0.000 | _1606_/D
      200 |       0 |     229 |            0 |   +15.1% |   0.086 |   0.000 | _1724_/D
      210 |       0 |     239 |            0 |   +15.8% |   0.086 |   0.000 | _1724_/D
      220 |       0 |     248 |            0 |   +16.4% |   0.098 |   0.000 | _1640_/D
    final |       0 |     253 |            0 |   +16.7% |   0.100 |   0.000 | _1641_/D
--------------------------------------------------------------------------------------
[INFO RSZ-0032] Inserted 253 hold buffers.
+ detailed_placement -max_displacement  500 100 
Placement Analysis
---------------------------------
total displacement       1880.3 u
average displacement        0.4 u
max displacement           19.0 u
original HPWL           38000.2 u
legalized HPWL          40760.3 u
delta HPWL                    7 %

[INFO DPL-0020] Mirrored 654 instances
[INFO DPL-0021] HPWL before           40760.3 u
[INFO DPL-0022] HPWL after            39381.3 u
[INFO DPL-0023] HPWL delta               -3.4 %
Setting global connections for newly added cells…
[INFO] Setting global connections...
[INFO ODB-0403] 1012 connections made, 0 conflicts skipped.
Updating metrics…
Cell type report:                       Count       Area
  Fill cell                               350    1313.76
  Tap cell                               3274    4096.43
  Buffer                                    1       5.00
  Clock buffer                             40     575.55
  Timing Repair Buffer                    466    4554.37
  Inverter                                286    1073.53
  Clock inverter                            5      57.56
  Sequential cell                         270    7094.30
  Multi-Input combinational cell          448    4305.38
  Total                                  5140   23075.88
Writing OpenROAD database to '/foss/designs/sky130_characterization/openlane/characterization_top_sky130/runs/RUN_2026-06-23_12-08-15/37-openroad-resizertimingpostcts/characterization_top.odb'…
Writing netlist to '/foss/designs/sky130_characterization/openlane/characterization_top_sky130/runs/RUN_2026-06-23_12-08-15/37-openroad-resizertimingpostcts/characterization_top.nl.v'…
Writing powered netlist to '/foss/designs/sky130_characterization/openlane/characterization_top_sky130/runs/RUN_2026-06-23_12-08-15/37-openroad-resizertimingpostcts/characterization_top.pnl.v'…
Writing layout to '/foss/designs/sky130_characterization/openlane/characterization_top_sky130/runs/RUN_2026-06-23_12-08-15/37-openroad-resizertimingpostcts/characterization_top.def'…
Writing timing constraints to '/foss/designs/sky130_characterization/openlane/characterization_top_sky130/runs/RUN_2026-06-23_12-08-15/37-openroad-resizertimingpostcts/characterization_top.sdc'…
