+ define_corners nom_ff_n40C_1v95
Reading timing models for corner nom_ff_n40C_1v95…
Reading cell library for the 'nom_ff_n40C_1v95' corner at '/foss/pdks/sky130A/libs.ref/sky130_fd_sc_hd/lib/sky130_fd_sc_hd__ff_n40C_1v95.lib'…
Reading top-level netlist at '/foss/designs/sky130_characterization/openlane/delay_chain_physical_top/runs/RUN_2026-07-07_15-42-53/06-yosys-synthesis/delay_chain_physical_top.nl.v'…
Linking design 'delay_chain_physical_top' from netlist…
Reading design constraints file at '/usr/local/lib/python3.12/dist-packages/librelane/scripts/base.sdc'…
Warning: base.sdc line 15, port 'null' not found.
[INFO] Using clock null…
[INFO] Setting output delay to: 2
[INFO] Setting input delay to: 2
Warning: base.sdc line 32, port 'null' not found.
[INFO] Setting load to: 0.033442
[INFO] Setting clock uncertainty to: 0.25
[INFO] Setting clock transition to: 0.1499999999999999944488848768742172978818416595458984375
Warning: base.sdc line 69, transition time can not be specified for virtual clocks.
[INFO] Setting timing derate to: 5%
%OL_CREATE_REPORT min.rpt

===========================================================================
report_checks -path_delay min (Hold)
============================================================================
======================= nom_ff_n40C_1v95 Corner ===================================

Startpoint: in (input port clocked by null)
Endpoint: out (output port clocked by null)
Path Group: null
Path Type: min

Fanout         Cap        Slew       Delay        Time   Description
---------------------------------------------------------------------------------------------
                      0.000000    0.000000    0.000000   clock null (rise edge)
                                  0.000000    0.000000   clock network delay (ideal)
                                  2.000000    2.000000 ^ input external delay
     1    0.001878    0.011033    0.004797    2.004797 ^ in (in)
                                                         in (net)
                      0.011033    0.000000    2.004797 ^ u0/A (sky130_fd_sc_hd__buf_2)
     1    0.001878    0.016647    0.049830    2.054627 ^ u0/X (sky130_fd_sc_hd__buf_2)
                                                         n0 (net)
                      0.016647    0.000000    2.054627 ^ u1/A (sky130_fd_sc_hd__buf_2)
     1    0.001878    0.016641    0.051418    2.106046 ^ u1/X (sky130_fd_sc_hd__buf_2)
                                                         n1 (net)
                      0.016641    0.000000    2.106046 ^ u2/A (sky130_fd_sc_hd__buf_2)
     1    0.001878    0.016641    0.051416    2.157462 ^ u2/X (sky130_fd_sc_hd__buf_2)
                                                         n2 (net)
                      0.016641    0.000000    2.157462 ^ u3/A (sky130_fd_sc_hd__buf_2)
     1    0.001878    0.016641    0.051416    2.208879 ^ u3/X (sky130_fd_sc_hd__buf_2)
                                                         n3 (net)
                      0.016641    0.000000    2.208879 ^ u4/A (sky130_fd_sc_hd__buf_2)
     1    0.001878    0.016641    0.051416    2.260295 ^ u4/X (sky130_fd_sc_hd__buf_2)
                                                         n4 (net)
                      0.016641    0.000000    2.260295 ^ u5/A (sky130_fd_sc_hd__buf_2)
     1    0.001878    0.016641    0.051416    2.311711 ^ u5/X (sky130_fd_sc_hd__buf_2)
                                                         n5 (net)
                      0.016641    0.000000    2.311711 ^ u6/A (sky130_fd_sc_hd__buf_2)
     1    0.001878    0.016641    0.051416    2.363128 ^ u6/X (sky130_fd_sc_hd__buf_2)
                                                         n6 (net)
                      0.016641    0.000000    2.363128 ^ u7/A (sky130_fd_sc_hd__buf_2)
     1    0.001878    0.016641    0.051416    2.414544 ^ u7/X (sky130_fd_sc_hd__buf_2)
                                                         n7 (net)
                      0.016641    0.000000    2.414544 ^ u8/A (sky130_fd_sc_hd__buf_2)
     1    0.033442    0.127479    0.131386    2.545930 ^ u8/X (sky130_fd_sc_hd__buf_2)
                                                         out (net)
                      0.127479    0.000000    2.545930 ^ out (out)
                                              2.545930   data arrival time

                      0.000000    0.000000    0.000000   clock null (rise edge)
                                  0.000000    0.000000   clock network delay (ideal)
                                  0.250000    0.250000   clock uncertainty
                                  0.000000    0.250000   clock reconvergence pessimism
                                 -2.000000   -1.750000   output external delay
                                             -1.750000   data required time
---------------------------------------------------------------------------------------------
                                             -1.750000   data required time
                                             -2.545930   data arrival time
---------------------------------------------------------------------------------------------
                                              4.295930   slack (MET)



%OL_END_REPORT
%OL_CREATE_REPORT max.rpt

===========================================================================
report_checks -path_delay max (Setup)
============================================================================
======================= nom_ff_n40C_1v95 Corner ===================================

Startpoint: in (input port clocked by null)
Endpoint: out (output port clocked by null)
Path Group: null
Path Type: max

Fanout         Cap        Slew       Delay        Time   Description
---------------------------------------------------------------------------------------------
                      0.000000    0.000000    0.000000   clock null (rise edge)
                                  0.000000    0.000000   clock network delay (ideal)
                                  2.000000    2.000000 v input external delay
     1    0.001719    0.003266    0.001305    2.001305 v in (in)
                                                         in (net)
                      0.003266    0.000000    2.001305 v u0/A (sky130_fd_sc_hd__buf_2)
     1    0.001719    0.015428    0.058304    2.059609 v u0/X (sky130_fd_sc_hd__buf_2)
                                                         n0 (net)
                      0.015428    0.000000    2.059609 v u1/A (sky130_fd_sc_hd__buf_2)
     1    0.001719    0.015412    0.062582    2.122191 v u1/X (sky130_fd_sc_hd__buf_2)
                                                         n1 (net)
                      0.015412    0.000000    2.122191 v u2/A (sky130_fd_sc_hd__buf_2)
     1    0.001719    0.015412    0.062576    2.184767 v u2/X (sky130_fd_sc_hd__buf_2)
                                                         n2 (net)
                      0.015412    0.000000    2.184767 v u3/A (sky130_fd_sc_hd__buf_2)
     1    0.001719    0.015412    0.062576    2.247343 v u3/X (sky130_fd_sc_hd__buf_2)
                                                         n3 (net)
                      0.015412    0.000000    2.247343 v u4/A (sky130_fd_sc_hd__buf_2)
     1    0.001719    0.015412    0.062576    2.309919 v u4/X (sky130_fd_sc_hd__buf_2)
                                                         n4 (net)
                      0.015412    0.000000    2.309919 v u5/A (sky130_fd_sc_hd__buf_2)
     1    0.001719    0.015412    0.062576    2.372495 v u5/X (sky130_fd_sc_hd__buf_2)
                                                         n5 (net)
                      0.015412    0.000000    2.372495 v u6/A (sky130_fd_sc_hd__buf_2)
     1    0.001719    0.015412    0.062576    2.435071 v u6/X (sky130_fd_sc_hd__buf_2)
                                                         n6 (net)
                      0.015412    0.000000    2.435071 v u7/A (sky130_fd_sc_hd__buf_2)
     1    0.001719    0.015412    0.062576    2.497648 v u7/X (sky130_fd_sc_hd__buf_2)
                                                         n7 (net)
                      0.015412    0.000000    2.497648 v u8/A (sky130_fd_sc_hd__buf_2)
     1    0.033442    0.061534    0.111173    2.608821 v u8/X (sky130_fd_sc_hd__buf_2)
                                                         out (net)
                      0.061534    0.000000    2.608821 v out (out)
                                              2.608821   data arrival time

                      0.000000   10.000000   10.000000   clock null (rise edge)
                                  0.000000   10.000000   clock network delay (ideal)
                                 -0.250000    9.750000   clock uncertainty
                                  0.000000    9.750000   clock reconvergence pessimism
                                 -2.000000    7.750000   output external delay
                                              7.750000   data required time
---------------------------------------------------------------------------------------------
                                              7.750000   data required time
                                             -2.608821   data arrival time
---------------------------------------------------------------------------------------------
                                              5.141179   slack (MET)



%OL_END_REPORT
%OL_CREATE_REPORT checks.rpt

===========================================================================
report_checks -unconstrained
===========================================================================
======================= nom_ff_n40C_1v95 Corner ===================================

Startpoint: in (input port clocked by null)
Endpoint: out (output port clocked by null)
Path Group: null
Path Type: max

Fanout         Cap        Slew       Delay        Time   Description
---------------------------------------------------------------------------------------------
                      0.000000    0.000000    0.000000   clock null (rise edge)
                                  0.000000    0.000000   clock network delay (ideal)
                                  2.000000    2.000000 v input external delay
     1    0.001719    0.003266    0.001305    2.001305 v in (in)
                                                         in (net)
                      0.003266    0.000000    2.001305 v u0/A (sky130_fd_sc_hd__buf_2)
     1    0.001719    0.015428    0.058304    2.059609 v u0/X (sky130_fd_sc_hd__buf_2)
                                                         n0 (net)
                      0.015428    0.000000    2.059609 v u1/A (sky130_fd_sc_hd__buf_2)
     1    0.001719    0.015412    0.062582    2.122191 v u1/X (sky130_fd_sc_hd__buf_2)
                                                         n1 (net)
                      0.015412    0.000000    2.122191 v u2/A (sky130_fd_sc_hd__buf_2)
     1    0.001719    0.015412    0.062576    2.184767 v u2/X (sky130_fd_sc_hd__buf_2)
                                                         n2 (net)
                      0.015412    0.000000    2.184767 v u3/A (sky130_fd_sc_hd__buf_2)
     1    0.001719    0.015412    0.062576    2.247343 v u3/X (sky130_fd_sc_hd__buf_2)
                                                         n3 (net)
                      0.015412    0.000000    2.247343 v u4/A (sky130_fd_sc_hd__buf_2)
     1    0.001719    0.015412    0.062576    2.309919 v u4/X (sky130_fd_sc_hd__buf_2)
                                                         n4 (net)
                      0.015412    0.000000    2.309919 v u5/A (sky130_fd_sc_hd__buf_2)
     1    0.001719    0.015412    0.062576    2.372495 v u5/X (sky130_fd_sc_hd__buf_2)
                                                         n5 (net)
                      0.015412    0.000000    2.372495 v u6/A (sky130_fd_sc_hd__buf_2)
     1    0.001719    0.015412    0.062576    2.435071 v u6/X (sky130_fd_sc_hd__buf_2)
                                                         n6 (net)
                      0.015412    0.000000    2.435071 v u7/A (sky130_fd_sc_hd__buf_2)
     1    0.001719    0.015412    0.062576    2.497648 v u7/X (sky130_fd_sc_hd__buf_2)
                                                         n7 (net)
                      0.015412    0.000000    2.497648 v u8/A (sky130_fd_sc_hd__buf_2)
     1    0.033442    0.061534    0.111173    2.608821 v u8/X (sky130_fd_sc_hd__buf_2)
                                                         out (net)
                      0.061534    0.000000    2.608821 v out (out)
                                              2.608821   data arrival time

                      0.000000   10.000000   10.000000   clock null (rise edge)
                                  0.000000   10.000000   clock network delay (ideal)
                                 -0.250000    9.750000   clock uncertainty
                                  0.000000    9.750000   clock reconvergence pessimism
                                 -2.000000    7.750000   output external delay
                                              7.750000   data required time
---------------------------------------------------------------------------------------------
                                              7.750000   data required time
                                             -2.608821   data arrival time
---------------------------------------------------------------------------------------------
                                              5.141179   slack (MET)




===========================================================================
report_checks --slack_max -0.01
============================================================================
======================= nom_ff_n40C_1v95 Corner ===================================

No paths found.


===========================================================================
 report_check_types -max_slew -max_cap -max_fanout -violators
============================================================================
======================= nom_ff_n40C_1v95 Corner ===================================



===========================================================================
report_parasitic_annotation -report_unannotated
============================================================================
Found 10 unannotated drivers.
 in
 u0/X
 u1/X
 u2/X
 u3/X
 u4/X
 u5/X
 u6/X
 u7/X
 u8/X
Found 0 partially unannotated drivers.

===========================================================================
max slew violation count 0
%OL_METRIC_I design__max_slew_violation__count__corner:nom_ff_n40C_1v95 0
max fanout violation count 0
%OL_METRIC_I design__max_fanout_violation__count__corner:nom_ff_n40C_1v95 0
max cap violation count 0
%OL_METRIC_I design__max_cap_violation__count__corner:nom_ff_n40C_1v95 0
============================================================================

===========================================================================
check_setup -verbose -unconstrained_endpoints -multiple_clock -no_clock -no_input_delay -loops -generated_clocks
===========================================================================
%OL_END_REPORT
%OL_CREATE_REPORT power.rpt

===========================================================================
 report_power
============================================================================
======================= nom_ff_n40C_1v95 Corner ===================================

Group                    Internal    Switching      Leakage        Total
                            Power        Power        Power        Power (Watts)
------------------------------------------------------------------------
Sequential           0.000000e+00 0.000000e+00 0.000000e+00 0.000000e+00   0.0%
Combinational        1.323807e-06 9.214599e-07 9.211050e-11 2.245359e-06 100.0%
Clock                0.000000e+00 0.000000e+00 0.000000e+00 0.000000e+00   0.0%
Macro                0.000000e+00 0.000000e+00 0.000000e+00 0.000000e+00   0.0%
Pad                  0.000000e+00 0.000000e+00 0.000000e+00 0.000000e+00   0.0%
------------------------------------------------------------------------
Total                1.323807e-06 9.214599e-07 9.211050e-11 2.245359e-06 100.0%
                            59.0%        41.0%         0.0%
%OL_METRIC_F power__internal__total 1.3238070550869452e-6
%OL_METRIC_F power__switching__total 9.214599003826152e-7
%OL_METRIC_F power__leakage__total 9.211049978308239e-11
%OL_METRIC_F power__total 2.245358928121277e-6

%OL_END_REPORT
%OL_CREATE_REPORT skew.min.rpt

===========================================================================
Clock Skew (Hold)
============================================================================
%OL_METRIC_F clock__skew__worst_hold__corner:nom_ff_n40C_1v95 0.0
======================= nom_ff_n40C_1v95 Corner ===================================

Clock null
No launch/capture paths found.

%OL_END_REPORT
%OL_CREATE_REPORT skew.max.rpt

===========================================================================
Clock Skew (Setup)
============================================================================
%OL_METRIC_F clock__skew__worst_setup__corner:nom_ff_n40C_1v95 0.0
======================= nom_ff_n40C_1v95 Corner ===================================

Clock null
No launch/capture paths found.

%OL_END_REPORT
%OL_CREATE_REPORT ws.min.rpt

===========================================================================
Worst Slack (Hold)
============================================================================
%OL_METRIC_F timing__hold__ws__corner:nom_ff_n40C_1v95 4.295929955583306
nom_ff_n40C_1v95: 4.295929955583306
%OL_END_REPORT
%OL_CREATE_REPORT ws.max.rpt

===========================================================================
Worst Slack (Setup)
============================================================================
%OL_METRIC_F timing__setup__ws__corner:nom_ff_n40C_1v95 5.141179183450927
nom_ff_n40C_1v95: 5.141179183450927
%OL_END_REPORT
%OL_CREATE_REPORT tns.min.rpt

===========================================================================
Total Negative Slack (Hold)
============================================================================
%OL_METRIC_F timing__hold__tns__corner:nom_ff_n40C_1v95 0.0
nom_ff_n40C_1v95: 0.0
%OL_END_REPORT
%OL_CREATE_REPORT tns.max.rpt

===========================================================================
Total Negative Slack (Setup)
============================================================================
%OL_METRIC_F timing__setup__tns__corner:nom_ff_n40C_1v95 0.0
nom_ff_n40C_1v95: 0.0
%OL_END_REPORT
%OL_CREATE_REPORT wns.min.rpt

===========================================================================
Worst Negative Slack (Hold)
============================================================================
%OL_METRIC_F timing__hold__wns__corner:nom_ff_n40C_1v95 0
nom_ff_n40C_1v95: 0
%OL_END_REPORT
%OL_CREATE_REPORT wns.max.rpt

===========================================================================
Worst Negative Slack (Setup)
============================================================================
%OL_METRIC_F timing__setup__wns__corner:nom_ff_n40C_1v95 0.0
nom_ff_n40C_1v95: 0.0
%OL_END_REPORT
%OL_CREATE_REPORT violator_list.rpt

===========================================================================
Violator List
============================================================================
%OL_METRIC_I timing__hold_vio__count__corner:nom_ff_n40C_1v95 0
%OL_METRIC_F timing__hold_r2r__ws__corner:nom_ff_n40C_1v95 inf
%OL_METRIC_I timing__hold_r2r_vio__count__corner:nom_ff_n40C_1v95 0
%OL_METRIC_I timing__setup_vio__count__corner:nom_ff_n40C_1v95 0
%OL_METRIC_F timing__setup_r2r__ws__corner:nom_ff_n40C_1v95 inf
%OL_METRIC_I timing__setup_r2r_vio__count__corner:nom_ff_n40C_1v95 0
%OL_END_REPORT
%OL_CREATE_REPORT unpropagated.rpt
null
%OL_END_REPORT
%OL_CREATE_REPORT clock.rpt
Clock: null
Sources: 
Generated: no
Virtual: yes
Propagated: no
Period: 10.000000

===========================================================================
report_clock_properties
============================================================================
Clock                   Period          Waveform
----------------------------------------------------
null                 10.000000    0.000000  5.000000

===========================================================================
report_clock_latency
============================================================================
Clock null


===========================================================================
report_clock_min_period
============================================================================
null period_min = 0.00 fmax = inf
%OL_END_REPORT
Writing SDF files for all corners…
