Reading technology LEF file at '/foss/pdks/sky130A/libs.ref/sky130_fd_sc_hd/techlef/sky130_fd_sc_hd__nom.tlef'…
[INFO ODB-0227] LEF file: /foss/pdks/sky130A/libs.ref/sky130_fd_sc_hd/techlef/sky130_fd_sc_hd__nom.tlef, created 14 layers, 25 vias
Reading cell LEF file at '/foss/pdks/sky130A/libs.ref/sky130_fd_sc_hd/lef/sky130_ef_sc_hd.lef'…
[WARNING ODB-0220] WARNING (LEFPARS-2008): NOWIREEXTENSIONATPIN statement is obsolete in version 5.6 or later.
The NOWIREEXTENSIONATPIN statement will be ignored. See file /foss/pdks/sky130A/libs.ref/sky130_fd_sc_hd/lef/sky130_ef_sc_hd.lef at line 2.

[INFO ODB-0227] LEF file: /foss/pdks/sky130A/libs.ref/sky130_fd_sc_hd/lef/sky130_ef_sc_hd.lef, created 8 library cells
Reading cell LEF file at '/foss/pdks/sky130A/libs.ref/sky130_fd_sc_hd/lef/sky130_fd_sc_hd.lef'…
[WARNING ODB-0220] WARNING (LEFPARS-2008): NOWIREEXTENSIONATPIN statement is obsolete in version 5.6 or later.
The NOWIREEXTENSIONATPIN statement will be ignored. See file /foss/pdks/sky130A/libs.ref/sky130_fd_sc_hd/lef/sky130_fd_sc_hd.lef at line 2.

[INFO ODB-0227] LEF file: /foss/pdks/sky130A/libs.ref/sky130_fd_sc_hd/lef/sky130_fd_sc_hd.lef, created 437 library cells
[INFO ODB-0127] Reading DEF file: /foss/designs/sky130_characterization/openlane/ro_physical_top/runs/RUN_2026-07-07_10-36-36/53-odb-cellfrequencytables/ro_physical_top.def
[INFO ODB-0128] Design: ro_physical_top
[INFO ODB-0130]     Created 4 pins.
[INFO ODB-0131]     Created 1916 components and 7501 component-terminals.
[INFO ODB-0132]     Created 2 special nets and 7484 connections.
[INFO ODB-0133]     Created 9 nets and 17 connections.
[INFO ODB-0134] Finished DEF file: /foss/designs/sky130_characterization/openlane/ro_physical_top/runs/RUN_2026-07-07_10-36-36/53-odb-cellfrequencytables/ro_physical_top.def
Using RCX ruleset '/foss/pdks/sky130A/libs.tech/librelane/rules.openrcx.sky130A.nom.calibre'…
[INFO RCX-0431] Defined process_corner CURRENT_CORNER with ext_model_index 0
[INFO RCX-0029] Defined extraction corner CURRENT_CORNER
+ extract_parasitics  -ext_model_file /foss/pdks/sky130A/libs.tech/librelane/rules.openrcx.sky130A.nom.calibre -lef_res
[INFO RCX-0435] Reading extraction model file /foss/pdks/sky130A/libs.tech/librelane/rules.openrcx.sky130A.nom.calibre ...
[INFO RCX-0436] RC segment generation ro_physical_top (max_merge_res 50.0) ...
[INFO RCX-0040] Final 11 rc segments
[INFO RCX-0439] Coupling Cap extraction ro_physical_top ...
[INFO RCX-0440] Coupling threshhold is 0.1000 fF, coupling capacitance less than 0.1000 fF will be grounded.
[INFO RCX-0442] 86% of 121 wires extracted
[INFO RCX-0442] 100% of 121 wires extracted
[INFO RCX-0045] Extract 9 nets, 20 rsegs, 20 caps, 17 ccs
Setting global connections for newly added cells…
[INFO] Setting global connections...
[INFO ODB-0403] 0 connections made, 0 conflicts skipped.
Updating metrics…
Cell type report:                       Count       Area
  Fill cell                              1818    6605.08
  Tap cell                                 90     112.61
  Standard cell                             8      43.79
  Total                                  1916    6761.48
Writing extracted parasitics to '/foss/designs/sky130_characterization/openlane/ro_physical_top/runs/RUN_2026-07-07_10-36-36/54-openroad-rcx/nom/ro_physical_top.nom.spef'…
[INFO RCX-0443] 9 nets finished
