Startpoint: rst (input port clocked by clk)
Endpoint: _1728_ (removal check against rising-edge clock clk)
Path Group: asynchronous
Path Type: min

  Delay    Time   Description
---------------------------------------------------------
   0.00    0.00   clock clk (rise edge)
   0.00    0.00   clock network delay (propagated)
   2.00    2.00 v input external delay
   0.01    2.01 v rst (in)
   0.34    2.34 v input9/X (sky130_fd_sc_hd__buf_1)
   0.52    2.86 v max_cap212/X (sky130_fd_sc_hd__buf_2)
   0.15    3.01 ^ _1285_/Y (sky130_fd_sc_hd__inv_2)
   0.00    3.01 ^ _1728_/RESET_B (sky130_fd_sc_hd__dfrtp_2)
           3.01   data arrival time

   0.00    0.00   clock clk (rise edge)
   1.52    1.52   clock network delay (propagated)
   0.25    1.77   clock uncertainty
   0.00    1.77   clock reconvergence pessimism
           1.77 ^ _1728_/CLK (sky130_fd_sc_hd__dfrtp_2)
   1.73    3.50   library removal time
           3.50   data required time
---------------------------------------------------------
           3.50   data required time
          -3.01   data arrival time
---------------------------------------------------------
          -0.49   slack (VIOLATED)


Startpoint: clk_stuck_low (input port clocked by clk)
Endpoint: _1468_ (rising edge-triggered flip-flop clocked by clk)
Path Group: clk
Path Type: min

  Delay    Time   Description
---------------------------------------------------------
   0.00    0.00   clock clk (rise edge)
   0.00    0.00   clock network delay (propagated)
   2.00    2.00 ^ input external delay
   0.03    2.03 ^ clk_stuck_low (in)
   0.25    2.28 ^ input5/X (sky130_fd_sc_hd__buf_1)
   0.33    2.61 ^ wire213/X (sky130_fd_sc_hd__buf_2)
   0.42    3.03 ^ _1079_/X (sky130_fd_sc_hd__a22o_2)
   0.00    3.03 ^ _1468_/D (sky130_fd_sc_hd__dfrtp_2)
           3.03   data arrival time

   0.00    0.00   clock clk (rise edge)
   1.53    1.53   clock network delay (propagated)
   0.25    1.78   clock uncertainty
   0.00    1.78   clock reconvergence pessimism
           1.78 ^ _1468_/CLK (sky130_fd_sc_hd__dfrtp_2)
  -0.06    1.72   library hold time
           1.72   data required time
---------------------------------------------------------
           1.72   data required time
          -3.03   data arrival time
---------------------------------------------------------
           1.31   slack (MET)


