Startpoint: rst (input port clocked by clk)
Endpoint: _1560_ (recovery check against rising-edge clock clk)
Path Group: asynchronous
Path Type: max

  Delay    Time   Description
---------------------------------------------------------
   0.00    0.00   clock clk (rise edge)
   0.00    0.00   clock network delay (propagated)
   2.00    2.00 v input external delay
   0.01    2.01 v rst (in)
   0.34    2.34 v input9/X (sky130_fd_sc_hd__buf_1)
   0.52    2.86 v max_cap212/X (sky130_fd_sc_hd__buf_2)
   1.11    3.97 v fanout210/X (sky130_fd_sc_hd__clkdlybuf4s25_1)
   0.58    4.55 v load_slew211/X (sky130_fd_sc_hd__buf_2)
   1.20    5.75 v fanout189/X (sky130_fd_sc_hd__clkdlybuf4s25_1)
   1.28    7.03 v fanout187/X (sky130_fd_sc_hd__clkdlybuf4s25_1)
   1.34    8.37 v fanout185/X (sky130_fd_sc_hd__clkdlybuf4s25_1)
   0.80    9.17 v load_slew186/X (sky130_fd_sc_hd__buf_4)
   0.17    9.35 ^ _1387_/Y (sky130_fd_sc_hd__inv_2)
   0.00    9.35 ^ _1560_/RESET_B (sky130_fd_sc_hd__dfrtp_2)
           9.35   data arrival time

  10.00   10.00   clock clk (rise edge)
   1.49   11.49   clock network delay (propagated)
  -0.25   11.24   clock uncertainty
   0.00   11.24   clock reconvergence pessimism
          11.24 ^ _1560_/CLK (sky130_fd_sc_hd__dfrtp_2)
   1.05   12.30   library recovery time
          12.30   data required time
---------------------------------------------------------
          12.30   data required time
          -9.35   data arrival time
---------------------------------------------------------
           2.95   slack (MET)


Startpoint: _1618_ (rising edge-triggered flip-flop clocked by clk)
Endpoint: _1596_ (rising edge-triggered flip-flop clocked by clk)
Path Group: clk
Path Type: max

  Delay    Time   Description
---------------------------------------------------------
   0.00    0.00   clock clk (rise edge)
   1.53    1.53   clock network delay (propagated)
   0.00    1.53 ^ _1618_/CLK (sky130_fd_sc_hd__dfrtp_2)
   2.00    3.53 v _1618_/Q (sky130_fd_sc_hd__dfrtp_2)
   2.29    5.82 v _0889_/X (sky130_fd_sc_hd__o31a_2)
   2.36    8.18 v _0890_/X (sky130_fd_sc_hd__o311a_2)
   3.13   11.31 v _0893_/X (sky130_fd_sc_hd__or3_2)
   3.15   14.45 v _0894_/X (sky130_fd_sc_hd__or3b_2)
   1.44   15.90 v _0895_/X (sky130_fd_sc_hd__a32o_2)
   0.00   15.90 v _1596_/D (sky130_fd_sc_hd__dfrtp_2)
          15.90   data arrival time

  10.00   10.00   clock clk (rise edge)
   1.52   11.52   clock network delay (propagated)
  -0.25   11.27   clock uncertainty
   0.00   11.27   clock reconvergence pessimism
          11.27 ^ _1596_/CLK (sky130_fd_sc_hd__dfrtp_2)
  -1.00   10.28   library setup time
          10.28   data required time
---------------------------------------------------------
          10.28   data required time
         -15.90   data arrival time
---------------------------------------------------------
          -5.62   slack (VIOLATED)


