145. Printing statistics.

=== characterization_top ===

        +----------Local Count, excluding submodules.
        |        +-Local Area, excluding submodules.
        |        | 
      934        - wires
     1016        - wire bits
      202        - public wires
      284        - public wire bits
       22        - ports
      104        - port bits
     1005 1.25E+04 cells
        1   12.512   sky130_fd_sc_hd__a2111o_2
        1   11.261   sky130_fd_sc_hd__a21boi_2
       12  105.101   sky130_fd_sc_hd__a21o_2
       18  157.651   sky130_fd_sc_hd__a21oi_2
      117 1.17E+03   sky130_fd_sc_hd__a22o_2
        6   67.565   sky130_fd_sc_hd__a2bb2o_2
        1   15.014   sky130_fd_sc_hd__a311oi_2
       13  113.859   sky130_fd_sc_hd__a31o_2
        1   12.512   sky130_fd_sc_hd__a31oi_2
       18  202.694   sky130_fd_sc_hd__a32o_2
        4   45.043   sky130_fd_sc_hd__a41o_2
       16  120.115   sky130_fd_sc_hd__and2_2
        5   43.792   sky130_fd_sc_hd__and2b_2
       17  127.622   sky130_fd_sc_hd__and3_2
        2   20.019   sky130_fd_sc_hd__and3b_2
        9   90.086   sky130_fd_sc_hd__and4_2
        1   11.261   sky130_fd_sc_hd__and4b_2
        1   12.512   sky130_fd_sc_hd__and4bb_2
        1    5.005   sky130_fd_sc_hd__buf_2
        2    7.507   sky130_fd_sc_hd__conb_1
      269 7.07E+03   sky130_fd_sc_hd__dfrtp_2
        1   26.275   sky130_fd_sc_hd__dfstp_2
      286  1073.53   sky130_fd_sc_hd__inv_2
       79  889.603   sky130_fd_sc_hd__mux2_1
       15    93.84   sky130_fd_sc_hd__nand2_2
        3   26.275   sky130_fd_sc_hd__nand2b_2
        2   20.019   sky130_fd_sc_hd__nand3_2
        3   37.536   sky130_fd_sc_hd__nand4_2
       14   87.584   sky130_fd_sc_hd__nor2_2
        8   80.077   sky130_fd_sc_hd__nor3_2
        2   25.024   sky130_fd_sc_hd__nor3b_2
        1   12.512   sky130_fd_sc_hd__nor4_2
        2   25.024   sky130_fd_sc_hd__o2111a_2
        1   15.014   sky130_fd_sc_hd__o2111ai_2
        4   40.038   sky130_fd_sc_hd__o211a_2
       16  140.134   sky130_fd_sc_hd__o21a_2
        9   78.826   sky130_fd_sc_hd__o21ai_2
        2   20.019   sky130_fd_sc_hd__o21ba_2
        1    10.01   sky130_fd_sc_hd__o22a_2
        9  101.347   sky130_fd_sc_hd__o311a_2
        8   80.077   sky130_fd_sc_hd__o31a_2
       12   75.072   sky130_fd_sc_hd__or2_2
        4   30.029   sky130_fd_sc_hd__or3_2
        1    8.758   sky130_fd_sc_hd__or3b_2
        7   61.309   sky130_fd_sc_hd__or4_2

   Chip area for module '\characterization_top': 12478.217600
     of which used for sequential elements: 7094.304000 (56.85%)

