Startpoint: rst (input port clocked by clk)
Endpoint: _1560_ (recovery check against rising-edge clock clk)
Path Group: asynchronous
Path Type: max

  Delay    Time   Description
---------------------------------------------------------
   0.00    0.00   clock clk (rise edge)
   0.00    0.00   clock network delay (propagated)
   2.00    2.00 v input external delay
   0.00    2.00 v rst (in)
   0.09    2.09 v input9/X (sky130_fd_sc_hd__buf_1)
   0.12    2.21 v max_cap212/X (sky130_fd_sc_hd__buf_2)
   0.27    2.48 v fanout210/X (sky130_fd_sc_hd__clkdlybuf4s25_1)
   0.14    2.62 v load_slew211/X (sky130_fd_sc_hd__buf_2)
   0.31    2.93 v fanout189/X (sky130_fd_sc_hd__clkdlybuf4s25_1)
   0.33    3.27 v fanout187/X (sky130_fd_sc_hd__clkdlybuf4s25_1)
   0.36    3.63 v fanout185/X (sky130_fd_sc_hd__clkdlybuf4s25_1)
   0.21    3.84 v load_slew186/X (sky130_fd_sc_hd__buf_4)
   0.05    3.88 ^ _1387_/Y (sky130_fd_sc_hd__inv_2)
   0.00    3.88 ^ _1560_/RESET_B (sky130_fd_sc_hd__dfrtp_2)
           3.88   data arrival time

  10.00   10.00   clock clk (rise edge)
   0.43   10.43   clock network delay (propagated)
  -0.25   10.18   clock uncertainty
   0.00   10.18   clock reconvergence pessimism
          10.18 ^ _1560_/CLK (sky130_fd_sc_hd__dfrtp_2)
   0.23   10.40   library recovery time
          10.40   data required time
---------------------------------------------------------
          10.40   data required time
          -3.88   data arrival time
---------------------------------------------------------
           6.52   slack (MET)


Startpoint: start (input port clocked by clk)
Endpoint: _1709_ (rising edge-triggered flip-flop clocked by clk)
Path Group: clk
Path Type: max

  Delay    Time   Description
---------------------------------------------------------
   0.00    0.00   clock clk (rise edge)
   0.00    0.00   clock network delay (propagated)
   2.00    2.00 ^ input external delay
   0.01    2.01 ^ start (in)
   0.26    2.27 ^ input10/X (sky130_fd_sc_hd__clkdlybuf4s25_1)
   0.08    2.35 v _1075_/Y (sky130_fd_sc_hd__nand2b_2)
   0.23    2.58 v _1076_/X (sky130_fd_sc_hd__and2_2)
   0.20    2.77 v _1078_/X (sky130_fd_sc_hd__a21o_2)
   0.35    3.13 v fanout102/X (sky130_fd_sc_hd__clkdlybuf4s25_1)
   0.24    3.37 v _1113_/X (sky130_fd_sc_hd__a22o_2)
   0.54    3.90 v hold357/X (sky130_fd_sc_hd__dlygate4sd3_1)
   0.00    3.90 v _1709_/D (sky130_fd_sc_hd__dfrtp_2)
           3.90   data arrival time

  10.00   10.00   clock clk (rise edge)
   0.44   10.44   clock network delay (propagated)
  -0.25   10.19   clock uncertainty
   0.00   10.19   clock reconvergence pessimism
          10.19 ^ _1709_/CLK (sky130_fd_sc_hd__dfrtp_2)
  -0.11   10.07   library setup time
          10.07   data required time
---------------------------------------------------------
          10.07   data required time
          -3.90   data arrival time
---------------------------------------------------------
           6.17   slack (MET)


