+ define_corners min_ff_n40C_1v95
Reading timing models for corner min_ff_n40C_1v95…
Reading cell library for the 'min_ff_n40C_1v95' corner at '/foss/pdks/sky130A/libs.ref/sky130_fd_sc_hd/lib/sky130_fd_sc_hd__ff_n40C_1v95.lib'…
Reading top-level netlist at '/foss/designs/sky130_characterization/openlane/ro_physical_top/runs/RUN_2026-07-07_10-36-36/52-openroad-fillinsertion/ro_physical_top.nl.v'…
Linking design 'ro_physical_top' from netlist…
Warning: /foss/designs/sky130_characterization/openlane/ro_physical_top/runs/RUN_2026-07-07_10-36-36/52-openroad-fillinsertion/ro_physical_top.nl.v line 15, module sky130_fd_sc_hd__fill_2 not found. Creating black box for FILLER_0_110.
Warning: /foss/designs/sky130_characterization/openlane/ro_physical_top/runs/RUN_2026-07-07_10-36-36/52-openroad-fillinsertion/ro_physical_top.nl.v line 46, module sky130_fd_sc_hd__fill_1 not found. Creating black box for FILLER_0_27.
Warning: /foss/designs/sky130_characterization/openlane/ro_physical_top/runs/RUN_2026-07-07_10-36-36/52-openroad-fillinsertion/ro_physical_top.nl.v line 1832, module sky130_fd_sc_hd__tapvpwrvgnd_1 not found. Creating black box for TAP_TAPCELL_ROW_0_56.
Reading design constraints file at '/usr/local/lib/python3.12/dist-packages/librelane/scripts/base.sdc'…
Warning: base.sdc line 15, port 'null' not found.
[INFO] Using clock null…
[INFO] Setting output delay to: 2
[INFO] Setting input delay to: 2
Warning: base.sdc line 32, port 'null' not found.
[INFO] Setting load to: 0.033442
[INFO] Setting clock uncertainty to: 0.25
[INFO] Setting clock transition to: 0.1499999999999999944488848768742172978818416595458984375
Warning: base.sdc line 69, transition time can not be specified for virtual clocks.
[INFO] Setting timing derate to: 5%
Warning: base.sdc line 79, virtual clock null can not be propagated.
Reading top-level design parasitics for the 'min_ff_n40C_1v95' corner at '/foss/designs/sky130_characterization/openlane/ro_physical_top/runs/RUN_2026-07-07_10-36-36/54-openroad-rcx/min/ro_physical_top.min.spef'…
%OL_CREATE_REPORT min.rpt

===========================================================================
report_checks -path_delay min (Hold)
============================================================================
======================= min_ff_n40C_1v95 Corner ===================================

Startpoint: enable (input port clocked by null)
Endpoint: ro_out (output port clocked by null)
Path Group: null
Path Type: min

Fanout         Cap        Slew       Delay        Time   Description
---------------------------------------------------------------------------------------------
                      0.000000    0.000000    0.000000   clock null (rise edge)
                                  0.000000    0.000000   clock network delay (ideal)
                                  2.000000    2.000000 ^ input external delay
     1    0.003517    0.016491    0.009109    2.009109 ^ enable (in)
                                                         enable (net)
                      0.016491    0.000000    2.009109 ^ input1/A (sky130_fd_sc_hd__clkdlybuf4s25_1)
     1    0.003253    0.034820    0.156116    2.165226 ^ input1/X (sky130_fd_sc_hd__clkdlybuf4s25_1)
                                                         net1 (net)
                      0.034838    0.000039    2.165265 ^ u_nand/A (sky130_fd_sc_hd__nand2_1)
     1    0.002792    0.020265    0.025301    2.190566 v u_nand/Y (sky130_fd_sc_hd__nand2_1)
                                                         n0 (net)
                      0.020265    0.000029    2.190595 v u_inv0/A (sky130_fd_sc_hd__inv_1)
     1    0.003155    0.025964    0.030999    2.221594 ^ u_inv0/Y (sky130_fd_sc_hd__inv_1)
                                                         n1 (net)
                      0.025964    0.000034    2.221628 ^ u_inv1/A (sky130_fd_sc_hd__inv_1)
     1    0.002778    0.014036    0.019211    2.240839 v u_inv1/Y (sky130_fd_sc_hd__inv_1)
                                                         n2 (net)
                      0.014036    0.000026    2.240865 v u_inv2/A (sky130_fd_sc_hd__inv_1)
     1    0.003092    0.025521    0.028474    2.269340 ^ u_inv2/Y (sky130_fd_sc_hd__inv_1)
                                                         n3 (net)
                      0.025521    0.000033    2.269372 ^ u_inv3/A (sky130_fd_sc_hd__inv_1)
     2    0.004680    0.018743    0.024031    2.293403 v u_inv3/Y (sky130_fd_sc_hd__inv_1)
                                                         n4 (net)
                      0.018743    0.000019    2.293422 v u_buf/A (sky130_fd_sc_hd__buf_2)
     1    0.002339    0.016193    0.065304    2.358727 v u_buf/X (sky130_fd_sc_hd__buf_2)
                                                         net2 (net)
                      0.016193    0.000010    2.358737 v output2/A (sky130_fd_sc_hd__clkdlybuf4s25_1)
     1    0.035404    0.181018    0.274882    2.633619 v output2/X (sky130_fd_sc_hd__clkdlybuf4s25_1)
                                                         ro_out (net)
                      0.181018    0.000590    2.634210 v ro_out (out)
                                              2.634210   data arrival time

                      0.000000    0.000000    0.000000   clock null (rise edge)
                                  0.000000    0.000000   clock network delay (ideal)
                                  0.250000    0.250000   clock uncertainty
                                  0.000000    0.250000   clock reconvergence pessimism
                                 -2.000000   -1.750000   output external delay
                                             -1.750000   data required time
---------------------------------------------------------------------------------------------
                                             -1.750000   data required time
                                             -2.634210   data arrival time
---------------------------------------------------------------------------------------------
                                              4.384210   slack (MET)



%OL_END_REPORT
%OL_CREATE_REPORT max.rpt

===========================================================================
report_checks -path_delay max (Setup)
============================================================================
======================= min_ff_n40C_1v95 Corner ===================================

Startpoint: enable (input port clocked by null)
Endpoint: ro_out (output port clocked by null)
Path Group: null
Path Type: max

Fanout         Cap        Slew       Delay        Time   Description
---------------------------------------------------------------------------------------------
                      0.000000    0.000000    0.000000   clock null (rise edge)
                                  0.000000    0.000000   clock network delay (ideal)
                                  2.000000    2.000000 v input external delay
     1    0.003291    0.005445    0.002700    2.002700 v enable (in)
                                                         enable (net)
                      0.005445    0.000000    2.002700 v input1/A (sky130_fd_sc_hd__clkdlybuf4s25_1)
     1    0.003125    0.028686    0.148796    2.151495 v input1/X (sky130_fd_sc_hd__clkdlybuf4s25_1)
                                                         net1 (net)
                      0.028686    0.000037    2.151533 v u_nand/A (sky130_fd_sc_hd__nand2_1)
     1    0.002970    0.028684    0.036952    2.188485 ^ u_nand/Y (sky130_fd_sc_hd__nand2_1)
                                                         n0 (net)
                      0.028684    0.000031    2.188515 ^ u_inv0/A (sky130_fd_sc_hd__inv_1)
     1    0.002977    0.015122    0.020184    2.208699 v u_inv0/Y (sky130_fd_sc_hd__inv_1)
                                                         n1 (net)
                      0.015122    0.000032    2.208731 v u_inv1/A (sky130_fd_sc_hd__inv_1)
     1    0.002956    0.024738    0.028263    2.236995 ^ u_inv1/Y (sky130_fd_sc_hd__inv_1)
                                                         n2 (net)
                      0.024738    0.000028    2.237022 ^ u_inv2/A (sky130_fd_sc_hd__inv_1)
     1    0.002914    0.014095    0.019389    2.256411 v u_inv2/Y (sky130_fd_sc_hd__inv_1)
                                                         n3 (net)
                      0.014095    0.000031    2.256442 v u_inv3/A (sky130_fd_sc_hd__inv_1)
     2    0.005042    0.037202    0.037063    2.293504 ^ u_inv3/Y (sky130_fd_sc_hd__inv_1)
                                                         n4 (net)
                      0.037202    0.000021    2.293525 ^ u_buf/A (sky130_fd_sc_hd__buf_2)
     1    0.002565    0.018412    0.059531    2.353056 ^ u_buf/X (sky130_fd_sc_hd__buf_2)
                                                         net2 (net)
                      0.018412    0.000011    2.353068 ^ output2/A (sky130_fd_sc_hd__clkdlybuf4s25_1)
     1    0.035404    0.267790    0.320587    2.673654 ^ output2/X (sky130_fd_sc_hd__clkdlybuf4s25_1)
                                                         ro_out (net)
                      0.267790    0.000591    2.674245 ^ ro_out (out)
                                              2.674245   data arrival time

                      0.000000   10.000000   10.000000   clock null (rise edge)
                                  0.000000   10.000000   clock network delay (ideal)
                                 -0.250000    9.750000   clock uncertainty
                                  0.000000    9.750000   clock reconvergence pessimism
                                 -2.000000    7.750000   output external delay
                                              7.750000   data required time
---------------------------------------------------------------------------------------------
                                              7.750000   data required time
                                             -2.674245   data arrival time
---------------------------------------------------------------------------------------------
                                              5.075755   slack (MET)



%OL_END_REPORT
%OL_CREATE_REPORT checks.rpt

===========================================================================
report_checks -unconstrained
===========================================================================
======================= min_ff_n40C_1v95 Corner ===================================

Startpoint: enable (input port clocked by null)
Endpoint: ro_out (output port clocked by null)
Path Group: null
Path Type: max

Fanout         Cap        Slew       Delay        Time   Description
---------------------------------------------------------------------------------------------
                      0.000000    0.000000    0.000000   clock null (rise edge)
                                  0.000000    0.000000   clock network delay (ideal)
                                  2.000000    2.000000 v input external delay
     1    0.003291    0.005445    0.002700    2.002700 v enable (in)
                                                         enable (net)
                      0.005445    0.000000    2.002700 v input1/A (sky130_fd_sc_hd__clkdlybuf4s25_1)
     1    0.003125    0.028686    0.148796    2.151495 v input1/X (sky130_fd_sc_hd__clkdlybuf4s25_1)
                                                         net1 (net)
                      0.028686    0.000037    2.151533 v u_nand/A (sky130_fd_sc_hd__nand2_1)
     1    0.002970    0.028684    0.036952    2.188485 ^ u_nand/Y (sky130_fd_sc_hd__nand2_1)
                                                         n0 (net)
                      0.028684    0.000031    2.188515 ^ u_inv0/A (sky130_fd_sc_hd__inv_1)
     1    0.002977    0.015122    0.020184    2.208699 v u_inv0/Y (sky130_fd_sc_hd__inv_1)
                                                         n1 (net)
                      0.015122    0.000032    2.208731 v u_inv1/A (sky130_fd_sc_hd__inv_1)
     1    0.002956    0.024738    0.028263    2.236995 ^ u_inv1/Y (sky130_fd_sc_hd__inv_1)
                                                         n2 (net)
                      0.024738    0.000028    2.237022 ^ u_inv2/A (sky130_fd_sc_hd__inv_1)
     1    0.002914    0.014095    0.019389    2.256411 v u_inv2/Y (sky130_fd_sc_hd__inv_1)
                                                         n3 (net)
                      0.014095    0.000031    2.256442 v u_inv3/A (sky130_fd_sc_hd__inv_1)
     2    0.005042    0.037202    0.037063    2.293504 ^ u_inv3/Y (sky130_fd_sc_hd__inv_1)
                                                         n4 (net)
                      0.037202    0.000021    2.293525 ^ u_buf/A (sky130_fd_sc_hd__buf_2)
     1    0.002565    0.018412    0.059531    2.353056 ^ u_buf/X (sky130_fd_sc_hd__buf_2)
                                                         net2 (net)
                      0.018412    0.000011    2.353068 ^ output2/A (sky130_fd_sc_hd__clkdlybuf4s25_1)
     1    0.035404    0.267790    0.320587    2.673654 ^ output2/X (sky130_fd_sc_hd__clkdlybuf4s25_1)
                                                         ro_out (net)
                      0.267790    0.000591    2.674245 ^ ro_out (out)
                                              2.674245   data arrival time

                      0.000000   10.000000   10.000000   clock null (rise edge)
                                  0.000000   10.000000   clock network delay (ideal)
                                 -0.250000    9.750000   clock uncertainty
                                  0.000000    9.750000   clock reconvergence pessimism
                                 -2.000000    7.750000   output external delay
                                              7.750000   data required time
---------------------------------------------------------------------------------------------
                                              7.750000   data required time
                                             -2.674245   data arrival time
---------------------------------------------------------------------------------------------
                                              5.075755   slack (MET)




===========================================================================
report_checks --slack_max -0.01
============================================================================
======================= min_ff_n40C_1v95 Corner ===================================

No paths found.


===========================================================================
 report_check_types -max_slew -max_cap -max_fanout -violators
============================================================================
======================= min_ff_n40C_1v95 Corner ===================================



===========================================================================
report_parasitic_annotation -report_unannotated
============================================================================
Found 0 unannotated drivers.
Found 0 partially unannotated drivers.

===========================================================================
max slew violation count 0
%OL_METRIC_I design__max_slew_violation__count__corner:min_ff_n40C_1v95 0
max fanout violation count 0
%OL_METRIC_I design__max_fanout_violation__count__corner:min_ff_n40C_1v95 0
max cap violation count 0
%OL_METRIC_I design__max_cap_violation__count__corner:min_ff_n40C_1v95 0
============================================================================

===========================================================================
check_setup -verbose -unconstrained_endpoints -multiple_clock -no_clock -no_input_delay -loops -generated_clocks
===========================================================================
Warning: There is 1 combinational loop in the design.
  u_nand/Y
  u_inv0/A
  u_inv0/Y
  u_inv1/A
  u_inv1/Y
  u_inv2/A
  u_inv2/Y
  u_inv3/A
  u_inv3/Y
  u_nand/B
  | loop cut point
  u_nand/Y
  --------------------------------
%OL_END_REPORT
%OL_CREATE_REPORT power.rpt

===========================================================================
 report_power
============================================================================
======================= min_ff_n40C_1v95 Corner ===================================

Group                    Internal    Switching      Leakage        Total
                            Power        Power        Power        Power (Watts)
------------------------------------------------------------------------
Sequential           0.000000e+00 0.000000e+00 0.000000e+00 0.000000e+00   0.0%
Combinational        3.135351e-07 6.185424e-08 3.978904e-11 3.754292e-07  98.3%
Clock                0.000000e+00 0.000000e+00 6.551566e-09 6.551566e-09   1.7%
Macro                0.000000e+00 0.000000e+00 0.000000e+00 0.000000e+00   0.0%
Pad                  0.000000e+00 0.000000e+00 0.000000e+00 0.000000e+00   0.0%
------------------------------------------------------------------------
Total                3.135351e-07 6.185424e-08 6.591355e-09 3.819808e-07 100.0%
                            82.1%        16.2%         1.7%
%OL_METRIC_F power__internal__total 3.1353513918475073e-7
%OL_METRIC_F power__switching__total 6.185424439308917e-8
%OL_METRIC_F power__leakage__total 6.591354573259878e-9
%OL_METRIC_F power__total 3.8198075458240055e-7

%OL_END_REPORT
%OL_CREATE_REPORT skew.min.rpt

===========================================================================
Clock Skew (Hold)
============================================================================
%OL_METRIC_F clock__skew__worst_hold__corner:min_ff_n40C_1v95 0.0
======================= min_ff_n40C_1v95 Corner ===================================

Clock null
No launch/capture paths found.

%OL_END_REPORT
%OL_CREATE_REPORT skew.max.rpt

===========================================================================
Clock Skew (Setup)
============================================================================
%OL_METRIC_F clock__skew__worst_setup__corner:min_ff_n40C_1v95 0.0
======================= min_ff_n40C_1v95 Corner ===================================

Clock null
No launch/capture paths found.

%OL_END_REPORT
%OL_CREATE_REPORT ws.min.rpt

===========================================================================
Worst Slack (Hold)
============================================================================
%OL_METRIC_F timing__hold__ws__corner:min_ff_n40C_1v95 4.384209563927699
min_ff_n40C_1v95: 4.384209563927699
%OL_END_REPORT
%OL_CREATE_REPORT ws.max.rpt

===========================================================================
Worst Slack (Setup)
============================================================================
%OL_METRIC_F timing__setup__ws__corner:min_ff_n40C_1v95 5.075755071027075
min_ff_n40C_1v95: 5.075755071027075
%OL_END_REPORT
%OL_CREATE_REPORT tns.min.rpt

===========================================================================
Total Negative Slack (Hold)
============================================================================
%OL_METRIC_F timing__hold__tns__corner:min_ff_n40C_1v95 0.0
min_ff_n40C_1v95: 0.0
%OL_END_REPORT
%OL_CREATE_REPORT tns.max.rpt

===========================================================================
Total Negative Slack (Setup)
============================================================================
%OL_METRIC_F timing__setup__tns__corner:min_ff_n40C_1v95 0.0
min_ff_n40C_1v95: 0.0
%OL_END_REPORT
%OL_CREATE_REPORT wns.min.rpt

===========================================================================
Worst Negative Slack (Hold)
============================================================================
%OL_METRIC_F timing__hold__wns__corner:min_ff_n40C_1v95 0
min_ff_n40C_1v95: 0
%OL_END_REPORT
%OL_CREATE_REPORT wns.max.rpt

===========================================================================
Worst Negative Slack (Setup)
============================================================================
%OL_METRIC_F timing__setup__wns__corner:min_ff_n40C_1v95 0.0
min_ff_n40C_1v95: 0.0
%OL_END_REPORT
%OL_CREATE_REPORT violator_list.rpt

===========================================================================
Violator List
============================================================================
%OL_METRIC_I timing__hold_vio__count__corner:min_ff_n40C_1v95 0
%OL_METRIC_F timing__hold_r2r__ws__corner:min_ff_n40C_1v95 inf
%OL_METRIC_I timing__hold_r2r_vio__count__corner:min_ff_n40C_1v95 0
%OL_METRIC_I timing__setup_vio__count__corner:min_ff_n40C_1v95 0
%OL_METRIC_F timing__setup_r2r__ws__corner:min_ff_n40C_1v95 inf
%OL_METRIC_I timing__setup_r2r_vio__count__corner:min_ff_n40C_1v95 0
%OL_END_REPORT
%OL_CREATE_REPORT unpropagated.rpt
null
%OL_END_REPORT
%OL_CREATE_REPORT clock.rpt
Clock: null
Sources: 
Generated: no
Virtual: yes
Propagated: no
Period: 10.000000

===========================================================================
report_clock_properties
============================================================================
Clock                   Period          Waveform
----------------------------------------------------
null                 10.000000    0.000000  5.000000

===========================================================================
report_clock_latency
============================================================================
Clock null


===========================================================================
report_clock_min_period
============================================================================
null period_min = 0.00 fmax = inf
%OL_END_REPORT
Writing SDF files for all corners…
Removing Clock latencies before writing libs…
Writing timing models for all corners…
Writing timing models for the min_ff_n40C_1v95 corner to /foss/designs/sky130_characterization/openlane/ro_physical_top/runs/RUN_2026-07-07_10-36-36/55-openroad-stapostpnr/min_ff_n40C_1v95/ro_physical_top__min_ff_n40C_1v95.lib…
