Clock: clk
Sources: clk 
Generated: no
Virtual: yes
Propagated: no
Period: 10.000000

===========================================================================
report_clock_properties
============================================================================
Clock                   Period          Waveform
----------------------------------------------------
clk                  10.000000    0.000000  5.000000

===========================================================================
report_clock_latency
============================================================================
Clock clk
rise -> rise
    min     max
0.000000 0.000000 source latency
0.598103         network latency _1704_/CLK
        0.630399 network latency _1731_/CLK
---------------
0.598103 0.630399 latency
        0.032297 skew

fall -> fall
    min     max
0.000000 0.000000 source latency
0.544922         network latency _1704_/CLK
        0.567915 network latency _1731_/CLK
---------------
0.544922 0.567915 latency
        0.022992 skew



===========================================================================
report_clock_min_period
============================================================================
clk period_min = 3.55 fmax = 281.50
