Clock: clk
Sources: clk 
Generated: no
Virtual: yes
Propagated: no
Period: 10.000000

===========================================================================
report_clock_properties
============================================================================
Clock                   Period          Waveform
----------------------------------------------------
clk                  10.000000    0.000000  5.000000

===========================================================================
report_clock_latency
============================================================================
Clock clk
rise -> rise
    min     max
0.000000 0.000000 source latency
1.149803         network latency _1481_/CLK
        1.223040 network latency _1731_/CLK
---------------
1.149803 1.223040 latency
        0.073236 skew

fall -> fall
    min     max
0.000000 0.000000 source latency
1.056102         network latency _1481_/CLK
        1.109024 network latency _1731_/CLK
---------------
1.056102 1.109024 latency
        0.052923 skew



===========================================================================
report_clock_min_period
============================================================================
clk period_min = 7.43 fmax = 134.61
