
===========================================================================
report_checks -unconstrained
===========================================================================
======================= nom_ss_100C_1v60 Corner ===================================

Startpoint: in (input port clocked by null)
Endpoint: out (output port clocked by null)
Path Group: null
Path Type: max

Fanout         Cap        Slew       Delay        Time   Description
---------------------------------------------------------------------------------------------
                      0.000000    0.000000    0.000000   clock null (rise edge)
                                  0.000000    0.000000   clock network delay (ideal)
                                  2.000000    2.000000 v input external delay
     1    0.006983    0.035060    0.022260    2.022260 v in (in)
                                                         in (net)
                      0.035061    0.000000    2.022260 v u0/A (sky130_fd_sc_hd__buf_2)
     1    0.001912    0.040062    0.201808    2.224068 v u0/X (sky130_fd_sc_hd__buf_2)
                                                         n0 (net)
                      0.040062    0.000037    2.224106 v u1/A (sky130_fd_sc_hd__buf_2)
     1    0.001912    0.040056    0.204103    2.428209 v u1/X (sky130_fd_sc_hd__buf_2)
                                                         n1 (net)
                      0.040056    0.000037    2.428246 v u2/A (sky130_fd_sc_hd__buf_2)
     1    0.001993    0.040378    0.204601    2.632847 v u2/X (sky130_fd_sc_hd__buf_2)
                                                         n2 (net)
                      0.040378    0.000055    2.632902 v u3/A (sky130_fd_sc_hd__buf_2)
     1    0.001953    0.040217    0.204502    2.837405 v u3/X (sky130_fd_sc_hd__buf_2)
                                                         n3 (net)
                      0.040217    0.000038    2.837443 v u4/A (sky130_fd_sc_hd__buf_2)
     1    0.001912    0.040056    0.204174    3.041617 v u4/X (sky130_fd_sc_hd__buf_2)
                                                         n4 (net)
                      0.040056    0.000037    3.041654 v u5/A (sky130_fd_sc_hd__buf_2)
     1    0.001912    0.040056    0.204100    3.245754 v u5/X (sky130_fd_sc_hd__buf_2)
                                                         n5 (net)
                      0.040056    0.000037    3.245792 v u6/A (sky130_fd_sc_hd__buf_2)
     1    0.001863    0.039862    0.203796    3.449588 v u6/X (sky130_fd_sc_hd__buf_2)
                                                         n6 (net)
                      0.039862    0.000036    3.449624 v u7/A (sky130_fd_sc_hd__buf_2)
     1    0.001912    0.040056    0.204011    3.653635 v u7/X (sky130_fd_sc_hd__buf_2)
                                                         n7 (net)
                      0.040056    0.000037    3.653672 v u8/A (sky130_fd_sc_hd__buf_2)
     1    0.005396    0.054892    0.225764    3.879436 v u8/X (sky130_fd_sc_hd__buf_2)
                                                         net1 (net)
                      0.054892    0.000192    3.879628 v output1/A (sky130_fd_sc_hd__clkdlybuf4s25_1)
     1    0.034303    0.464579    0.761052    4.640679 v output1/X (sky130_fd_sc_hd__clkdlybuf4s25_1)
                                                         out (net)
                      0.464579    0.000672    4.641351 v out (out)
                                              4.641351   data arrival time

                      0.000000   10.000000   10.000000   clock null (rise edge)
                                  0.000000   10.000000   clock network delay (ideal)
                                 -0.250000    9.750000   clock uncertainty
                                  0.000000    9.750000   clock reconvergence pessimism
                                 -2.000000    7.750000   output external delay
                                              7.750000   data required time
---------------------------------------------------------------------------------------------
                                              7.750000   data required time
                                             -4.641351   data arrival time
---------------------------------------------------------------------------------------------
                                              3.108649   slack (MET)




===========================================================================
report_checks --slack_max -0.01
============================================================================
======================= nom_ss_100C_1v60 Corner ===================================

No paths found.


===========================================================================
 report_check_types -max_slew -max_cap -max_fanout -violators
============================================================================
======================= nom_ss_100C_1v60 Corner ===================================



===========================================================================
report_parasitic_annotation -report_unannotated
============================================================================
Found 0 unannotated drivers.
Found 0 partially unannotated drivers.

===========================================================================
max slew violation count 0
max fanout violation count 0
max cap violation count 0
============================================================================

===========================================================================
check_setup -verbose -unconstrained_endpoints -multiple_clock -no_clock -no_input_delay -loops -generated_clocks
===========================================================================
