Clock: clk
Sources: clk 
Generated: no
Virtual: yes
Propagated: no
Period: 10.000000

===========================================================================
report_clock_properties
============================================================================
Clock                   Period          Waveform
----------------------------------------------------
clk                  10.000000    0.000000  5.000000

===========================================================================
report_clock_latency
============================================================================
Clock clk
rise -> rise
    min     max
0.000000 0.000000 source latency
0.692025         network latency _2118_/CLK
        1.041790 network latency _2065_/CLK
---------------
0.692025 1.041790 latency
        0.349765 skew

fall -> fall
    min     max
0.000000 0.000000 source latency
0.501851         network latency _2118_/CLK
        0.840140 network latency _2065_/CLK
---------------
0.501851 0.840140 latency
        0.338289 skew



===========================================================================
report_clock_min_period
============================================================================
clk period_min = 2.81 fmax = 356.03
