Reading timing models for corner nom_tt_025C_1v80…
Reading timing library for the 'nom_tt_025C_1v80' corner at '/foss/pdks/sky130A/libs.ref/sky130_fd_sc_hd/lib/sky130_fd_sc_hd__tt_025C_1v80.lib'…
Reading OpenROAD database at '/foss/designs/sky130_characterization/openlane/ro_physical_top/runs/RUN_2026-07-07_10-36-36/39-openroad-globalrouting/ro_physical_top.odb'…
Reading design constraints file at '/usr/local/lib/python3.12/dist-packages/librelane/scripts/base.sdc'…
[WARNING STA-0366] port 'null' not found.
[INFO] Using clock null…
[INFO] Setting output delay to: 2
[INFO] Setting input delay to: 2
[WARNING STA-0366] port 'null' not found.
[INFO] Setting load to: 0.033442
[INFO] Setting clock uncertainty to: 0.25
[INFO] Setting clock transition to: 0.1499999999999999944488848768742172978818416595458984375
[WARNING STA-0419] transition time can not be specified for virtual clocks.
[INFO] Setting timing derate to: 5%
[WARNING STA-0450] virtual clock null can not be propagated.
+ repair_antennas sky130_fd_sc_hd__diode_2 -iterations 3 -ratio_margin 10
[INFO GRT-0012] Found 0 antenna violations.
Setting global connections for newly added cells…
[INFO] Setting global connections...
[INFO ODB-0403] 0 connections made, 0 conflicts skipped.
Updating metrics…
Cell type report:                       Count       Area
  Fill cell                                56     210.20
  Tap cell                                 90     112.61
  Buffer                                    1       5.00
  Timing Repair Buffer                      2      20.02
  Inverter                                  4      15.01
  Multi-Input combinational cell            1       3.75
  Total                                   154     366.60
Writing OpenROAD database to '/foss/designs/sky130_characterization/openlane/ro_physical_top/runs/RUN_2026-07-07_10-36-36/42-openroad-repairantennas/1-openroad-diodeinsertion/ro_physical_top.odb'…
Writing layout to '/foss/designs/sky130_characterization/openlane/ro_physical_top/runs/RUN_2026-07-07_10-36-36/42-openroad-repairantennas/1-openroad-diodeinsertion/ro_physical_top.def'…
