
 /----------------------------------------------------------------------------\
 |  yosys -- Yosys Open SYnthesis Suite                                       |
 |  Copyright (C) 2012 - 2026  Claire Xenia Wolf <claire@yosyshq.com>         |
 |  Distributed under an ISC-like license, type "license" to see terms        |
 \----------------------------------------------------------------------------/
 Yosys 0.65 (git sha1 b85cad634, g++ 13.3.0-6ubuntu2~24.04.1 -fPIC -O3)

-- Running command `
                    verilog_defines -DUSE_POWER_PINS;
read_verilog -sv -lib /foss/designs/sky130_characterization/openlane/characterization_top/runs/RUN_2026-06-19_09-25-21/tmp/f6506887e74744f3a5b899cdb908e11d.bb.v;

                    blackbox;
                    write_verilog -noattr -noexpr -nohex -nodec -defparam -blackboxes /foss/designs/sky130_characterization/openlane/characterization_top/runs/RUN_2026-06-19_09-25-21/tmp/f6506887e74744f3a5b899cdb908e11d.bb.v;
                    ' --

1. Executing Verilog-2005 frontend: /foss/designs/sky130_characterization/openlane/characterization_top/runs/RUN_2026-06-19_09-25-21/tmp/f6506887e74744f3a5b899cdb908e11d.bb.v
Parsing SystemVerilog input from `/foss/designs/sky130_characterization/openlane/characterization_top/runs/RUN_2026-06-19_09-25-21/tmp/f6506887e74744f3a5b899cdb908e11d.bb.v' to AST representation.
Generating RTLIL representation for module `\sg13g2_Corner'.
Generating RTLIL representation for module `\sg13g2_Filler200'.
Generating RTLIL representation for module `\sg13g2_Filler400'.
Generating RTLIL representation for module `\sg13g2_Filler1000'.
Generating RTLIL representation for module `\sg13g2_Filler2000'.
Generating RTLIL representation for module `\sg13g2_Filler4000'.
Generating RTLIL representation for module `\sg13g2_Filler10000'.
Generating RTLIL representation for module `\sg13g2_IOPadIn'.
Generating RTLIL representation for module `\sg13g2_IOPadOut4mA'.
Generating RTLIL representation for module `\sg13g2_IOPadOut16mA'.
Generating RTLIL representation for module `\sg13g2_IOPadOut30mA'.
Generating RTLIL representation for module `\sg13g2_IOPadTriOut4mA'.
Generating RTLIL representation for module `\sg13g2_IOPadTriOut16mA'.
Generating RTLIL representation for module `\sg13g2_IOPadTriOut30mA'.
Generating RTLIL representation for module `\sg13g2_IOPadInOut4mA'.
Generating RTLIL representation for module `\sg13g2_IOPadInOut16mA'.
Generating RTLIL representation for module `\sg13g2_IOPadInOut30mA'.
Generating RTLIL representation for module `\sg13g2_IOPadAnalog'.
Generating RTLIL representation for module `\sg13g2_IOPadIOVss'.
Generating RTLIL representation for module `\sg13g2_IOPadIOVdd'.
Generating RTLIL representation for module `\sg13g2_IOPadVss'.
Generating RTLIL representation for module `\sg13g2_IOPadVdd'.
Successfully finished Verilog frontend.

2. Executing Verilog backend.
Dumping module `\sg13g2_Corner'.
Dumping module `\sg13g2_Filler1000'.
Dumping module `\sg13g2_Filler10000'.
Dumping module `\sg13g2_Filler200'.
Dumping module `\sg13g2_Filler2000'.
Dumping module `\sg13g2_Filler400'.
Dumping module `\sg13g2_Filler4000'.
Dumping module `\sg13g2_IOPadAnalog'.
Dumping module `\sg13g2_IOPadIOVdd'.
Dumping module `\sg13g2_IOPadIOVss'.
Dumping module `\sg13g2_IOPadIn'.
Dumping module `\sg13g2_IOPadInOut16mA'.
Dumping module `\sg13g2_IOPadInOut30mA'.
Dumping module `\sg13g2_IOPadInOut4mA'.
Dumping module `\sg13g2_IOPadOut16mA'.
Dumping module `\sg13g2_IOPadOut30mA'.
Dumping module `\sg13g2_IOPadOut4mA'.
Dumping module `\sg13g2_IOPadTriOut16mA'.
Dumping module `\sg13g2_IOPadTriOut30mA'.
Dumping module `\sg13g2_IOPadTriOut4mA'.
Dumping module `\sg13g2_IOPadVdd'.
Dumping module `\sg13g2_IOPadVss'.

End of script. Logfile hash: 52341dfe8c, time: 0.07s, user: 0.01s, system: 0.03s, MEM: 53.52 MB peak
Yosys 0.65 (git sha1 b85cad634, g++ 13.3.0-6ubuntu2~24.04.1 -fPIC -O3)
Time spent: 60% 2x read_verilog (0 sec), 36% 2x write_verilog (0 sec), ...
