Clock: clk
Sources: clk 
Generated: no
Virtual: yes
Propagated: no
Period: 10.000000

===========================================================================
report_clock_properties
============================================================================
Clock                   Period          Waveform
----------------------------------------------------
clk                  10.000000    0.000000  5.000000

===========================================================================
report_clock_latency
============================================================================
Clock clk
rise -> rise
    min     max
0.000000 0.000000 source latency
0.203244         network latency _2099_/CLK
        0.226670 network latency _2070_/CLK
---------------
0.203244 0.226670 latency
        0.023426 skew

fall -> fall
    min     max
0.000000 0.000000 source latency
0.202820         network latency _2099_/CLK
        0.225059 network latency _2070_/CLK
---------------
0.202820 0.225059 latency
        0.022239 skew



===========================================================================
report_clock_min_period
============================================================================
clk period_min = 2.03 fmax = 492.91
