Reading timing models for corner nom_tt_025C_1v80…
Reading timing library for the 'nom_tt_025C_1v80' corner at '/foss/pdks/sky130A/libs.ref/sky130_fd_sc_hd/lib/sky130_fd_sc_hd__tt_025C_1v80.lib'…
Reading OpenROAD database at '/foss/designs/sky130_characterization/openlane/delay_chain_physical_top/runs/RUN_2026-07-07_15-42-53/25-openroad-ioplacement/delay_chain_physical_top.odb'…
Reading design constraints file at '/usr/local/lib/python3.12/dist-packages/librelane/scripts/base.sdc'…
[WARNING STA-0366] port 'null' not found.
[INFO] Using clock null…
[INFO] Setting output delay to: 2
[INFO] Setting input delay to: 2
[WARNING STA-0366] port 'null' not found.
[INFO] Setting load to: 0.033442
[INFO] Setting clock uncertainty to: 0.25
[INFO] Setting clock transition to: 0.1499999999999999944488848768742172978818416595458984375
[WARNING STA-0419] transition time can not be specified for virtual clocks.
[INFO] Setting timing derate to: 5%
[WARNING STA-0450] virtual clock null can not be propagated.
[INFO] Setting signal min routing layer to: met1 and clock min routing layer to met1. 
[INFO] Setting signal max routing layer to: met5 and clock max routing layer to met5. 
+ global_placement -density 0.3 -routability_driven -pad_right 0 -pad_left 0 -init_wirelength_coef 0.25
[INFO GPL-0001] ---- Initialize GPL Main Data Structures
[INFO GPL-0002] DBU: 1000
[INFO GPL-0003] SiteSize: (  0.460  2.720 ) um
[INFO GPL-0004] CoreBBox: (  5.520 10.880 ) ( 94.300 87.040 ) um
[INFO GPL-0036] Movable instances area:         45.043 um^2
[INFO GPL-0037] Total instances area:          367.853 um^2
[INFO GPL-0035] Pin density area adjust:         0.000 um^2
[INFO GPL-0032] ---- Initialize Region: Top-level
[INFO GPL-0006] Number of instances:               155
[INFO GPL-0007] Movable instances:                   9
[INFO GPL-0008] Fixed instances:                   146
[INFO GPL-0009] Dummy instances:                     0
[INFO GPL-0010] Number of nets:                     10
[INFO GPL-0011] Number of pins:                     20
[INFO GPL-0012] Die BBox:  (  0.000  0.000 ) ( 100.000 100.000 ) um
[INFO GPL-0013] Core BBox: (  5.520 10.880 ) ( 94.300 87.040 ) um
[INFO GPL-0016] Core area:                    6761.485 um^2
[INFO GPL-0014] Region name: top-level.
[INFO GPL-0015] Region area:                  6761.485 um^2
[INFO GPL-0017] Fixed instances area:          322.810 um^2
[INFO GPL-0018] Movable instances area:         45.043 um^2
[INFO GPL-0019] Utilization:                     0.700 %
[INFO GPL-0020] Standard cells area:            45.043 um^2
[INFO GPL-0021] Large instances area:            0.000 um^2
[INFO GPL-0005] ---- Execute Conjugate Gradient Initial Placement.
[INFO GPL-0051] Source of initial instance position counters:
	Odb location = 9	Core center = 0	Region center = 0
[InitialPlace]  Iter: 1 conjugate gradient residual: 0.00000003 HPWL: 148194
[InitialPlace]  Iter: 2 conjugate gradient residual: 0.00000009 HPWL: 146087
[InitialPlace]  Iter: 3 conjugate gradient residual: 0.00000003 HPWL: 146088
[InitialPlace]  Iter: 4 conjugate gradient residual: 0.00000011 HPWL: 146088
[InitialPlace]  Iter: 5 conjugate gradient residual: 0.00000006 HPWL: 146088
[INFO GPL-0033] ---- Initialize Nesterov Region: Top-level
[INFO GPL-0023] Placement target density:       0.3000
[INFO GPL-0024] Movable insts average area:      5.005 um^2
[INFO GPL-0025] Ideal bin area:                 16.683 um^2
[INFO GPL-0026] Ideal bin count:                   405
[INFO GPL-0027] Total bin area:               6761.485 um^2
[INFO GPL-0028] Bin count (X, Y):          16 ,     16
[INFO GPL-0029] Bin size (W * H):       5.549 *  4.760 um
[INFO GPL-0030] Number of bins:                    256
[INFO GPL-0007] ---- Execute Nesterov Global Placement.
[INFO GPL-0031] HPWL: Half-Perimeter Wirelength
Iteration | Overflow |     HPWL (um) |  HPWL(%) |   Penalty | Group
---------------------------------------------------------------
        0 |   0.0000 |  9.276700e+01 |   +0.00% |  3.63e-13 |      
[INFO GPL-0038] Routability snapshot saved at iter = 1
        0 |   0.0000 |  9.276700e+01 |          |           |      
[INFO GPL-0040] Routability iteration: 1
[INFO GPL-0041] Total routing overflow: 0.0000
[INFO GPL-0042] Number of overflowed tiles: 0 (0.00%)
[INFO GPL-0043] Average top 0.5% routing congestion: 0.6364
[INFO GPL-0044] Average top 1.0% routing congestion: 0.6364
[INFO GPL-0045] Average top 2.0% routing congestion: 0.6307
[INFO GPL-0046] Average top 5.0% routing congestion: 0.6131
[INFO GPL-0047] Routability iteration weighted routing congestion: 0.6364
[INFO GPL-0050] Weighted routing congestion is lower than target routing congestion(1.0100), end routability optimization.
[INFO GPL-0090] Routability finished. Target routing congestion achieved succesfully.
        0 |   0.0000 |  9.276700e+01 |          |  3.77e-13 |      
---------------------------------------------------------------
[INFO GPL-1001] Global placement finished at iteration 0
[INFO GPL-1003] Routability mode iteration count: 0
[INFO GPL-1005] Routability final weighted congestion: 0.6364
[INFO GPL-1002] Placed Cell Area               45.0432
[INFO GPL-1003] Available Free Area          6438.6752
[INFO GPL-1004] Minimum Feasible Density        0.0100 (cell_area / free_area)
[INFO GPL-1006]   Suggested Target Densities:
[INFO GPL-1007]     - For 90% usage of free space: 0.0078
[INFO GPL-1008]     - For 80% usage of free space: 0.0087
[INFO GPL-1009]     - For 50% usage of free space: 0.0140
[INFO GPL-1011] Original area (um^2): 45.04
[INFO GPL-1012] Total routability artificial inflation: 0.00 (+0.00%)
[INFO GPL-1014] Final placement area: 45.04 (+0.00%)
Setting global connections for newly added cells…
[INFO] Setting global connections...
[INFO ODB-0403] 0 connections made, 0 conflicts skipped.
Updating metrics…
Cell type report:                       Count       Area
  Fill cell                                56     210.20
  Tap cell                                 90     112.61
  Buffer                                    9      45.04
  Total                                   155     367.85
Writing OpenROAD database to '/foss/designs/sky130_characterization/openlane/delay_chain_physical_top/runs/RUN_2026-07-07_15-42-53/28-openroad-globalplacement/delay_chain_physical_top.odb'…
Writing netlist to '/foss/designs/sky130_characterization/openlane/delay_chain_physical_top/runs/RUN_2026-07-07_15-42-53/28-openroad-globalplacement/delay_chain_physical_top.nl.v'…
Writing powered netlist to '/foss/designs/sky130_characterization/openlane/delay_chain_physical_top/runs/RUN_2026-07-07_15-42-53/28-openroad-globalplacement/delay_chain_physical_top.pnl.v'…
Writing layout to '/foss/designs/sky130_characterization/openlane/delay_chain_physical_top/runs/RUN_2026-07-07_15-42-53/28-openroad-globalplacement/delay_chain_physical_top.def'…
Writing timing constraints to '/foss/designs/sky130_characterization/openlane/delay_chain_physical_top/runs/RUN_2026-07-07_15-42-53/28-openroad-globalplacement/delay_chain_physical_top.sdc'…
