Reading timing models for corner nom_tt_025C_1v80…
Reading timing library for the 'nom_tt_025C_1v80' corner at '/foss/pdks/sky130A/libs.ref/sky130_fd_sc_hd/lib/sky130_fd_sc_hd__tt_025C_1v80.lib'…
Reading OpenROAD database at '/foss/designs/sky130_characterization/openlane/characterization_top_sky130/runs/RUN_2026-06-23_12-08-15/37-openroad-resizertimingpostcts/characterization_top.odb'…
Reading design constraints file at '/usr/local/lib/python3.12/dist-packages/librelane/scripts/base.sdc'…
[INFO] Using clock clk…
[INFO] Setting output delay to: 2.0
[INFO] Setting input delay to: 2.0
[INFO] Setting load to: 0.033442
[INFO] Setting clock uncertainty to: 0.25
[INFO] Setting clock transition to: 0.1499999999999999944488848768742172978818416595458984375
[INFO] Setting timing derate to: 5%
[INFO] Setting signal min routing layer to: met1 and clock min routing layer to met1. 
[INFO] Setting signal max routing layer to: met5 and clock max routing layer to met5. 
+ global_route -congestion_iterations 50 -verbose
[INFO GRT-0020] Min routing layer: met1
[INFO GRT-0021] Max routing layer: met5
[INFO GRT-0022] Global adjustment: 30%
[INFO GRT-0023] Grid origin: (0, 0)
[INFO GRT-0088] Layer li1     Track-Pitch = 0.4600  line-2-Via Pitch: 0.3400
[INFO GRT-0088] Layer met1    Track-Pitch = 0.3400  line-2-Via Pitch: 0.3400
[INFO GRT-0088] Layer met2    Track-Pitch = 0.4600  line-2-Via Pitch: 0.3500
[INFO GRT-0088] Layer met3    Track-Pitch = 0.6800  line-2-Via Pitch: 0.6150
[INFO GRT-0088] Layer met4    Track-Pitch = 0.9200  line-2-Via Pitch: 1.0400
[INFO GRT-0088] Layer met5    Track-Pitch = 3.4000  line-2-Via Pitch: 3.1100
[INFO GRT-0003] Macros: 0
[INFO GRT-0004] Blockages: 3782
[INFO GRT-0019] Found 30 clock nets.
[INFO GRT-0001] Minimum degree: 2
[INFO GRT-0002] Maximum degree: 15

[INFO GRT-0053] Routing resources analysis:
          Routing      Original      Derated      Resource
Layer     Direction    Resources     Resources    Reduction (%)
---------------------------------------------------------------
li1        Vertical            0             0          0.00%
met1       Horizontal      77234         51452          33.38%
met2       Vertical        74867         49795          33.49%
met3       Horizontal      51445         35317          31.35%
met4       Vertical        37293         22376          40.00%
met5       Horizontal       9940          5112          48.57%
---------------------------------------------------------------

[INFO GRT-0197] Via related to pin nodes: 7508
[INFO GRT-0198] Via related Steiner nodes: 168
[INFO GRT-0199] Via filling finished.
[INFO GRT-0111] Final number of vias: 9361
[INFO GRT-0112] Final usage 3D: 34216

[INFO GRT-0096] Final congestion report:
Layer         Resource        Demand        Usage (%)    Max H / Max V / Total Overflow
---------------------------------------------------------------------------------------
li1                  0             0            0.00%             0 /  0 /  0
met1             51452          2390            4.65%             0 /  0 /  0
met2             49795          3462            6.95%             0 /  0 /  0
met3             35317            69            0.20%             0 /  0 /  0
met4             22376           212            0.95%             0 /  0 /  0
met5              5112             0            0.00%             0 /  0 /  0
---------------------------------------------------------------------------------------
Total           164052          6133            3.74%             0 /  0 /  0

[INFO GRT-0018] Total wirelength: 64908 um
[INFO GRT-0014] Routed nets: 1511
[INFO GRT-0303] Global routing runtime = 00:00:00
Setting global connections for newly added cells…
[INFO] Setting global connections...
[INFO ODB-0403] 0 connections made, 0 conflicts skipped.
Updating metrics…
Cell type report:                       Count       Area
  Fill cell                               350    1313.76
  Tap cell                               3274    4096.43
  Buffer                                    1       5.00
  Clock buffer                             40     575.55
  Timing Repair Buffer                    466    4554.37
  Inverter                                286    1073.53
  Clock inverter                            5      57.56
  Sequential cell                         270    7094.30
  Multi-Input combinational cell          448    4305.38
  Total                                  5140   23075.88
Writing OpenROAD database to '/foss/designs/sky130_characterization/openlane/characterization_top_sky130/runs/RUN_2026-06-23_12-08-15/39-openroad-globalrouting/characterization_top.odb'…
Writing layout to '/foss/designs/sky130_characterization/openlane/characterization_top_sky130/runs/RUN_2026-06-23_12-08-15/39-openroad-globalrouting/characterization_top.def'…
