                                                                        Cells by Master                                                                         
┏━━━━━━━━━━━━━━━━━━━━━━━━━━━━━━━━━━━━━━━━━━━━━━━━━━━━━━━━━━━━━━━━━━━━━━━━━━━━━━━━━━━━━━━━━━━━━━━━━━━━━━━━━━━━━━━━━━━━━━━━━━━━━━━━━━━┳━━━━━━━━━━━━━━━━━━━━━━━━━━┓
┃ Cell                                                                                                                              ┃ Count                    ┃
┡━━━━━━━━━━━━━━━━━━━━━━━━━━━━━━━━━━━━━━━━━━━━━━━━━━━━━━━━━━━━━━━━━━━━━━━━━━━━━━━━━━━━━━━━━━━━━━━━━━━━━━━━━━━━━━━━━━━━━━━━━━━━━━━━━━━╇━━━━━━━━━━━━━━━━━━━━━━━━━━┩
│ sky130_fd_sc_hd__a2111o_2                                                                                                         │ 1                        │
│ sky130_fd_sc_hd__a21boi_2                                                                                                         │ 1                        │
│ sky130_fd_sc_hd__a21o_2                                                                                                           │ 12                       │
│ sky130_fd_sc_hd__a21oi_2                                                                                                          │ 18                       │
│ sky130_fd_sc_hd__a22o_2                                                                                                           │ 117                      │
│ sky130_fd_sc_hd__a2bb2o_2                                                                                                         │ 6                        │
│ sky130_fd_sc_hd__a311oi_2                                                                                                         │ 1                        │
│ sky130_fd_sc_hd__a31o_2                                                                                                           │ 13                       │
│ sky130_fd_sc_hd__a31oi_2                                                                                                          │ 1                        │
│ sky130_fd_sc_hd__a32o_2                                                                                                           │ 18                       │
│ sky130_fd_sc_hd__a41o_2                                                                                                           │ 4                        │
│ sky130_fd_sc_hd__and2_2                                                                                                           │ 16                       │
│ sky130_fd_sc_hd__and2b_2                                                                                                          │ 5                        │
│ sky130_fd_sc_hd__and3_2                                                                                                           │ 17                       │
│ sky130_fd_sc_hd__and3b_2                                                                                                          │ 2                        │
│ sky130_fd_sc_hd__and4_2                                                                                                           │ 9                        │
│ sky130_fd_sc_hd__and4b_2                                                                                                          │ 1                        │
│ sky130_fd_sc_hd__and4bb_2                                                                                                         │ 1                        │
│ sky130_fd_sc_hd__buf_1                                                                                                            │ 2                        │
│ sky130_fd_sc_hd__buf_2                                                                                                            │ 6                        │
│ sky130_fd_sc_hd__buf_4                                                                                                            │ 22                       │
│ sky130_fd_sc_hd__bufinv_16                                                                                                        │ 1                        │
│ sky130_fd_sc_hd__clkbuf_16                                                                                                        │ 5                        │
│ sky130_fd_sc_hd__clkbuf_2                                                                                                         │ 2                        │
│ sky130_fd_sc_hd__clkbuf_4                                                                                                         │ 8                        │
│ sky130_fd_sc_hd__clkbuf_8                                                                                                         │ 30                       │
│ sky130_fd_sc_hd__clkdlybuf4s25_1                                                                                                  │ 179                      │
│ sky130_fd_sc_hd__clkinv_2                                                                                                         │ 2                        │
│ sky130_fd_sc_hd__conb_1                                                                                                           │ 2                        │
│ sky130_fd_sc_hd__decap_3                                                                                                          │ 54722                    │
│ sky130_fd_sc_hd__dfrtp_2                                                                                                          │ 269                      │
│ sky130_fd_sc_hd__dfstp_2                                                                                                          │ 1                        │
│ sky130_fd_sc_hd__diode_2                                                                                                          │ 3                        │
│ sky130_fd_sc_hd__dlygate4sd3_1                                                                                                    │ 253                      │
│ sky130_fd_sc_hd__fill_1                                                                                                           │ 3173                     │
│ sky130_fd_sc_hd__fill_2                                                                                                           │ 556                      │
│ sky130_fd_sc_hd__inv_2                                                                                                            │ 286                      │
│ sky130_fd_sc_hd__inv_6                                                                                                            │ 2                        │
│ sky130_fd_sc_hd__mux2_1                                                                                                           │ 79                       │
│ sky130_fd_sc_hd__nand2_2                                                                                                          │ 15                       │
│ sky130_fd_sc_hd__nand2b_2                                                                                                         │ 3                        │
│ sky130_fd_sc_hd__nand3_2                                                                                                          │ 2                        │
│ sky130_fd_sc_hd__nand4_2                                                                                                          │ 3                        │
│ sky130_fd_sc_hd__nor2_2                                                                                                           │ 14                       │
│ sky130_fd_sc_hd__nor3_2                                                                                                           │ 8                        │
│ sky130_fd_sc_hd__nor3b_2                                                                                                          │ 2                        │
│ sky130_fd_sc_hd__nor4_2                                                                                                           │ 1                        │
│ sky130_fd_sc_hd__o2111a_2                                                                                                         │ 2                        │
│ sky130_fd_sc_hd__o2111ai_2                                                                                                        │ 1                        │
│ sky130_fd_sc_hd__o211a_2                                                                                                          │ 4                        │
│ sky130_fd_sc_hd__o21a_2                                                                                                           │ 16                       │
│ sky130_fd_sc_hd__o21ai_2                                                                                                          │ 9                        │
│ sky130_fd_sc_hd__o21ba_2                                                                                                          │ 2                        │
│ sky130_fd_sc_hd__o22a_2                                                                                                           │ 1                        │
│ sky130_fd_sc_hd__o311a_2                                                                                                          │ 9                        │
│ sky130_fd_sc_hd__o31a_2                                                                                                           │ 8                        │
│ sky130_fd_sc_hd__or2_2                                                                                                            │ 12                       │
│ sky130_fd_sc_hd__or3_2                                                                                                            │ 4                        │
│ sky130_fd_sc_hd__or3b_2                                                                                                           │ 1                        │
│ sky130_fd_sc_hd__or4_2                                                                                                            │ 7                        │
│ sky130_fd_sc_hd__tapvpwrvgnd_1                                                                                                    │ 3274                     │
└───────────────────────────────────────────────────────────────────────────────────────────────────────────────────────────────────┴──────────────────────────┘
