
===========================================================================
report_checks -unconstrained
===========================================================================
======================= nom_ss_100C_1v60 Corner ===================================

Startpoint: enable (input port clocked by null)
Endpoint: ro_out (output port clocked by null)
Path Group: null
Path Type: max

Fanout         Cap        Slew       Delay        Time   Description
---------------------------------------------------------------------------------------------
                      0.000000    0.000000    0.000000   clock null (rise edge)
                                  0.000000    0.000000   clock network delay (ideal)
                                  2.000000    2.000000 ^ input external delay
     1    0.003515    0.037021    0.019571    2.019571 ^ enable (in)
                                                         enable (net)
                      0.037021    0.000000    2.019571 ^ input1/A (sky130_fd_sc_hd__clkdlybuf4s25_1)
     1    0.003310    0.080615    0.452650    2.472221 ^ input1/X (sky130_fd_sc_hd__clkdlybuf4s25_1)
                                                         net1 (net)
                      0.080615    0.000101    2.472322 ^ u_nand/A (sky130_fd_sc_hd__nand2_1)
     1    0.002812    0.068495    0.099540    2.571861 v u_nand/Y (sky130_fd_sc_hd__nand2_1)
                                                         n0 (net)
                      0.068495    0.000083    2.571944 v u_inv0/A (sky130_fd_sc_hd__inv_1)
     1    0.003159    0.055835    0.079998    2.651943 ^ u_inv0/Y (sky130_fd_sc_hd__inv_1)
                                                         n1 (net)
                      0.055835    0.000096    2.652039 ^ u_inv1/A (sky130_fd_sc_hd__inv_1)
     1    0.002809    0.036390    0.061029    2.713067 v u_inv1/Y (sky130_fd_sc_hd__inv_1)
                                                         n2 (net)
                      0.036390    0.000081    2.713149 v u_inv2/A (sky130_fd_sc_hd__inv_1)
     1    0.003085    0.053881    0.064891    2.778040 ^ u_inv2/Y (sky130_fd_sc_hd__inv_1)
                                                         n3 (net)
                      0.053881    0.000093    2.778133 ^ u_inv3/A (sky130_fd_sc_hd__inv_1)
     2    0.004676    0.050637    0.072270    2.850404 v u_inv3/Y (sky130_fd_sc_hd__inv_1)
                                                         n4 (net)
                      0.050637    0.000069    2.850472 v u_buf/A (sky130_fd_sc_hd__buf_2)
     1    0.002340    0.041728    0.211620    3.062092 v u_buf/X (sky130_fd_sc_hd__buf_2)
                                                         net2 (net)
                      0.041728    0.000046    3.062138 v output2/A (sky130_fd_sc_hd__clkdlybuf4s25_1)
     1    0.035570    0.480900    0.766902    3.829040 v output2/X (sky130_fd_sc_hd__clkdlybuf4s25_1)
                                                         ro_out (net)
                      0.480900    0.001037    3.830076 v ro_out (out)
                                              3.830076   data arrival time

                      0.000000   10.000000   10.000000   clock null (rise edge)
                                  0.000000   10.000000   clock network delay (ideal)
                                 -0.250000    9.750000   clock uncertainty
                                  0.000000    9.750000   clock reconvergence pessimism
                                 -2.000000    7.750000   output external delay
                                              7.750000   data required time
---------------------------------------------------------------------------------------------
                                              7.750000   data required time
                                             -3.830076   data arrival time
---------------------------------------------------------------------------------------------
                                              3.919924   slack (MET)




===========================================================================
report_checks --slack_max -0.01
============================================================================
======================= nom_ss_100C_1v60 Corner ===================================

No paths found.


===========================================================================
 report_check_types -max_slew -max_cap -max_fanout -violators
============================================================================
======================= nom_ss_100C_1v60 Corner ===================================



===========================================================================
report_parasitic_annotation -report_unannotated
============================================================================
Found 0 unannotated drivers.
Found 0 partially unannotated drivers.

===========================================================================
max slew violation count 0
max fanout violation count 0
max cap violation count 0
============================================================================

===========================================================================
check_setup -verbose -unconstrained_endpoints -multiple_clock -no_clock -no_input_delay -loops -generated_clocks
===========================================================================
Warning: There is 1 combinational loop in the design.
  u_nand/Y
  u_inv0/A
  u_inv0/Y
  u_inv1/A
  u_inv1/Y
  u_inv2/A
  u_inv2/Y
  u_inv3/A
  u_inv3/Y
  u_nand/B
  | loop cut point
  u_nand/Y
  --------------------------------
