
===========================================================================
report_checks -unconstrained
===========================================================================
======================= nom_tt_025C_1v80 Corner ===================================

Startpoint: in (input port clocked by null)
Endpoint: out (output port clocked by null)
Path Group: null
Path Type: max

Fanout         Cap        Slew       Delay        Time   Description
---------------------------------------------------------------------------------------------
                      0.000000    0.000000    0.000000   clock null (rise edge)
                                  0.000000    0.000000   clock network delay (ideal)
                                  2.000000    2.000000 v input external delay
     1    0.004960    0.013536    0.008030    2.008030 v in (in)
                                                         in (net)
                      0.013536    0.000000    2.008030 v u0/A (sky130_fd_sc_hd__buf_2)
     1    0.001836    0.021664    0.096793    2.104823 v u0/X (sky130_fd_sc_hd__buf_2)
                                                         n0 (net)
                      0.021664    0.000001    2.104824 v u1/A (sky130_fd_sc_hd__buf_2)
     1    0.001821    0.021625    0.100017    2.204841 v u1/X (sky130_fd_sc_hd__buf_2)
                                                         n1 (net)
                      0.021625    0.000001    2.204842 v u2/A (sky130_fd_sc_hd__buf_2)
     1    0.001794    0.021555    0.099901    2.304743 v u2/X (sky130_fd_sc_hd__buf_2)
                                                         n2 (net)
                      0.021555    0.000001    2.304744 v u3/A (sky130_fd_sc_hd__buf_2)
     1    0.001805    0.021585    0.099915    2.404660 v u3/X (sky130_fd_sc_hd__buf_2)
                                                         n3 (net)
                      0.021585    0.000001    2.404661 v u4/A (sky130_fd_sc_hd__buf_2)
     1    0.001832    0.021653    0.100026    2.504686 v u4/X (sky130_fd_sc_hd__buf_2)
                                                         n4 (net)
                      0.021653    0.000001    2.504688 v u5/A (sky130_fd_sc_hd__buf_2)
     1    0.001813    0.021604    0.099983    2.604670 v u5/X (sky130_fd_sc_hd__buf_2)
                                                         n5 (net)
                      0.021604    0.000001    2.604672 v u6/A (sky130_fd_sc_hd__buf_2)
     1    0.001794    0.021556    0.099893    2.704565 v u6/X (sky130_fd_sc_hd__buf_2)
                                                         n6 (net)
                      0.021556    0.000001    2.704566 v u7/A (sky130_fd_sc_hd__buf_2)
     1    0.001835    0.021659    0.100022    2.804588 v u7/X (sky130_fd_sc_hd__buf_2)
                                                         n7 (net)
                      0.021659    0.000002    2.804589 v u8/A (sky130_fd_sc_hd__buf_2)
     1    0.036786    0.092377    0.174966    2.979555 v u8/X (sky130_fd_sc_hd__buf_2)
                                                         out (net)
                      0.092378    0.000486    2.980042 v out (out)
                                              2.980042   data arrival time

                      0.000000   10.000000   10.000000   clock null (rise edge)
                                  0.000000   10.000000   clock network delay (ideal)
                                 -0.250000    9.750000   clock uncertainty
                                  0.000000    9.750000   clock reconvergence pessimism
                                 -2.000000    7.750000   output external delay
                                              7.750000   data required time
---------------------------------------------------------------------------------------------
                                              7.750000   data required time
                                             -2.980042   data arrival time
---------------------------------------------------------------------------------------------
                                              4.769959   slack (MET)




===========================================================================
report_checks --slack_max -0.01
============================================================================
======================= nom_tt_025C_1v80 Corner ===================================

No paths found.


===========================================================================
 report_check_types -max_slew -max_cap -max_fanout -violators
============================================================================
======================= nom_tt_025C_1v80 Corner ===================================



===========================================================================
report_parasitic_annotation -report_unannotated
============================================================================
Found 0 unannotated drivers.
Found 0 partially unannotated drivers.

===========================================================================
max slew violation count 0
Writing metric design__max_slew_violation__count__corner:nom_tt_025C_1v80: 0
max fanout violation count 0
Writing metric design__max_fanout_violation__count__corner:nom_tt_025C_1v80: 0
max cap violation count 0
Writing metric design__max_cap_violation__count__corner:nom_tt_025C_1v80: 0
============================================================================

===========================================================================
check_setup -verbose -unconstrained_endpoints -multiple_clock -no_clock -no_input_delay -loops -generated_clocks
===========================================================================
