Startpoint: rst (input port clocked by clk)
Endpoint: _1728_ (removal check against rising-edge clock clk)
Path Group: asynchronous
Path Type: min

  Delay    Time   Description
---------------------------------------------------------
   0.00    0.00   clock clk (rise edge)
   0.00    0.00   clock network delay (propagated)
   2.00    2.00 v input external delay
   0.00    2.00 v rst (in)
   0.17    2.18 v input9/X (sky130_fd_sc_hd__buf_1)
   0.26    2.43 v max_cap212/X (sky130_fd_sc_hd__buf_2)
   0.07    2.51 ^ _1285_/Y (sky130_fd_sc_hd__inv_2)
   0.00    2.51 ^ _1728_/RESET_B (sky130_fd_sc_hd__dfrtp_2)
           2.51   data arrival time

   0.00    0.00   clock clk (rise edge)
   0.80    0.80   clock network delay (propagated)
   0.25    1.05   clock uncertainty
   0.00    1.05   clock reconvergence pessimism
           1.05 ^ _1728_/CLK (sky130_fd_sc_hd__dfrtp_2)
   0.74    1.79   library removal time
           1.79   data required time
---------------------------------------------------------
           1.79   data required time
          -2.51   data arrival time
---------------------------------------------------------
           0.72   slack (MET)


Startpoint: _1571_ (rising edge-triggered flip-flop clocked by clk)
Endpoint: _1726_ (rising edge-triggered flip-flop clocked by clk)
Path Group: clk
Path Type: min

  Delay    Time   Description
---------------------------------------------------------
   0.00    0.00   clock clk (rise edge)
   0.80    0.80   clock network delay (propagated)
   0.00    0.80 ^ _1571_/CLK (sky130_fd_sc_hd__dfrtp_2)
   0.76    1.56 ^ _1571_/Q (sky130_fd_sc_hd__dfrtp_2)
   0.10    1.67 v _0739_/Y (sky130_fd_sc_hd__nand2_2)
   0.07    1.73 ^ _0740_/Y (sky130_fd_sc_hd__inv_2)
   0.00    1.73 ^ _1726_/D (sky130_fd_sc_hd__dfrtp_2)
           1.73   data arrival time

   0.00    0.00   clock clk (rise edge)
   0.81    0.81   clock network delay (propagated)
   0.25    1.06   clock uncertainty
   0.00    1.06   clock reconvergence pessimism
           1.06 ^ _1726_/CLK (sky130_fd_sc_hd__dfrtp_2)
  -0.04    1.02   library hold time
           1.02   data required time
---------------------------------------------------------
           1.02   data required time
          -1.73   data arrival time
---------------------------------------------------------
           0.72   slack (MET)


