Clock: clk
Sources: clk 
Generated: no
Virtual: no
Propagated: no
Period: 10.000000

===========================================================================
report_clock_properties
============================================================================
Clock                   Period          Waveform
----------------------------------------------------
clk                  10.000000    0.000000  5.000000

===========================================================================
report_clock_latency
============================================================================
Clock clk
rise -> rise
    min     max
0.000000 0.000000 source latency
0.354703         network latency _1893_/CLK
        0.419446 network latency _1893_/CLK
---------------
0.354703 0.419446 latency
        0.064743 skew

fall -> fall
    min     max
0.000000 0.000000 source latency
0.288144         network latency _1893_/CLK
        0.350709 network latency _1893_/CLK
---------------
0.288144 0.350709 latency
        0.062566 skew



===========================================================================
report_clock_min_period
============================================================================
clk period_min = 1.58 fmax = 634.59
