Startpoint: rst (input port clocked by clk)
Endpoint: _1728_ (removal check against rising-edge clock clk)
Path Group: asynchronous
Path Type: min

  Delay    Time   Description
---------------------------------------------------------
   0.00    0.00   clock clk (rise edge)
   0.00    0.00   clock network delay (propagated)
   2.00    2.00 v input external delay
   0.01    2.01 v rst (in)
   0.25    2.26 v input9/X (sky130_fd_sc_hd__buf_1)
   0.38    2.64 v max_cap212/X (sky130_fd_sc_hd__buf_2)
   0.11    2.75 ^ _1285_/Y (sky130_fd_sc_hd__inv_2)
   0.00    2.75 ^ _1728_/RESET_B (sky130_fd_sc_hd__dfrtp_2)
           2.75   data arrival time

   0.00    0.00   clock clk (rise edge)
   1.14    1.14   clock network delay (propagated)
   0.25    1.39   clock uncertainty
   0.00    1.39   clock reconvergence pessimism
           1.39 ^ _1728_/CLK (sky130_fd_sc_hd__dfrtp_2)
   1.19    2.58   library removal time
           2.58   data required time
---------------------------------------------------------
           2.58   data required time
          -2.75   data arrival time
---------------------------------------------------------
           0.16   slack (MET)


Startpoint: _1571_ (rising edge-triggered flip-flop clocked by clk)
Endpoint: _1726_ (rising edge-triggered flip-flop clocked by clk)
Path Group: clk
Path Type: min

  Delay    Time   Description
---------------------------------------------------------
   0.00    0.00   clock clk (rise edge)
   1.14    1.14   clock network delay (propagated)
   0.00    1.14 ^ _1571_/CLK (sky130_fd_sc_hd__dfrtp_2)
   1.15    2.30 ^ _1571_/Q (sky130_fd_sc_hd__dfrtp_2)
   0.14    2.44 v _0739_/Y (sky130_fd_sc_hd__nand2_2)
   0.09    2.54 ^ _0740_/Y (sky130_fd_sc_hd__inv_2)
   0.00    2.54 ^ _1726_/D (sky130_fd_sc_hd__dfrtp_2)
           2.54   data arrival time

   0.00    0.00   clock clk (rise edge)
   1.15    1.15   clock network delay (propagated)
   0.25    1.40   clock uncertainty
   0.00    1.40   clock reconvergence pessimism
           1.40 ^ _1726_/CLK (sky130_fd_sc_hd__dfrtp_2)
  -0.05    1.35   library hold time
           1.35   data required time
---------------------------------------------------------
           1.35   data required time
          -2.54   data arrival time
---------------------------------------------------------
           1.18   slack (MET)


