Startpoint: rst (input port clocked by clk)
Endpoint: _1560_ (recovery check against rising-edge clock clk)
Path Group: asynchronous
Path Type: max

  Delay    Time   Description
---------------------------------------------------------
   0.00    0.00   clock clk (rise edge)
   0.00    0.00   clock network delay (propagated)
   2.00    2.00 v input external delay
   0.01    2.01 v rst (in)
   0.25    2.26 v input9/X (sky130_fd_sc_hd__buf_1)
   0.38    2.64 v max_cap212/X (sky130_fd_sc_hd__buf_2)
   0.79    3.43 v fanout210/X (sky130_fd_sc_hd__clkdlybuf4s25_1)
   0.43    3.85 v load_slew211/X (sky130_fd_sc_hd__buf_2)
   0.86    4.71 v fanout189/X (sky130_fd_sc_hd__clkdlybuf4s25_1)
   0.92    5.63 v fanout187/X (sky130_fd_sc_hd__clkdlybuf4s25_1)
   0.97    6.61 v fanout185/X (sky130_fd_sc_hd__clkdlybuf4s25_1)
   0.60    7.20 v load_slew186/X (sky130_fd_sc_hd__buf_4)
   0.13    7.33 ^ _1387_/Y (sky130_fd_sc_hd__inv_2)
   0.00    7.33 ^ _1560_/RESET_B (sky130_fd_sc_hd__dfrtp_2)
           7.33   data arrival time

  10.00   10.00   clock clk (rise edge)
   1.12   11.12   clock network delay (propagated)
  -0.25   10.87   clock uncertainty
   0.00   10.87   clock reconvergence pessimism
          10.87 ^ _1560_/CLK (sky130_fd_sc_hd__dfrtp_2)
   0.76   11.63   library recovery time
          11.63   data required time
---------------------------------------------------------
          11.63   data required time
          -7.33   data arrival time
---------------------------------------------------------
           4.30   slack (MET)


Startpoint: _1722_ (rising edge-triggered flip-flop clocked by clk)
Endpoint: _1645_ (rising edge-triggered flip-flop clocked by clk)
Path Group: clk
Path Type: max

  Delay    Time   Description
---------------------------------------------------------
   0.00    0.00   clock clk (rise edge)
   1.14    1.14   clock network delay (propagated)
   0.00    1.14 ^ _1722_/CLK (sky130_fd_sc_hd__dfrtp_2)
   1.36    2.49 v _1722_/Q (sky130_fd_sc_hd__dfrtp_2)
   0.24    2.73 ^ _0739_/Y (sky130_fd_sc_hd__nand2_2)
   1.35    4.08 ^ fanout151/X (sky130_fd_sc_hd__clkdlybuf4s25_1)
   1.56    5.63 ^ fanout150/X (sky130_fd_sc_hd__clkdlybuf4s25_1)
   1.72    7.35 ^ fanout149/X (sky130_fd_sc_hd__clkdlybuf4s25_1)
   1.66    9.02 v _1181_/X (sky130_fd_sc_hd__mux2_1)
   1.80   10.81 v hold374/X (sky130_fd_sc_hd__dlygate4sd3_1)
   0.00   10.81 v _1645_/D (sky130_fd_sc_hd__dfrtp_2)
          10.81   data arrival time

  10.00   10.00   clock clk (rise edge)
   1.15   11.15   clock network delay (propagated)
  -0.25   10.90   clock uncertainty
   0.00   10.90   clock reconvergence pessimism
          10.90 ^ _1645_/CLK (sky130_fd_sc_hd__dfrtp_2)
  -0.65   10.24   library setup time
          10.24   data required time
---------------------------------------------------------
          10.24   data required time
         -10.81   data arrival time
---------------------------------------------------------
          -0.57   slack (VIOLATED)


