Startpoint: rst (input port clocked by clk)
Endpoint: _1484_ (recovery check against rising-edge clock clk)
Path Group: asynchronous
Path Type: max

  Delay    Time   Description
---------------------------------------------------------
   0.00    0.00   clock clk (rise edge)
   0.00    0.00   clock network delay (propagated)
   2.00    2.00 v input external delay
   0.00    2.00 v rst (in)
   0.06    2.06 v input9/X (sky130_fd_sc_hd__buf_1)
   0.08    2.14 v max_cap212/X (sky130_fd_sc_hd__buf_2)
   0.18    2.31 v fanout210/X (sky130_fd_sc_hd__clkdlybuf4s25_1)
   0.22    2.54 v fanout180/X (sky130_fd_sc_hd__clkdlybuf4s25_1)
   0.28    2.81 v fanout179/X (sky130_fd_sc_hd__clkdlybuf4s25_1)
   0.26    3.08 v fanout177/X (sky130_fd_sc_hd__clkdlybuf4s25_1)
   0.14    3.21 v load_slew178/X (sky130_fd_sc_hd__buf_4)
   0.03    3.25 ^ _1311_/Y (sky130_fd_sc_hd__inv_2)
   0.00    3.25 ^ _1484_/RESET_B (sky130_fd_sc_hd__dfrtp_2)
           3.25   data arrival time

  10.00   10.00   clock clk (rise edge)
   0.30   10.30   clock network delay (propagated)
  -0.25   10.05   clock uncertainty
   0.00   10.05   clock reconvergence pessimism
          10.05 ^ _1484_/CLK (sky130_fd_sc_hd__dfrtp_2)
   0.14   10.19   library recovery time
          10.19   data required time
---------------------------------------------------------
          10.19   data required time
          -3.25   data arrival time
---------------------------------------------------------
           6.94   slack (MET)


Startpoint: start (input port clocked by clk)
Endpoint: _1709_ (rising edge-triggered flip-flop clocked by clk)
Path Group: clk
Path Type: max

  Delay    Time   Description
---------------------------------------------------------
   0.00    0.00   clock clk (rise edge)
   0.00    0.00   clock network delay (propagated)
   2.00    2.00 ^ input external delay
   0.01    2.01 ^ start (in)
   0.17    2.18 ^ input10/X (sky130_fd_sc_hd__clkdlybuf4s25_1)
   0.05    2.23 v _1075_/Y (sky130_fd_sc_hd__nand2b_2)
   0.14    2.37 v _1076_/X (sky130_fd_sc_hd__and2_2)
   0.09    2.46 v _1078_/X (sky130_fd_sc_hd__a21o_2)
   0.24    2.70 v fanout102/X (sky130_fd_sc_hd__clkdlybuf4s25_1)
   0.12    2.82 v _1113_/X (sky130_fd_sc_hd__a22o_2)
   0.35    3.18 v hold357/X (sky130_fd_sc_hd__dlygate4sd3_1)
   0.00    3.18 v _1709_/D (sky130_fd_sc_hd__dfrtp_2)
           3.18   data arrival time

  10.00   10.00   clock clk (rise edge)
   0.30   10.30   clock network delay (propagated)
  -0.25   10.05   clock uncertainty
   0.00   10.05   clock reconvergence pessimism
          10.05 ^ _1709_/CLK (sky130_fd_sc_hd__dfrtp_2)
  -0.07    9.98   library setup time
           9.98   data required time
---------------------------------------------------------
           9.98   data required time
          -3.18   data arrival time
---------------------------------------------------------
           6.80   slack (MET)


