Clock: clk
Sources: clk 
Generated: no
Virtual: yes
Propagated: no
Period: 10.000000

===========================================================================
report_clock_properties
============================================================================
Clock                   Period          Waveform
----------------------------------------------------
clk                  10.000000    0.000000  5.000000

===========================================================================
report_clock_latency
============================================================================
Clock clk
rise -> rise
    min     max
0.000000 0.000000 source latency
0.663992         network latency _1481_/CLK
        0.710842 network latency _1731_/CLK
---------------
0.663992 0.710842 latency
        0.046850 skew

fall -> fall
    min     max
0.000000 0.000000 source latency
0.590786         network latency _1481_/CLK
        0.625772 network latency _1720_/CLK
---------------
0.590786 0.625772 latency
        0.034986 skew



===========================================================================
report_clock_min_period
============================================================================
clk period_min = 3.92 fmax = 254.85
