
===========================================================================
report_checks -path_delay min (Hold)
============================================================================
======================= nom_ss_100C_1v60 Corner ===================================

Startpoint: in (input port clocked by null)
Endpoint: out (output port clocked by null)
Path Group: null
Path Type: min

Fanout         Cap        Slew       Delay        Time   Description
---------------------------------------------------------------------------------------------
                      0.000000    0.000000    0.000000   clock null (rise edge)
                                  0.000000    0.000000   clock network delay (ideal)
                                  2.000000    2.000000 ^ input external delay
     1    0.001753    0.025900    0.010242    2.010242 ^ in (in)
                                                         in (net)
                      0.025900    0.000000    2.010242 ^ u0/A (sky130_fd_sc_hd__buf_2)
     1    0.001753    0.040117    0.140038    2.150281 ^ u0/X (sky130_fd_sc_hd__buf_2)
                                                         n0 (net)
                      0.040117    0.000000    2.150281 ^ u1/A (sky130_fd_sc_hd__buf_2)
     1    0.001753    0.040046    0.146635    2.296916 ^ u1/X (sky130_fd_sc_hd__buf_2)
                                                         n1 (net)
                      0.040046    0.000000    2.296916 ^ u2/A (sky130_fd_sc_hd__buf_2)
     1    0.001753    0.040046    0.146602    2.443518 ^ u2/X (sky130_fd_sc_hd__buf_2)
                                                         n2 (net)
                      0.040046    0.000000    2.443518 ^ u3/A (sky130_fd_sc_hd__buf_2)
     1    0.001753    0.040046    0.146602    2.590120 ^ u3/X (sky130_fd_sc_hd__buf_2)
                                                         n3 (net)
                      0.040046    0.000000    2.590120 ^ u4/A (sky130_fd_sc_hd__buf_2)
     1    0.001753    0.040046    0.146602    2.736722 ^ u4/X (sky130_fd_sc_hd__buf_2)
                                                         n4 (net)
                      0.040046    0.000000    2.736722 ^ u5/A (sky130_fd_sc_hd__buf_2)
     1    0.001753    0.040046    0.146602    2.883324 ^ u5/X (sky130_fd_sc_hd__buf_2)
                                                         n5 (net)
                      0.040046    0.000000    2.883324 ^ u6/A (sky130_fd_sc_hd__buf_2)
     1    0.001753    0.040046    0.146602    3.029926 ^ u6/X (sky130_fd_sc_hd__buf_2)
                                                         n6 (net)
                      0.040046    0.000000    3.029926 ^ u7/A (sky130_fd_sc_hd__buf_2)
     1    0.001753    0.040046    0.146602    3.176528 ^ u7/X (sky130_fd_sc_hd__buf_2)
                                                         n7 (net)
                      0.040046    0.000000    3.176528 ^ u8/A (sky130_fd_sc_hd__buf_2)
     1    0.033442    0.269861    0.325861    3.502390 ^ u8/X (sky130_fd_sc_hd__buf_2)
                                                         out (net)
                      0.269861    0.000000    3.502390 ^ out (out)
                                              3.502390   data arrival time

                      0.000000    0.000000    0.000000   clock null (rise edge)
                                  0.000000    0.000000   clock network delay (ideal)
                                  0.250000    0.250000   clock uncertainty
                                  0.000000    0.250000   clock reconvergence pessimism
                                 -2.000000   -1.750000   output external delay
                                             -1.750000   data required time
---------------------------------------------------------------------------------------------
                                             -1.750000   data required time
                                             -3.502390   data arrival time
---------------------------------------------------------------------------------------------
                                              5.252390   slack (MET)



