
===========================================================================
report_checks -path_delay min (Hold)
============================================================================
======================= nom_ff_n40C_1v95 Corner ===================================

Startpoint: in (input port clocked by null)
Endpoint: out (output port clocked by null)
Path Group: null
Path Type: min

Fanout         Cap        Slew       Delay        Time   Description
---------------------------------------------------------------------------------------------
                      0.000000    0.000000    0.000000   clock null (rise edge)
                                  0.000000    0.000000   clock network delay (ideal)
                                  2.000000    2.000000 ^ input external delay
     1    0.001878    0.011033    0.004797    2.004797 ^ in (in)
                                                         in (net)
                      0.011033    0.000000    2.004797 ^ u0/A (sky130_fd_sc_hd__buf_2)
     1    0.001878    0.016647    0.049830    2.054627 ^ u0/X (sky130_fd_sc_hd__buf_2)
                                                         n0 (net)
                      0.016647    0.000000    2.054627 ^ u1/A (sky130_fd_sc_hd__buf_2)
     1    0.001878    0.016641    0.051418    2.106046 ^ u1/X (sky130_fd_sc_hd__buf_2)
                                                         n1 (net)
                      0.016641    0.000000    2.106046 ^ u2/A (sky130_fd_sc_hd__buf_2)
     1    0.001878    0.016641    0.051416    2.157462 ^ u2/X (sky130_fd_sc_hd__buf_2)
                                                         n2 (net)
                      0.016641    0.000000    2.157462 ^ u3/A (sky130_fd_sc_hd__buf_2)
     1    0.001878    0.016641    0.051416    2.208879 ^ u3/X (sky130_fd_sc_hd__buf_2)
                                                         n3 (net)
                      0.016641    0.000000    2.208879 ^ u4/A (sky130_fd_sc_hd__buf_2)
     1    0.001878    0.016641    0.051416    2.260295 ^ u4/X (sky130_fd_sc_hd__buf_2)
                                                         n4 (net)
                      0.016641    0.000000    2.260295 ^ u5/A (sky130_fd_sc_hd__buf_2)
     1    0.001878    0.016641    0.051416    2.311711 ^ u5/X (sky130_fd_sc_hd__buf_2)
                                                         n5 (net)
                      0.016641    0.000000    2.311711 ^ u6/A (sky130_fd_sc_hd__buf_2)
     1    0.001878    0.016641    0.051416    2.363128 ^ u6/X (sky130_fd_sc_hd__buf_2)
                                                         n6 (net)
                      0.016641    0.000000    2.363128 ^ u7/A (sky130_fd_sc_hd__buf_2)
     1    0.001878    0.016641    0.051416    2.414544 ^ u7/X (sky130_fd_sc_hd__buf_2)
                                                         n7 (net)
                      0.016641    0.000000    2.414544 ^ u8/A (sky130_fd_sc_hd__buf_2)
     1    0.033442    0.127479    0.131386    2.545930 ^ u8/X (sky130_fd_sc_hd__buf_2)
                                                         out (net)
                      0.127479    0.000000    2.545930 ^ out (out)
                                              2.545930   data arrival time

                      0.000000    0.000000    0.000000   clock null (rise edge)
                                  0.000000    0.000000   clock network delay (ideal)
                                  0.250000    0.250000   clock uncertainty
                                  0.000000    0.250000   clock reconvergence pessimism
                                 -2.000000   -1.750000   output external delay
                                             -1.750000   data required time
---------------------------------------------------------------------------------------------
                                             -1.750000   data required time
                                             -2.545930   data arrival time
---------------------------------------------------------------------------------------------
                                              4.295930   slack (MET)



