Reading timing models for corner nom_typ_1p20V_25C…
Reading timing library for the 'nom_typ_1p20V_25C' corner at '/foss/pdks/ihp-sg13g2/libs.ref/sg13g2_stdcell/lib/sg13g2_stdcell_typ_1p20V_25C.lib'…
Reading timing library for the 'nom_typ_1p20V_25C' corner at '/foss/pdks/ihp-sg13g2/libs.ref/sg13g2_io/lib/sg13g2_io_typ_1p2V_3p3V_25C.lib'…
Reading OpenROAD database at '/foss/designs/sky130_characterization/openlane/characterization_top/runs/RUN_2026-06-19_09-25-21/32-openroad-repairdesignpostgpl/characterization_top.odb'…
Reading design constraints file at '/usr/local/lib/python3.12/dist-packages/librelane/scripts/base.sdc'…
[INFO] Using clock clk…
[INFO] Setting output delay to: 2.0
[INFO] Setting input delay to: 2.0
[INFO] Setting load to: 0.006
[INFO] Setting clock uncertainty to: 0.25
[INFO] Setting clock transition to: 0.15
[INFO] Setting timing derate to: 5%
+ detailed_placement -max_displacement  500 100 
Placement Analysis
---------------------------------
total displacement          0.0 u
average displacement        0.0 u
max displacement            0.0 u
original HPWL           38923.9 u
legalized HPWL          39403.6 u
delta HPWL                    1 %

[INFO DPL-0020] Mirrored 466 instances
[INFO DPL-0021] HPWL before           39403.6 u
[INFO DPL-0022] HPWL after            38923.9 u
[INFO DPL-0023] HPWL delta               -1.2 %
Setting global connections for newly added cells…
[INFO] Setting global connections...
[INFO ODB-0403] 0 connections made, 0 conflicts skipped.
Updating metrics…
Cell type report:                       Count       Area
  Buffer                                    1       7.26
  Timing Repair Buffer                    208    1509.58
  Inverter                                365    1986.77
  Sequential cell                         270   13226.98
  Multi-Input combinational cell          583    6098.20
  Total                                  1427   22828.78
Writing OpenROAD database to '/foss/designs/sky130_characterization/openlane/characterization_top/runs/RUN_2026-06-19_09-25-21/34-openroad-detailedplacement/characterization_top.odb'…
Writing netlist to '/foss/designs/sky130_characterization/openlane/characterization_top/runs/RUN_2026-06-19_09-25-21/34-openroad-detailedplacement/characterization_top.nl.v'…
Writing powered netlist to '/foss/designs/sky130_characterization/openlane/characterization_top/runs/RUN_2026-06-19_09-25-21/34-openroad-detailedplacement/characterization_top.pnl.v'…
Writing layout to '/foss/designs/sky130_characterization/openlane/characterization_top/runs/RUN_2026-06-19_09-25-21/34-openroad-detailedplacement/characterization_top.def'…
Writing timing constraints to '/foss/designs/sky130_characterization/openlane/characterization_top/runs/RUN_2026-06-19_09-25-21/34-openroad-detailedplacement/characterization_top.sdc'…
