Reading timing models for corner nom_typ_1p20V_25C…
Reading timing library for the 'nom_typ_1p20V_25C' corner at '/foss/pdks/ihp-sg13g2/libs.ref/sg13g2_stdcell/lib/sg13g2_stdcell_typ_1p20V_25C.lib'…
Reading timing library for the 'nom_typ_1p20V_25C' corner at '/foss/pdks/ihp-sg13g2/libs.ref/sg13g2_io/lib/sg13g2_io_typ_1p2V_3p3V_25C.lib'…
Reading technology LEF file at '/foss/pdks/ihp-sg13g2/libs.ref/sg13g2_stdcell/lef/sg13g2_tech.lef'…
[INFO ODB-0227] LEF file: /foss/pdks/ihp-sg13g2/libs.ref/sg13g2_stdcell/lef/sg13g2_tech.lef, created 19 layers, 70 vias
Reading cell LEF file at '/foss/pdks/ihp-sg13g2/libs.ref/sg13g2_stdcell/lef/sg13g2_stdcell.lef'…
[INFO ODB-0227] LEF file: /foss/pdks/ihp-sg13g2/libs.ref/sg13g2_stdcell/lef/sg13g2_stdcell.lef, created 84 library cells
Reading gpio pad LEF file at '/foss/pdks/ihp-sg13g2/libs.ref/sg13g2_io/lef/sg13g2_io.lef'…
[INFO ODB-0227] LEF file: /foss/pdks/ihp-sg13g2/libs.ref/sg13g2_io/lef/sg13g2_io.lef, created 22 library cells
Reading top-level netlist at '/foss/designs/sky130_characterization/openlane/characterization_top/runs/RUN_2026-06-19_09-25-21/06-yosys-synthesis/characterization_top.nl.v'…
Linking design 'characterization_top' from netlist…
Reading design constraints file at '/usr/local/lib/python3.12/dist-packages/librelane/scripts/base.sdc'…
[INFO] Using clock clk…
[INFO] Setting output delay to: 2.0
[INFO] Setting input delay to: 2.0
[INFO] Setting load to: 0.006
[INFO] Setting clock uncertainty to: 0.25
[INFO] Setting clock transition to: 0.15
[INFO] Setting timing derate to: 5%
Using site height: 3.78 and site width: 0.48…
[INFO] Using absolute sizing for the floorplan.
+ initialize_floorplan -site CoreSite -die_area 0 0 500 500 -core_area 5.76 15.12 494.24 484.88
[INFO IFP-0001] Added 124 rows of 1017 site CoreSite.
[INFO IFP-0100] Die BBox:  (  0.000  0.000 ) ( 500.000 500.000 ) um
[INFO IFP-0101] Core BBox: (  5.760 15.120 ) ( 493.920 483.840 ) um
[INFO IFP-0102] Core area:                       228810.355 um^2
[INFO IFP-0103] Total instances area:             21319.200 um^2
[INFO IFP-0104] Effective utilization:                0.093
[INFO IFP-0105] Number of instances:                   1219
[INFO IFP-0030] Inserted 0 tiecells using sg13g2_tielo/L_LO.
[INFO IFP-0030] Inserted 0 tiecells using sg13g2_tiehi/L_HI.
[INFO] Extracting DIE_AREA and CORE_AREA from the floorplan
[INFO] Floorplanned on a die area of 0.0 0.0 500.0 500.0 (µm).
[INFO] Floorplanned on a core area of 5.76 15.12 493.92 483.84 (µm).
Writing metric design__die__bbox: 0.0 0.0 500.0 500.0
Writing metric design__core__bbox: 5.76 15.12 493.92 483.84
Setting global connections for newly added cells…
[INFO] Setting global connections...
[INFO ODB-0403] 0 connections made, 0 conflicts skipped.
Updating metrics…
Cell type report:                       Count       Area
  Buffer                                    1       7.26
  Inverter                                365    1986.77
  Sequential cell                         270   13226.98
  Multi-Input combinational cell          583    6098.20
  Total                                  1219   21319.20
Writing OpenROAD database to '/foss/designs/sky130_characterization/openlane/characterization_top/runs/RUN_2026-06-19_09-25-21/13-openroad-floorplan/characterization_top.odb'…
Writing netlist to '/foss/designs/sky130_characterization/openlane/characterization_top/runs/RUN_2026-06-19_09-25-21/13-openroad-floorplan/characterization_top.nl.v'…
Writing powered netlist to '/foss/designs/sky130_characterization/openlane/characterization_top/runs/RUN_2026-06-19_09-25-21/13-openroad-floorplan/characterization_top.pnl.v'…
Writing layout to '/foss/designs/sky130_characterization/openlane/characterization_top/runs/RUN_2026-06-19_09-25-21/13-openroad-floorplan/characterization_top.def'…
Writing timing constraints to '/foss/designs/sky130_characterization/openlane/characterization_top/runs/RUN_2026-06-19_09-25-21/13-openroad-floorplan/characterization_top.sdc'…
