Clock: clk
Sources: clk 
Generated: no
Virtual: yes
Propagated: no
Period: 10.000000

===========================================================================
report_clock_properties
============================================================================
Clock                   Period          Waveform
----------------------------------------------------
clk                  10.000000    0.000000  5.000000

===========================================================================
report_clock_latency
============================================================================
Clock clk
rise -> rise
    min     max
0.000000 0.000000 source latency
0.299941         network latency _2099_/CLK
        0.328044 network latency _2070_/CLK
---------------
0.299941 0.328044 latency
        0.028103 skew

fall -> fall
    min     max
0.000000 0.000000 source latency
0.299573         network latency _2099_/CLK
        0.324765 network latency _2070_/CLK
---------------
0.299573 0.324765 latency
        0.025192 skew



===========================================================================
report_clock_min_period
============================================================================
clk period_min = 2.96 fmax = 338.09
