+ define_corners min_ss_100C_1v60
Reading timing models for corner min_ss_100C_1v60…
Reading cell library for the 'min_ss_100C_1v60' corner at '/foss/pdks/sky130A/libs.ref/sky130_fd_sc_hd/lib/sky130_fd_sc_hd__ss_100C_1v60.lib'…
Reading top-level netlist at '/foss/designs/sky130_characterization/openlane/delay_chain_physical_top/runs/RUN_2026-07-07_15-42-53/52-openroad-fillinsertion/delay_chain_physical_top.nl.v'…
Linking design 'delay_chain_physical_top' from netlist…
Warning: /foss/designs/sky130_characterization/openlane/delay_chain_physical_top/runs/RUN_2026-07-07_15-42-53/52-openroad-fillinsertion/delay_chain_physical_top.nl.v line 50, module sky130_fd_sc_hd__fill_1 not found. Creating black box for FILLER_0_27.
Warning: /foss/designs/sky130_characterization/openlane/delay_chain_physical_top/runs/RUN_2026-07-07_15-42-53/52-openroad-fillinsertion/delay_chain_physical_top.nl.v line 186, module sky130_fd_sc_hd__fill_2 not found. Creating black box for FILLER_11_54.
Warning: /foss/designs/sky130_characterization/openlane/delay_chain_physical_top/runs/RUN_2026-07-07_15-42-53/52-openroad-fillinsertion/delay_chain_physical_top.nl.v line 1833, module sky130_fd_sc_hd__tapvpwrvgnd_1 not found. Creating black box for TAP_TAPCELL_ROW_0_56.
Reading design constraints file at '/usr/local/lib/python3.12/dist-packages/librelane/scripts/base.sdc'…
Warning: base.sdc line 15, port 'null' not found.
[INFO] Using clock null…
[INFO] Setting output delay to: 2
[INFO] Setting input delay to: 2
Warning: base.sdc line 32, port 'null' not found.
[INFO] Setting load to: 0.033442
[INFO] Setting clock uncertainty to: 0.25
[INFO] Setting clock transition to: 0.1499999999999999944488848768742172978818416595458984375
Warning: base.sdc line 69, transition time can not be specified for virtual clocks.
[INFO] Setting timing derate to: 5%
Warning: base.sdc line 79, virtual clock null can not be propagated.
Reading top-level design parasitics for the 'min_ss_100C_1v60' corner at '/foss/designs/sky130_characterization/openlane/delay_chain_physical_top/runs/RUN_2026-07-07_15-42-53/54-openroad-rcx/min/delay_chain_physical_top.min.spef'…
%OL_CREATE_REPORT min.rpt

===========================================================================
report_checks -path_delay min (Hold)
============================================================================
======================= min_ss_100C_1v60 Corner ===================================

Startpoint: in (input port clocked by null)
Endpoint: out (output port clocked by null)
Path Group: null
Path Type: min

Fanout         Cap        Slew       Delay        Time   Description
---------------------------------------------------------------------------------------------
                      0.000000    0.000000    0.000000   clock null (rise edge)
                                  0.000000    0.000000   clock network delay (ideal)
                                  2.000000    2.000000 ^ input external delay
     1    0.006663    0.058423    0.035813    2.035813 ^ in (in)
                                                         in (net)
                      0.058423    0.000000    2.035813 ^ u0/A (sky130_fd_sc_hd__buf_2)
     1    0.002021    0.041026    0.157148    2.192961 ^ u0/X (sky130_fd_sc_hd__buf_2)
                                                         n0 (net)
                      0.041026    0.000010    2.192971 ^ u1/A (sky130_fd_sc_hd__buf_2)
     1    0.002021    0.041114    0.148958    2.341928 ^ u1/X (sky130_fd_sc_hd__buf_2)
                                                         n1 (net)
                      0.041114    0.000010    2.341938 ^ u2/A (sky130_fd_sc_hd__buf_2)
     1    0.002089    0.041543    0.149475    2.491414 ^ u2/X (sky130_fd_sc_hd__buf_2)
                                                         n2 (net)
                      0.041543    0.000019    2.491432 ^ u3/A (sky130_fd_sc_hd__buf_2)
     1    0.002054    0.041321    0.149435    2.640867 ^ u3/X (sky130_fd_sc_hd__buf_2)
                                                         n3 (net)
                      0.041321    0.000010    2.640877 ^ u4/A (sky130_fd_sc_hd__buf_2)
     1    0.002021    0.041113    0.149097    2.789974 ^ u4/X (sky130_fd_sc_hd__buf_2)
                                                         n4 (net)
                      0.041113    0.000010    2.789984 ^ u5/A (sky130_fd_sc_hd__buf_2)
     1    0.002021    0.041114    0.148999    2.938983 ^ u5/X (sky130_fd_sc_hd__buf_2)
                                                         n5 (net)
                      0.041114    0.000010    2.938993 ^ u6/A (sky130_fd_sc_hd__buf_2)
     1    0.001975    0.040823    0.148676    3.087668 ^ u6/X (sky130_fd_sc_hd__buf_2)
                                                         n6 (net)
                      0.040823    0.000009    3.087678 ^ u7/A (sky130_fd_sc_hd__buf_2)
     1    0.002021    0.041115    0.148862    3.236540 ^ u7/X (sky130_fd_sc_hd__buf_2)
                                                         n7 (net)
                      0.041115    0.000010    3.236550 ^ u8/A (sky130_fd_sc_hd__buf_2)
     1    0.005356    0.063147    0.172540    3.409090 ^ u8/X (sky130_fd_sc_hd__buf_2)
                                                         net1 (net)
                      0.063147    0.000116    3.409205 ^ output1/A (sky130_fd_sc_hd__clkdlybuf4s25_1)
     1    0.034248    0.557871    0.808720    4.217926 ^ output1/X (sky130_fd_sc_hd__clkdlybuf4s25_1)
                                                         out (net)
                      0.557871    0.000212    4.218138 ^ out (out)
                                              4.218138   data arrival time

                      0.000000    0.000000    0.000000   clock null (rise edge)
                                  0.000000    0.000000   clock network delay (ideal)
                                  0.250000    0.250000   clock uncertainty
                                  0.000000    0.250000   clock reconvergence pessimism
                                 -2.000000   -1.750000   output external delay
                                             -1.750000   data required time
---------------------------------------------------------------------------------------------
                                             -1.750000   data required time
                                             -4.218138   data arrival time
---------------------------------------------------------------------------------------------
                                              5.968138   slack (MET)



%OL_END_REPORT
%OL_CREATE_REPORT max.rpt

===========================================================================
report_checks -path_delay max (Setup)
============================================================================
======================= min_ss_100C_1v60 Corner ===================================

Startpoint: in (input port clocked by null)
Endpoint: out (output port clocked by null)
Path Group: null
Path Type: max

Fanout         Cap        Slew       Delay        Time   Description
---------------------------------------------------------------------------------------------
                      0.000000    0.000000    0.000000   clock null (rise edge)
                                  0.000000    0.000000   clock network delay (ideal)
                                  2.000000    2.000000 v input external delay
     1    0.006535    0.033239    0.020848    2.020848 v in (in)
                                                         in (net)
                      0.033239    0.000000    2.020848 v u0/A (sky130_fd_sc_hd__buf_2)
     1    0.001893    0.039988    0.200861    2.221709 v u0/X (sky130_fd_sc_hd__buf_2)
                                                         n0 (net)
                      0.039988    0.000009    2.221719 v u1/A (sky130_fd_sc_hd__buf_2)
     1    0.001893    0.039979    0.203958    2.425677 v u1/X (sky130_fd_sc_hd__buf_2)
                                                         n1 (net)
                      0.039979    0.000009    2.425686 v u2/A (sky130_fd_sc_hd__buf_2)
     1    0.001961    0.040248    0.204374    2.630060 v u2/X (sky130_fd_sc_hd__buf_2)
                                                         n2 (net)
                      0.040248    0.000017    2.630078 v u3/A (sky130_fd_sc_hd__buf_2)
     1    0.001926    0.040110    0.204283    2.834361 v u3/X (sky130_fd_sc_hd__buf_2)
                                                         n3 (net)
                      0.040110    0.000010    2.834371 v u4/A (sky130_fd_sc_hd__buf_2)
     1    0.001893    0.039979    0.204014    3.038385 v u4/X (sky130_fd_sc_hd__buf_2)
                                                         n4 (net)
                      0.039979    0.000009    3.038394 v u5/A (sky130_fd_sc_hd__buf_2)
     1    0.001893    0.039979    0.203954    3.242348 v u5/X (sky130_fd_sc_hd__buf_2)
                                                         n5 (net)
                      0.039979    0.000009    3.242357 v u6/A (sky130_fd_sc_hd__buf_2)
     1    0.001847    0.039798    0.203669    3.446027 v u6/X (sky130_fd_sc_hd__buf_2)
                                                         n6 (net)
                      0.039798    0.000009    3.446035 v u7/A (sky130_fd_sc_hd__buf_2)
     1    0.001893    0.039980    0.203871    3.649906 v u7/X (sky130_fd_sc_hd__buf_2)
                                                         n7 (net)
                      0.039980    0.000009    3.649915 v u8/A (sky130_fd_sc_hd__buf_2)
     1    0.005179    0.053719    0.224402    3.874317 v u8/X (sky130_fd_sc_hd__buf_2)
                                                         net1 (net)
                      0.053741    0.000111    3.874428 v output1/A (sky130_fd_sc_hd__clkdlybuf4s25_1)
     1    0.034248    0.464789    0.760532    4.634960 v output1/X (sky130_fd_sc_hd__clkdlybuf4s25_1)
                                                         out (net)
                      0.464789    0.000212    4.635172 v out (out)
                                              4.635172   data arrival time

                      0.000000   10.000000   10.000000   clock null (rise edge)
                                  0.000000   10.000000   clock network delay (ideal)
                                 -0.250000    9.750000   clock uncertainty
                                  0.000000    9.750000   clock reconvergence pessimism
                                 -2.000000    7.750000   output external delay
                                              7.750000   data required time
---------------------------------------------------------------------------------------------
                                              7.750000   data required time
                                             -4.635172   data arrival time
---------------------------------------------------------------------------------------------
                                              3.114828   slack (MET)



%OL_END_REPORT
%OL_CREATE_REPORT checks.rpt

===========================================================================
report_checks -unconstrained
===========================================================================
======================= min_ss_100C_1v60 Corner ===================================

Startpoint: in (input port clocked by null)
Endpoint: out (output port clocked by null)
Path Group: null
Path Type: max

Fanout         Cap        Slew       Delay        Time   Description
---------------------------------------------------------------------------------------------
                      0.000000    0.000000    0.000000   clock null (rise edge)
                                  0.000000    0.000000   clock network delay (ideal)
                                  2.000000    2.000000 v input external delay
     1    0.006535    0.033239    0.020848    2.020848 v in (in)
                                                         in (net)
                      0.033239    0.000000    2.020848 v u0/A (sky130_fd_sc_hd__buf_2)
     1    0.001893    0.039988    0.200861    2.221709 v u0/X (sky130_fd_sc_hd__buf_2)
                                                         n0 (net)
                      0.039988    0.000009    2.221719 v u1/A (sky130_fd_sc_hd__buf_2)
     1    0.001893    0.039979    0.203958    2.425677 v u1/X (sky130_fd_sc_hd__buf_2)
                                                         n1 (net)
                      0.039979    0.000009    2.425686 v u2/A (sky130_fd_sc_hd__buf_2)
     1    0.001961    0.040248    0.204374    2.630060 v u2/X (sky130_fd_sc_hd__buf_2)
                                                         n2 (net)
                      0.040248    0.000017    2.630078 v u3/A (sky130_fd_sc_hd__buf_2)
     1    0.001926    0.040110    0.204283    2.834361 v u3/X (sky130_fd_sc_hd__buf_2)
                                                         n3 (net)
                      0.040110    0.000010    2.834371 v u4/A (sky130_fd_sc_hd__buf_2)
     1    0.001893    0.039979    0.204014    3.038385 v u4/X (sky130_fd_sc_hd__buf_2)
                                                         n4 (net)
                      0.039979    0.000009    3.038394 v u5/A (sky130_fd_sc_hd__buf_2)
     1    0.001893    0.039979    0.203954    3.242348 v u5/X (sky130_fd_sc_hd__buf_2)
                                                         n5 (net)
                      0.039979    0.000009    3.242357 v u6/A (sky130_fd_sc_hd__buf_2)
     1    0.001847    0.039798    0.203669    3.446027 v u6/X (sky130_fd_sc_hd__buf_2)
                                                         n6 (net)
                      0.039798    0.000009    3.446035 v u7/A (sky130_fd_sc_hd__buf_2)
     1    0.001893    0.039980    0.203871    3.649906 v u7/X (sky130_fd_sc_hd__buf_2)
                                                         n7 (net)
                      0.039980    0.000009    3.649915 v u8/A (sky130_fd_sc_hd__buf_2)
     1    0.005179    0.053719    0.224402    3.874317 v u8/X (sky130_fd_sc_hd__buf_2)
                                                         net1 (net)
                      0.053741    0.000111    3.874428 v output1/A (sky130_fd_sc_hd__clkdlybuf4s25_1)
     1    0.034248    0.464789    0.760532    4.634960 v output1/X (sky130_fd_sc_hd__clkdlybuf4s25_1)
                                                         out (net)
                      0.464789    0.000212    4.635172 v out (out)
                                              4.635172   data arrival time

                      0.000000   10.000000   10.000000   clock null (rise edge)
                                  0.000000   10.000000   clock network delay (ideal)
                                 -0.250000    9.750000   clock uncertainty
                                  0.000000    9.750000   clock reconvergence pessimism
                                 -2.000000    7.750000   output external delay
                                              7.750000   data required time
---------------------------------------------------------------------------------------------
                                              7.750000   data required time
                                             -4.635172   data arrival time
---------------------------------------------------------------------------------------------
                                              3.114828   slack (MET)




===========================================================================
report_checks --slack_max -0.01
============================================================================
======================= min_ss_100C_1v60 Corner ===================================

No paths found.


===========================================================================
 report_check_types -max_slew -max_cap -max_fanout -violators
============================================================================
======================= min_ss_100C_1v60 Corner ===================================



===========================================================================
report_parasitic_annotation -report_unannotated
============================================================================
Found 0 unannotated drivers.
Found 0 partially unannotated drivers.

===========================================================================
max slew violation count 0
%OL_METRIC_I design__max_slew_violation__count__corner:min_ss_100C_1v60 0
max fanout violation count 0
%OL_METRIC_I design__max_fanout_violation__count__corner:min_ss_100C_1v60 0
max cap violation count 0
%OL_METRIC_I design__max_cap_violation__count__corner:min_ss_100C_1v60 0
============================================================================

===========================================================================
check_setup -verbose -unconstrained_endpoints -multiple_clock -no_clock -no_input_delay -loops -generated_clocks
===========================================================================
%OL_END_REPORT
%OL_CREATE_REPORT power.rpt

===========================================================================
 report_power
============================================================================
======================= min_ss_100C_1v60 Corner ===================================

Group                    Internal    Switching      Leakage        Total
                            Power        Power        Power        Power (Watts)
------------------------------------------------------------------------
Sequential           0.000000e+00 0.000000e+00 0.000000e+00 0.000000e+00   0.0%
Combinational        1.194391e-06 7.145901e-07 5.474833e-08 1.963729e-06  99.7%
Clock                0.000000e+00 0.000000e+00 5.207831e-09 5.207831e-09   0.3%
Macro                0.000000e+00 0.000000e+00 0.000000e+00 0.000000e+00   0.0%
Pad                  0.000000e+00 0.000000e+00 0.000000e+00 0.000000e+00   0.0%
------------------------------------------------------------------------
Total                1.194391e-06 7.145901e-07 5.995616e-08 1.968937e-06 100.0%
                            60.7%        36.3%         3.0%
%OL_METRIC_F power__internal__total 1.1943905064981664e-6
%OL_METRIC_F power__switching__total 7.145901008698274e-7
%OL_METRIC_F power__leakage__total 5.99561573721985e-8
%OL_METRIC_F power__total 1.9689368855324574e-6

%OL_END_REPORT
%OL_CREATE_REPORT skew.min.rpt

===========================================================================
Clock Skew (Hold)
============================================================================
%OL_METRIC_F clock__skew__worst_hold__corner:min_ss_100C_1v60 0.0
======================= min_ss_100C_1v60 Corner ===================================

Clock null
No launch/capture paths found.

%OL_END_REPORT
%OL_CREATE_REPORT skew.max.rpt

===========================================================================
Clock Skew (Setup)
============================================================================
%OL_METRIC_F clock__skew__worst_setup__corner:min_ss_100C_1v60 0.0
======================= min_ss_100C_1v60 Corner ===================================

Clock null
No launch/capture paths found.

%OL_END_REPORT
%OL_CREATE_REPORT ws.min.rpt

===========================================================================
Worst Slack (Hold)
============================================================================
%OL_METRIC_F timing__hold__ws__corner:min_ss_100C_1v60 5.968138152604378
min_ss_100C_1v60: 5.968138152604378
%OL_END_REPORT
%OL_CREATE_REPORT ws.max.rpt

===========================================================================
Worst Slack (Setup)
============================================================================
%OL_METRIC_F timing__setup__ws__corner:min_ss_100C_1v60 3.114828039216187
min_ss_100C_1v60: 3.114828039216187
%OL_END_REPORT
%OL_CREATE_REPORT tns.min.rpt

===========================================================================
Total Negative Slack (Hold)
============================================================================
%OL_METRIC_F timing__hold__tns__corner:min_ss_100C_1v60 0.0
min_ss_100C_1v60: 0.0
%OL_END_REPORT
%OL_CREATE_REPORT tns.max.rpt

===========================================================================
Total Negative Slack (Setup)
============================================================================
%OL_METRIC_F timing__setup__tns__corner:min_ss_100C_1v60 0.0
min_ss_100C_1v60: 0.0
%OL_END_REPORT
%OL_CREATE_REPORT wns.min.rpt

===========================================================================
Worst Negative Slack (Hold)
============================================================================
%OL_METRIC_F timing__hold__wns__corner:min_ss_100C_1v60 0
min_ss_100C_1v60: 0
%OL_END_REPORT
%OL_CREATE_REPORT wns.max.rpt

===========================================================================
Worst Negative Slack (Setup)
============================================================================
%OL_METRIC_F timing__setup__wns__corner:min_ss_100C_1v60 0.0
min_ss_100C_1v60: 0.0
%OL_END_REPORT
%OL_CREATE_REPORT violator_list.rpt

===========================================================================
Violator List
============================================================================
%OL_METRIC_I timing__hold_vio__count__corner:min_ss_100C_1v60 0
%OL_METRIC_F timing__hold_r2r__ws__corner:min_ss_100C_1v60 inf
%OL_METRIC_I timing__hold_r2r_vio__count__corner:min_ss_100C_1v60 0
%OL_METRIC_I timing__setup_vio__count__corner:min_ss_100C_1v60 0
%OL_METRIC_F timing__setup_r2r__ws__corner:min_ss_100C_1v60 inf
%OL_METRIC_I timing__setup_r2r_vio__count__corner:min_ss_100C_1v60 0
%OL_END_REPORT
%OL_CREATE_REPORT unpropagated.rpt
null
%OL_END_REPORT
%OL_CREATE_REPORT clock.rpt
Clock: null
Sources: 
Generated: no
Virtual: yes
Propagated: no
Period: 10.000000

===========================================================================
report_clock_properties
============================================================================
Clock                   Period          Waveform
----------------------------------------------------
null                 10.000000    0.000000  5.000000

===========================================================================
report_clock_latency
============================================================================
Clock null


===========================================================================
report_clock_min_period
============================================================================
null period_min = 0.00 fmax = inf
%OL_END_REPORT
Writing SDF files for all corners…
Removing Clock latencies before writing libs…
Writing timing models for all corners…
Writing timing models for the min_ss_100C_1v60 corner to /foss/designs/sky130_characterization/openlane/delay_chain_physical_top/runs/RUN_2026-07-07_15-42-53/55-openroad-stapostpnr/min_ss_100C_1v60/delay_chain_physical_top__min_ss_100C_1v60.lib…
