
 /----------------------------------------------------------------------------\
 |  yosys -- Yosys Open SYnthesis Suite                                       |
 |  Copyright (C) 2012 - 2026  Claire Xenia Wolf <claire@yosyshq.com>         |
 |  Distributed under an ISC-like license, type "license" to see terms        |
 \----------------------------------------------------------------------------/
 Yosys 0.65 (git sha1 b85cad634, g++ 13.3.0-6ubuntu2~24.04.1 -fPIC -O3)

1. Executing Liberty frontend: /foss/pdks/ihp-sg13g2/libs.ref/sg13g2_stdcell/lib/sg13g2_stdcell_typ_1p20V_25C.lib
Imported 84 cell types from liberty file.

2. Executing Liberty frontend: /foss/pdks/ihp-sg13g2/libs.ref/sg13g2_io/lib/sg13g2_io_typ_1p2V_3p3V_25C.lib
Imported 15 cell types from liberty file.
[INFO] Using SDC file '/foss/designs/sky130_characterization/openlane/characterization_top/runs/RUN_2026-06-19_09-25-21/06-yosys-synthesis/synthesis.abc.sdc' for ABC…wtaf

3. Executing Verilog-2005 frontend: /foss/designs/sky130_characterization/rtl/ro_counter.v
Parsing SystemVerilog input from `/foss/designs/sky130_characterization/rtl/ro_counter.v' to AST representation.
Storing AST representation for module `$abstract\ro_counter'.
Successfully finished Verilog frontend.

4. Executing Verilog-2005 frontend: /foss/designs/sky130_characterization/rtl/delay_chain_block.v
Parsing SystemVerilog input from `/foss/designs/sky130_characterization/rtl/delay_chain_block.v' to AST representation.
Storing AST representation for module `$abstract\delay_chain_block'.
Successfully finished Verilog frontend.

5. Executing Verilog-2005 frontend: /foss/designs/sky130_characterization/rtl/characterization_top.v
Parsing SystemVerilog input from `/foss/designs/sky130_characterization/rtl/characterization_top.v' to AST representation.
Storing AST representation for module `$abstract\characterization_top'.
Successfully finished Verilog frontend.

6. Executing HIERARCHY pass (managing design hierarchy).

7. Executing AST frontend in derive mode using pre-parsed AST for module `\characterization_top'.
Generating RTLIL representation for module `\characterization_top'.

7.1. Analyzing design hierarchy..
Top module:  \characterization_top

7.2. Executing AST frontend in derive mode using pre-parsed AST for module `\delay_chain_block'.
Generating RTLIL representation for module `\delay_chain_block'.

7.3. Executing AST frontend in derive mode using pre-parsed AST for module `\ro_counter'.
Generating RTLIL representation for module `\ro_counter'.

7.4. Analyzing design hierarchy..
Top module:  \characterization_top
Used module:     \delay_chain_block
Used module:     \ro_counter

7.5. Analyzing design hierarchy..
Top module:  \characterization_top
Used module:     \delay_chain_block
Used module:     \ro_counter
Removing unused module `$abstract\characterization_top'.
Removing unused module `$abstract\delay_chain_block'.
Removing unused module `$abstract\ro_counter'.
Removed 3 unused modules.
Renaming module characterization_top to characterization_top.

8. Executing ATTRMAP pass (move or copy attributes).

9. Executing TRIBUF pass.

10. Executing HIERARCHY pass (managing design hierarchy).

10.1. Analyzing design hierarchy..
Top module:  \characterization_top
Used module:     \delay_chain_block
Used module:     \ro_counter

10.2. Analyzing design hierarchy..
Top module:  \characterization_top
Used module:     \delay_chain_block
Used module:     \ro_counter
Removed 0 unused modules.

11. Executing PROC_CLEAN pass (remove empty switches from decision trees).
Cleaned up 0 empty switches.

12. Executing PROC_RMDEAD pass (remove dead branches from decision trees).
Marked 2 switch rules as full_case in process $proc$/foss/designs/sky130_characterization/rtl/characterization_top.v:110$22 in module characterization_top.
Marked 4 switch rules as full_case in process $proc$/foss/designs/sky130_characterization/rtl/delay_chain_block.v:34$25 in module delay_chain_block.
Marked 5 switch rules as full_case in process $proc$/foss/designs/sky130_characterization/rtl/ro_counter.v:43$42 in module ro_counter.
Removed a total of 0 dead cases.

13. Executing PROC_PRUNE pass (remove redundant assignments in processes).
Removed 5 redundant assignments.
Promoted 0 assignments to connections.

14. Executing PROC_INIT pass (extract init attributes).

15. Executing PROC_ARST pass (detect async resets in processes).
Found async reset \rst in `\characterization_top.$proc$/foss/designs/sky130_characterization/rtl/characterization_top.v:110$22'.
Found async reset \rst in `\delay_chain_block.$proc$/foss/designs/sky130_characterization/rtl/delay_chain_block.v:34$25'.
Found async reset \rst in `\ro_counter.$proc$/foss/designs/sky130_characterization/rtl/ro_counter.v:43$42'.

16. Executing PROC_ROM pass (convert switches to ROMs).
Converted 0 switches.
<suppressed ~21 debug messages>

17. Executing PROC_MUX pass (convert decision trees to multiplexers).
Creating decoders for process `\characterization_top.$proc$/foss/designs/sky130_characterization/rtl/characterization_top.v:110$22'.
     1/30: $0\corner_class_reg[2:0] [2]
     2/30: $0\corner_class_reg[2:0] [1]
     3/30: $0\corner_class_reg[2:0] [0]
     4/30: $0\status_reg[7:0] [6]
     5/30: $0\status_reg[7:0] [5]
     6/30: $0\status_reg[7:0] [4]
     7/30: $0\clock_status_reg[7:0] [5]
     8/30: $0\clock_status_reg[7:0] [4]
     9/30: $0\clock_status_reg[7:0] [3]
    10/30: $0\clock_status_reg[7:0] [2]
    11/30: $0\clock_status_reg[7:0] [1]
    12/30: $0\clock_status_reg[7:0] [0]
    13/30: $0\status_reg[7:0] [3]
    14/30: $0\status_reg[7:0] [2]
    15/30: $0\status_reg[7:0] [0]
    16/30: $0\status_reg[7:0] [1]
    17/30: $0\ro_start[0:0]
    18/30: $0\start_prev[0:0]
    19/30: $0\state[2:0]
    20/30: $0\done[0:0]
    21/30: $0\busy[0:0]
    22/30: $0\status_reg[7:0] [7]
    23/30: $0\clock_status_reg[7:0] [7:6]
    24/30: $0\delay_start[0:0]
    25/30: $0\delay_count_reg_2[15:0]
    26/30: $0\delay_count_reg_1[15:0]
    27/30: $0\delay_count_reg_0[15:0]
    28/30: $0\ro_count_reg_2[7:0]
    29/30: $0\ro_count_reg_1[7:0]
    30/30: $0\ro_count_reg_0[7:0]
Creating decoders for process `\delay_chain_block.$proc$/foss/designs/sky130_characterization/rtl/delay_chain_block.v:34$25'.
     1/14: $0\start_prev[0:0]
     2/14: $0\chain_2_done[0:0]
     3/14: $0\chain_1_done[0:0]
     4/14: $0\chain_0_done[0:0]
     5/14: $0\chain_2[31:0]
     6/14: $0\chain_1[15:0]
     7/14: $0\chain_0[7:0]
     8/14: $0\cycle_count[15:0]
     9/14: $0\measuring[0:0]
    10/14: $0\delay_status[2:0]
    11/14: $0\delay_count_2[15:0]
    12/14: $0\delay_count_1[15:0]
    13/14: $0\delay_count_0[15:0]
    14/14: $0\done[0:0]
Creating decoders for process `\ro_counter.$proc$/foss/designs/sky130_characterization/rtl/ro_counter.v:43$42'.
     1/15: $0\start_prev[0:0]
     2/15: $0\prev_rclk_2[0:0]
     3/15: $0\prev_rclk_1[0:0]
     4/15: $0\prev_rclk_0[0:0]
     5/15: $0\count_2[7:0]
     6/15: $0\count_1[7:0]
     7/15: $0\count_0[7:0]
     8/15: $0\measurement_window[9:0]
     9/15: $0\measuring[0:0]
    10/15: $0\fault[0:0]
    11/15: $0\warning[0:0]
    12/15: $0\ro_count_2[7:0]
    13/15: $0\ro_count_1[7:0]
    14/15: $0\ro_count_0[7:0]
    15/15: $0\done[0:0]

18. Executing PROC_DLATCH pass (convert process syncs to latches).

19. Executing PROC_DFF pass (convert process syncs to FFs).
Creating register for signal `\characterization_top.\ro_count_reg_0' using process `\characterization_top.$proc$/foss/designs/sky130_characterization/rtl/characterization_top.v:110$22'.
  created $adff cell `$procdff$525' with positive edge clock and positive level reset.
Creating register for signal `\characterization_top.\ro_count_reg_1' using process `\characterization_top.$proc$/foss/designs/sky130_characterization/rtl/characterization_top.v:110$22'.
  created $adff cell `$procdff$528' with positive edge clock and positive level reset.
Creating register for signal `\characterization_top.\ro_count_reg_2' using process `\characterization_top.$proc$/foss/designs/sky130_characterization/rtl/characterization_top.v:110$22'.
  created $adff cell `$procdff$531' with positive edge clock and positive level reset.
Creating register for signal `\characterization_top.\delay_count_reg_0' using process `\characterization_top.$proc$/foss/designs/sky130_characterization/rtl/characterization_top.v:110$22'.
  created $adff cell `$procdff$534' with positive edge clock and positive level reset.
Creating register for signal `\characterization_top.\delay_count_reg_1' using process `\characterization_top.$proc$/foss/designs/sky130_characterization/rtl/characterization_top.v:110$22'.
  created $adff cell `$procdff$537' with positive edge clock and positive level reset.
Creating register for signal `\characterization_top.\delay_count_reg_2' using process `\characterization_top.$proc$/foss/designs/sky130_characterization/rtl/characterization_top.v:110$22'.
  created $adff cell `$procdff$540' with positive edge clock and positive level reset.
Creating register for signal `\characterization_top.\status_reg' using process `\characterization_top.$proc$/foss/designs/sky130_characterization/rtl/characterization_top.v:110$22'.
  created $adff cell `$procdff$543' with positive edge clock and positive level reset.
Creating register for signal `\characterization_top.\clock_status_reg' using process `\characterization_top.$proc$/foss/designs/sky130_characterization/rtl/characterization_top.v:110$22'.
  created $adff cell `$procdff$546' with positive edge clock and positive level reset.
Creating register for signal `\characterization_top.\corner_class_reg' using process `\characterization_top.$proc$/foss/designs/sky130_characterization/rtl/characterization_top.v:110$22'.
  created $adff cell `$procdff$549' with positive edge clock and positive level reset.
Creating register for signal `\characterization_top.\busy' using process `\characterization_top.$proc$/foss/designs/sky130_characterization/rtl/characterization_top.v:110$22'.
  created $adff cell `$procdff$552' with positive edge clock and positive level reset.
Creating register for signal `\characterization_top.\done' using process `\characterization_top.$proc$/foss/designs/sky130_characterization/rtl/characterization_top.v:110$22'.
  created $adff cell `$procdff$555' with positive edge clock and positive level reset.
Creating register for signal `\characterization_top.\state' using process `\characterization_top.$proc$/foss/designs/sky130_characterization/rtl/characterization_top.v:110$22'.
  created $adff cell `$procdff$558' with positive edge clock and positive level reset.
Creating register for signal `\characterization_top.\start_prev' using process `\characterization_top.$proc$/foss/designs/sky130_characterization/rtl/characterization_top.v:110$22'.
  created $adff cell `$procdff$561' with positive edge clock and positive level reset.
Creating register for signal `\characterization_top.\ro_start' using process `\characterization_top.$proc$/foss/designs/sky130_characterization/rtl/characterization_top.v:110$22'.
  created $adff cell `$procdff$564' with positive edge clock and positive level reset.
Creating register for signal `\characterization_top.\delay_start' using process `\characterization_top.$proc$/foss/designs/sky130_characterization/rtl/characterization_top.v:110$22'.
  created $adff cell `$procdff$567' with positive edge clock and positive level reset.
Creating register for signal `\delay_chain_block.\done' using process `\delay_chain_block.$proc$/foss/designs/sky130_characterization/rtl/delay_chain_block.v:34$25'.
  created $adff cell `$procdff$570' with positive edge clock and positive level reset.
Creating register for signal `\delay_chain_block.\start_prev' using process `\delay_chain_block.$proc$/foss/designs/sky130_characterization/rtl/delay_chain_block.v:34$25'.
  created $adff cell `$procdff$573' with positive edge clock and positive level reset.
Creating register for signal `\delay_chain_block.\delay_count_0' using process `\delay_chain_block.$proc$/foss/designs/sky130_characterization/rtl/delay_chain_block.v:34$25'.
  created $adff cell `$procdff$576' with positive edge clock and positive level reset.
Creating register for signal `\delay_chain_block.\delay_count_1' using process `\delay_chain_block.$proc$/foss/designs/sky130_characterization/rtl/delay_chain_block.v:34$25'.
  created $adff cell `$procdff$579' with positive edge clock and positive level reset.
Creating register for signal `\delay_chain_block.\delay_count_2' using process `\delay_chain_block.$proc$/foss/designs/sky130_characterization/rtl/delay_chain_block.v:34$25'.
  created $adff cell `$procdff$582' with positive edge clock and positive level reset.
Creating register for signal `\delay_chain_block.\delay_status' using process `\delay_chain_block.$proc$/foss/designs/sky130_characterization/rtl/delay_chain_block.v:34$25'.
  created $adff cell `$procdff$585' with positive edge clock and positive level reset.
Creating register for signal `\delay_chain_block.\measuring' using process `\delay_chain_block.$proc$/foss/designs/sky130_characterization/rtl/delay_chain_block.v:34$25'.
  created $adff cell `$procdff$588' with positive edge clock and positive level reset.
Creating register for signal `\delay_chain_block.\cycle_count' using process `\delay_chain_block.$proc$/foss/designs/sky130_characterization/rtl/delay_chain_block.v:34$25'.
  created $adff cell `$procdff$591' with positive edge clock and positive level reset.
Creating register for signal `\delay_chain_block.\chain_0' using process `\delay_chain_block.$proc$/foss/designs/sky130_characterization/rtl/delay_chain_block.v:34$25'.
  created $adff cell `$procdff$594' with positive edge clock and positive level reset.
Creating register for signal `\delay_chain_block.\chain_1' using process `\delay_chain_block.$proc$/foss/designs/sky130_characterization/rtl/delay_chain_block.v:34$25'.
  created $adff cell `$procdff$597' with positive edge clock and positive level reset.
Creating register for signal `\delay_chain_block.\chain_2' using process `\delay_chain_block.$proc$/foss/designs/sky130_characterization/rtl/delay_chain_block.v:34$25'.
  created $adff cell `$procdff$600' with positive edge clock and positive level reset.
Creating register for signal `\delay_chain_block.\chain_0_done' using process `\delay_chain_block.$proc$/foss/designs/sky130_characterization/rtl/delay_chain_block.v:34$25'.
  created $adff cell `$procdff$603' with positive edge clock and positive level reset.
Creating register for signal `\delay_chain_block.\chain_1_done' using process `\delay_chain_block.$proc$/foss/designs/sky130_characterization/rtl/delay_chain_block.v:34$25'.
  created $adff cell `$procdff$606' with positive edge clock and positive level reset.
Creating register for signal `\delay_chain_block.\chain_2_done' using process `\delay_chain_block.$proc$/foss/designs/sky130_characterization/rtl/delay_chain_block.v:34$25'.
  created $adff cell `$procdff$609' with positive edge clock and positive level reset.
Creating register for signal `\ro_counter.\done' using process `\ro_counter.$proc$/foss/designs/sky130_characterization/rtl/ro_counter.v:43$42'.
  created $adff cell `$procdff$612' with positive edge clock and positive level reset.
Creating register for signal `\ro_counter.\start_prev' using process `\ro_counter.$proc$/foss/designs/sky130_characterization/rtl/ro_counter.v:43$42'.
  created $adff cell `$procdff$615' with positive edge clock and positive level reset.
Creating register for signal `\ro_counter.\ro_count_0' using process `\ro_counter.$proc$/foss/designs/sky130_characterization/rtl/ro_counter.v:43$42'.
  created $adff cell `$procdff$618' with positive edge clock and positive level reset.
Creating register for signal `\ro_counter.\ro_count_1' using process `\ro_counter.$proc$/foss/designs/sky130_characterization/rtl/ro_counter.v:43$42'.
  created $adff cell `$procdff$621' with positive edge clock and positive level reset.
Creating register for signal `\ro_counter.\ro_count_2' using process `\ro_counter.$proc$/foss/designs/sky130_characterization/rtl/ro_counter.v:43$42'.
  created $adff cell `$procdff$624' with positive edge clock and positive level reset.
Creating register for signal `\ro_counter.\warning' using process `\ro_counter.$proc$/foss/designs/sky130_characterization/rtl/ro_counter.v:43$42'.
  created $adff cell `$procdff$627' with positive edge clock and positive level reset.
Creating register for signal `\ro_counter.\fault' using process `\ro_counter.$proc$/foss/designs/sky130_characterization/rtl/ro_counter.v:43$42'.
  created $adff cell `$procdff$630' with positive edge clock and positive level reset.
Creating register for signal `\ro_counter.\measuring' using process `\ro_counter.$proc$/foss/designs/sky130_characterization/rtl/ro_counter.v:43$42'.
  created $adff cell `$procdff$633' with positive edge clock and positive level reset.
Creating register for signal `\ro_counter.\measurement_window' using process `\ro_counter.$proc$/foss/designs/sky130_characterization/rtl/ro_counter.v:43$42'.
  created $adff cell `$procdff$636' with positive edge clock and positive level reset.
Creating register for signal `\ro_counter.\count_0' using process `\ro_counter.$proc$/foss/designs/sky130_characterization/rtl/ro_counter.v:43$42'.
  created $adff cell `$procdff$639' with positive edge clock and positive level reset.
Creating register for signal `\ro_counter.\count_1' using process `\ro_counter.$proc$/foss/designs/sky130_characterization/rtl/ro_counter.v:43$42'.
  created $adff cell `$procdff$642' with positive edge clock and positive level reset.
Creating register for signal `\ro_counter.\count_2' using process `\ro_counter.$proc$/foss/designs/sky130_characterization/rtl/ro_counter.v:43$42'.
  created $adff cell `$procdff$645' with positive edge clock and positive level reset.
Creating register for signal `\ro_counter.\prev_rclk_0' using process `\ro_counter.$proc$/foss/designs/sky130_characterization/rtl/ro_counter.v:43$42'.
  created $adff cell `$procdff$648' with positive edge clock and positive level reset.
Creating register for signal `\ro_counter.\prev_rclk_1' using process `\ro_counter.$proc$/foss/designs/sky130_characterization/rtl/ro_counter.v:43$42'.
  created $adff cell `$procdff$651' with positive edge clock and positive level reset.
Creating register for signal `\ro_counter.\prev_rclk_2' using process `\ro_counter.$proc$/foss/designs/sky130_characterization/rtl/ro_counter.v:43$42'.
  created $adff cell `$procdff$654' with positive edge clock and positive level reset.

20. Executing PROC_MEMWR pass (convert process memory writes to cells).

21. Executing PROC_CLEAN pass (remove empty switches from decision trees).
Found and cleaned up 5 empty switches in `\characterization_top.$proc$/foss/designs/sky130_characterization/rtl/characterization_top.v:110$22'.
Removing empty process `characterization_top.$proc$/foss/designs/sky130_characterization/rtl/characterization_top.v:110$22'.
Found and cleaned up 8 empty switches in `\delay_chain_block.$proc$/foss/designs/sky130_characterization/rtl/delay_chain_block.v:34$25'.
Removing empty process `delay_chain_block.$proc$/foss/designs/sky130_characterization/rtl/delay_chain_block.v:34$25'.
Found and cleaned up 8 empty switches in `\ro_counter.$proc$/foss/designs/sky130_characterization/rtl/ro_counter.v:43$42'.
Removing empty process `ro_counter.$proc$/foss/designs/sky130_characterization/rtl/ro_counter.v:43$42'.
Cleaned up 21 empty switches.

22. Executing CHECK pass (checking for obvious problems).
Checking module characterization_top...
Checking module delay_chain_block...
Checking module ro_counter...
Found and reported 0 problems.

23. Executing OPT_EXPR pass (perform const folding).
Optimizing module characterization_top.
<suppressed ~36 debug messages>
Optimizing module delay_chain_block.
<suppressed ~20 debug messages>
Optimizing module ro_counter.
<suppressed ~21 debug messages>

24. Executing FLATTEN pass (flatten design).
Deleting now unused module delay_chain_block.
Deleting now unused module ro_counter.
<suppressed ~2 debug messages>

25. Executing OPT_EXPR pass (perform const folding).
Optimizing module characterization_top.

26. Executing OPT_CLEAN pass (remove unused cells and wires).
Finding unused cells or wires in module \characterization_top..
Removed 0 unused cells and 232 unused wires.
<suppressed ~1 debug messages>

27. Executing OPT_EXPR pass (perform const folding).
Optimizing module characterization_top.

28. Executing OPT_MERGE pass (detect identical cells).
Finding identical cells in module `\characterization_top'.
Computing hashes of 320 cells of `\characterization_top'.
Finding duplicate cells in `\characterization_top'.
Computing hashes of 267 cells of `\characterization_top'.
Finding duplicate cells in `\characterization_top'.
<suppressed ~159 debug messages>
Removed a total of 53 cells.

29. Executing OPT_MUXTREE pass (detect dead branches in mux trees).
Running muxtree optimizer on module \characterization_top..
  Creating internal representation of mux trees.
  Evaluating internal representation of mux trees.
      Replacing known input bits on port A of cell $flatten\ro_counter_inst.$procmux$459: \ro_counter_inst.measuring -> 1'0
      Replacing known input bits on port B of cell $flatten\ro_counter_inst.$procmux$457: \ro_counter_inst.measuring -> 1'1
      Replacing known input bits on port A of cell $flatten\delay_chain_inst.$procmux$348: \delay_chain_inst.measuring -> 1'0
      Replacing known input bits on port A of cell $flatten\delay_chain_inst.$procmux$346: \delay_chain_inst.measuring -> 1'1
  Analyzing evaluation results.
Removed 0 multiplexer ports.
<suppressed ~201 debug messages>

30. Executing OPT_REDUCE pass (consolidate $*mux and $reduce_* inputs).
  Optimizing cells in module \characterization_top.
    New ctrl vector for $pmux cell $procmux$230: { $procmux$231_CMP $auto$opt_reduce.cc:135:opt_pmux$658 $procmux$250_CMP }
    New ctrl vector for $pmux cell $procmux$191: { $auto$opt_reduce.cc:135:opt_pmux$660 $procmux$233_CMP }
  Optimizing cells in module \characterization_top.
Performed a total of 2 changes.

31. Executing OPT_MERGE pass (detect identical cells).
Finding identical cells in module `\characterization_top'.
Computing hashes of 269 cells of `\characterization_top'.
Finding duplicate cells in `\characterization_top'.
Computing hashes of 267 cells of `\characterization_top'.
Finding duplicate cells in `\characterization_top'.
<suppressed ~6 debug messages>
Removed a total of 2 cells.

32. Executing OPT_DFF pass (perform DFF optimizations).

33. Executing OPT_CLEAN pass (remove unused cells and wires).
Finding unused cells or wires in module \characterization_top..
Removed 0 unused cells and 55 unused wires.
<suppressed ~1 debug messages>

34. Executing OPT_EXPR pass (perform const folding).
Optimizing module characterization_top.

35. Rerunning OPT passes. (Maybe there is more to do…)

36. Executing OPT_MUXTREE pass (detect dead branches in mux trees).
Running muxtree optimizer on module \characterization_top..
  Creating internal representation of mux trees.
  Evaluating internal representation of mux trees.
  Analyzing evaluation results.
Removed 0 multiplexer ports.
<suppressed ~201 debug messages>

37. Executing OPT_REDUCE pass (consolidate $*mux and $reduce_* inputs).
  Optimizing cells in module \characterization_top.
    New ctrl vector for $pmux cell $procmux$230: { $auto$opt_reduce.cc:135:opt_pmux$662 $auto$opt_reduce.cc:135:opt_pmux$658 }
    New ctrl vector for $pmux cell $procmux$207: { $auto$opt_reduce.cc:135:opt_pmux$664 $procmux$103_CMP $procmux$212_CMP $procmux$213_CMP $procmux$169_CMP $procmux$193_CMP }
  Optimizing cells in module \characterization_top.
Performed a total of 2 changes.

38. Executing OPT_MERGE pass (detect identical cells).
Finding identical cells in module `\characterization_top'.
Computing hashes of 269 cells of `\characterization_top'.
Finding duplicate cells in `\characterization_top'.
Computing hashes of 268 cells of `\characterization_top'.
Finding duplicate cells in `\characterization_top'.
<suppressed ~3 debug messages>
Removed a total of 1 cells.

39. Executing OPT_DFF pass (perform DFF optimizations).

40. Executing OPT_CLEAN pass (remove unused cells and wires).
Finding unused cells or wires in module \characterization_top..
Removed 0 unused cells and 1 unused wires.
<suppressed ~1 debug messages>

41. Executing OPT_EXPR pass (perform const folding).
Optimizing module characterization_top.

42. Rerunning OPT passes. (Maybe there is more to do…)

43. Executing OPT_MUXTREE pass (detect dead branches in mux trees).
Running muxtree optimizer on module \characterization_top..
  Creating internal representation of mux trees.
  Evaluating internal representation of mux trees.
  Analyzing evaluation results.
Removed 0 multiplexer ports.
<suppressed ~199 debug messages>

44. Executing OPT_REDUCE pass (consolidate $*mux and $reduce_* inputs).
  Optimizing cells in module \characterization_top.
Performed a total of 0 changes.

45. Executing OPT_MERGE pass (detect identical cells).
Finding identical cells in module `\characterization_top'.
Computing hashes of 268 cells of `\characterization_top'.
Finding duplicate cells in `\characterization_top'.
Removed a total of 0 cells.

46. Executing OPT_DFF pass (perform DFF optimizations).

47. Executing OPT_CLEAN pass (remove unused cells and wires).
Finding unused cells or wires in module \characterization_top..

48. Executing OPT_EXPR pass (perform const folding).
Optimizing module characterization_top.

49. Executing FSM pass (extract and optimize FSM).

49.1. Executing FSM_DETECT pass (finding FSMs in design).
Not marking characterization_top.delay_chain_inst.delay_status as FSM state register:
    Users of register don't seem to benefit from recoding.
Found FSM state register characterization_top.state.

49.2. Executing FSM_EXTRACT pass (extracting FSM from design).
Extracting FSM `\state' from module `\characterization_top'.
  found $adff cell for state register: $procdff$558
  root of input selection tree: $0\state[2:0]
  found reset state: 3'000 (from async reset)
  found ctrl input: $procmux$193_CMP
  found ctrl input: $procmux$169_CMP
  found ctrl input: $procmux$213_CMP
  found ctrl input: $procmux$212_CMP
  found ctrl input: $procmux$103_CMP
  found ctrl input: $auto$opt_reduce.cc:135:opt_pmux$662
  found state code: 3'010
  found ctrl input: \ro_counter_inst.done
  found state code: 3'011
  found state code: 3'100
  found ctrl input: \delay_chain_inst.done
  found state code: 3'101
  found state code: 3'110
  found ctrl input: \start_pulse
  found state code: 3'001
  found ctrl output: $procmux$208_CMP
  found ctrl output: $procmux$193_CMP
  found ctrl output: $procmux$103_CMP
  found ctrl output: $procmux$106_CMP
  found ctrl output: $procmux$213_CMP
  found ctrl output: $procmux$212_CMP
  found ctrl output: $procmux$169_CMP
  ctrl inputs: { \delay_chain_inst.done \ro_counter_inst.done \start_pulse $auto$opt_reduce.cc:135:opt_pmux$662 }
  ctrl outputs: { $procmux$213_CMP $procmux$212_CMP $procmux$208_CMP $procmux$193_CMP $procmux$169_CMP $procmux$106_CMP $procmux$103_CMP $0\state[2:0] }
  transition:      3'000 4'--0- ->      3'000 10'0000010000
  transition:      3'000 4'--1- ->      3'001 10'0000010001
  transition:      3'100 4'0--- ->      3'100 10'0100000100
  transition:      3'100 4'1--- ->      3'101 10'0100000101
  transition:      3'010 4'-0-- ->      3'010 10'0000100010
  transition:      3'010 4'-1-- ->      3'011 10'0000100011
  transition:      3'110 4'--0- ->      3'110 10'0010000110
  transition:      3'110 4'--1- ->      3'001 10'0010000001
  transition:      3'001 4'---- ->      3'010 10'0001000010
  transition:      3'101 4'---- ->      3'110 10'0000001110
  transition:      3'011 4'---- ->      3'100 10'1000000100

49.3. Executing FSM_OPT pass (simple optimizations of FSMs).
Optimizing FSM `$fsm$\state$665' from module `\characterization_top'.
  Removing unused input signal $auto$opt_reduce.cc:135:opt_pmux$662.

49.4. Executing OPT_CLEAN pass (remove unused cells and wires).
Finding unused cells or wires in module \characterization_top..
Removed 12 unused cells and 12 unused wires.
<suppressed ~13 debug messages>

49.5. Executing FSM_OPT pass (simple optimizations of FSMs).
Optimizing FSM `$fsm$\state$665' from module `\characterization_top'.
  Removing unused output signal $0\state[2:0] [0].
  Removing unused output signal $0\state[2:0] [1].
  Removing unused output signal $0\state[2:0] [2].

49.6. Executing FSM_RECODE pass (re-assigning FSM state encoding).
Recoding FSM `$fsm$\state$665' from module `\characterization_top' using `auto' encoding:
  mapping auto encoding to `one-hot` for this FSM.
  000 -> ------1
  100 -> -----1-
  010 -> ----1--
  110 -> ---1---
  001 -> --1----
  101 -> -1-----
  011 -> 1------

49.7. Executing FSM_INFO pass (dumping all available information on FSM cells).

FSM `$fsm$\state$665' from module `characterization_top':
-------------------------------------

  Information on FSM $fsm$\state$665 (\state):

  Number of input signals:    3
  Number of output signals:   7
  Number of state bits:       7

  Input signals:
    0: \start_pulse
    1: \ro_counter_inst.done
    2: \delay_chain_inst.done

  Output signals:
    0: $procmux$103_CMP
    1: $procmux$106_CMP
    2: $procmux$169_CMP
    3: $procmux$193_CMP
    4: $procmux$208_CMP
    5: $procmux$212_CMP
    6: $procmux$213_CMP

  State encoding:
    0:  7'------1  <RESET STATE>
    1:  7'-----1-
    2:  7'----1--
    3:  7'---1---
    4:  7'--1----
    5:  7'-1-----
    6:  7'1------

  Transition Table (state_in, ctrl_in, state_out, ctrl_out):
      0:     0 3'--0   ->     0 7'0000010
      1:     0 3'--1   ->     4 7'0000010
      2:     1 3'0--   ->     1 7'0100000
      3:     1 3'1--   ->     5 7'0100000
      4:     2 3'-0-   ->     2 7'0000100
      5:     2 3'-1-   ->     6 7'0000100
      6:     3 3'--0   ->     3 7'0010000
      7:     3 3'--1   ->     4 7'0010000
      8:     4 3'---   ->     2 7'0001000
      9:     5 3'---   ->     3 7'0000001
     10:     6 3'---   ->     1 7'1000000

-------------------------------------

49.8. Executing FSM_MAP pass (mapping FSMs to basic logic).
Mapping FSM `$fsm$\state$665' from module `\characterization_top'.

50. Executing OPT_EXPR pass (perform const folding).
Optimizing module characterization_top.
<suppressed ~7 debug messages>

51. Executing OPT_MERGE pass (detect identical cells).
Finding identical cells in module `\characterization_top'.
Computing hashes of 272 cells of `\characterization_top'.
Finding duplicate cells in `\characterization_top'.
Computing hashes of 270 cells of `\characterization_top'.
Finding duplicate cells in `\characterization_top'.
<suppressed ~6 debug messages>
Removed a total of 2 cells.

52. Executing OPT_MUXTREE pass (detect dead branches in mux trees).
Running muxtree optimizer on module \characterization_top..
  Creating internal representation of mux trees.
  Evaluating internal representation of mux trees.
  Analyzing evaluation results.
Removed 0 multiplexer ports.
<suppressed ~194 debug messages>

53. Executing OPT_REDUCE pass (consolidate $*mux and $reduce_* inputs).
  Optimizing cells in module \characterization_top.
Performed a total of 0 changes.

54. Executing OPT_MERGE pass (detect identical cells).
Finding identical cells in module `\characterization_top'.
Computing hashes of 270 cells of `\characterization_top'.
Finding duplicate cells in `\characterization_top'.
Removed a total of 0 cells.

55. Executing OPT_DFF pass (perform DFF optimizations).
Adding EN signal on $procdff$555 ($adff) from module characterization_top (D = $0\done[0:0], Q = \done).
Adding EN signal on $procdff$552 ($adff) from module characterization_top (D = $0\busy[0:0], Q = \busy).
Adding EN signal on $procdff$549 ($adff) from module characterization_top (D = $0\corner_class_reg[2:0], Q = \corner_class_reg).
Adding EN signal on $procdff$546 ($adff) from module characterization_top (D = $0\clock_status_reg[7:0], Q = \clock_status_reg).
Adding EN signal on $procdff$543 ($adff) from module characterization_top (D = $0\status_reg[7:0] [1], Q = \status_reg [1]).
Adding EN signal on $procdff$543 ($adff) from module characterization_top (D = $0\status_reg[7:0] [3:2], Q = \status_reg [3:2]).
Adding EN signal on $procdff$543 ($adff) from module characterization_top (D = $0\status_reg[7:0] [0], Q = \status_reg [0]).
Adding EN signal on $procdff$543 ($adff) from module characterization_top (D = $0\status_reg[7:0] [7:4], Q = \status_reg [7:4]).
Adding EN signal on $procdff$540 ($adff) from module characterization_top (D = \delay_chain_inst.delay_count_2, Q = \delay_count_reg_2).
Adding EN signal on $procdff$537 ($adff) from module characterization_top (D = \delay_chain_inst.delay_count_1, Q = \delay_count_reg_1).
Adding EN signal on $procdff$534 ($adff) from module characterization_top (D = \delay_chain_inst.delay_count_0, Q = \delay_count_reg_0).
Adding EN signal on $procdff$531 ($adff) from module characterization_top (D = \ro_counter_inst.ro_count_2, Q = \ro_count_reg_2).
Adding EN signal on $procdff$528 ($adff) from module characterization_top (D = \ro_counter_inst.ro_count_1, Q = \ro_count_reg_1).
Adding EN signal on $procdff$525 ($adff) from module characterization_top (D = \ro_counter_inst.ro_count_0, Q = \ro_count_reg_0).
Adding EN signal on $flatten\ro_counter_inst.$procdff$654 ($adff) from module characterization_top (D = $flatten\ro_counter_inst.$0\prev_rclk_2[0:0], Q = \ro_counter_inst.prev_rclk_2).
Adding EN signal on $flatten\ro_counter_inst.$procdff$651 ($adff) from module characterization_top (D = $flatten\ro_counter_inst.$0\prev_rclk_1[0:0], Q = \ro_counter_inst.prev_rclk_1).
Adding EN signal on $flatten\ro_counter_inst.$procdff$648 ($adff) from module characterization_top (D = $flatten\ro_counter_inst.$0\prev_rclk_0[0:0], Q = \ro_counter_inst.prev_rclk_0).
Adding EN signal on $flatten\ro_counter_inst.$procdff$645 ($adff) from module characterization_top (D = $flatten\ro_counter_inst.$0\count_2[7:0], Q = \ro_counter_inst.count_2).
Adding EN signal on $flatten\ro_counter_inst.$procdff$642 ($adff) from module characterization_top (D = $flatten\ro_counter_inst.$0\count_1[7:0], Q = \ro_counter_inst.count_1).
Adding EN signal on $flatten\ro_counter_inst.$procdff$639 ($adff) from module characterization_top (D = $flatten\ro_counter_inst.$0\count_0[7:0], Q = \ro_counter_inst.count_0).
Adding EN signal on $flatten\ro_counter_inst.$procdff$636 ($adff) from module characterization_top (D = $flatten\ro_counter_inst.$0\measurement_window[9:0], Q = \ro_counter_inst.measurement_window).
Adding EN signal on $flatten\ro_counter_inst.$procdff$630 ($adff) from module characterization_top (D = $flatten\ro_counter_inst.$0\fault[0:0], Q = \ro_counter_inst.fault).
Adding EN signal on $flatten\ro_counter_inst.$procdff$627 ($adff) from module characterization_top (D = $flatten\ro_counter_inst.$0\warning[0:0], Q = \ro_counter_inst.warning).
Adding EN signal on $flatten\ro_counter_inst.$procdff$624 ($adff) from module characterization_top (D = $flatten\ro_counter_inst.$0\ro_count_2[7:0], Q = \ro_counter_inst.ro_count_2).
Adding EN signal on $flatten\ro_counter_inst.$procdff$621 ($adff) from module characterization_top (D = $flatten\ro_counter_inst.$0\ro_count_1[7:0], Q = \ro_counter_inst.ro_count_1).
Adding EN signal on $flatten\ro_counter_inst.$procdff$618 ($adff) from module characterization_top (D = $flatten\ro_counter_inst.$0\ro_count_0[7:0], Q = \ro_counter_inst.ro_count_0).
Adding EN signal on $flatten\ro_counter_inst.$procdff$612 ($adff) from module characterization_top (D = $flatten\ro_counter_inst.$0\done[0:0], Q = \ro_counter_inst.done).
Adding EN signal on $flatten\delay_chain_inst.$procdff$609 ($adff) from module characterization_top (D = $flatten\delay_chain_inst.$0\chain_2_done[0:0], Q = \delay_chain_inst.chain_2_done).
Adding EN signal on $flatten\delay_chain_inst.$procdff$606 ($adff) from module characterization_top (D = $flatten\delay_chain_inst.$0\chain_1_done[0:0], Q = \delay_chain_inst.chain_1_done).
Adding EN signal on $flatten\delay_chain_inst.$procdff$603 ($adff) from module characterization_top (D = $flatten\delay_chain_inst.$0\chain_0_done[0:0], Q = \delay_chain_inst.chain_0_done).
Adding EN signal on $flatten\delay_chain_inst.$procdff$600 ($adff) from module characterization_top (D = $flatten\delay_chain_inst.$0\chain_2[31:0], Q = \delay_chain_inst.chain_2).
Adding EN signal on $flatten\delay_chain_inst.$procdff$597 ($adff) from module characterization_top (D = $flatten\delay_chain_inst.$0\chain_1[15:0], Q = \delay_chain_inst.chain_1).
Adding EN signal on $flatten\delay_chain_inst.$procdff$594 ($adff) from module characterization_top (D = $flatten\delay_chain_inst.$0\chain_0[7:0], Q = \delay_chain_inst.chain_0).
Adding EN signal on $flatten\delay_chain_inst.$procdff$591 ($adff) from module characterization_top (D = $flatten\delay_chain_inst.$0\cycle_count[15:0], Q = \delay_chain_inst.cycle_count).
Adding EN signal on $flatten\delay_chain_inst.$procdff$585 ($adff) from module characterization_top (D = $flatten\delay_chain_inst.$0\delay_status[2:0], Q = \delay_chain_inst.delay_status).
Adding EN signal on $flatten\delay_chain_inst.$procdff$582 ($adff) from module characterization_top (D = $flatten\delay_chain_inst.$0\delay_count_2[15:0], Q = \delay_chain_inst.delay_count_2).
Adding EN signal on $flatten\delay_chain_inst.$procdff$579 ($adff) from module characterization_top (D = $flatten\delay_chain_inst.$0\delay_count_1[15:0], Q = \delay_chain_inst.delay_count_1).
Adding EN signal on $flatten\delay_chain_inst.$procdff$576 ($adff) from module characterization_top (D = $flatten\delay_chain_inst.$0\delay_count_0[15:0], Q = \delay_chain_inst.delay_count_0).
Adding EN signal on $flatten\delay_chain_inst.$procdff$570 ($adff) from module characterization_top (D = $flatten\delay_chain_inst.$0\done[0:0], Q = \delay_chain_inst.done).

56. Executing OPT_CLEAN pass (remove unused cells and wires).
Finding unused cells or wires in module \characterization_top..
Removed 12 unused cells and 27 unused wires.
<suppressed ~13 debug messages>

57. Executing OPT_EXPR pass (perform const folding).
Optimizing module characterization_top.
<suppressed ~51 debug messages>

58. Rerunning OPT passes. (Maybe there is more to do…)

59. Executing OPT_MUXTREE pass (detect dead branches in mux trees).
Running muxtree optimizer on module \characterization_top..
  Creating internal representation of mux trees.
  Evaluating internal representation of mux trees.
  Analyzing evaluation results.
Removed 0 multiplexer ports.
<suppressed ~176 debug messages>

60. Executing OPT_REDUCE pass (consolidate $*mux and $reduce_* inputs).
  Optimizing cells in module \characterization_top.
Performed a total of 0 changes.

61. Executing OPT_MERGE pass (detect identical cells).
Finding identical cells in module `\characterization_top'.
Computing hashes of 354 cells of `\characterization_top'.
Finding duplicate cells in `\characterization_top'.
Computing hashes of 292 cells of `\characterization_top'.
Finding duplicate cells in `\characterization_top'.
Computing hashes of 277 cells of `\characterization_top'.
Finding duplicate cells in `\characterization_top'.
<suppressed ~231 debug messages>
Removed a total of 77 cells.

62. Executing OPT_DFF pass (perform DFF optimizations).

63. Executing OPT_CLEAN pass (remove unused cells and wires).
Finding unused cells or wires in module \characterization_top..
Removed 0 unused cells and 76 unused wires.
<suppressed ~1 debug messages>

64. Executing OPT_EXPR pass (perform const folding).
Optimizing module characterization_top.

65. Rerunning OPT passes. (Maybe there is more to do…)

66. Executing OPT_MUXTREE pass (detect dead branches in mux trees).
Running muxtree optimizer on module \characterization_top..
  Creating internal representation of mux trees.
  Evaluating internal representation of mux trees.
  Analyzing evaluation results.
Removed 0 multiplexer ports.
<suppressed ~175 debug messages>

67. Executing OPT_REDUCE pass (consolidate $*mux and $reduce_* inputs).
  Optimizing cells in module \characterization_top.
Performed a total of 0 changes.

68. Executing OPT_MERGE pass (detect identical cells).
Finding identical cells in module `\characterization_top'.
Computing hashes of 277 cells of `\characterization_top'.
Finding duplicate cells in `\characterization_top'.
Removed a total of 0 cells.

69. Executing OPT_DFF pass (perform DFF optimizations).

70. Executing OPT_CLEAN pass (remove unused cells and wires).
Finding unused cells or wires in module \characterization_top..

71. Executing OPT_EXPR pass (perform const folding).
Optimizing module characterization_top.

72. Executing WREDUCE pass (reducing word size of cells).
Removed top 1 bits (of 2) from port B of cell characterization_top.$auto$opt_dff.cc:235:make_patterns_logic$863 ($ne).
Removed top 1 bits (of 2) from port B of cell characterization_top.$auto$opt_dff.cc:235:make_patterns_logic$750 ($ne).
Removed top 1 bits (of 2) from port B of cell characterization_top.$auto$opt_dff.cc:235:make_patterns_logic$740 ($ne).
Removed top 1 bits (of 8) from port B of cell characterization_top.$lt$/foss/designs/sky130_characterization/rtl/characterization_top.v:71$7 ($lt).
Removed top 1 bits (of 8) from port B of cell characterization_top.$lt$/foss/designs/sky130_characterization/rtl/characterization_top.v:72$8 ($lt).
Removed top 1 bits (of 8) from port B of cell characterization_top.$lt$/foss/designs/sky130_characterization/rtl/characterization_top.v:73$10 ($lt).
Removed top 1 bits (of 8) from port B of cell characterization_top.$flatten\ro_counter_inst.$lt$/foss/designs/sky130_characterization/rtl/ro_counter.v:127$75 ($lt).
Removed top 1 bits (of 8) from port B of cell characterization_top.$flatten\ro_counter_inst.$lt$/foss/designs/sky130_characterization/rtl/ro_counter.v:126$71 ($lt).
Removed top 1 bits (of 8) from port B of cell characterization_top.$flatten\ro_counter_inst.$lt$/foss/designs/sky130_characterization/rtl/ro_counter.v:125$68 ($lt).
Removed top 1 bits (of 8) from port B of cell characterization_top.$flatten\ro_counter_inst.$lt$/foss/designs/sky130_characterization/rtl/ro_counter.v:120$64 ($lt).
Removed top 1 bits (of 8) from port B of cell characterization_top.$flatten\ro_counter_inst.$lt$/foss/designs/sky130_characterization/rtl/ro_counter.v:119$60 ($lt).
Removed top 1 bits (of 8) from port B of cell characterization_top.$flatten\ro_counter_inst.$lt$/foss/designs/sky130_characterization/rtl/ro_counter.v:118$57 ($lt).
Removed top 10 bits (of 16) from port B of cell characterization_top.$flatten\delay_chain_inst.$gt$/foss/designs/sky130_characterization/rtl/delay_chain_block.v:107$39 ($gt).
Removed top 12 bits (of 16) from port B of cell characterization_top.$flatten\delay_chain_inst.$lt$/foss/designs/sky130_characterization/rtl/delay_chain_block.v:105$38 ($lt).

73. Executing PEEPOPT pass (run peephole optimizers).

74. Executing OPT_CLEAN pass (remove unused cells and wires).
Finding unused cells or wires in module \characterization_top..

75. Executing ALUMACC pass (create $alu and $macc cells).
Extracting $alu and $macc cells in module characterization_top:
  creating $macc model for $flatten\delay_chain_inst.$add$/foss/designs/sky130_characterization/rtl/delay_chain_block.v:80$26 ($add).
  creating $macc model for $flatten\ro_counter_inst.$add$/foss/designs/sky130_characterization/rtl/ro_counter.v:102$56 ($add).
  creating $macc model for $flatten\ro_counter_inst.$add$/foss/designs/sky130_characterization/rtl/ro_counter.v:91$44 ($add).
  creating $macc model for $flatten\ro_counter_inst.$add$/foss/designs/sky130_characterization/rtl/ro_counter.v:94$48 ($add).
  creating $macc model for $flatten\ro_counter_inst.$add$/foss/designs/sky130_characterization/rtl/ro_counter.v:98$52 ($add).
  creating $alu model for $macc $flatten\ro_counter_inst.$add$/foss/designs/sky130_characterization/rtl/ro_counter.v:98$52.
  creating $alu model for $macc $flatten\ro_counter_inst.$add$/foss/designs/sky130_characterization/rtl/ro_counter.v:94$48.
  creating $alu model for $macc $flatten\ro_counter_inst.$add$/foss/designs/sky130_characterization/rtl/ro_counter.v:91$44.
  creating $alu model for $macc $flatten\ro_counter_inst.$add$/foss/designs/sky130_characterization/rtl/ro_counter.v:102$56.
  creating $alu model for $macc $flatten\delay_chain_inst.$add$/foss/designs/sky130_characterization/rtl/delay_chain_block.v:80$26.
  creating $alu model for $flatten\delay_chain_inst.$gt$/foss/designs/sky130_characterization/rtl/delay_chain_block.v:107$39 ($gt): new $alu
  creating $alu model for $flatten\delay_chain_inst.$lt$/foss/designs/sky130_characterization/rtl/delay_chain_block.v:105$38 ($lt): new $alu
  creating $alu model for $flatten\ro_counter_inst.$gt$/foss/designs/sky130_characterization/rtl/ro_counter.v:118$58 ($gt): new $alu
  creating $alu model for $flatten\ro_counter_inst.$gt$/foss/designs/sky130_characterization/rtl/ro_counter.v:119$62 ($gt): new $alu
  creating $alu model for $flatten\ro_counter_inst.$gt$/foss/designs/sky130_characterization/rtl/ro_counter.v:120$66 ($gt): new $alu
  creating $alu model for $flatten\ro_counter_inst.$gt$/foss/designs/sky130_characterization/rtl/ro_counter.v:125$69 ($gt): new $alu
  creating $alu model for $flatten\ro_counter_inst.$gt$/foss/designs/sky130_characterization/rtl/ro_counter.v:126$73 ($gt): new $alu
  creating $alu model for $flatten\ro_counter_inst.$gt$/foss/designs/sky130_characterization/rtl/ro_counter.v:127$77 ($gt): new $alu
  creating $alu model for $flatten\ro_counter_inst.$lt$/foss/designs/sky130_characterization/rtl/ro_counter.v:118$57 ($lt): new $alu
  creating $alu model for $flatten\ro_counter_inst.$lt$/foss/designs/sky130_characterization/rtl/ro_counter.v:119$60 ($lt): new $alu
  creating $alu model for $flatten\ro_counter_inst.$lt$/foss/designs/sky130_characterization/rtl/ro_counter.v:120$64 ($lt): new $alu
  creating $alu model for $flatten\ro_counter_inst.$lt$/foss/designs/sky130_characterization/rtl/ro_counter.v:125$68 ($lt): new $alu
  creating $alu model for $flatten\ro_counter_inst.$lt$/foss/designs/sky130_characterization/rtl/ro_counter.v:126$71 ($lt): new $alu
  creating $alu model for $flatten\ro_counter_inst.$lt$/foss/designs/sky130_characterization/rtl/ro_counter.v:127$75 ($lt): new $alu
  creating $alu model for $flatten\ro_counter_inst.$lt$/foss/designs/sky130_characterization/rtl/ro_counter.v:90$43 ($lt): new $alu
  creating $alu model for $gt$/foss/designs/sky130_characterization/rtl/characterization_top.v:76$12 ($gt): new $alu
  creating $alu model for $gt$/foss/designs/sky130_characterization/rtl/characterization_top.v:77$13 ($gt): new $alu
  creating $alu model for $gt$/foss/designs/sky130_characterization/rtl/characterization_top.v:78$15 ($gt): new $alu
  creating $alu model for $lt$/foss/designs/sky130_characterization/rtl/characterization_top.v:71$7 ($lt): new $alu
  creating $alu model for $lt$/foss/designs/sky130_characterization/rtl/characterization_top.v:72$8 ($lt): new $alu
  creating $alu model for $lt$/foss/designs/sky130_characterization/rtl/characterization_top.v:73$10 ($lt): new $alu
  creating $alu cell for $lt$/foss/designs/sky130_characterization/rtl/characterization_top.v:73$10: $auto$alumacc.cc:512:replace_alu$957
  creating $alu cell for $lt$/foss/designs/sky130_characterization/rtl/characterization_top.v:72$8: $auto$alumacc.cc:512:replace_alu$962
  creating $alu cell for $lt$/foss/designs/sky130_characterization/rtl/characterization_top.v:71$7: $auto$alumacc.cc:512:replace_alu$967
  creating $alu cell for $gt$/foss/designs/sky130_characterization/rtl/characterization_top.v:78$15: $auto$alumacc.cc:512:replace_alu$972
  creating $alu cell for $gt$/foss/designs/sky130_characterization/rtl/characterization_top.v:77$13: $auto$alumacc.cc:512:replace_alu$983
  creating $alu cell for $gt$/foss/designs/sky130_characterization/rtl/characterization_top.v:76$12: $auto$alumacc.cc:512:replace_alu$994
  creating $alu cell for $flatten\ro_counter_inst.$lt$/foss/designs/sky130_characterization/rtl/ro_counter.v:90$43: $auto$alumacc.cc:512:replace_alu$1005
  creating $alu cell for $flatten\ro_counter_inst.$lt$/foss/designs/sky130_characterization/rtl/ro_counter.v:127$75: $auto$alumacc.cc:512:replace_alu$1010
  creating $alu cell for $flatten\ro_counter_inst.$lt$/foss/designs/sky130_characterization/rtl/ro_counter.v:126$71: $auto$alumacc.cc:512:replace_alu$1015
  creating $alu cell for $flatten\ro_counter_inst.$lt$/foss/designs/sky130_characterization/rtl/ro_counter.v:125$68: $auto$alumacc.cc:512:replace_alu$1020
  creating $alu cell for $flatten\ro_counter_inst.$lt$/foss/designs/sky130_characterization/rtl/ro_counter.v:120$64: $auto$alumacc.cc:512:replace_alu$1025
  creating $alu cell for $flatten\ro_counter_inst.$lt$/foss/designs/sky130_characterization/rtl/ro_counter.v:119$60: $auto$alumacc.cc:512:replace_alu$1030
  creating $alu cell for $flatten\ro_counter_inst.$lt$/foss/designs/sky130_characterization/rtl/ro_counter.v:118$57: $auto$alumacc.cc:512:replace_alu$1035
  creating $alu cell for $flatten\ro_counter_inst.$gt$/foss/designs/sky130_characterization/rtl/ro_counter.v:127$77: $auto$alumacc.cc:512:replace_alu$1040
  creating $alu cell for $flatten\ro_counter_inst.$gt$/foss/designs/sky130_characterization/rtl/ro_counter.v:126$73: $auto$alumacc.cc:512:replace_alu$1051
  creating $alu cell for $flatten\ro_counter_inst.$gt$/foss/designs/sky130_characterization/rtl/ro_counter.v:125$69: $auto$alumacc.cc:512:replace_alu$1062
  creating $alu cell for $flatten\ro_counter_inst.$gt$/foss/designs/sky130_characterization/rtl/ro_counter.v:120$66: $auto$alumacc.cc:512:replace_alu$1073
  creating $alu cell for $flatten\ro_counter_inst.$gt$/foss/designs/sky130_characterization/rtl/ro_counter.v:119$62: $auto$alumacc.cc:512:replace_alu$1084
  creating $alu cell for $flatten\ro_counter_inst.$gt$/foss/designs/sky130_characterization/rtl/ro_counter.v:118$58: $auto$alumacc.cc:512:replace_alu$1095
  creating $alu cell for $flatten\delay_chain_inst.$lt$/foss/designs/sky130_characterization/rtl/delay_chain_block.v:105$38: $auto$alumacc.cc:512:replace_alu$1106
  creating $alu cell for $flatten\delay_chain_inst.$gt$/foss/designs/sky130_characterization/rtl/delay_chain_block.v:107$39: $auto$alumacc.cc:512:replace_alu$1111
  creating $alu cell for $flatten\delay_chain_inst.$add$/foss/designs/sky130_characterization/rtl/delay_chain_block.v:80$26: $auto$alumacc.cc:512:replace_alu$1122
  creating $alu cell for $flatten\ro_counter_inst.$add$/foss/designs/sky130_characterization/rtl/ro_counter.v:102$56: $auto$alumacc.cc:512:replace_alu$1125
  creating $alu cell for $flatten\ro_counter_inst.$add$/foss/designs/sky130_characterization/rtl/ro_counter.v:91$44: $auto$alumacc.cc:512:replace_alu$1128
  creating $alu cell for $flatten\ro_counter_inst.$add$/foss/designs/sky130_characterization/rtl/ro_counter.v:94$48: $auto$alumacc.cc:512:replace_alu$1131
  creating $alu cell for $flatten\ro_counter_inst.$add$/foss/designs/sky130_characterization/rtl/ro_counter.v:98$52: $auto$alumacc.cc:512:replace_alu$1134
  created 26 $alu and 0 $macc cells.

76. Executing SHARE pass (SAT-based resource sharing).

77. Executing OPT_EXPR pass (perform const folding).
Optimizing module characterization_top.
<suppressed ~16 debug messages>

78. Executing OPT_MERGE pass (detect identical cells).
Finding identical cells in module `\characterization_top'.
Computing hashes of 328 cells of `\characterization_top'.
Finding duplicate cells in `\characterization_top'.
Removed a total of 0 cells.

79. Executing OPT_MUXTREE pass (detect dead branches in mux trees).
Running muxtree optimizer on module \characterization_top..
  Creating internal representation of mux trees.
  Evaluating internal representation of mux trees.
  Analyzing evaluation results.
Removed 0 multiplexer ports.
<suppressed ~175 debug messages>

80. Executing OPT_REDUCE pass (consolidate $*mux and $reduce_* inputs).
  Optimizing cells in module \characterization_top.
Performed a total of 0 changes.

81. Executing OPT_MERGE pass (detect identical cells).
Finding identical cells in module `\characterization_top'.
Computing hashes of 328 cells of `\characterization_top'.
Finding duplicate cells in `\characterization_top'.
Removed a total of 0 cells.

82. Executing OPT_DFF pass (perform DFF optimizations).

83. Executing OPT_CLEAN pass (remove unused cells and wires).
Finding unused cells or wires in module \characterization_top..
Removed 2 unused cells and 23 unused wires.
<suppressed ~3 debug messages>

84. Executing OPT_EXPR pass (perform const folding).
Optimizing module characterization_top.

85. Rerunning OPT passes. (Maybe there is more to do…)

86. Executing OPT_MUXTREE pass (detect dead branches in mux trees).
Running muxtree optimizer on module \characterization_top..
  Creating internal representation of mux trees.
  Evaluating internal representation of mux trees.
  Analyzing evaluation results.
Removed 0 multiplexer ports.
<suppressed ~175 debug messages>

87. Executing OPT_REDUCE pass (consolidate $*mux and $reduce_* inputs).
  Optimizing cells in module \characterization_top.
Performed a total of 0 changes.

88. Executing OPT_MERGE pass (detect identical cells).
Finding identical cells in module `\characterization_top'.
Computing hashes of 326 cells of `\characterization_top'.
Finding duplicate cells in `\characterization_top'.
Removed a total of 0 cells.

89. Executing OPT_DFF pass (perform DFF optimizations).

90. Executing OPT_CLEAN pass (remove unused cells and wires).
Finding unused cells or wires in module \characterization_top..

91. Executing OPT_EXPR pass (perform const folding).
Optimizing module characterization_top.

92. Executing MEMORY pass.

92.1. Executing OPT_MEM pass (optimize memories).
Performed a total of 0 transformations.

92.2. Executing OPT_MEM_PRIORITY pass (removing unnecessary memory write priority relations).
Performed a total of 0 transformations.

92.3. Executing OPT_MEM_FEEDBACK pass (finding memory read-to-write feedback paths).

92.4. Executing MEMORY_BMUX2ROM pass (converting muxes to ROMs).

92.5. Executing MEMORY_DFF pass (merging $dff cells to $memrd).

92.6. Executing OPT_CLEAN pass (remove unused cells and wires).
Finding unused cells or wires in module \characterization_top..

92.7. Executing MEMORY_SHARE pass (consolidating $memrd/$memwr cells).

92.8. Executing OPT_MEM_WIDEN pass (optimize memories where all ports are wide).
Performed a total of 0 transformations.

92.9. Executing OPT_CLEAN pass (remove unused cells and wires).
Finding unused cells or wires in module \characterization_top..

92.10. Executing MEMORY_COLLECT pass (generating $mem cells).

93. Executing OPT_CLEAN pass (remove unused cells and wires).
Finding unused cells or wires in module \characterization_top..

94. Executing OPT_EXPR pass (perform const folding).
Optimizing module characterization_top.
<suppressed ~111 debug messages>

95. Executing OPT_MERGE pass (detect identical cells).
Finding identical cells in module `\characterization_top'.
Computing hashes of 306 cells of `\characterization_top'.
Finding duplicate cells in `\characterization_top'.
Computing hashes of 279 cells of `\characterization_top'.
Finding duplicate cells in `\characterization_top'.
Computing hashes of 278 cells of `\characterization_top'.
Finding duplicate cells in `\characterization_top'.
<suppressed ~84 debug messages>
Removed a total of 28 cells.

96. Executing OPT_DFF pass (perform DFF optimizations).

97. Executing OPT_CLEAN pass (remove unused cells and wires).
Finding unused cells or wires in module \characterization_top..
Removed 3 unused cells and 113 unused wires.
<suppressed ~4 debug messages>

98. Executing MEMORY_MAP pass (converting memories to logic and flip-flops).

99. Executing OPT_EXPR pass (perform const folding).
Optimizing module characterization_top.
<suppressed ~14 debug messages>

100. Executing OPT_MERGE pass (detect identical cells).
Finding identical cells in module `\characterization_top'.
Computing hashes of 275 cells of `\characterization_top'.
Finding duplicate cells in `\characterization_top'.
Removed a total of 0 cells.

101. Executing OPT_MUXTREE pass (detect dead branches in mux trees).
Running muxtree optimizer on module \characterization_top..
  Creating internal representation of mux trees.
  Evaluating internal representation of mux trees.
  Analyzing evaluation results.
Removed 0 multiplexer ports.
<suppressed ~37 debug messages>

102. Executing OPT_REDUCE pass (consolidate $*mux and $reduce_* inputs).
  Optimizing cells in module \characterization_top.
    Consolidated identical input bits for $mux cell $flatten\delay_chain_inst.$procmux$354:
      Old ports: A=3'100, B=3'010, Y=$flatten\delay_chain_inst.$procmux$354_Y
      New ports: A=2'10, B=2'01, Y=$flatten\delay_chain_inst.$procmux$354_Y [2:1]
      New connections: $flatten\delay_chain_inst.$procmux$354_Y [0] = 1'0
    New ctrl vector for $pmux cell $procmux$165: $auto$opt_reduce.cc:135:opt_pmux$1226
    New ctrl vector for $pmux cell $procmux$175: $auto$opt_reduce.cc:135:opt_pmux$1228
  Optimizing cells in module \characterization_top.
Performed a total of 3 changes.

103. Executing OPT_MERGE pass (detect identical cells).
Finding identical cells in module `\characterization_top'.
Computing hashes of 277 cells of `\characterization_top'.
Finding duplicate cells in `\characterization_top'.
Computing hashes of 276 cells of `\characterization_top'.
Finding duplicate cells in `\characterization_top'.
<suppressed ~3 debug messages>
Removed a total of 1 cells.

104. Executing OPT_SHARE pass.

105. Executing OPT_DFF pass (perform DFF optimizations).
Setting constant 0-bit at position 6 on $auto$ff.cc:337:slice$724 ($adffe) from module characterization_top.
Setting constant 0-bit at position 7 on $auto$ff.cc:337:slice$724 ($adffe) from module characterization_top.

106. Executing OPT_CLEAN pass (remove unused cells and wires).
Finding unused cells or wires in module \characterization_top..
Removed 0 unused cells and 1 unused wires.
<suppressed ~1 debug messages>

107. Executing OPT_EXPR pass (perform const folding).
Optimizing module characterization_top.
<suppressed ~2 debug messages>

108. Rerunning OPT passes. (Maybe there is more to do…)

109. Executing OPT_MUXTREE pass (detect dead branches in mux trees).
Running muxtree optimizer on module \characterization_top..
  Creating internal representation of mux trees.
  Evaluating internal representation of mux trees.
  Analyzing evaluation results.
Removed 0 multiplexer ports.
<suppressed ~33 debug messages>

110. Executing OPT_REDUCE pass (consolidate $*mux and $reduce_* inputs).
  Optimizing cells in module \characterization_top.
Performed a total of 0 changes.

111. Executing OPT_MERGE pass (detect identical cells).
Finding identical cells in module `\characterization_top'.
Computing hashes of 276 cells of `\characterization_top'.
Finding duplicate cells in `\characterization_top'.
Removed a total of 0 cells.

112. Executing OPT_SHARE pass.

113. Executing OPT_DFF pass (perform DFF optimizations).

114. Executing OPT_CLEAN pass (remove unused cells and wires).
Finding unused cells or wires in module \characterization_top..

115. Executing OPT_EXPR pass (perform const folding).
Optimizing module characterization_top.

116. Executing TECHMAP pass (map to technology primitives).

116.1. Executing Verilog-2005 frontend: /foss/tools/yosys/bin/../share/yosys/techmap.v
Parsing Verilog input from `/foss/tools/yosys/bin/../share/yosys/techmap.v' to AST representation.
Generating RTLIL representation for module `\_90_simplemap_bool_ops'.
Generating RTLIL representation for module `\_90_simplemap_reduce_ops'.
Generating RTLIL representation for module `\_90_simplemap_logic_ops'.
Generating RTLIL representation for module `\_90_simplemap_compare_ops'.
Generating RTLIL representation for module `\_90_simplemap_various'.
Generating RTLIL representation for module `\_90_simplemap_registers'.
Generating RTLIL representation for module `\_90_shift_ops_shr_shl_sshl_sshr'.
Generating RTLIL representation for module `\_90_shift_shiftx'.
Generating RTLIL representation for module `\_90_fa'.
Generating RTLIL representation for module `\_90_lcu_brent_kung'.
Generating RTLIL representation for module `\_90_alu'.
Generating RTLIL representation for module `\_90_macc'.
Generating RTLIL representation for module `\_90_alumacc'.
Generating RTLIL representation for module `$__div_mod_u'.
Generating RTLIL representation for module `$__div_mod_trunc'.
Generating RTLIL representation for module `\_90_div'.
Generating RTLIL representation for module `\_90_mod'.
Generating RTLIL representation for module `$__div_mod_floor'.
Generating RTLIL representation for module `\_90_divfloor'.
Generating RTLIL representation for module `\_90_modfloor'.
Generating RTLIL representation for module `\_90_pow'.
Generating RTLIL representation for module `\_90_demux'.
Generating RTLIL representation for module `\_90_lut'.
Generating RTLIL representation for module `$connect'.
Generating RTLIL representation for module `$input_port'.
Successfully finished Verilog frontend.

116.2. Continuing TECHMAP pass.
Using extmapper simplemap for cells of type $adffe.
Using extmapper simplemap for cells of type $reduce_or.
Using extmapper simplemap for cells of type $not.
Using template $paramod$c3cd1564c35d873179656addd6052d7ea8b6d991\_90_alu for cells of type $alu.
Using template $paramod$754650b284649a026620fc6856e5b6886cbfe794\_90_alu for cells of type $alu.
Using template $paramod$2af30114e9bd4ccb04dad757b3f0a8f6bf0615b0\_90_alu for cells of type $alu.
Using extmapper simplemap for cells of type $or.
Using extmapper simplemap for cells of type $reduce_and.
Using template $paramod$b957c48287097f111f9044e1834e62991deb3c7c\_90_alu for cells of type $alu.
Using template $paramod$1553e2dc17855a6cd3c55ce764f71290e33f5f33\_90_alu for cells of type $alu.
Using template $paramod$dbcdc7e8aa1a4080cea2deda6fdc8772064f4d90\_90_alu for cells of type $alu.
Using template $paramod$b18e16801adf491a64caa0542270798e5d4ac6b6\_90_alu for cells of type $alu.
Using template $paramod$d597a1d02e4b78ac244cbe0a6bc64f098a6f19e7\_90_alu for cells of type $alu.
Using template $paramod$a40b3a69ab2154dca9743e30e1e84efb03b892b4\_90_alu for cells of type $alu.
Using extmapper simplemap for cells of type $reduce_bool.
Using extmapper simplemap for cells of type $ne.
Using extmapper simplemap for cells of type $and.
Using extmapper simplemap for cells of type $adff.
Using extmapper simplemap for cells of type $logic_not.
Using extmapper simplemap for cells of type $logic_and.
Using extmapper simplemap for cells of type $logic_or.
Using extmapper simplemap for cells of type $mux.
Using extmapper simplemap for cells of type $pos.
Using template $paramod\_90_fa\WIDTH=32'00000000000000000000000000001000 for cells of type $fa.
Using template $paramod\_90_lcu_brent_kung\WIDTH=32'00000000000000000000000000001000 for cells of type $lcu.
Using extmapper simplemap for cells of type $xor.
Using template $paramod\_90_fa\WIDTH=32'00000000000000000000000000000110 for cells of type $fa.
Using template $paramod\_90_lcu_brent_kung\WIDTH=32'00000000000000000000000000000110 for cells of type $lcu.
Using template $paramod\_90_fa\WIDTH=32'00000000000000000000000000001101 for cells of type $fa.
Using template $paramod\_90_lcu_brent_kung\WIDTH=32'00000000000000000000000000001101 for cells of type $lcu.
Using template $paramod\_90_fa\WIDTH=32'00000000000000000000000000010000 for cells of type $fa.
Using template $paramod\_90_lcu_brent_kung\WIDTH=32'00000000000000000000000000010000 for cells of type $lcu.
Using template $paramod\_90_fa\WIDTH=32'00000000000000000000000000001010 for cells of type $fa.
Using template $paramod\_90_lcu_brent_kung\WIDTH=32'00000000000000000000000000001010 for cells of type $lcu.
Using template $paramod\_90_fa\WIDTH=32'00000000000000000000000000000101 for cells of type $fa.
Using template $paramod\_90_lcu_brent_kung\WIDTH=32'00000000000000000000000000000101 for cells of type $lcu.
Using template $paramod\_90_fa\WIDTH=32'00000000000000000000000000000111 for cells of type $fa.
Using template $paramod\_90_lcu_brent_kung\WIDTH=32'00000000000000000000000000000111 for cells of type $lcu.
Using template $paramod\_90_fa\WIDTH=32'00000000000000000000000000001110 for cells of type $fa.
Using template $paramod\_90_lcu_brent_kung\WIDTH=32'00000000000000000000000000001110 for cells of type $lcu.
No more expansions possible.
<suppressed ~2466 debug messages>

117. Executing OPT_EXPR pass (perform const folding).
Optimizing module characterization_top.
<suppressed ~1583 debug messages>

118. Executing OPT_MERGE pass (detect identical cells).
Finding identical cells in module `\characterization_top'.
Computing hashes of 1406 cells of `\characterization_top'.
Finding duplicate cells in `\characterization_top'.
Computing hashes of 1293 cells of `\characterization_top'.
Finding duplicate cells in `\characterization_top'.
Computing hashes of 1274 cells of `\characterization_top'.
Finding duplicate cells in `\characterization_top'.
Computing hashes of 1267 cells of `\characterization_top'.
Finding duplicate cells in `\characterization_top'.
Computing hashes of 1265 cells of `\characterization_top'.
Finding duplicate cells in `\characterization_top'.
Computing hashes of 1263 cells of `\characterization_top'.
Finding duplicate cells in `\characterization_top'.
Computing hashes of 1261 cells of `\characterization_top'.
Finding duplicate cells in `\characterization_top'.
Computing hashes of 1259 cells of `\characterization_top'.
Finding duplicate cells in `\characterization_top'.
Computing hashes of 1257 cells of `\characterization_top'.
Finding duplicate cells in `\characterization_top'.
Computing hashes of 1255 cells of `\characterization_top'.
Finding duplicate cells in `\characterization_top'.
Computing hashes of 1253 cells of `\characterization_top'.
Finding duplicate cells in `\characterization_top'.
Computing hashes of 1251 cells of `\characterization_top'.
Finding duplicate cells in `\characterization_top'.
Computing hashes of 1249 cells of `\characterization_top'.
Finding duplicate cells in `\characterization_top'.
Computing hashes of 1247 cells of `\characterization_top'.
Finding duplicate cells in `\characterization_top'.
Computing hashes of 1245 cells of `\characterization_top'.
Finding duplicate cells in `\characterization_top'.
Computing hashes of 1243 cells of `\characterization_top'.
Finding duplicate cells in `\characterization_top'.
Computing hashes of 1242 cells of `\characterization_top'.
Finding duplicate cells in `\characterization_top'.
Computing hashes of 1241 cells of `\characterization_top'.
Finding duplicate cells in `\characterization_top'.
Computing hashes of 1240 cells of `\characterization_top'.
Finding duplicate cells in `\characterization_top'.
Computing hashes of 1239 cells of `\characterization_top'.
Finding duplicate cells in `\characterization_top'.
Computing hashes of 1238 cells of `\characterization_top'.
Finding duplicate cells in `\characterization_top'.
Computing hashes of 1237 cells of `\characterization_top'.
Finding duplicate cells in `\characterization_top'.
Computing hashes of 1236 cells of `\characterization_top'.
Finding duplicate cells in `\characterization_top'.
Computing hashes of 1235 cells of `\characterization_top'.
Finding duplicate cells in `\characterization_top'.
Computing hashes of 1234 cells of `\characterization_top'.
Finding duplicate cells in `\characterization_top'.
Computing hashes of 1233 cells of `\characterization_top'.
Finding duplicate cells in `\characterization_top'.
Computing hashes of 1232 cells of `\characterization_top'.
Finding duplicate cells in `\characterization_top'.
Computing hashes of 1231 cells of `\characterization_top'.
Finding duplicate cells in `\characterization_top'.
Computing hashes of 1230 cells of `\characterization_top'.
Finding duplicate cells in `\characterization_top'.
Computing hashes of 1229 cells of `\characterization_top'.
Finding duplicate cells in `\characterization_top'.
Computing hashes of 1228 cells of `\characterization_top'.
Finding duplicate cells in `\characterization_top'.
Computing hashes of 1227 cells of `\characterization_top'.
Finding duplicate cells in `\characterization_top'.
<suppressed ~537 debug messages>
Removed a total of 179 cells.

119. Executing OPT_DFF pass (perform DFF optimizations).

120. Executing OPT_CLEAN pass (remove unused cells and wires).
Finding unused cells or wires in module \characterization_top..
Removed 242 unused cells and 1464 unused wires.
<suppressed ~243 debug messages>

121. Executing OPT_EXPR pass (perform const folding).
Optimizing module characterization_top.

122. Executing OPT_MERGE pass (detect identical cells).
Finding identical cells in module `\characterization_top'.
Computing hashes of 985 cells of `\characterization_top'.
Finding duplicate cells in `\characterization_top'.
Removed a total of 0 cells.

123. Executing OPT_DFF pass (perform DFF optimizations).

124. Executing OPT_CLEAN pass (remove unused cells and wires).
Finding unused cells or wires in module \characterization_top..

125. Executing ABC pass (technology mapping using ABC).

125.1. Extracting gate netlist of module `\characterization_top' to `<abc-temp-dir>/input.blif'..

125.1.1. Executed ABC.
Extracted 713 gates and 871 wires to a netlist network with 157 inputs and 169 outputs.
Running ABC script: <abc-temp-dir>/abc.script
ABC: UC Berkeley, ABC 1.01 (compiled May 13 2026 20:05:27)
ABC: abc 01> empty
ABC: abc 01> source <abc-temp-dir>/abc.script
ABC: + read_blif <abc-temp-dir>/input.blif 
ABC: + read_library <abc-temp-dir>/stdcells.genlib 
ABC: + strash 
ABC: + dretime 
ABC: + map 
ABC: + write_blif <abc-temp-dir>/output.blif 
ABC: 
ABC: YOSYS_ABC_DONE 

125.1.2. Re-integrating ABC results.
ABC RESULTS:               AND cells:       24
ABC RESULTS:            ANDNOT cells:      312
ABC RESULTS:               MUX cells:        1
ABC RESULTS:              NAND cells:       57
ABC RESULTS:               NOR cells:       47
ABC RESULTS:               NOT cells:        8
ABC RESULTS:                OR cells:       65
ABC RESULTS:             ORNOT cells:       21
ABC RESULTS:              XNOR cells:       17
ABC RESULTS:               XOR cells:       28
ABC RESULTS:        internal signals:      545
ABC RESULTS:           input signals:      157
ABC RESULTS:          output signals:      169
Removing temp directory.
Removing global temp directory.

126. Executing OPT pass (performing simple optimizations).

126.1. Executing OPT_EXPR pass (perform const folding).
Optimizing module characterization_top.

126.2. Executing OPT_MERGE pass (detect identical cells).
Finding identical cells in module `\characterization_top'.
Computing hashes of 852 cells of `\characterization_top'.
Finding duplicate cells in `\characterization_top'.
Computing hashes of 847 cells of `\characterization_top'.
Finding duplicate cells in `\characterization_top'.
<suppressed ~15 debug messages>
Removed a total of 5 cells.

126.3. Executing OPT_DFF pass (perform DFF optimizations).

126.4. Executing OPT_CLEAN pass (remove unused cells and wires).
Finding unused cells or wires in module \characterization_top..
Removed 0 unused cells and 563 unused wires.
<suppressed ~7 debug messages>

126.5. Finished fast OPT passes.

127. Executing HIERARCHY pass (managing design hierarchy).

127.1. Analyzing design hierarchy..
Top module:  \characterization_top

127.2. Analyzing design hierarchy..
Top module:  \characterization_top
Removed 0 unused modules.

128. Executing CHECK pass (checking for obvious problems).
Checking module characterization_top...
Found and reported 0 problems.

129. Printing statistics.

=== characterization_top ===

        +----------Local Count, excluding submodules.
        | 
      639 wires
      977 wire bits
       76 public wires
      398 public wire bits
       22 ports
      104 port bits
      847 cells
      312   $_ANDNOT_
       24   $_AND_
      256   $_DFFE_PP0P_
       13   $_DFF_PP0_
        1   $_DFF_PP1_
        1   $_MUX_
       57   $_NAND_
       42   $_NOR_
        8   $_NOT_
       21   $_ORNOT_
       65   $_OR_
       17   $_XNOR_
       28   $_XOR_
        2   $scopeinfo

130. Executing OPT pass (performing simple optimizations).

130.1. Executing OPT_EXPR pass (perform const folding).
Optimizing module characterization_top.

130.2. Executing OPT_MERGE pass (detect identical cells).
Finding identical cells in module `\characterization_top'.
Computing hashes of 847 cells of `\characterization_top'.
Finding duplicate cells in `\characterization_top'.
Removed a total of 0 cells.

130.3. Executing OPT_MUXTREE pass (detect dead branches in mux trees).
Running muxtree optimizer on module \characterization_top..
  Creating internal representation of mux trees.
  No muxes found in this module.
Removed 0 multiplexer ports.

130.4. Executing OPT_REDUCE pass (consolidate $*mux and $reduce_* inputs).
  Optimizing cells in module \characterization_top.
Performed a total of 0 changes.

130.5. Executing OPT_MERGE pass (detect identical cells).
Finding identical cells in module `\characterization_top'.
Computing hashes of 847 cells of `\characterization_top'.
Finding duplicate cells in `\characterization_top'.
Removed a total of 0 cells.

130.6. Executing OPT_DFF pass (perform DFF optimizations).

130.7. Executing OPT_CLEAN pass (remove unused cells and wires).
Finding unused cells or wires in module \characterization_top..

130.8. Executing OPT_EXPR pass (perform const folding).
Optimizing module characterization_top.

130.9. Finished fast OPT passes. (There is nothing left to do.)

131. Executing OPT_CLEAN pass (remove unused cells and wires).
Finding unused cells or wires in module \characterization_top..
Removed 2 unused cells and 20 unused wires.
<suppressed ~22 debug messages>
{
   "creator": "Yosys 0.65 (git sha1 b85cad634, g++ 13.3.0-6ubuntu2~24.04.1 -fPIC -O3)",
   "invocation": "stat -json -liberty /foss/designs/sky130_characterization/openlane/characterization_top/runs/RUN_2026-06-19_09-25-21/tmp/fecc75a412654c86969891fada719b48.lib -liberty /foss/designs/sky130_characterization/openlane/characterization_top/runs/RUN_2026-06-19_09-25-21/tmp/76ae60591c8b4d2dba8c4d1de2f41612.lib ",
   "modules": {
      "\\characterization_top": {
         "num_wires":         619,
         "num_wire_bits":     889,
         "num_pub_wires":     56,
         "num_pub_wire_bits": 310,
         "num_ports":         22,
         "num_port_bits":     104,
         "num_memories":      0,
         "num_memory_bits":   0,
         "num_processes":     0,
         "num_cells":         845,
         "num_submodules":       0,
         "num_cells_by_type": {
            "$_ANDNOT_": 312,
            "$_AND_": 24,
            "$_DFFE_PP0P_": 256,
            "$_DFF_PP0_": 13,
            "$_DFF_PP1_": 1,
            "$_MUX_": 1,
            "$_NAND_": 57,
            "$_NOR_": 42,
            "$_NOT_": 8,
            "$_ORNOT_": 21,
            "$_OR_": 65,
            "$_XNOR_": 17,
            "$_XOR_": 28
         }
      }
   },
      "design": {
         "num_wires":         619,
         "num_wire_bits":     889,
         "num_pub_wires":     56,
         "num_pub_wire_bits": 310,
         "num_ports":         22,
         "num_port_bits":     104,
         "num_memories":      0,
         "num_memory_bits":   0,
         "num_processes":     0,
         "num_cells":         845,
         "num_submodules":       0,
         "num_cells_by_type": {
            "$_ANDNOT_": 312,
            "$_AND_": 24,
            "$_DFFE_PP0P_": 256,
            "$_DFF_PP0_": 13,
            "$_DFF_PP1_": 1,
            "$_MUX_": 1,
            "$_NAND_": 57,
            "$_NOR_": 42,
            "$_NOT_": 8,
            "$_ORNOT_": 21,
            "$_OR_": 65,
            "$_XNOR_": 17,
            "$_XOR_": 28
         }
      }
}

132. Printing statistics.

=== characterization_top ===

        +----------Local Count, excluding submodules.
        | 
      619 wires
      889 wire bits
       56 public wires
      310 public wire bits
       22 ports
      104 port bits
      845 cells
      312   $_ANDNOT_
       24   $_AND_
      256   $_DFFE_PP0P_
       13   $_DFF_PP0_
        1   $_DFF_PP1_
        1   $_MUX_
       57   $_NAND_
       42   $_NOR_
        8   $_NOT_
       21   $_ORNOT_
       65   $_OR_
       17   $_XNOR_
       28   $_XOR_

   Area for cell type $_ANDNOT_ is unknown!
   Area for cell type $_AND_ is unknown!
   Area for cell type $_DFFE_PP0P_ is unknown!
   Area for cell type $_DFF_PP0_ is unknown!
   Area for cell type $_DFF_PP1_ is unknown!
   Area for cell type $_MUX_ is unknown!
   Area for cell type $_NAND_ is unknown!
   Area for cell type $_NOR_ is unknown!
   Area for cell type $_NOT_ is unknown!
   Area for cell type $_ORNOT_ is unknown!
   Area for cell type $_OR_ is unknown!
   Area for cell type $_XNOR_ is unknown!
   Area for cell type $_XOR_ is unknown!

[INFO] Applying tri-state buffer mapping from '/foss/pdks/ihp-sg13g2/libs.tech/librelane/sg13g2_stdcell/tribuff_map.v'…

133. Executing TECHMAP pass (map to technology primitives).

133.1. Executing Verilog-2005 frontend: /foss/pdks/ihp-sg13g2/libs.tech/librelane/sg13g2_stdcell/tribuff_map.v
Parsing Verilog input from `/foss/pdks/ihp-sg13g2/libs.tech/librelane/sg13g2_stdcell/tribuff_map.v' to AST representation.
Generating RTLIL representation for module `$_TBUF_'.
Successfully finished Verilog frontend.

133.2. Continuing TECHMAP pass.
No more expansions possible.
<suppressed ~3 debug messages>

134. Executing SIMPLEMAP pass (map simple cells to gate primitives).
[INFO] Applying latch mapping from '/foss/pdks/ihp-sg13g2/libs.tech/librelane/sg13g2_stdcell/latch_map.v'…

135. Executing TECHMAP pass (map to technology primitives).

135.1. Executing Verilog-2005 frontend: /foss/pdks/ihp-sg13g2/libs.tech/librelane/sg13g2_stdcell/latch_map.v
Parsing Verilog input from `/foss/pdks/ihp-sg13g2/libs.tech/librelane/sg13g2_stdcell/latch_map.v' to AST representation.
Generating RTLIL representation for module `$_DLATCH_P_'.
Generating RTLIL representation for module `$_DLATCH_PN0_'.
Generating RTLIL representation for module `$_DLATCH_N_'.
Generating RTLIL representation for module `$_DLATCH_NN0_'.
Successfully finished Verilog frontend.

135.2. Continuing TECHMAP pass.
No more expansions possible.
<suppressed ~6 debug messages>

136. Executing SIMPLEMAP pass (map simple cells to gate primitives).

137. Executing DFFLIBMAP pass (mapping DFF cells to sequential cells from liberty file).
  cell sg13g2_dfrbpq_1 (noninv, pins=4, area=48.99) is a direct match for cell type $_DFF_PN0_.
  final dff cell mappings:
    unmapped dff cell: $_DFF_N_
    unmapped dff cell: $_DFF_P_
    unmapped dff cell: $_DFF_NN0_
    unmapped dff cell: $_DFF_NN1_
    unmapped dff cell: $_DFF_NP0_
    unmapped dff cell: $_DFF_NP1_
    \sg13g2_dfrbpq_1 _DFF_PN0_ (.CLK( C), .D( D), .Q( Q), .RESET_B( R));
    unmapped dff cell: $_DFF_PN1_
    unmapped dff cell: $_DFF_PP0_
    unmapped dff cell: $_DFF_PP1_
    unmapped dff cell: $_DFFE_NN_
    unmapped dff cell: $_DFFE_NP_
    unmapped dff cell: $_DFFE_PN_
    unmapped dff cell: $_DFFE_PP_
    unmapped dff cell: $_DFFSR_NNN_
    unmapped dff cell: $_DFFSR_NNP_
    unmapped dff cell: $_DFFSR_NPN_
    unmapped dff cell: $_DFFSR_NPP_
    unmapped dff cell: $_DFFSR_PNN_
    unmapped dff cell: $_DFFSR_PNP_
    unmapped dff cell: $_DFFSR_PPN_
    unmapped dff cell: $_DFFSR_PPP_

137.1. Executing DFFLEGALIZE pass (convert FFs to types supported by the target).
<suppressed ~4 debug messages>
Mapping DFF cells in module `\characterization_top':
  mapped 270 $_DFF_PN0_ cells to \sg13g2_dfrbpq_1 cells.
{
   "creator": "Yosys 0.65 (git sha1 b85cad634, g++ 13.3.0-6ubuntu2~24.04.1 -fPIC -O3)",
   "invocation": "stat -json -liberty /foss/designs/sky130_characterization/openlane/characterization_top/runs/RUN_2026-06-19_09-25-21/tmp/fecc75a412654c86969891fada719b48.lib -liberty /foss/designs/sky130_characterization/openlane/characterization_top/runs/RUN_2026-06-19_09-25-21/tmp/76ae60591c8b4d2dba8c4d1de2f41612.lib ",
   "modules": {
      "\\characterization_top": {
         "num_wires":         1147,
         "num_wire_bits":     1417,
         "num_pub_wires":     56,
         "num_pub_wire_bits": 310,
         "num_ports":         22,
         "num_port_bits":     104,
         "num_memories":      0,
         "num_memory_bits":   0,
         "num_processes":     0,
         "num_cells":         1373,
         "num_submodules":       0,
         "area":              13226.976000,
         "sequential_area":    13226.976000,
         "num_cells_by_type": {
            "$_ANDNOT_": 312,
            "$_AND_": 24,
            "$_MUX_": 257,
            "$_NAND_": 57,
            "$_NOR_": 42,
            "$_NOT_": 280,
            "$_ORNOT_": 21,
            "$_OR_": 65,
            "$_XNOR_": 17,
            "$_XOR_": 28,
            "sg13g2_dfrbpq_1": 270
         }
      }
   },
      "design": {
         "num_wires":         1147,
         "num_wire_bits":     1417,
         "num_pub_wires":     56,
         "num_pub_wire_bits": 310,
         "num_ports":         22,
         "num_port_bits":     104,
         "num_memories":      0,
         "num_memory_bits":   0,
         "num_processes":     0,
         "num_cells":         1373,
         "num_submodules":       0,
         "area":              13226.976000,
         "sequential_area":    13226.976000,
         "num_cells_by_type": {
            "$_ANDNOT_": 312,
            "$_AND_": 24,
            "$_MUX_": 257,
            "$_NAND_": 57,
            "$_NOR_": 42,
            "$_NOT_": 280,
            "$_ORNOT_": 21,
            "$_OR_": 65,
            "$_XNOR_": 17,
            "$_XOR_": 28,
            "sg13g2_dfrbpq_1": 270
         }
      }
}

138. Printing statistics.

=== characterization_top ===

        +----------Local Count, excluding submodules.
        |        +-Local Area, excluding submodules.
        |        | 
     1147        - wires
     1417        - wire bits
       56        - public wires
      310        - public wire bits
       22        - ports
      104        - port bits
     1373 1.32E+04 cells
      312        -   $_ANDNOT_
       24        -   $_AND_
      257        -   $_MUX_
       57        -   $_NAND_
       42        -   $_NOR_
      280        -   $_NOT_
       21        -   $_ORNOT_
       65        -   $_OR_
       17        -   $_XNOR_
       28        -   $_XOR_
      270 1.32E+04   sg13g2_dfrbpq_1

   Area for cell type $_ANDNOT_ is unknown!
   Area for cell type $_AND_ is unknown!
   Area for cell type $_MUX_ is unknown!
   Area for cell type $_NAND_ is unknown!
   Area for cell type $_NOR_ is unknown!
   Area for cell type $_NOT_ is unknown!
   Area for cell type $_ORNOT_ is unknown!
   Area for cell type $_OR_ is unknown!
   Area for cell type $_XNOR_ is unknown!
   Area for cell type $_XOR_ is unknown!

   Chip area for module '\characterization_top': 13226.976000
     of which used for sequential elements: 13226.976000 (100.00%)

[INFO] Using generated ABC script '/foss/designs/sky130_characterization/openlane/characterization_top/runs/RUN_2026-06-19_09-25-21/06-yosys-synthesis/AREA_0.abc'…

139. Executing ABC pass (technology mapping using ABC).

139.1. Extracting gate netlist of module `\characterization_top' to `/tmp/yosys-abc-6d4Tur/input.blif'..

139.1.1. Executed ABC.
Extracted 1103 gates and 1383 wires to a netlist network with 280 inputs and 535 outputs.
Running ABC script: /tmp/yosys-abc-6d4Tur/abc.script
ABC: UC Berkeley, ABC 1.01 (compiled May 13 2026 20:05:27)
ABC: abc 01> empty
ABC: abc 01> source /tmp/yosys-abc-6d4Tur/abc.script
ABC: + read_blif /tmp/yosys-abc-6d4Tur/input.blif 
ABC: + read_scl /tmp/yosys-liberty-scl-cache/yosys_merged_84fec139.scl 
ABC: + read_constr -v /foss/designs/sky130_characterization/openlane/characterization_top/runs/RUN_2026-06-19_09-25-21/06-yosys-synthesis/synthesis.abc.sdc 
ABC: Setting driving cell to be "sg13g2_buf_4/X".
ABC: Setting output load to be 6.000000.
ABC: + source /foss/designs/sky130_characterization/openlane/characterization_top/runs/RUN_2026-06-19_09-25-21/06-yosys-synthesis/AREA_0.abc 
ABC: Error: The network is combinational.
ABC: Cannot find the default PI driving cell (sg13g2_buf_4/X) in the library.
ABC: WireLoad = "none"  Gates =    946 ( 38.6 %)   Cap =  7.7 ff (  4.9 %)   Area =     8067.77 ( 90.3 %)   Delay =  1364.50 ps  (  5.2 %)               
ABC: Path  0 --     275 : 0    2 pi             A =   0.00  Df =   0.0   -0.0 ps  S =   0.0 ps  Cin =  0.0 ff  Cout =   5.9 ff  Cmax =   0.0 ff  G =    0  
ABC: Path  1 --    1414 : 2   49 sg13g2_nand2_1 A =   7.26  Df =1014.4 -314.8 ps  S =1334.4 ps  Cin =  2.9 ff  Cout = 247.6 ff  Cmax = 300.0 ff  G = 8365  
ABC: Path  2 --    1416 : 3    1 sg13g2_mux2_1  A =  18.14  Df =1364.5 -377.6 ps  S =  62.4 ps  Cin =  3.6 ff  Cout =   6.0 ff  Cmax = 300.0 ff  G =  167  
ABC: Start-point = pi274 (\state [1]).  End-point = po189 ($auto$rtlil.cc:3501:MuxGate$5755).
ABC: netlist                       : i/o =  280/  535  lat =    0  nd =   946  edge =   2020  area =8066.41  delay = 5.00  lev = 5
ABC: + write_blif /tmp/yosys-abc-6d4Tur/output.blif 
ABC:                                                                                
ABC: YOSYS_ABC_DONE 

139.1.2. Re-integrating ABC results.
ABC RESULTS:     sg13g2_a21o_1 cells:       13
ABC RESULTS:    sg13g2_a21oi_1 cells:       39
ABC RESULTS:   sg13g2_a221oi_1 cells:        4
ABC RESULTS:    sg13g2_a22oi_1 cells:       71
ABC RESULTS:     sg13g2_and2_1 cells:       21
ABC RESULTS:     sg13g2_and3_1 cells:        6
ABC RESULTS:     sg13g2_and4_1 cells:        3
ABC RESULTS:      sg13g2_inv_1 cells:      365
ABC RESULTS:     sg13g2_mux2_1 cells:       74
ABC RESULTS:    sg13g2_nand2_1 cells:      110
ABC RESULTS:   sg13g2_nand2b_1 cells:        9
ABC RESULTS:    sg13g2_nand3_1 cells:       19
ABC RESULTS:   sg13g2_nand3b_1 cells:        8
ABC RESULTS:    sg13g2_nand4_1 cells:       10
ABC RESULTS:     sg13g2_nor2_1 cells:       24
ABC RESULTS:    sg13g2_nor2b_1 cells:       11
ABC RESULTS:     sg13g2_nor3_1 cells:       23
ABC RESULTS:     sg13g2_nor4_1 cells:       10
ABC RESULTS:    sg13g2_o21ai_1 cells:      101
ABC RESULTS:      sg13g2_or2_1 cells:        9
ABC RESULTS:      sg13g2_or3_1 cells:        2
ABC RESULTS:      sg13g2_or4_1 cells:        4
ABC RESULTS:    sg13g2_xnor2_1 cells:        9
ABC RESULTS:     sg13g2_xor2_1 cells:        1
ABC RESULTS:        internal signals:      568
ABC RESULTS:           input signals:      280
ABC RESULTS:          output signals:      535
Removing temp directory.
Removing global temp directory.

140. Executing SETUNDEF pass (replace undef values with defined constants).

141. Executing HILOMAP pass (mapping to constant drivers).

142. Executing SPLITNETS pass (splitting up multi-bit signals).

143. Executing OPT_CLEAN pass (remove unused cells and wires).
Finding unused cells or wires in module \characterization_top..
Removed 2 unused cells and 1417 unused wires.
<suppressed ~30 debug messages>

144. Executing INSBUF pass (insert buffer cells for connected wires).
Add characterization_top/$auto$insbuf.cc:97:execute$7489: \clock_status_reg [5] -> \status_reg [4]

145. Executing CHECK pass (checking for obvious problems).
Checking module characterization_top...
Found and reported 0 problems.
{
   "creator": "Yosys 0.65 (git sha1 b85cad634, g++ 13.3.0-6ubuntu2~24.04.1 -fPIC -O3)",
   "invocation": "stat -json -liberty /foss/designs/sky130_characterization/openlane/characterization_top/runs/RUN_2026-06-19_09-25-21/tmp/fecc75a412654c86969891fada719b48.lib -liberty /foss/designs/sky130_characterization/openlane/characterization_top/runs/RUN_2026-06-19_09-25-21/tmp/76ae60591c8b4d2dba8c4d1de2f41612.lib ",
   "modules": {
      "\\characterization_top": {
         "num_wires":         1148,
         "num_wire_bits":     1230,
         "num_pub_wires":     201,
         "num_pub_wire_bits": 283,
         "num_ports":         22,
         "num_port_bits":     104,
         "num_memories":      0,
         "num_memory_bits":   0,
         "num_processes":     0,
         "num_cells":         1219,
         "num_submodules":       0,
         "area":              21316.516200,
         "sequential_area":    13226.976000,
         "num_cells_by_type": {
            "sg13g2_a21o_1": 13,
            "sg13g2_a21oi_1": 39,
            "sg13g2_a221oi_1": 4,
            "sg13g2_a22oi_1": 71,
            "sg13g2_and2_1": 21,
            "sg13g2_and3_1": 6,
            "sg13g2_and4_1": 3,
            "sg13g2_buf_1": 1,
            "sg13g2_dfrbpq_1": 270,
            "sg13g2_inv_1": 365,
            "sg13g2_mux2_1": 74,
            "sg13g2_nand2_1": 110,
            "sg13g2_nand2b_1": 9,
            "sg13g2_nand3_1": 19,
            "sg13g2_nand3b_1": 8,
            "sg13g2_nand4_1": 10,
            "sg13g2_nor2_1": 24,
            "sg13g2_nor2b_1": 11,
            "sg13g2_nor3_1": 23,
            "sg13g2_nor4_1": 10,
            "sg13g2_o21ai_1": 101,
            "sg13g2_or2_1": 9,
            "sg13g2_or3_1": 2,
            "sg13g2_or4_1": 4,
            "sg13g2_tielo": 2,
            "sg13g2_xnor2_1": 9,
            "sg13g2_xor2_1": 1
         }
      }
   },
      "design": {
         "num_wires":         1148,
         "num_wire_bits":     1230,
         "num_pub_wires":     201,
         "num_pub_wire_bits": 283,
         "num_ports":         22,
         "num_port_bits":     104,
         "num_memories":      0,
         "num_memory_bits":   0,
         "num_processes":     0,
         "num_cells":         1219,
         "num_submodules":       0,
         "area":              21316.516200,
         "sequential_area":    13226.976000,
         "num_cells_by_type": {
            "sg13g2_a21o_1": 13,
            "sg13g2_a21oi_1": 39,
            "sg13g2_a221oi_1": 4,
            "sg13g2_a22oi_1": 71,
            "sg13g2_and2_1": 21,
            "sg13g2_and3_1": 6,
            "sg13g2_and4_1": 3,
            "sg13g2_buf_1": 1,
            "sg13g2_dfrbpq_1": 270,
            "sg13g2_inv_1": 365,
            "sg13g2_mux2_1": 74,
            "sg13g2_nand2_1": 110,
            "sg13g2_nand2b_1": 9,
            "sg13g2_nand3_1": 19,
            "sg13g2_nand3b_1": 8,
            "sg13g2_nand4_1": 10,
            "sg13g2_nor2_1": 24,
            "sg13g2_nor2b_1": 11,
            "sg13g2_nor3_1": 23,
            "sg13g2_nor4_1": 10,
            "sg13g2_o21ai_1": 101,
            "sg13g2_or2_1": 9,
            "sg13g2_or3_1": 2,
            "sg13g2_or4_1": 4,
            "sg13g2_tielo": 2,
            "sg13g2_xnor2_1": 9,
            "sg13g2_xor2_1": 1
         }
      }
}

146. Printing statistics.

=== characterization_top ===

        +----------Local Count, excluding submodules.
        |        +-Local Area, excluding submodules.
        |        | 
     1148        - wires
     1230        - wire bits
      201        - public wires
      283        - public wire bits
       22        - ports
      104        - port bits
     1219 2.13E+04 cells
       13   165.11   sg13g2_a21o_1
       39  353.808   sg13g2_a21oi_1
        4   58.061   sg13g2_a221oi_1
       71  770.251   sg13g2_a22oi_1
       21  190.512   sg13g2_and2_1
        6   76.205   sg13g2_and3_1
        3   43.546   sg13g2_and4_1
        1    7.258   sg13g2_buf_1
      270 1.32E+04   sg13g2_dfrbpq_1
      365 1.99E+03   sg13g2_inv_1
       74 1.34E+03   sg13g2_mux2_1
      110  798.336   sg13g2_nand2_1
        9   81.648   sg13g2_nand2b_1
       19  172.368   sg13g2_nand3_1
        8  101.606   sg13g2_nand3b_1
       10  108.864   sg13g2_nand4_1
       24  174.182   sg13g2_nor2_1
       11   99.792   sg13g2_nor2b_1
       23  208.656   sg13g2_nor3_1
       10  108.864   sg13g2_nor4_1
      101  916.272   sg13g2_o21ai_1
        9   81.648   sg13g2_or2_1
        2   25.402   sg13g2_or3_1
        4   58.061   sg13g2_or4_1
        2   14.515   sg13g2_tielo
        9  130.637   sg13g2_xnor2_1
        1   14.515   sg13g2_xor2_1

   Chip area for module '\characterization_top': 21316.516200
     of which used for sequential elements: 13226.976000 (62.05%)

147. Executing Verilog backend.
Dumping module `\characterization_top'.

148. Executing JSON backend.
