Clock: clk
Sources: clk 
Generated: no
Virtual: no
Propagated: no
Period: 10.000000

===========================================================================
report_clock_properties
============================================================================
Clock                   Period          Waveform
----------------------------------------------------
clk                  10.000000    0.000000  5.000000

===========================================================================
report_clock_latency
============================================================================
Clock clk
rise -> rise
    min     max
0.000000 0.000000 source latency
0.522591         network latency _1893_/CLK
        0.606437 network latency _1893_/CLK
---------------
0.522591 0.606437 latency
        0.083845 skew

fall -> fall
    min     max
0.000000 0.000000 source latency
0.395246         network latency _1893_/CLK
        0.476147 network latency _1893_/CLK
---------------
0.395246 0.476147 latency
        0.080901 skew



===========================================================================
report_clock_min_period
============================================================================
clk period_min = 2.14 fmax = 468.06
