Reading timing models for corner nom_tt_025C_1v80…
Reading timing library for the 'nom_tt_025C_1v80' corner at '/foss/pdks/sky130A/libs.ref/sky130_fd_sc_hd/lib/sky130_fd_sc_hd__tt_025C_1v80.lib'…
Reading OpenROAD database at '/foss/designs/sky130_characterization/openlane/ro_physical_top/runs/RUN_2026-07-07_10-36-36/42-openroad-repairantennas/1-openroad-diodeinsertion/ro_physical_top.odb'…
Reading design constraints file at '/usr/local/lib/python3.12/dist-packages/librelane/scripts/base.sdc'…
[WARNING STA-0366] port 'null' not found.
[INFO] Using clock null…
[INFO] Setting output delay to: 2
[INFO] Setting input delay to: 2
[WARNING STA-0366] port 'null' not found.
[INFO] Setting load to: 0.033442
[INFO] Setting clock uncertainty to: 0.25
[INFO] Setting clock transition to: 0.1499999999999999944488848768742172978818416595458984375
[WARNING STA-0419] transition time can not be specified for virtual clocks.
[INFO] Setting timing derate to: 5%
[WARNING STA-0450] virtual clock null can not be propagated.
[INFO ORD-0030] Using 22 thread(s).
+ detailed_route -droute_end_iter 64 -or_seed 42 -verbose 1 -output_drc /foss/designs/sky130_characterization/openlane/ro_physical_top/runs/RUN_2026-07-07_10-36-36/44-openroad-detailedrouting/drt-run-0/ro_physical_top.drc
[INFO DRT-0149] Reading tech and libs.
[WARNING DRT-0349] LEF58_ENCLOSURE with no CUTCLASS is not supported. Skipping for layer mcon
[WARNING DRT-0349] LEF58_ENCLOSURE with no CUTCLASS is not supported. Skipping for layer mcon
[WARNING DRT-0349] LEF58_ENCLOSURE with no CUTCLASS is not supported. Skipping for layer via
[WARNING DRT-0349] LEF58_ENCLOSURE with no CUTCLASS is not supported. Skipping for layer via
[WARNING DRT-0349] LEF58_ENCLOSURE with no CUTCLASS is not supported. Skipping for layer via2
[WARNING DRT-0349] LEF58_ENCLOSURE with no CUTCLASS is not supported. Skipping for layer via2
[WARNING DRT-0349] LEF58_ENCLOSURE with no CUTCLASS is not supported. Skipping for layer via3
[WARNING DRT-0349] LEF58_ENCLOSURE with no CUTCLASS is not supported. Skipping for layer via3
[WARNING DRT-0349] LEF58_ENCLOSURE with no CUTCLASS is not supported. Skipping for layer via4
[WARNING DRT-0349] LEF58_ENCLOSURE with no CUTCLASS is not supported. Skipping for layer via4

Units:                1000
Number of layers:     13
Number of macros:     445
Number of vias:       29
Number of viarulegen: 25

[INFO DRT-0150] Reading design.

Design:                   ro_physical_top
Die area:                 ( 0 0 ) ( 100000 100000 )
Number of track patterns: 12
Number of DEF vias:       0
Number of components:     154
Number of terminals:      4
Number of snets:          2
Number of nets:           9

[INFO DRT-0167] List of default vias:
  Layer via
    default via: M1M2_PR
  Layer via2
    default via: M2M3_PR
  Layer via3
    default via: M3M4_PR
  Layer via4
    default via: M4M5_PR
[INFO DRT-0162] Library cell analysis.
[INFO DRT-0163] Instance analysis.
[INFO DRT-0164] Number of unique instances = 12.
[INFO DRT-0168] Init region query.
[INFO DRT-0024]   Complete FR_MASTERSLICE.
[INFO DRT-0024]   Complete licon.
[INFO DRT-0024]   Complete li1.
[INFO DRT-0024]   Complete mcon.
[INFO DRT-0024]   Complete met1.
[INFO DRT-0024]   Complete via.
[INFO DRT-0024]   Complete met2.
[INFO DRT-0024]   Complete via2.
[INFO DRT-0024]   Complete met3.
[INFO DRT-0024]   Complete via3.
[INFO DRT-0024]   Complete met4.
[INFO DRT-0024]   Complete via4.
[INFO DRT-0024]   Complete met5.
[INFO DRT-0033] FR_MASTERSLICE shape region query size = 0.
[INFO DRT-0033] licon shape region query size = 0.
[INFO DRT-0033] li1 shape region query size = 806.
[INFO DRT-0033] mcon shape region query size = 0.
[INFO DRT-0033] met1 shape region query size = 366.
[INFO DRT-0033] via shape region query size = 145.
[INFO DRT-0033] met2 shape region query size = 89.
[INFO DRT-0033] via2 shape region query size = 116.
[INFO DRT-0033] met3 shape region query size = 87.
[INFO DRT-0033] via3 shape region query size = 116.
[INFO DRT-0033] met4 shape region query size = 35.
[INFO DRT-0033] via4 shape region query size = 2.
[INFO DRT-0033] met5 shape region query size = 6.
[INFO DRT-0165] Start pin access.
[INFO DRT-0078]   Complete 57 pins.
[INFO DRT-0081]   Complete 12 unique inst patterns.
[INFO DRT-0084]   Complete 3 groups.
#scanned instances     = 154
#unique  instances     = 12
#stdCellGenAp          = 106
#stdCellValidPlanarAp  = 0
#stdCellValidViaAp     = 99
#stdCellPinNoAp        = 0
#stdCellPinCnt         = 17
#instTermValidViaApCnt = 0
#macroGenAp            = 0
#macroValidPlanarAp    = 0
#macroValidViaAp       = 0
#macroNoAp             = 0
[INFO DRT-0166] Complete pin access.
[INFO DRT-0267] cpu time = 00:00:03, elapsed time = 00:00:00, memory = 122.25 (MB), peak = 120.84 (MB)

[INFO DRT-0157] Number of guides:     39

[INFO DRT-0169] Post process guides.
[INFO DRT-0176] GCELLGRID X 0 DO 14 STEP 6900 ;
[INFO DRT-0177] GCELLGRID Y 0 DO 14 STEP 6900 ;
[INFO DRT-0028]   Complete FR_MASTERSLICE.
[INFO DRT-0028]   Complete licon.
[INFO DRT-0028]   Complete li1.
[INFO DRT-0028]   Complete mcon.
[INFO DRT-0028]   Complete met1.
[INFO DRT-0028]   Complete via.
[INFO DRT-0028]   Complete met2.
[INFO DRT-0028]   Complete via2.
[INFO DRT-0028]   Complete met3.
[INFO DRT-0028]   Complete via3.
[INFO DRT-0028]   Complete met4.
[INFO DRT-0028]   Complete via4.
[INFO DRT-0028]   Complete met5.
[INFO DRT-0178] Init guide query.
[INFO DRT-0035]   Complete FR_MASTERSLICE (guide).
[INFO DRT-0035]   Complete licon (guide).
[INFO DRT-0035]   Complete li1 (guide).
[INFO DRT-0035]   Complete mcon (guide).
[INFO DRT-0035]   Complete met1 (guide).
[INFO DRT-0035]   Complete via (guide).
[INFO DRT-0035]   Complete met2 (guide).
[INFO DRT-0035]   Complete via2 (guide).
[INFO DRT-0035]   Complete met3 (guide).
[INFO DRT-0035]   Complete via3 (guide).
[INFO DRT-0035]   Complete met4 (guide).
[INFO DRT-0035]   Complete via4 (guide).
[INFO DRT-0035]   Complete met5 (guide).
[INFO DRT-0036] FR_MASTERSLICE guide region query size = 0.
[INFO DRT-0036] licon guide region query size = 0.
[INFO DRT-0036] li1 guide region query size = 15.
[INFO DRT-0036] mcon guide region query size = 0.
[INFO DRT-0036] met1 guide region query size = 13.
[INFO DRT-0036] via guide region query size = 0.
[INFO DRT-0036] met2 guide region query size = 7.
[INFO DRT-0036] via2 guide region query size = 0.
[INFO DRT-0036] met3 guide region query size = 0.
[INFO DRT-0036] via3 guide region query size = 0.
[INFO DRT-0036] met4 guide region query size = 0.
[INFO DRT-0036] via4 guide region query size = 0.
[INFO DRT-0036] met5 guide region query size = 0.
[INFO DRT-0179] Init gr pin query.
[INFO DRT-0267] cpu time = 00:00:00, elapsed time = 00:00:00, memory = 122.32 (MB), peak = 120.84 (MB)
[INFO DRT-0245] skipped writing guide updates to database.
[INFO DRT-0185] Post process initialize RPin region query.
[INFO DRT-0181] Start track assignment.
[INFO DRT-0184] Done with 22 vertical wires in 1 frboxes and 13 horizontal wires in 1 frboxes.
[INFO DRT-0186] Done with 2 vertical wires in 1 frboxes and 2 horizontal wires in 1 frboxes.
[INFO DRT-0182] Complete track assignment.
[INFO DRT-0267] cpu time = 00:00:00, elapsed time = 00:00:00, memory = 123.20 (MB), peak = 121.89 (MB)
[INFO DRT-0187] Start routing data preparation.
[INFO DRT-0267] cpu time = 00:00:00, elapsed time = 00:00:00, memory = 123.32 (MB), peak = 121.89 (MB)
[INFO DRT-0194] Start detail routing.
[INFO DRT-0195] Start 0th optimization iteration.
    Completing 20% with 0 violations.
    elapsed time = 00:00:00, memory = 124.64 (MB).
    Completing 50% with 0 violations.
    elapsed time = 00:00:00, memory = 124.64 (MB).
    Completing 70% with 0 violations.
    elapsed time = 00:00:00, memory = 125.86 (MB).
    Completing 100% with 2 violations.
    elapsed time = 00:00:00, memory = 125.86 (MB).
[INFO DRT-0199]   Number of violations = 3.
Viol/Layer        met1
Metal Spacing        2
Recheck              1
[INFO DRT-0267] cpu time = 00:00:05, elapsed time = 00:00:00, memory = 476.11 (MB), peak = 486.31 (MB)
Total wire length = 69 um.
Total wire length on LAYER li1 = 0 um.
Total wire length on LAYER met1 = 24 um.
Total wire length on LAYER met2 = 44 um.
Total wire length on LAYER met3 = 0 um.
Total wire length on LAYER met4 = 0 um.
Total wire length on LAYER met5 = 0 um.
Total number of vias = 32.
Up-via summary (total 32):

---------------------
 FR_MASTERSLICE     0
            li1    17
           met1    15
           met2     0
           met3     0
           met4     0
---------------------
               32


[INFO DRT-0195] Start 1st optimization iteration.
    Completing 10% with 3 violations.
    elapsed time = 00:00:00, memory = 476.11 (MB).
    Completing 20% with 3 violations.
    elapsed time = 00:00:00, memory = 476.12 (MB).
    Completing 30% with 3 violations.
    elapsed time = 00:00:00, memory = 476.12 (MB).
    Completing 40% with 3 violations.
    elapsed time = 00:00:00, memory = 476.12 (MB).
    Completing 50% with 3 violations.
    elapsed time = 00:00:00, memory = 476.12 (MB).
    Completing 60% with 3 violations.
    elapsed time = 00:00:00, memory = 476.12 (MB).
    Completing 70% with 3 violations.
    elapsed time = 00:00:00, memory = 476.12 (MB).
    Completing 80% with 3 violations.
    elapsed time = 00:00:00, memory = 480.59 (MB).
    Completing 100% with 0 violations.
    elapsed time = 00:00:00, memory = 480.59 (MB).
[INFO DRT-0199]   Number of violations = 0.
[INFO DRT-0267] cpu time = 00:00:04, elapsed time = 00:00:00, memory = 481.71 (MB), peak = 491.95 (MB)
Total wire length = 63 um.
Total wire length on LAYER li1 = 0 um.
Total wire length on LAYER met1 = 20 um.
Total wire length on LAYER met2 = 43 um.
Total wire length on LAYER met3 = 0 um.
Total wire length on LAYER met4 = 0 um.
Total wire length on LAYER met5 = 0 um.
Total number of vias = 31.
Up-via summary (total 31):

---------------------
 FR_MASTERSLICE     0
            li1    17
           met1    14
           met2     0
           met3     0
           met4     0
---------------------
               31


[INFO DRT-0198] Complete detail routing.
Total wire length = 63 um.
Total wire length on LAYER li1 = 0 um.
Total wire length on LAYER met1 = 20 um.
Total wire length on LAYER met2 = 43 um.
Total wire length on LAYER met3 = 0 um.
Total wire length on LAYER met4 = 0 um.
Total wire length on LAYER met5 = 0 um.
Total number of vias = 31.
Up-via summary (total 31):

---------------------
 FR_MASTERSLICE     0
            li1    17
           met1    14
           met2     0
           met3     0
           met4     0
---------------------
               31


[INFO DRT-0267] cpu time = 00:00:10, elapsed time = 00:00:01, memory = 481.84 (MB), peak = 491.95 (MB)

[INFO DRT-0180] Post processing.
+ check_antennas 
[INFO ANT-0002] Found 0 net violations.
[INFO ANT-0001] Found 0 pin violations.
Setting global connections for newly added cells…
[INFO] Setting global connections...
[INFO ODB-0403] 0 connections made, 0 conflicts skipped.
Updating metrics…
Cell type report:                       Count       Area
  Fill cell                                56     210.20
  Tap cell                                 90     112.61
  Buffer                                    1       5.00
  Timing Repair Buffer                      2      20.02
  Inverter                                  4      15.01
  Multi-Input combinational cell            1       3.75
  Total                                   154     366.60
Writing OpenROAD database to '/foss/designs/sky130_characterization/openlane/ro_physical_top/runs/RUN_2026-07-07_10-36-36/44-openroad-detailedrouting/ro_physical_top.odb'…
Writing netlist to '/foss/designs/sky130_characterization/openlane/ro_physical_top/runs/RUN_2026-07-07_10-36-36/44-openroad-detailedrouting/ro_physical_top.nl.v'…
Writing powered netlist to '/foss/designs/sky130_characterization/openlane/ro_physical_top/runs/RUN_2026-07-07_10-36-36/44-openroad-detailedrouting/ro_physical_top.pnl.v'…
Writing layout to '/foss/designs/sky130_characterization/openlane/ro_physical_top/runs/RUN_2026-07-07_10-36-36/44-openroad-detailedrouting/ro_physical_top.def'…
Writing timing constraints to '/foss/designs/sky130_characterization/openlane/ro_physical_top/runs/RUN_2026-07-07_10-36-36/44-openroad-detailedrouting/ro_physical_top.sdc'…
