Startpoint: rst (input port clocked by clk)
Endpoint: _1560_ (recovery check against rising-edge clock clk)
Path Group: asynchronous
Path Type: max

  Delay    Time   Description
---------------------------------------------------------
   0.00    0.00   clock clk (rise edge)
   0.00    0.00   clock network delay (propagated)
   2.00    2.00 v input external delay
   0.01    2.01 v rst (in)
   0.16    2.17 v input9/X (sky130_fd_sc_hd__buf_1)
   0.25    2.42 v max_cap212/X (sky130_fd_sc_hd__buf_2)
   0.51    2.93 v fanout210/X (sky130_fd_sc_hd__clkdlybuf4s25_1)
   0.29    3.22 v load_slew211/X (sky130_fd_sc_hd__buf_2)
   0.58    3.80 v fanout189/X (sky130_fd_sc_hd__clkdlybuf4s25_1)
   0.64    4.44 v fanout187/X (sky130_fd_sc_hd__clkdlybuf4s25_1)
   0.69    5.12 v fanout185/X (sky130_fd_sc_hd__clkdlybuf4s25_1)
   0.39    5.51 v load_slew186/X (sky130_fd_sc_hd__buf_4)
   0.08    5.59 ^ _1387_/Y (sky130_fd_sc_hd__inv_2)
   0.00    5.59 ^ _1560_/RESET_B (sky130_fd_sc_hd__dfrtp_2)
           5.59   data arrival time

  10.00   10.00   clock clk (rise edge)
   0.75   10.75   clock network delay (propagated)
  -0.25   10.50   clock uncertainty
   0.00   10.50   clock reconvergence pessimism
          10.50 ^ _1560_/CLK (sky130_fd_sc_hd__dfrtp_2)
   0.46   10.96   library recovery time
          10.96   data required time
---------------------------------------------------------
          10.96   data required time
          -5.59   data arrival time
---------------------------------------------------------
           5.37   slack (MET)


Startpoint: _1722_ (rising edge-triggered flip-flop clocked by clk)
Endpoint: _1645_ (rising edge-triggered flip-flop clocked by clk)
Path Group: clk
Path Type: max

  Delay    Time   Description
---------------------------------------------------------
   0.00    0.00   clock clk (rise edge)
   0.76    0.76   clock network delay (propagated)
   0.00    0.76 ^ _1722_/CLK (sky130_fd_sc_hd__dfrtp_2)
   0.85    1.61 v _1722_/Q (sky130_fd_sc_hd__dfrtp_2)
   0.13    1.74 ^ _0739_/Y (sky130_fd_sc_hd__nand2_2)
   0.76    2.50 ^ fanout151/X (sky130_fd_sc_hd__clkdlybuf4s25_1)
   0.84    3.35 ^ fanout150/X (sky130_fd_sc_hd__clkdlybuf4s25_1)
   0.93    4.27 ^ fanout149/X (sky130_fd_sc_hd__clkdlybuf4s25_1)
   0.82    5.09 v _1181_/X (sky130_fd_sc_hd__mux2_1)
   1.12    6.21 v hold374/X (sky130_fd_sc_hd__dlygate4sd3_1)
   0.00    6.21 v _1645_/D (sky130_fd_sc_hd__dfrtp_2)
           6.21   data arrival time

  10.00   10.00   clock clk (rise edge)
   0.76   10.76   clock network delay (propagated)
  -0.25   10.51   clock uncertainty
   0.00   10.51   clock reconvergence pessimism
          10.51 ^ _1645_/CLK (sky130_fd_sc_hd__dfrtp_2)
  -0.28   10.23   library setup time
          10.23   data required time
---------------------------------------------------------
          10.23   data required time
          -6.21   data arrival time
---------------------------------------------------------
           4.02   slack (MET)


