Startpoint: rst (input port clocked by clk)
Endpoint: _1560_ (recovery check against rising-edge clock clk)
Path Group: asynchronous
Path Type: max

  Delay    Time   Description
---------------------------------------------------------
   0.00    0.00   clock clk (rise edge)
   0.00    0.00   clock network delay (propagated)
   2.00    2.00 v input external delay
   0.00    2.00 v rst (in)
   0.08    2.08 v input9/X (sky130_fd_sc_hd__buf_1)
   0.12    2.20 v max_cap212/X (sky130_fd_sc_hd__buf_2)
   0.27    2.46 v fanout210/X (sky130_fd_sc_hd__clkdlybuf4s25_1)
   0.13    2.60 v load_slew211/X (sky130_fd_sc_hd__buf_2)
   0.30    2.90 v fanout189/X (sky130_fd_sc_hd__clkdlybuf4s25_1)
   0.33    3.22 v fanout187/X (sky130_fd_sc_hd__clkdlybuf4s25_1)
   0.35    3.57 v fanout185/X (sky130_fd_sc_hd__clkdlybuf4s25_1)
   0.20    3.77 v load_slew186/X (sky130_fd_sc_hd__buf_4)
   0.05    3.82 ^ _1387_/Y (sky130_fd_sc_hd__inv_2)
   0.00    3.82 ^ _1560_/RESET_B (sky130_fd_sc_hd__dfrtp_2)
           3.82   data arrival time

  10.00   10.00   clock clk (rise edge)
   0.42   10.42   clock network delay (propagated)
  -0.25   10.17   clock uncertainty
   0.00   10.17   clock reconvergence pessimism
          10.17 ^ _1560_/CLK (sky130_fd_sc_hd__dfrtp_2)
   0.22   10.39   library recovery time
          10.39   data required time
---------------------------------------------------------
          10.39   data required time
          -3.82   data arrival time
---------------------------------------------------------
           6.57   slack (MET)


Startpoint: start (input port clocked by clk)
Endpoint: _1709_ (rising edge-triggered flip-flop clocked by clk)
Path Group: clk
Path Type: max

  Delay    Time   Description
---------------------------------------------------------
   0.00    0.00   clock clk (rise edge)
   0.00    0.00   clock network delay (propagated)
   2.00    2.00 ^ input external delay
   0.01    2.01 ^ start (in)
   0.27    2.28 ^ input10/X (sky130_fd_sc_hd__clkdlybuf4s25_1)
   0.07    2.35 v _1075_/Y (sky130_fd_sc_hd__nand2b_2)
   0.21    2.56 v _1076_/X (sky130_fd_sc_hd__and2_2)
   0.12    2.68 ^ _1077_/Y (sky130_fd_sc_hd__nor2_2)
   0.44    3.12 ^ fanout103/X (sky130_fd_sc_hd__clkdlybuf4s25_1)
   0.17    3.29 ^ _1113_/X (sky130_fd_sc_hd__a22o_2)
   0.64    3.93 ^ hold357/X (sky130_fd_sc_hd__dlygate4sd3_1)
   0.00    3.93 ^ _1709_/D (sky130_fd_sc_hd__dfrtp_2)
           3.93   data arrival time

  10.00   10.00   clock clk (rise edge)
   0.43   10.43   clock network delay (propagated)
  -0.25   10.18   clock uncertainty
   0.00   10.18   clock reconvergence pessimism
          10.18 ^ _1709_/CLK (sky130_fd_sc_hd__dfrtp_2)
  -0.06   10.12   library setup time
          10.12   data required time
---------------------------------------------------------
          10.12   data required time
          -3.93   data arrival time
---------------------------------------------------------
           6.18   slack (MET)


