36 Lint warnings found.
'PNR_SDC_FILE' is not defined. Using generic fallback SDC for OpenROAD PnR steps.
'SIGNOFF_SDC_FILE' is not defined. Using generic fallback SDC for OpenROAD PnR steps.
[STA-0366] port 'null' not found.
[STA-0366] port 'null' not found.
[STA-0419] transition time can not be specified for virtual clocks.
[STA-0450] virtual clock null can not be propagated.
[STA-0366] port 'null' not found.
[STA-0366] port 'null' not found.
[STA-0419] transition time can not be specified for virtual clocks.
[STA-0450] virtual clock null can not be propagated.
[STA-0366] port 'null' not found.
[STA-0366] port 'null' not found.
[STA-0419] transition time can not be specified for virtual clocks.
[STA-0450] virtual clock null can not be propagated.
[STA-0366] port 'null' not found.
[STA-0366] port 'null' not found.
[STA-0419] transition time can not be specified for virtual clocks.
[STA-0450] virtual clock null can not be propagated.
[STA-0366] port 'null' not found.
[STA-0366] port 'null' not found.
[STA-0419] transition time can not be specified for virtual clocks.
[STA-0450] virtual clock null can not be propagated.
[STA-0366] port 'null' not found.
[STA-0366] port 'null' not found.
[STA-0419] transition time can not be specified for virtual clocks.
[STA-0450] virtual clock null can not be propagated.
[STA-0366] port 'null' not found.
[STA-0366] port 'null' not found.
[STA-0419] transition time can not be specified for virtual clocks.
[STA-0450] virtual clock null can not be propagated.
[STA-0366] port 'null' not found.
[STA-0366] port 'null' not found.
[STA-0419] transition time can not be specified for virtual clocks.
[STA-0450] virtual clock null can not be propagated.
[STA-1140] /foss/pdks/sky130A/libs.ref/sky130_fd_sc_hd/lib/sky130_fd_sc_hd__tt_025C_1v80.lib line 1, library sky130_fd_sc_hd__tt_025C_1v80 already exists.
[STA-1140] /foss/pdks/sky130A/libs.ref/sky130_fd_sc_hd/lib/sky130_fd_sc_hd__ff_n40C_1v95.lib line 1, library sky130_fd_sc_hd__ff_n40C_1v95 already exists.
[STA-1140] /foss/pdks/sky130A/libs.ref/sky130_fd_sc_hd/lib/sky130_fd_sc_hd__ss_100C_1v60.lib line 1, library sky130_fd_sc_hd__ss_100C_1v60 already exists.
[STA-1140] /foss/pdks/sky130A/libs.ref/sky130_fd_sc_hd/lib/sky130_fd_sc_hd__tt_025C_1v80.lib line 1, library sky130_fd_sc_hd__tt_025C_1v80 already exists.
[STA-1140] /foss/pdks/sky130A/libs.ref/sky130_fd_sc_hd/lib/sky130_fd_sc_hd__ss_100C_1v60.lib line 1, library sky130_fd_sc_hd__ss_100C_1v60 already exists.
[STA-1140] /foss/pdks/sky130A/libs.ref/sky130_fd_sc_hd/lib/sky130_fd_sc_hd__ff_n40C_1v95.lib line 1, library sky130_fd_sc_hd__ff_n40C_1v95 already exists.
[STA-0366] port 'null' not found.
[STA-0366] port 'null' not found.
[STA-0419] transition time can not be specified for virtual clocks.
[STA-0450] virtual clock null can not be propagated.
[RSZ-0020] found 2 floating nets.
[STA-0366] port 'null' not found.
[STA-0366] port 'null' not found.
[STA-0419] transition time can not be specified for virtual clocks.
[STA-0450] virtual clock null can not be propagated.
[STA-1140] /foss/pdks/sky130A/libs.ref/sky130_fd_sc_hd/lib/sky130_fd_sc_hd__tt_025C_1v80.lib line 1, library sky130_fd_sc_hd__tt_025C_1v80 already exists.
[STA-1140] /foss/pdks/sky130A/libs.ref/sky130_fd_sc_hd/lib/sky130_fd_sc_hd__ff_n40C_1v95.lib line 1, library sky130_fd_sc_hd__ff_n40C_1v95 already exists.
[STA-1140] /foss/pdks/sky130A/libs.ref/sky130_fd_sc_hd/lib/sky130_fd_sc_hd__ss_100C_1v60.lib line 1, library sky130_fd_sc_hd__ss_100C_1v60 already exists.
[STA-1140] /foss/pdks/sky130A/libs.ref/sky130_fd_sc_hd/lib/sky130_fd_sc_hd__tt_025C_1v80.lib line 1, library sky130_fd_sc_hd__tt_025C_1v80 already exists.
[STA-1140] /foss/pdks/sky130A/libs.ref/sky130_fd_sc_hd/lib/sky130_fd_sc_hd__ss_100C_1v60.lib line 1, library sky130_fd_sc_hd__ss_100C_1v60 already exists.
[STA-1140] /foss/pdks/sky130A/libs.ref/sky130_fd_sc_hd/lib/sky130_fd_sc_hd__ff_n40C_1v95.lib line 1, library sky130_fd_sc_hd__ff_n40C_1v95 already exists.
[STA-0366] port 'null' not found.
[STA-0366] port 'null' not found.
[STA-0419] transition time can not be specified for virtual clocks.
[STA-0450] virtual clock null can not be propagated.
[CTS-0083] No clock nets have been found.
[CTS-0082] No valid clock nets in the design.
[STA-0450] virtual clock null can not be propagated.
[STA-0366] port 'null' not found.
[STA-0366] port 'null' not found.
[STA-0419] transition time can not be specified for virtual clocks.
[STA-0450] virtual clock null can not be propagated.
[STA-1140] /foss/pdks/sky130A/libs.ref/sky130_fd_sc_hd/lib/sky130_fd_sc_hd__tt_025C_1v80.lib line 1, library sky130_fd_sc_hd__tt_025C_1v80 already exists.
[STA-1140] /foss/pdks/sky130A/libs.ref/sky130_fd_sc_hd/lib/sky130_fd_sc_hd__ff_n40C_1v95.lib line 1, library sky130_fd_sc_hd__ff_n40C_1v95 already exists.
[STA-1140] /foss/pdks/sky130A/libs.ref/sky130_fd_sc_hd/lib/sky130_fd_sc_hd__ss_100C_1v60.lib line 1, library sky130_fd_sc_hd__ss_100C_1v60 already exists.
[STA-1140] /foss/pdks/sky130A/libs.ref/sky130_fd_sc_hd/lib/sky130_fd_sc_hd__tt_025C_1v80.lib line 1, library sky130_fd_sc_hd__tt_025C_1v80 already exists.
[STA-1140] /foss/pdks/sky130A/libs.ref/sky130_fd_sc_hd/lib/sky130_fd_sc_hd__ss_100C_1v60.lib line 1, library sky130_fd_sc_hd__ss_100C_1v60 already exists.
[STA-1140] /foss/pdks/sky130A/libs.ref/sky130_fd_sc_hd/lib/sky130_fd_sc_hd__ff_n40C_1v95.lib line 1, library sky130_fd_sc_hd__ff_n40C_1v95 already exists.
[STA-0366] port 'null' not found.
[STA-0366] port 'null' not found.
[STA-0419] transition time can not be specified for virtual clocks.
[STA-0450] virtual clock null can not be propagated.
[STA-0450] virtual clock null can not be propagated.
[STA-0366] port 'null' not found.
[STA-0366] port 'null' not found.
[STA-0419] transition time can not be specified for virtual clocks.
[STA-0450] virtual clock null can not be propagated.
[STA-0366] port 'null' not found.
[STA-0366] port 'null' not found.
[STA-0419] transition time can not be specified for virtual clocks.
[STA-0450] virtual clock null can not be propagated.
[STA-0450] virtual clock null can not be propagated.
[STA-0366] port 'null' not found.
[STA-0366] port 'null' not found.
[STA-0419] transition time can not be specified for virtual clocks.
[STA-0450] virtual clock null can not be propagated.
[STA-0366] port 'null' not found.
[STA-0366] port 'null' not found.
[STA-0419] transition time can not be specified for virtual clocks.
[STA-0450] virtual clock null can not be propagated.
[STA-0366] port 'null' not found.
[STA-0366] port 'null' not found.
[STA-0419] transition time can not be specified for virtual clocks.
[STA-0450] virtual clock null can not be propagated.
[STA-0366] port 'null' not found.
[STA-0366] port 'null' not found.
[STA-0419] transition time can not be specified for virtual clocks.
[STA-0450] virtual clock null can not be propagated.
[STA-0366] port 'null' not found.
[STA-0366] port 'null' not found.
[STA-0419] transition time can not be specified for virtual clocks.
[STA-0450] virtual clock null can not be propagated.
[DRT-0349] LEF58_ENCLOSURE with no CUTCLASS is not supported. Skipping for layer mcon
[DRT-0349] LEF58_ENCLOSURE with no CUTCLASS is not supported. Skipping for layer mcon
[DRT-0349] LEF58_ENCLOSURE with no CUTCLASS is not supported. Skipping for layer via
[DRT-0349] LEF58_ENCLOSURE with no CUTCLASS is not supported. Skipping for layer via
[DRT-0349] LEF58_ENCLOSURE with no CUTCLASS is not supported. Skipping for layer via2
[DRT-0349] LEF58_ENCLOSURE with no CUTCLASS is not supported. Skipping for layer via2
[DRT-0349] LEF58_ENCLOSURE with no CUTCLASS is not supported. Skipping for layer via3
[DRT-0349] LEF58_ENCLOSURE with no CUTCLASS is not supported. Skipping for layer via3
[DRT-0349] LEF58_ENCLOSURE with no CUTCLASS is not supported. Skipping for layer via4
[DRT-0349] LEF58_ENCLOSURE with no CUTCLASS is not supported. Skipping for layer via4
[STA-0366] port 'null' not found.
[STA-0366] port 'null' not found.
[STA-0419] transition time can not be specified for virtual clocks.
[STA-0450] virtual clock null can not be propagated.
Threshold for Threshold-surpassing long wires is not set. The checker will be skipped.
[STA-0366] port 'null' not found.
[STA-0366] port 'null' not found.
[STA-0419] transition time can not be specified for virtual clocks.
[STA-0450] virtual clock null can not be propagated.
'VSRC_LOC_FILES' was not given a value, which may make the results of IR drop analysis inaccurate. If you are not integrating a top-level chip for manufacture, you may ignore this warning, otherwise, see the documentation for 'VSRC_LOC_FILES'.
[STA-0366] port 'null' not found.
[STA-0366] port 'null' not found.
[STA-0419] transition time can not be specified for virtual clocks.
[STA-0450] virtual clock null can not be propagated.
