
===========================================================================
report_checks -path_delay max (Setup)
============================================================================
======================= max_ff_n40C_1v95 Corner ===================================

Startpoint: enable (input port clocked by null)
Endpoint: ro_out (output port clocked by null)
Path Group: null
Path Type: max

Fanout         Cap        Slew       Delay        Time   Description
---------------------------------------------------------------------------------------------
                      0.000000    0.000000    0.000000   clock null (rise edge)
                                  0.000000    0.000000   clock network delay (ideal)
                                  2.000000    2.000000 v input external delay
     1    0.003429    0.005637    0.002879    2.002879 v enable (in)
                                                         enable (net)
                      0.005646    0.000000    2.002879 v input1/A (sky130_fd_sc_hd__clkdlybuf4s25_1)
     1    0.003292    0.029441    0.149618    2.152497 v input1/X (sky130_fd_sc_hd__clkdlybuf4s25_1)
                                                         net1 (net)
                      0.029441    0.000236    2.152733 v u_nand/A (sky130_fd_sc_hd__nand2_1)
     1    0.003117    0.029656    0.037901    2.190634 ^ u_nand/Y (sky130_fd_sc_hd__nand2_1)
                                                         n0 (net)
                      0.029657    0.000216    2.190850 ^ u_inv0/A (sky130_fd_sc_hd__inv_1)
     1    0.003160    0.015805    0.020778    2.211628 v u_inv0/Y (sky130_fd_sc_hd__inv_1)
                                                         n1 (net)
                      0.015810    0.000224    2.211852 v u_inv1/A (sky130_fd_sc_hd__inv_1)
     1    0.003097    0.025581    0.029059    2.240911 ^ u_inv1/Y (sky130_fd_sc_hd__inv_1)
                                                         n2 (net)
                      0.025583    0.000214    2.241125 ^ u_inv2/A (sky130_fd_sc_hd__inv_1)
     1    0.003060    0.014657    0.019825    2.260950 v u_inv2/Y (sky130_fd_sc_hd__inv_1)
                                                         n3 (net)
                      0.014663    0.000225    2.261175 v u_inv3/A (sky130_fd_sc_hd__inv_1)
     2    0.005203    0.038194    0.037851    2.299026 ^ u_inv3/Y (sky130_fd_sc_hd__inv_1)
                                                         n4 (net)
                      0.038195    0.000174    2.299201 ^ u_buf/A (sky130_fd_sc_hd__buf_2)
     1    0.002616    0.018562    0.059944    2.359144 ^ u_buf/X (sky130_fd_sc_hd__buf_2)
                                                         net2 (net)
                      0.018565    0.000120    2.359265 ^ output2/A (sky130_fd_sc_hd__clkdlybuf4s25_1)
     1    0.035716    0.270177    0.321228    2.680492 ^ output2/X (sky130_fd_sc_hd__clkdlybuf4s25_1)
                                                         ro_out (net)
                      0.270273    0.001988    2.682480 ^ ro_out (out)
                                              2.682480   data arrival time

                      0.000000   10.000000   10.000000   clock null (rise edge)
                                  0.000000   10.000000   clock network delay (ideal)
                                 -0.250000    9.750000   clock uncertainty
                                  0.000000    9.750000   clock reconvergence pessimism
                                 -2.000000    7.750000   output external delay
                                              7.750000   data required time
---------------------------------------------------------------------------------------------
                                              7.750000   data required time
                                             -2.682480   data arrival time
---------------------------------------------------------------------------------------------
                                              5.067520   slack (MET)



