+ define_corners max_ff_n40C_1v95
Reading timing models for corner max_ff_n40C_1v95…
Reading cell library for the 'max_ff_n40C_1v95' corner at '/foss/pdks/sky130A/libs.ref/sky130_fd_sc_hd/lib/sky130_fd_sc_hd__ff_n40C_1v95.lib'…
Reading top-level netlist at '/foss/designs/sky130_characterization/openlane/ro_physical_top/runs/RUN_2026-07-07_10-36-36/52-openroad-fillinsertion/ro_physical_top.nl.v'…
Linking design 'ro_physical_top' from netlist…
Warning: /foss/designs/sky130_characterization/openlane/ro_physical_top/runs/RUN_2026-07-07_10-36-36/52-openroad-fillinsertion/ro_physical_top.nl.v line 15, module sky130_fd_sc_hd__fill_2 not found. Creating black box for FILLER_0_110.
Warning: /foss/designs/sky130_characterization/openlane/ro_physical_top/runs/RUN_2026-07-07_10-36-36/52-openroad-fillinsertion/ro_physical_top.nl.v line 46, module sky130_fd_sc_hd__fill_1 not found. Creating black box for FILLER_0_27.
Warning: /foss/designs/sky130_characterization/openlane/ro_physical_top/runs/RUN_2026-07-07_10-36-36/52-openroad-fillinsertion/ro_physical_top.nl.v line 1832, module sky130_fd_sc_hd__tapvpwrvgnd_1 not found. Creating black box for TAP_TAPCELL_ROW_0_56.
Reading design constraints file at '/usr/local/lib/python3.12/dist-packages/librelane/scripts/base.sdc'…
Warning: base.sdc line 15, port 'null' not found.
[INFO] Using clock null…
[INFO] Setting output delay to: 2
[INFO] Setting input delay to: 2
Warning: base.sdc line 32, port 'null' not found.
[INFO] Setting load to: 0.033442
[INFO] Setting clock uncertainty to: 0.25
[INFO] Setting clock transition to: 0.1499999999999999944488848768742172978818416595458984375
Warning: base.sdc line 69, transition time can not be specified for virtual clocks.
[INFO] Setting timing derate to: 5%
Warning: base.sdc line 79, virtual clock null can not be propagated.
Reading top-level design parasitics for the 'max_ff_n40C_1v95' corner at '/foss/designs/sky130_characterization/openlane/ro_physical_top/runs/RUN_2026-07-07_10-36-36/54-openroad-rcx/max/ro_physical_top.max.spef'…
%OL_CREATE_REPORT min.rpt

===========================================================================
report_checks -path_delay min (Hold)
============================================================================
======================= max_ff_n40C_1v95 Corner ===================================

Startpoint: enable (input port clocked by null)
Endpoint: ro_out (output port clocked by null)
Path Group: null
Path Type: min

Fanout         Cap        Slew       Delay        Time   Description
---------------------------------------------------------------------------------------------
                      0.000000    0.000000    0.000000   clock null (rise edge)
                                  0.000000    0.000000   clock network delay (ideal)
                                  2.000000    2.000000 ^ input external delay
     1    0.003655    0.016990    0.009531    2.009531 ^ enable (in)
                                                         enable (net)
                      0.016992    0.000000    2.009531 ^ input1/A (sky130_fd_sc_hd__clkdlybuf4s25_1)
     1    0.003420    0.035937    0.157075    2.166606 ^ input1/X (sky130_fd_sc_hd__clkdlybuf4s25_1)
                                                         net1 (net)
                      0.035938    0.000247    2.166852 ^ u_nand/A (sky130_fd_sc_hd__nand2_1)
     1    0.002939    0.021002    0.025976    2.192829 v u_nand/Y (sky130_fd_sc_hd__nand2_1)
                                                         n0 (net)
                      0.021013    0.000201    2.193030 v u_inv0/A (sky130_fd_sc_hd__inv_1)
     1    0.003338    0.027027    0.031977    2.225007 ^ u_inv0/Y (sky130_fd_sc_hd__inv_1)
                                                         n1 (net)
                      0.027041    0.000239    2.225246 ^ u_inv1/A (sky130_fd_sc_hd__inv_1)
     1    0.002919    0.014636    0.019689    2.244935 v u_inv1/Y (sky130_fd_sc_hd__inv_1)
                                                         n2 (net)
                      0.014647    0.000199    2.245134 v u_inv2/A (sky130_fd_sc_hd__inv_1)
     1    0.003238    0.026396    0.029249    2.274383 ^ u_inv2/Y (sky130_fd_sc_hd__inv_1)
                                                         n3 (net)
                      0.026400    0.000240    2.274623 ^ u_inv3/A (sky130_fd_sc_hd__inv_1)
     2    0.004841    0.019385    0.024503    2.299126 v u_inv3/Y (sky130_fd_sc_hd__inv_1)
                                                         n4 (net)
                      0.019387    0.000161    2.299287 v u_buf/A (sky130_fd_sc_hd__buf_2)
     1    0.002390    0.016284    0.065629    2.364916 v u_buf/X (sky130_fd_sc_hd__buf_2)
                                                         net2 (net)
                      0.016284    0.000109    2.365026 v output2/A (sky130_fd_sc_hd__clkdlybuf4s25_1)
     1    0.035716    0.182954    0.274949    2.639974 v output2/X (sky130_fd_sc_hd__clkdlybuf4s25_1)
                                                         ro_out (net)
                      0.182976    0.001986    2.641961 v ro_out (out)
                                              2.641961   data arrival time

                      0.000000    0.000000    0.000000   clock null (rise edge)
                                  0.000000    0.000000   clock network delay (ideal)
                                  0.250000    0.250000   clock uncertainty
                                  0.000000    0.250000   clock reconvergence pessimism
                                 -2.000000   -1.750000   output external delay
                                             -1.750000   data required time
---------------------------------------------------------------------------------------------
                                             -1.750000   data required time
                                             -2.641961   data arrival time
---------------------------------------------------------------------------------------------
                                              4.391961   slack (MET)



%OL_END_REPORT
%OL_CREATE_REPORT max.rpt

===========================================================================
report_checks -path_delay max (Setup)
============================================================================
======================= max_ff_n40C_1v95 Corner ===================================

Startpoint: enable (input port clocked by null)
Endpoint: ro_out (output port clocked by null)
Path Group: null
Path Type: max

Fanout         Cap        Slew       Delay        Time   Description
---------------------------------------------------------------------------------------------
                      0.000000    0.000000    0.000000   clock null (rise edge)
                                  0.000000    0.000000   clock network delay (ideal)
                                  2.000000    2.000000 v input external delay
     1    0.003429    0.005637    0.002879    2.002879 v enable (in)
                                                         enable (net)
                      0.005646    0.000000    2.002879 v input1/A (sky130_fd_sc_hd__clkdlybuf4s25_1)
     1    0.003292    0.029441    0.149618    2.152497 v input1/X (sky130_fd_sc_hd__clkdlybuf4s25_1)
                                                         net1 (net)
                      0.029441    0.000236    2.152733 v u_nand/A (sky130_fd_sc_hd__nand2_1)
     1    0.003117    0.029656    0.037901    2.190634 ^ u_nand/Y (sky130_fd_sc_hd__nand2_1)
                                                         n0 (net)
                      0.029657    0.000216    2.190850 ^ u_inv0/A (sky130_fd_sc_hd__inv_1)
     1    0.003160    0.015805    0.020778    2.211628 v u_inv0/Y (sky130_fd_sc_hd__inv_1)
                                                         n1 (net)
                      0.015810    0.000224    2.211852 v u_inv1/A (sky130_fd_sc_hd__inv_1)
     1    0.003097    0.025581    0.029059    2.240911 ^ u_inv1/Y (sky130_fd_sc_hd__inv_1)
                                                         n2 (net)
                      0.025583    0.000214    2.241125 ^ u_inv2/A (sky130_fd_sc_hd__inv_1)
     1    0.003060    0.014657    0.019825    2.260950 v u_inv2/Y (sky130_fd_sc_hd__inv_1)
                                                         n3 (net)
                      0.014663    0.000225    2.261175 v u_inv3/A (sky130_fd_sc_hd__inv_1)
     2    0.005203    0.038194    0.037851    2.299026 ^ u_inv3/Y (sky130_fd_sc_hd__inv_1)
                                                         n4 (net)
                      0.038195    0.000174    2.299201 ^ u_buf/A (sky130_fd_sc_hd__buf_2)
     1    0.002616    0.018562    0.059944    2.359144 ^ u_buf/X (sky130_fd_sc_hd__buf_2)
                                                         net2 (net)
                      0.018565    0.000120    2.359265 ^ output2/A (sky130_fd_sc_hd__clkdlybuf4s25_1)
     1    0.035716    0.270177    0.321228    2.680492 ^ output2/X (sky130_fd_sc_hd__clkdlybuf4s25_1)
                                                         ro_out (net)
                      0.270273    0.001988    2.682480 ^ ro_out (out)
                                              2.682480   data arrival time

                      0.000000   10.000000   10.000000   clock null (rise edge)
                                  0.000000   10.000000   clock network delay (ideal)
                                 -0.250000    9.750000   clock uncertainty
                                  0.000000    9.750000   clock reconvergence pessimism
                                 -2.000000    7.750000   output external delay
                                              7.750000   data required time
---------------------------------------------------------------------------------------------
                                              7.750000   data required time
                                             -2.682480   data arrival time
---------------------------------------------------------------------------------------------
                                              5.067520   slack (MET)



%OL_END_REPORT
%OL_CREATE_REPORT checks.rpt

===========================================================================
report_checks -unconstrained
===========================================================================
======================= max_ff_n40C_1v95 Corner ===================================

Startpoint: enable (input port clocked by null)
Endpoint: ro_out (output port clocked by null)
Path Group: null
Path Type: max

Fanout         Cap        Slew       Delay        Time   Description
---------------------------------------------------------------------------------------------
                      0.000000    0.000000    0.000000   clock null (rise edge)
                                  0.000000    0.000000   clock network delay (ideal)
                                  2.000000    2.000000 v input external delay
     1    0.003429    0.005637    0.002879    2.002879 v enable (in)
                                                         enable (net)
                      0.005646    0.000000    2.002879 v input1/A (sky130_fd_sc_hd__clkdlybuf4s25_1)
     1    0.003292    0.029441    0.149618    2.152497 v input1/X (sky130_fd_sc_hd__clkdlybuf4s25_1)
                                                         net1 (net)
                      0.029441    0.000236    2.152733 v u_nand/A (sky130_fd_sc_hd__nand2_1)
     1    0.003117    0.029656    0.037901    2.190634 ^ u_nand/Y (sky130_fd_sc_hd__nand2_1)
                                                         n0 (net)
                      0.029657    0.000216    2.190850 ^ u_inv0/A (sky130_fd_sc_hd__inv_1)
     1    0.003160    0.015805    0.020778    2.211628 v u_inv0/Y (sky130_fd_sc_hd__inv_1)
                                                         n1 (net)
                      0.015810    0.000224    2.211852 v u_inv1/A (sky130_fd_sc_hd__inv_1)
     1    0.003097    0.025581    0.029059    2.240911 ^ u_inv1/Y (sky130_fd_sc_hd__inv_1)
                                                         n2 (net)
                      0.025583    0.000214    2.241125 ^ u_inv2/A (sky130_fd_sc_hd__inv_1)
     1    0.003060    0.014657    0.019825    2.260950 v u_inv2/Y (sky130_fd_sc_hd__inv_1)
                                                         n3 (net)
                      0.014663    0.000225    2.261175 v u_inv3/A (sky130_fd_sc_hd__inv_1)
     2    0.005203    0.038194    0.037851    2.299026 ^ u_inv3/Y (sky130_fd_sc_hd__inv_1)
                                                         n4 (net)
                      0.038195    0.000174    2.299201 ^ u_buf/A (sky130_fd_sc_hd__buf_2)
     1    0.002616    0.018562    0.059944    2.359144 ^ u_buf/X (sky130_fd_sc_hd__buf_2)
                                                         net2 (net)
                      0.018565    0.000120    2.359265 ^ output2/A (sky130_fd_sc_hd__clkdlybuf4s25_1)
     1    0.035716    0.270177    0.321228    2.680492 ^ output2/X (sky130_fd_sc_hd__clkdlybuf4s25_1)
                                                         ro_out (net)
                      0.270273    0.001988    2.682480 ^ ro_out (out)
                                              2.682480   data arrival time

                      0.000000   10.000000   10.000000   clock null (rise edge)
                                  0.000000   10.000000   clock network delay (ideal)
                                 -0.250000    9.750000   clock uncertainty
                                  0.000000    9.750000   clock reconvergence pessimism
                                 -2.000000    7.750000   output external delay
                                              7.750000   data required time
---------------------------------------------------------------------------------------------
                                              7.750000   data required time
                                             -2.682480   data arrival time
---------------------------------------------------------------------------------------------
                                              5.067520   slack (MET)




===========================================================================
report_checks --slack_max -0.01
============================================================================
======================= max_ff_n40C_1v95 Corner ===================================

No paths found.


===========================================================================
 report_check_types -max_slew -max_cap -max_fanout -violators
============================================================================
======================= max_ff_n40C_1v95 Corner ===================================



===========================================================================
report_parasitic_annotation -report_unannotated
============================================================================
Found 0 unannotated drivers.
Found 0 partially unannotated drivers.

===========================================================================
max slew violation count 0
%OL_METRIC_I design__max_slew_violation__count__corner:max_ff_n40C_1v95 0
max fanout violation count 0
%OL_METRIC_I design__max_fanout_violation__count__corner:max_ff_n40C_1v95 0
max cap violation count 0
%OL_METRIC_I design__max_cap_violation__count__corner:max_ff_n40C_1v95 0
============================================================================

===========================================================================
check_setup -verbose -unconstrained_endpoints -multiple_clock -no_clock -no_input_delay -loops -generated_clocks
===========================================================================
Warning: There is 1 combinational loop in the design.
  u_nand/Y
  u_inv0/A
  u_inv0/Y
  u_inv1/A
  u_inv1/Y
  u_inv2/A
  u_inv2/Y
  u_inv3/A
  u_inv3/Y
  u_nand/B
  | loop cut point
  u_nand/Y
  --------------------------------
%OL_END_REPORT
%OL_CREATE_REPORT power.rpt

===========================================================================
 report_power
============================================================================
======================= max_ff_n40C_1v95 Corner ===================================

Group                    Internal    Switching      Leakage        Total
                            Power        Power        Power        Power (Watts)
------------------------------------------------------------------------
Sequential           0.000000e+00 0.000000e+00 0.000000e+00 0.000000e+00   0.0%
Combinational        3.137356e-07 6.502093e-08 3.978904e-11 3.787963e-07  98.3%
Clock                0.000000e+00 0.000000e+00 6.551566e-09 6.551566e-09   1.7%
Macro                0.000000e+00 0.000000e+00 0.000000e+00 0.000000e+00   0.0%
Pad                  0.000000e+00 0.000000e+00 0.000000e+00 0.000000e+00   0.0%
------------------------------------------------------------------------
Total                3.137356e-07 6.502093e-08 6.591355e-09 3.853479e-07 100.0%
                            81.4%        16.9%         1.7%
%OL_METRIC_F power__internal__total 3.1373556907965394e-7
%OL_METRIC_F power__switching__total 6.502093441440593e-8
%OL_METRIC_F power__leakage__total 6.591354573259878e-9
%OL_METRIC_F power__total 3.853478744986205e-7

%OL_END_REPORT
%OL_CREATE_REPORT skew.min.rpt

===========================================================================
Clock Skew (Hold)
============================================================================
%OL_METRIC_F clock__skew__worst_hold__corner:max_ff_n40C_1v95 0.0
======================= max_ff_n40C_1v95 Corner ===================================

Clock null
No launch/capture paths found.

%OL_END_REPORT
%OL_CREATE_REPORT skew.max.rpt

===========================================================================
Clock Skew (Setup)
============================================================================
%OL_METRIC_F clock__skew__worst_setup__corner:max_ff_n40C_1v95 0.0
======================= max_ff_n40C_1v95 Corner ===================================

Clock null
No launch/capture paths found.

%OL_END_REPORT
%OL_CREATE_REPORT ws.min.rpt

===========================================================================
Worst Slack (Hold)
============================================================================
%OL_METRIC_F timing__hold__ws__corner:max_ff_n40C_1v95 4.391960697215638
max_ff_n40C_1v95: 4.391960697215638
%OL_END_REPORT
%OL_CREATE_REPORT ws.max.rpt

===========================================================================
Worst Slack (Setup)
============================================================================
%OL_METRIC_F timing__setup__ws__corner:max_ff_n40C_1v95 5.067519880486708
max_ff_n40C_1v95: 5.067519880486708
%OL_END_REPORT
%OL_CREATE_REPORT tns.min.rpt

===========================================================================
Total Negative Slack (Hold)
============================================================================
%OL_METRIC_F timing__hold__tns__corner:max_ff_n40C_1v95 0.0
max_ff_n40C_1v95: 0.0
%OL_END_REPORT
%OL_CREATE_REPORT tns.max.rpt

===========================================================================
Total Negative Slack (Setup)
============================================================================
%OL_METRIC_F timing__setup__tns__corner:max_ff_n40C_1v95 0.0
max_ff_n40C_1v95: 0.0
%OL_END_REPORT
%OL_CREATE_REPORT wns.min.rpt

===========================================================================
Worst Negative Slack (Hold)
============================================================================
%OL_METRIC_F timing__hold__wns__corner:max_ff_n40C_1v95 0
max_ff_n40C_1v95: 0
%OL_END_REPORT
%OL_CREATE_REPORT wns.max.rpt

===========================================================================
Worst Negative Slack (Setup)
============================================================================
%OL_METRIC_F timing__setup__wns__corner:max_ff_n40C_1v95 0.0
max_ff_n40C_1v95: 0.0
%OL_END_REPORT
%OL_CREATE_REPORT violator_list.rpt

===========================================================================
Violator List
============================================================================
%OL_METRIC_I timing__hold_vio__count__corner:max_ff_n40C_1v95 0
%OL_METRIC_F timing__hold_r2r__ws__corner:max_ff_n40C_1v95 inf
%OL_METRIC_I timing__hold_r2r_vio__count__corner:max_ff_n40C_1v95 0
%OL_METRIC_I timing__setup_vio__count__corner:max_ff_n40C_1v95 0
%OL_METRIC_F timing__setup_r2r__ws__corner:max_ff_n40C_1v95 inf
%OL_METRIC_I timing__setup_r2r_vio__count__corner:max_ff_n40C_1v95 0
%OL_END_REPORT
%OL_CREATE_REPORT unpropagated.rpt
null
%OL_END_REPORT
%OL_CREATE_REPORT clock.rpt
Clock: null
Sources: 
Generated: no
Virtual: yes
Propagated: no
Period: 10.000000

===========================================================================
report_clock_properties
============================================================================
Clock                   Period          Waveform
----------------------------------------------------
null                 10.000000    0.000000  5.000000

===========================================================================
report_clock_latency
============================================================================
Clock null


===========================================================================
report_clock_min_period
============================================================================
null period_min = 0.00 fmax = inf
%OL_END_REPORT
Writing SDF files for all corners…
Removing Clock latencies before writing libs…
Writing timing models for all corners…
Writing timing models for the max_ff_n40C_1v95 corner to /foss/designs/sky130_characterization/openlane/ro_physical_top/runs/RUN_2026-07-07_10-36-36/55-openroad-stapostpnr/max_ff_n40C_1v95/ro_physical_top__max_ff_n40C_1v95.lib…
