                                                                        Cells by Master                                                                         
┏━━━━━━━━━━━━━━━━━━━━━━━━━━━━━━━━━━━━━━━━━━━━━━━━━━━━━━━━━━━━━━━━━━━━━━━━━━━━━━━━━━━━━━━━━━━━━━━━━━━━━━━━━━━━━━━━━━━━━━━━┳━━━━━━━━━━━━━━━━━━━━━━━━━━━━━━━━━━━━━┓
┃ Cell                                                                                                                   ┃ Count                               ┃
┡━━━━━━━━━━━━━━━━━━━━━━━━━━━━━━━━━━━━━━━━━━━━━━━━━━━━━━━━━━━━━━━━━━━━━━━━━━━━━━━━━━━━━━━━━━━━━━━━━━━━━━━━━━━━━━━━━━━━━━━━╇━━━━━━━━━━━━━━━━━━━━━━━━━━━━━━━━━━━━━┩
│ sg13g2_a21o_1                                                                                                          │ 13                                  │
│ sg13g2_a21oi_1                                                                                                         │ 39                                  │
│ sg13g2_a221oi_1                                                                                                        │ 4                                   │
│ sg13g2_a22oi_1                                                                                                         │ 71                                  │
│ sg13g2_and2_1                                                                                                          │ 21                                  │
│ sg13g2_and3_1                                                                                                          │ 6                                   │
│ sg13g2_and4_1                                                                                                          │ 3                                   │
│ sg13g2_antennanp                                                                                                       │ 3                                   │
│ sg13g2_buf_1                                                                                                           │ 209                                 │
│ sg13g2_buf_16                                                                                                          │ 5                                   │
│ sg13g2_buf_8                                                                                                           │ 24                                  │
│ sg13g2_decap_4                                                                                                         │ 418                                 │
│ sg13g2_decap_8                                                                                                         │ 15160                               │
│ sg13g2_dfrbpq_1                                                                                                        │ 270                                 │
│ sg13g2_dlygate4sd3_1                                                                                                   │ 413                                 │
│ sg13g2_fill_1                                                                                                          │ 511                                 │
│ sg13g2_fill_2                                                                                                          │ 489                                 │
│ sg13g2_inv_1                                                                                                           │ 369                                 │
│ sg13g2_inv_2                                                                                                           │ 6                                   │
│ sg13g2_inv_4                                                                                                           │ 1                                   │
│ sg13g2_inv_8                                                                                                           │ 4                                   │
│ sg13g2_mux2_1                                                                                                          │ 74                                  │
│ sg13g2_nand2_1                                                                                                         │ 110                                 │
│ sg13g2_nand2b_1                                                                                                        │ 9                                   │
│ sg13g2_nand3_1                                                                                                         │ 19                                  │
│ sg13g2_nand3b_1                                                                                                        │ 8                                   │
│ sg13g2_nand4_1                                                                                                         │ 10                                  │
│ sg13g2_nor2_1                                                                                                          │ 24                                  │
│ sg13g2_nor2b_1                                                                                                         │ 11                                  │
│ sg13g2_nor3_1                                                                                                          │ 23                                  │
│ sg13g2_nor4_1                                                                                                          │ 10                                  │
│ sg13g2_o21ai_1                                                                                                         │ 101                                 │
│ sg13g2_or2_1                                                                                                           │ 9                                   │
│ sg13g2_or3_1                                                                                                           │ 2                                   │
│ sg13g2_or4_1                                                                                                           │ 4                                   │
│ sg13g2_tielo                                                                                                           │ 2                                   │
│ sg13g2_xnor2_1                                                                                                         │ 9                                   │
│ sg13g2_xor2_1                                                                                                          │ 1                                   │
└────────────────────────────────────────────────────────────────────────────────────────────────────────────────────────┴─────────────────────────────────────┘
