2026-06-19 09:35:30 +0200: Memory Usage (445196K) : Starting running IHP-SG13G2 KLayout DRC runset on /foss/designs/sky130_characterization/openlane/characterization_top/runs/RUN_2026-06-19_09-25-21/58-klayout-streamout/characterization_top.gds
2026-06-19 09:35:30 +0200: Memory Usage (445196K) : Ruby Version for klayout: 3.2.3
2026-06-19 09:35:30 +0200: Memory Usage (447420K) : Loading database to memory is complete.
2026-06-19 09:35:30 +0200: Memory Usage (447420K) : IHP-SG13G2 KLayout DRC runset output at: /foss/designs/sky130_characterization/openlane/characterization_top/runs/RUN_2026-06-19_09-25-21/65-klayout-drc/reports/drc.klayout.lyrdb
2026-06-19 09:35:30 +0200: Memory Usage (447420K) : Evaluate switches.
2026-06-19 09:35:30 +0200: Memory Usage (447420K) : tables selected: main
2026-06-19 09:35:30 +0200: Memory Usage (447420K) : KLayout will use 22 thread(s) in tiling mode.
2026-06-19 09:35:30 +0200: Memory Usage (447420K) : deep mode is enabled.
2026-06-19 09:35:30 +0200: Memory Usage (447420K) : FEOL enabled: true
2026-06-19 09:35:30 +0200: Memory Usage (447420K) : BEOL enabled: true
2026-06-19 09:35:30 +0200: Memory Usage (447420K) : OFFGRID enabled: true
2026-06-19 09:35:30 +0200: Memory Usage (447420K) : ANGLE enabled: true
2026-06-19 09:35:30 +0200: Memory Usage (447420K) : PIN enabled: true
2026-06-19 09:35:30 +0200: Memory Usage (447420K) : FORBIDDEN enabled: true
2026-06-19 09:35:30 +0200: Memory Usage (447420K) : RECOMMENDED enabled: false
2026-06-19 09:35:30 +0200: Memory Usage (447420K) : PreCheck DRC enabled: false
2026-06-19 09:35:30 +0200: Memory Usage (447420K) : CONNECTIVITY_RULES enabled: true.
2026-06-19 09:35:30 +0200: Memory Usage (447420K) : Read in polygons from layers.
2026-06-19 09:35:30 +0200: Memory Usage (450036K) : activ_drw has 76953 polygons
2026-06-19 09:35:30 +0200: Memory Usage (450036K) : activ_pin has 0 polygons
2026-06-19 09:35:30 +0200: Memory Usage (450036K) : activ_mask has 0 polygons
2026-06-19 09:35:30 +0200: Memory Usage (450036K) : activ_filler has 0 polygons
2026-06-19 09:35:30 +0200: Memory Usage (450036K) : activ_nofill has 0 polygons
2026-06-19 09:35:30 +0200: Memory Usage (450036K) : activ_opc has 0 polygons
2026-06-19 09:35:30 +0200: Memory Usage (450036K) : activ_iopc has 0 polygons
2026-06-19 09:35:30 +0200: Memory Usage (450036K) : activ_noqrc has 0 polygons
2026-06-19 09:35:30 +0200: Memory Usage (450036K) : biwind_drw has 0 polygons
2026-06-19 09:35:30 +0200: Memory Usage (450036K) : biwind_opc has 0 polygons
2026-06-19 09:35:30 +0200: Memory Usage (450036K) : pemwind_drw has 0 polygons
2026-06-19 09:35:30 +0200: Memory Usage (450564K) : gatpoly_drw has 60756 polygons
2026-06-19 09:35:30 +0200: Memory Usage (450564K) : gatpoly_pin has 0 polygons
2026-06-19 09:35:30 +0200: Memory Usage (450564K) : gatpoly_filler has 0 polygons
2026-06-19 09:35:30 +0200: Memory Usage (450564K) : gatpoly_nofill has 0 polygons
2026-06-19 09:35:30 +0200: Memory Usage (450564K) : gatpoly_opc has 0 polygons
2026-06-19 09:35:30 +0200: Memory Usage (450564K) : gatpoly_iopc has 0 polygons
2026-06-19 09:35:30 +0200: Memory Usage (450564K) : gatpoly_noqrc has 0 polygons
2026-06-19 09:35:30 +0200: Memory Usage (450740K) : cont_drw has 563589 polygons
2026-06-19 09:35:30 +0200: Memory Usage (450740K) : cont_opc has 0 polygons
2026-06-19 09:35:30 +0200: Memory Usage (450740K) : nsd_drw has 0 polygons
2026-06-19 09:35:30 +0200: Memory Usage (450740K) : nsd_block has 0 polygons
2026-06-19 09:35:30 +0200: Memory Usage (451268K) : metal1_drw has 80109 polygons
2026-06-19 09:35:30 +0200: Memory Usage (451268K) : metal1_pin has 42522 polygons
2026-06-19 09:35:30 +0200: Memory Usage (451268K) : metal1_mask has 0 polygons
2026-06-19 09:35:30 +0200: Memory Usage (451268K) : metal1_filler has 0 polygons
2026-06-19 09:35:30 +0200: Memory Usage (451268K) : metal1_nofill has 0 polygons
2026-06-19 09:35:30 +0200: Memory Usage (451268K) : metal1_slit has 0 polygons
2026-06-19 09:35:30 +0200: Memory Usage (451824K) : metal1_text has 42313 polygons
2026-06-19 09:35:30 +0200: Memory Usage (451824K) : metal1_opc has 0 polygons
2026-06-19 09:35:30 +0200: Memory Usage (451824K) : metal1_noqrc has 0 polygons
2026-06-19 09:35:30 +0200: Memory Usage (451824K) : metal1_res has 0 polygons
2026-06-19 09:35:30 +0200: Memory Usage (451824K) : metal1_iprobe has 0 polygons
2026-06-19 09:35:30 +0200: Memory Usage (451824K) : metal1_diffprb has 0 polygons
2026-06-19 09:35:30 +0200: Memory Usage (451824K) : passiv_drw has 0 polygons
2026-06-19 09:35:30 +0200: Memory Usage (451824K) : passiv_pin has 0 polygons
2026-06-19 09:35:30 +0200: Memory Usage (451824K) : passiv_sbump has 0 polygons
2026-06-19 09:35:30 +0200: Memory Usage (452000K) : passiv_pillar has 0 polygons
2026-06-19 09:35:30 +0200: Memory Usage (452000K) : passiv_pdl has 0 polygons
2026-06-19 09:35:31 +0200: Memory Usage (452704K) : metal2_drw has 19713 polygons
2026-06-19 09:35:31 +0200: Memory Usage (452704K) : metal2_pin has 46 polygons
2026-06-19 09:35:31 +0200: Memory Usage (452704K) : metal2_mask has 0 polygons
2026-06-19 09:35:31 +0200: Memory Usage (452704K) : metal2_filler has 0 polygons
2026-06-19 09:35:31 +0200: Memory Usage (452704K) : metal2_nofill has 0 polygons
2026-06-19 09:35:31 +0200: Memory Usage (452704K) : metal2_slit has 0 polygons
2026-06-19 09:35:31 +0200: Memory Usage (452704K) : metal2_text has 46 polygons
2026-06-19 09:35:31 +0200: Memory Usage (452704K) : metal2_opc has 0 polygons
2026-06-19 09:35:31 +0200: Memory Usage (452704K) : metal2_noqrc has 0 polygons
2026-06-19 09:35:31 +0200: Memory Usage (452704K) : metal2_res has 0 polygons
2026-06-19 09:35:31 +0200: Memory Usage (452704K) : metal2_iprobe has 0 polygons
2026-06-19 09:35:31 +0200: Memory Usage (452704K) : metal2_diffprb has 0 polygons
2026-06-19 09:35:31 +0200: Memory Usage (452704K) : baspoly_drw has 0 polygons
2026-06-19 09:35:31 +0200: Memory Usage (452704K) : baspoly_pin has 0 polygons
2026-06-19 09:35:31 +0200: Memory Usage (452704K) : psd_drw has 36955 polygons
2026-06-19 09:35:31 +0200: Memory Usage (452704K) : nldb_drw has 0 polygons
2026-06-19 09:35:31 +0200: Memory Usage (452704K) : digibnd_drw has 0 polygons
2026-06-19 09:35:31 +0200: Memory Usage (452704K) : via1_drw has 9817 polygons
2026-06-19 09:35:31 +0200: Memory Usage (452704K) : backmetal1_drw has 0 polygons
2026-06-19 09:35:31 +0200: Memory Usage (452704K) : backmetal1_pin has 0 polygons
2026-06-19 09:35:31 +0200: Memory Usage (452704K) : backmetal1_mask has 0 polygons
2026-06-19 09:35:31 +0200: Memory Usage (452704K) : backmetal1_filler has 0 polygons
2026-06-19 09:35:31 +0200: Memory Usage (452704K) : backmetal1_nofill has 0 polygons
2026-06-19 09:35:31 +0200: Memory Usage (452704K) : backmetal1_slit has 0 polygons
2026-06-19 09:35:31 +0200: Memory Usage (452704K) : backmetal1_text has 0 polygons
2026-06-19 09:35:31 +0200: Memory Usage (452704K) : backmetal1_opc has 0 polygons
2026-06-19 09:35:31 +0200: Memory Usage (452704K) : backmetal1_noqrc has 0 polygons
2026-06-19 09:35:31 +0200: Memory Usage (452704K) : backmetal1_res has 0 polygons
2026-06-19 09:35:31 +0200: Memory Usage (452704K) : backmetal1_iprobe has 0 polygons
2026-06-19 09:35:31 +0200: Memory Usage (452704K) : backmetal1_diffprb has 0 polygons
2026-06-19 09:35:31 +0200: Memory Usage (452704K) : backpassiv_drw has 0 polygons
2026-06-19 09:35:31 +0200: Memory Usage (452704K) : res_drw has 0 polygons
2026-06-19 09:35:31 +0200: Memory Usage (452704K) : sram_drw has 0 polygons
2026-06-19 09:35:31 +0200: Memory Usage (452704K) : trans_drw has 0 polygons
2026-06-19 09:35:31 +0200: Memory Usage (452704K) : ind_drw has 0 polygons
2026-06-19 09:35:31 +0200: Memory Usage (452704K) : ind_pin has 0 polygons
2026-06-19 09:35:31 +0200: Memory Usage (452704K) : ind_text has 0 polygons
2026-06-19 09:35:31 +0200: Memory Usage (452704K) : salblock_drw has 0 polygons
2026-06-19 09:35:31 +0200: Memory Usage (452704K) : via2_drw has 8593 polygons
2026-06-19 09:35:31 +0200: Memory Usage (452704K) : metal3_drw has 8949 polygons
2026-06-19 09:35:31 +0200: Memory Usage (452704K) : metal3_pin has 58 polygons
2026-06-19 09:35:31 +0200: Memory Usage (452704K) : metal3_mask has 0 polygons
2026-06-19 09:35:31 +0200: Memory Usage (452704K) : metal3_filler has 0 polygons
2026-06-19 09:35:31 +0200: Memory Usage (452704K) : metal3_nofill has 0 polygons
2026-06-19 09:35:31 +0200: Memory Usage (452704K) : metal3_slit has 0 polygons
2026-06-19 09:35:31 +0200: Memory Usage (452704K) : metal3_text has 58 polygons
2026-06-19 09:35:31 +0200: Memory Usage (452704K) : metal3_opc has 0 polygons
2026-06-19 09:35:31 +0200: Memory Usage (452704K) : metal3_noqrc has 0 polygons
2026-06-19 09:35:31 +0200: Memory Usage (452704K) : metal3_res has 0 polygons
2026-06-19 09:35:31 +0200: Memory Usage (452704K) : metal3_iprobe has 0 polygons
2026-06-19 09:35:31 +0200: Memory Usage (452704K) : metal3_diffprb has 0 polygons
2026-06-19 09:35:31 +0200: Memory Usage (452704K) : nwell_drw has 18465 polygons
2026-06-19 09:35:31 +0200: Memory Usage (452704K) : nwell_pin has 0 polygons
2026-06-19 09:35:31 +0200: Memory Usage (452704K) : nbulay_drw has 0 polygons
2026-06-19 09:35:31 +0200: Memory Usage (452704K) : nbulay_pin has 0 polygons
2026-06-19 09:35:31 +0200: Memory Usage (452704K) : nbulay_block has 0 polygons
2026-06-19 09:35:31 +0200: Memory Usage (452704K) : emwind_drw has 0 polygons
2026-06-19 09:35:31 +0200: Memory Usage (452704K) : emwind_opc has 0 polygons
2026-06-19 09:35:31 +0200: Memory Usage (452704K) : deepco_drw has 0 polygons
2026-06-19 09:35:31 +0200: Memory Usage (452704K) : deepco_drw has 0 polygons
2026-06-19 09:35:31 +0200: Memory Usage (452704K) : mim_drw has 0 polygons
2026-06-19 09:35:31 +0200: Memory Usage (452704K) : edgeseal_drw has 0 polygons
2026-06-19 09:35:31 +0200: Memory Usage (452704K) : edgeseal_bound has 0 polygons
2026-06-19 09:35:31 +0200: Memory Usage (452704K) : substrate_drw has 0 polygons
2026-06-19 09:35:31 +0200: Memory Usage (452704K) : substrate_text has 0 polygons
2026-06-19 09:35:31 +0200: Memory Usage (452704K) : dfpad_drw has 0 polygons
2026-06-19 09:35:31 +0200: Memory Usage (452704K) : dfpad_pillar has 0 polygons
2026-06-19 09:35:31 +0200: Memory Usage (452704K) : dfpad_sbump has 0 polygons
2026-06-19 09:35:31 +0200: Memory Usage (452880K) : thickgateox_drw has 0 polygons
2026-06-19 09:35:31 +0200: Memory Usage (452880K) : pldb_drw has 0 polygons
2026-06-19 09:35:31 +0200: Memory Usage (452880K) : pwell_drw has 0 polygons
2026-06-19 09:35:31 +0200: Memory Usage (452880K) : pwell_pin has 0 polygons
2026-06-19 09:35:31 +0200: Memory Usage (453056K) : pwell_block has 0 polygons
2026-06-19 09:35:31 +0200: Memory Usage (453056K) : ic_drw has 0 polygons
2026-06-19 09:35:31 +0200: Memory Usage (453408K) : via3_drw has 4431 polygons
2026-06-19 09:35:31 +0200: Memory Usage (453408K) : metal4_drw has 1835 polygons
2026-06-19 09:35:31 +0200: Memory Usage (453408K) : metal4_pin has 0 polygons
2026-06-19 09:35:31 +0200: Memory Usage (453408K) : metal4_mask has 0 polygons
2026-06-19 09:35:31 +0200: Memory Usage (453408K) : metal4_filler has 0 polygons
2026-06-19 09:35:31 +0200: Memory Usage (453408K) : metal4_nofill has 0 polygons
2026-06-19 09:35:31 +0200: Memory Usage (453408K) : metal4_slit has 0 polygons
2026-06-19 09:35:31 +0200: Memory Usage (453408K) : metal4_text has 0 polygons
2026-06-19 09:35:31 +0200: Memory Usage (453408K) : metal4_opc has 0 polygons
2026-06-19 09:35:31 +0200: Memory Usage (453408K) : metal4_noqrc has 0 polygons
2026-06-19 09:35:31 +0200: Memory Usage (453408K) : metal4_res has 0 polygons
2026-06-19 09:35:31 +0200: Memory Usage (453408K) : metal4_iprobe has 0 polygons
2026-06-19 09:35:31 +0200: Memory Usage (453408K) : metal4_diffprb has 0 polygons
2026-06-19 09:35:31 +0200: Memory Usage (453408K) : heattrans_drw has 0 polygons
2026-06-19 09:35:31 +0200: Memory Usage (453408K) : heatres_drw has 0 polygons
2026-06-19 09:35:31 +0200: Memory Usage (453408K) : pempoly_drw has 0 polygons
2026-06-19 09:35:31 +0200: Memory Usage (453408K) : fbe_drw has 0 polygons
2026-06-19 09:35:31 +0200: Memory Usage (453408K) : empoly_drw has 0 polygons
2026-06-19 09:35:31 +0200: Memory Usage (453408K) : ldmos_drw has 0 polygons
2026-06-19 09:35:31 +0200: Memory Usage (453408K) : pbiwind_drw has 0 polygons
2026-06-19 09:35:31 +0200: Memory Usage (453408K) : digisub_drw has 0 polygons
2026-06-19 09:35:31 +0200: Memory Usage (453408K) : nodrc_drw has 0 polygons
2026-06-19 09:35:31 +0200: Memory Usage (453408K) : text_drw has 6 polygons
2026-06-19 09:35:31 +0200: Memory Usage (453408K) : via4_drw has 4375 polygons
2026-06-19 09:35:31 +0200: Memory Usage (453408K) : metal5_drw has 2625 polygons
2026-06-19 09:35:31 +0200: Memory Usage (453408K) : metal5_pin has 0 polygons
2026-06-19 09:35:31 +0200: Memory Usage (453408K) : metal5_mask has 0 polygons
2026-06-19 09:35:31 +0200: Memory Usage (453408K) : metal5_filler has 0 polygons
2026-06-19 09:35:31 +0200: Memory Usage (453408K) : metal5_nofill has 0 polygons
2026-06-19 09:35:31 +0200: Memory Usage (453408K) : metal5_slit has 0 polygons
2026-06-19 09:35:31 +0200: Memory Usage (453408K) : metal5_text has 0 polygons
2026-06-19 09:35:31 +0200: Memory Usage (453408K) : metal5_opc has 0 polygons
2026-06-19 09:35:31 +0200: Memory Usage (453408K) : metal5_noqrc has 0 polygons
2026-06-19 09:35:31 +0200: Memory Usage (453408K) : metal5_res has 0 polygons
2026-06-19 09:35:31 +0200: Memory Usage (453408K) : metal5_iprobe has 0 polygons
2026-06-19 09:35:31 +0200: Memory Usage (453408K) : metal5_diffprb has 0 polygons
2026-06-19 09:35:31 +0200: Memory Usage (453408K) : radhard_drw has 0 polygons
2026-06-19 09:35:31 +0200: Memory Usage (453408K) : memcap_drw has 0 polygons
2026-06-19 09:35:31 +0200: Memory Usage (453408K) : varicap_drw has 0 polygons
2026-06-19 09:35:31 +0200: Memory Usage (453408K) : flash_drw has 0 polygons
2026-06-19 09:35:31 +0200: Memory Usage (453408K) : intbondvia_drw has 0 polygons
2026-06-19 09:35:31 +0200: Memory Usage (453408K) : intbondmet_drw has 0 polygons
2026-06-19 09:35:31 +0200: Memory Usage (453408K) : devbondvia_drw has 0 polygons
2026-06-19 09:35:31 +0200: Memory Usage (453408K) : devbondmet_drw has 0 polygons
2026-06-19 09:35:31 +0200: Memory Usage (453408K) : devtrench_drw has 0 polygons
2026-06-19 09:35:31 +0200: Memory Usage (453408K) : redist_drw has 0 polygons
2026-06-19 09:35:31 +0200: Memory Usage (453408K) : graphbot_drw has 0 polygons
2026-06-19 09:35:31 +0200: Memory Usage (453408K) : graphtop_drw has 0 polygons
2026-06-19 09:35:31 +0200: Memory Usage (453408K) : antvia1_drw has 0 polygons
2026-06-19 09:35:31 +0200: Memory Usage (453408K) : antmetal2_drw has 0 polygons
2026-06-19 09:35:31 +0200: Memory Usage (453408K) : graphcont_drw has 0 polygons
2026-06-19 09:35:31 +0200: Memory Usage (453408K) : siwg_drw has 0 polygons
2026-06-19 09:35:31 +0200: Memory Usage (453408K) : siwg_filler has 0 polygons
2026-06-19 09:35:31 +0200: Memory Usage (453408K) : siwg_nofill has 0 polygons
2026-06-19 09:35:31 +0200: Memory Usage (453408K) : sigrating_drw has 0 polygons
2026-06-19 09:35:31 +0200: Memory Usage (453408K) : singrating_drw has 0 polygons
2026-06-19 09:35:31 +0200: Memory Usage (453408K) : graphpas_drw has 0 polygons
2026-06-19 09:35:31 +0200: Memory Usage (453408K) : emwind3_drw has 0 polygons
2026-06-19 09:35:31 +0200: Memory Usage (453408K) : emwihv3_drw has 0 polygons
2026-06-19 09:35:31 +0200: Memory Usage (453408K) : redbulay_drw has 0 polygons
2026-06-19 09:35:31 +0200: Memory Usage (453408K) : smos_drw has 0 polygons
2026-06-19 09:35:31 +0200: Memory Usage (453408K) : graphpad_drw has 0 polygons
2026-06-19 09:35:31 +0200: Memory Usage (453408K) : polimide_drw has 0 polygons
2026-06-19 09:35:31 +0200: Memory Usage (453408K) : polimide_pin has 0 polygons
2026-06-19 09:35:31 +0200: Memory Usage (453408K) : recog_drw has 0 polygons
2026-06-19 09:35:31 +0200: Memory Usage (453408K) : recog_pin has 0 polygons
2026-06-19 09:35:31 +0200: Memory Usage (453408K) : recog_esd has 0 polygons
2026-06-19 09:35:31 +0200: Memory Usage (453408K) : recog_diode has 6 polygons
2026-06-19 09:35:31 +0200: Memory Usage (453408K) : recog_tsv has 0 polygons
2026-06-19 09:35:31 +0200: Memory Usage (453408K) : recog_iprobe has 0 polygons
2026-06-19 09:35:31 +0200: Memory Usage (453408K) : recog_diffprb has 0 polygons
2026-06-19 09:35:31 +0200: Memory Usage (453408K) : recog_pillar has 0 polygons
2026-06-19 09:35:31 +0200: Memory Usage (453408K) : recog_sbump has 0 polygons
2026-06-19 09:35:31 +0200: Memory Usage (453408K) : recog_otp has 0 polygons
2026-06-19 09:35:31 +0200: Memory Usage (453408K) : recog_pdiode has 0 polygons
2026-06-19 09:35:31 +0200: Memory Usage (453408K) : recog_mom has 0 polygons
2026-06-19 09:35:31 +0200: Memory Usage (453408K) : recog_pcm has 0 polygons
2026-06-19 09:35:31 +0200: Memory Usage (453408K) : colopen_drw has 0 polygons
2026-06-19 09:35:31 +0200: Memory Usage (453408K) : graphmetal1_drw has 0 polygons
2026-06-19 09:35:31 +0200: Memory Usage (453408K) : graphmetal1_filler has 0 polygons
2026-06-19 09:35:31 +0200: Memory Usage (453408K) : graphmetal1_nofill has 0 polygons
2026-06-19 09:35:31 +0200: Memory Usage (453408K) : graphmetal1_slit has 0 polygons
2026-06-19 09:35:31 +0200: Memory Usage (453408K) : graphmetal1_opc has 0 polygons
2026-06-19 09:35:31 +0200: Memory Usage (453408K) : graphmet1l_drw has 0 polygons
2026-06-19 09:35:31 +0200: Memory Usage (453408K) : graphmet1l_filler has 0 polygons
2026-06-19 09:35:31 +0200: Memory Usage (453408K) : graphmet1l_nofill has 0 polygons
2026-06-19 09:35:31 +0200: Memory Usage (453408K) : graphmet1l_slit has 0 polygons
2026-06-19 09:35:31 +0200: Memory Usage (453408K) : graphmet1l_opc has 0 polygons
2026-06-19 09:35:31 +0200: Memory Usage (453408K) : extblock_drw has 0 polygons
2026-06-19 09:35:31 +0200: Memory Usage (453408K) : nldd_drw has 0 polygons
2026-06-19 09:35:31 +0200: Memory Usage (453408K) : pldd_drw has 0 polygons
2026-06-19 09:35:31 +0200: Memory Usage (453408K) : next_drw has 0 polygons
2026-06-19 09:35:31 +0200: Memory Usage (453584K) : pext_drw has 0 polygons
2026-06-19 09:35:31 +0200: Memory Usage (453584K) : nexthv_drw has 0 polygons
2026-06-19 09:35:32 +0200: Memory Usage (453584K) : pexthv_drw has 0 polygons
2026-06-19 09:35:32 +0200: Memory Usage (453760K) : graphgate_drw has 0 polygons
2026-06-19 09:35:32 +0200: Memory Usage (453760K) : sinwg_drw has 0 polygons
2026-06-19 09:35:32 +0200: Memory Usage (453760K) : sinwg_filler has 0 polygons
2026-06-19 09:35:32 +0200: Memory Usage (453936K) : sinwg_nofill has 0 polygons
2026-06-19 09:35:32 +0200: Memory Usage (453936K) : mempad_drw has 0 polygons
2026-06-19 09:35:32 +0200: Memory Usage (454288K) : topvia1_drw has 1750 polygons
2026-06-19 09:35:32 +0200: Memory Usage (454464K) : topmetal1_drw has 994 polygons
2026-06-19 09:35:32 +0200: Memory Usage (454464K) : topmetal1_pin has 14 polygons
2026-06-19 09:35:32 +0200: Memory Usage (454464K) : topmetal1_mask has 0 polygons
2026-06-19 09:35:32 +0200: Memory Usage (454464K) : topmetal1_filler has 0 polygons
2026-06-19 09:35:32 +0200: Memory Usage (454464K) : topmetal1_nofill has 0 polygons
2026-06-19 09:35:32 +0200: Memory Usage (454464K) : topmetal1_slit has 0 polygons
2026-06-19 09:35:32 +0200: Memory Usage (454464K) : topmetal1_text has 2 polygons
2026-06-19 09:35:32 +0200: Memory Usage (454464K) : topmetal1_noqrc has 0 polygons
2026-06-19 09:35:32 +0200: Memory Usage (454464K) : topmetal1_res has 0 polygons
2026-06-19 09:35:32 +0200: Memory Usage (454464K) : topmetal1_iprobe has 0 polygons
2026-06-19 09:35:32 +0200: Memory Usage (454464K) : topmetal1_diffprb has 0 polygons
2026-06-19 09:35:32 +0200: Memory Usage (454464K) : inldpwl_drw has 0 polygons
2026-06-19 09:35:32 +0200: Memory Usage (454464K) : polyres_drw has 0 polygons
2026-06-19 09:35:32 +0200: Memory Usage (454464K) : polyres_pin has 0 polygons
2026-06-19 09:35:32 +0200: Memory Usage (454464K) : vmim_drw has 0 polygons
2026-06-19 09:35:32 +0200: Memory Usage (454464K) : nbulaycut_drw has 0 polygons
2026-06-19 09:35:32 +0200: Memory Usage (454464K) : antmetal1_drw has 0 polygons
2026-06-19 09:35:32 +0200: Memory Usage (454464K) : topvia2_drw has 91 polygons
2026-06-19 09:35:32 +0200: Memory Usage (454464K) : topmetal2_drw has 117 polygons
2026-06-19 09:35:32 +0200: Memory Usage (454464K) : topmetal2_pin has 13 polygons
2026-06-19 09:35:32 +0200: Memory Usage (454464K) : topmetal2_mask has 0 polygons
2026-06-19 09:35:32 +0200: Memory Usage (454464K) : topmetal2_filler has 0 polygons
2026-06-19 09:35:32 +0200: Memory Usage (454464K) : topmetal2_nofill has 0 polygons
2026-06-19 09:35:32 +0200: Memory Usage (454464K) : topmetal2_slit has 0 polygons
2026-06-19 09:35:32 +0200: Memory Usage (454464K) : topmetal2_text has 2 polygons
2026-06-19 09:35:32 +0200: Memory Usage (454464K) : topmetal2_noqrc has 0 polygons
2026-06-19 09:35:32 +0200: Memory Usage (454464K) : topmetal2_res has 0 polygons
2026-06-19 09:35:32 +0200: Memory Usage (454464K) : topmetal2_iprobe has 0 polygons
2026-06-19 09:35:32 +0200: Memory Usage (454464K) : topmetal2_diffprb has 0 polygons
2026-06-19 09:35:32 +0200: Memory Usage (454464K) : snsring_drw has 0 polygons
2026-06-19 09:35:32 +0200: Memory Usage (454464K) : sensor_drw has 0 polygons
2026-06-19 09:35:32 +0200: Memory Usage (454464K) : snsarms_drw has 0 polygons
2026-06-19 09:35:32 +0200: Memory Usage (454464K) : snscmosvia_drw has 0 polygons
2026-06-19 09:35:32 +0200: Memory Usage (454464K) : colwind_drw has 0 polygons
2026-06-19 09:35:32 +0200: Memory Usage (454464K) : flm_drw has 0 polygons
2026-06-19 09:35:32 +0200: Memory Usage (454464K) : hafniumox_drw has 0 polygons
2026-06-19 09:35:32 +0200: Memory Usage (454464K) : memvia_drw has 0 polygons
2026-06-19 09:35:32 +0200: Memory Usage (454464K) : thinfilmres_drw has 0 polygons
2026-06-19 09:35:32 +0200: Memory Usage (454464K) : rfmem_drw has 0 polygons
2026-06-19 09:35:32 +0200: Memory Usage (454464K) : norcx_drw has 0 polygons
2026-06-19 09:35:32 +0200: Memory Usage (454464K) : norcx_m2m3 has 0 polygons
2026-06-19 09:35:32 +0200: Memory Usage (454464K) : norcx_m2m4 has 0 polygons
2026-06-19 09:35:32 +0200: Memory Usage (454464K) : norcx_m2m5 has 0 polygons
2026-06-19 09:35:32 +0200: Memory Usage (454464K) : norcx_m2tm1 has 0 polygons
2026-06-19 09:35:32 +0200: Memory Usage (454464K) : norcx_m2tm2 has 0 polygons
2026-06-19 09:35:32 +0200: Memory Usage (454464K) : norcx_m3m4 has 0 polygons
2026-06-19 09:35:32 +0200: Memory Usage (454464K) : norcx_m3m5 has 0 polygons
2026-06-19 09:35:32 +0200: Memory Usage (454464K) : norcx_m3tm1 has 0 polygons
2026-06-19 09:35:32 +0200: Memory Usage (454464K) : norcx_m3tm2 has 0 polygons
2026-06-19 09:35:32 +0200: Memory Usage (454464K) : norcx_m4m5 has 0 polygons
2026-06-19 09:35:32 +0200: Memory Usage (454464K) : norcx_m4tm1 has 0 polygons
2026-06-19 09:35:32 +0200: Memory Usage (454464K) : norcx_m4tm2 has 0 polygons
2026-06-19 09:35:32 +0200: Memory Usage (454464K) : norcx_m5tm1 has 0 polygons
2026-06-19 09:35:32 +0200: Memory Usage (454464K) : norcx_m5tm2 has 0 polygons
2026-06-19 09:35:32 +0200: Memory Usage (454464K) : norcx_tm1tm2 has 0 polygons
2026-06-19 09:35:32 +0200: Memory Usage (454464K) : norcx_m1sub has 0 polygons
2026-06-19 09:35:32 +0200: Memory Usage (454464K) : norcx_m2sub has 0 polygons
2026-06-19 09:35:32 +0200: Memory Usage (454464K) : norcx_m3sub has 0 polygons
2026-06-19 09:35:32 +0200: Memory Usage (454464K) : norcx_m4sub has 0 polygons
2026-06-19 09:35:32 +0200: Memory Usage (454464K) : norcx_m5sub has 0 polygons
2026-06-19 09:35:32 +0200: Memory Usage (454464K) : norcx_tm1sub has 0 polygons
2026-06-19 09:35:32 +0200: Memory Usage (454464K) : norcx_tm2sub has 0 polygons
2026-06-19 09:35:32 +0200: Memory Usage (454464K) : snsbotvia_drw has 0 polygons
2026-06-19 09:35:32 +0200: Memory Usage (454464K) : snstopvia_drw has 0 polygons
2026-06-19 09:35:32 +0200: Memory Usage (454464K) : deepvia_drw has 0 polygons
2026-06-19 09:35:32 +0200: Memory Usage (454464K) : fgetch_drw has 0 polygons
2026-06-19 09:35:32 +0200: Memory Usage (454464K) : ctrgat_drw has 0 polygons
2026-06-19 09:35:32 +0200: Memory Usage (454464K) : fgimp_drw has 0 polygons
2026-06-19 09:35:32 +0200: Memory Usage (454464K) : emwihv_drw has 0 polygons
2026-06-19 09:35:32 +0200: Memory Usage (454464K) : lbe_drw has 0 polygons
2026-06-19 09:35:32 +0200: Memory Usage (454464K) : alcustop_drw has 0 polygons
2026-06-19 09:35:32 +0200: Memory Usage (454464K) : nometfiller_drw has 0 polygons
2026-06-19 09:35:32 +0200: Memory Usage (454464K) : prboundary_drw has 0 polygons
2026-06-19 09:35:32 +0200: Memory Usage (454464K) : exchange0_drw has 0 polygons
2026-06-19 09:35:32 +0200: Memory Usage (454464K) : exchange0_pin has 0 polygons
2026-06-19 09:35:32 +0200: Memory Usage (454464K) : exchange0_text has 0 polygons
2026-06-19 09:35:32 +0200: Memory Usage (454464K) : exchange1_drw has 0 polygons
2026-06-19 09:35:32 +0200: Memory Usage (454464K) : exchange1_pin has 0 polygons
2026-06-19 09:35:32 +0200: Memory Usage (454464K) : exchange1_text has 0 polygons
2026-06-19 09:35:32 +0200: Memory Usage (454464K) : exchange2_drw has 0 polygons
2026-06-19 09:35:32 +0200: Memory Usage (454464K) : exchange2_pin has 0 polygons
2026-06-19 09:35:32 +0200: Memory Usage (454464K) : exchange2_text has 0 polygons
2026-06-19 09:35:32 +0200: Memory Usage (454464K) : exchange3_drw has 0 polygons
2026-06-19 09:35:32 +0200: Memory Usage (454464K) : exchange3_pin has 0 polygons
2026-06-19 09:35:32 +0200: Memory Usage (454464K) : exchange3_text has 0 polygons
2026-06-19 09:35:32 +0200: Memory Usage (454464K) : exchange4_drw has 0 polygons
2026-06-19 09:35:32 +0200: Memory Usage (454464K) : exchange4_pin has 0 polygons
2026-06-19 09:35:32 +0200: Memory Usage (454464K) : exchange4_text has 0 polygons
2026-06-19 09:35:32 +0200: Memory Usage (454464K) : isonwell_drw has 0 polygons
2026-06-19 09:35:32 +0200: Memory Usage (454464K) : Total no. of polygons in the design is 985203
2026-06-19 09:35:32 +0200: Memory Usage (454464K) : Loaded TECH DRC rules values from /foss/pdks/ihp-sg13g2/libs.tech/klayout/python/sg13g2_pycell_lib/sg13g2_tech_mod.json
2026-06-19 09:35:32 +0200: Memory Usage (454464K) : Loaded default DRC rules values from /foss/pdks/ihp-sg13g2/libs.tech/klayout/tech/drc/rule_decks/sg13g2_tech_default.json
2026-06-19 09:35:32 +0200: Memory Usage (454464K) : The following rules values were missing in tech json and default values were used:
2026-06-19 09:35:32 +0200: Memory Usage (454464K) :   - NW_f1_digibnd
2026-06-19 09:35:32 +0200: Memory Usage (454464K) :   - Cnt_c_digibnd
2026-06-19 09:35:32 +0200: Memory Usage (454464K) :   - Cnt_c_sram
2026-06-19 09:35:32 +0200: Memory Usage (454464K) :   - Sdiod_b
2026-06-19 09:35:32 +0200: Memory Usage (454464K) :   - Sdiod_c
2026-06-19 09:35:32 +0200: Memory Usage (457728K) : Total area of the design is 250000.0 um^2.
2026-06-19 09:35:32 +0200: Memory Usage (457728K) : The design dimensions are 500.0 µm * 500.0 µm.
2026-06-19 09:35:32 +0200: Memory Usage (457728K) : Starting general IHP-SG13G2 derivations.
2026-06-19 09:35:32 +0200: Memory Usage (457728K) : Starting Pwell derivations
2026-06-19 09:35:33 +0200: Memory Usage (473704K) : Starting n-Activ derivations
2026-06-19 09:35:33 +0200: Memory Usage (485336K) : Starting p-Activ derivations
2026-06-19 09:35:34 +0200: Memory Usage (497128K) : Starting ptap derivations
2026-06-19 09:35:34 +0200: Memory Usage (510856K) : Starting ntap derivations
2026-06-19 09:35:34 +0200: Memory Usage (511736K) : Starting pact FET derivations
2026-06-19 09:35:35 +0200: Memory Usage (519128K) : Starting nact FET derivations
2026-06-19 09:35:35 +0200: Memory Usage (532856K) : Starting Gate derivations
2026-06-19 09:35:35 +0200: Memory Usage (543240K) : Starting cont/contbar general derivations
2026-06-19 09:35:38 +0200: Memory Usage (637224K) : Starting pad general derivations
2026-06-19 09:35:38 +0200: Memory Usage (637224K) : Starting schottky_nbl general derivations
2026-06-19 09:35:38 +0200: Memory Usage (637224K) : Starting SVaricap general derivations
2026-06-19 09:35:38 +0200: Memory Usage (642856K) : Starting HBT general derivations
2026-06-19 09:35:38 +0200: Memory Usage (642856K) : Starting IHP-SG13G2 DRC connectivity related derivations.
2026-06-19 09:35:38 +0200: Memory Usage (642856K) : Starting IHP-SG13G2 DRC connectivity setup
2026-06-19 09:35:40 +0200: Memory Usage (643048K) : Starting IHP-SG13G2 DRC rules.
2026-06-19 09:35:40 +0200: Memory Usage (643048K) : Running all FEOL rules
2026-06-19 09:35:40 +0200: Memory Usage (643048K) : Running all BEOL rules
2026-06-19 09:35:40 +0200: Memory Usage (643048K) : Running all PIN rules
2026-06-19 09:35:40 +0200: Memory Usage (643048K) : Running all FORBIDDEN rules
2026-06-19 09:35:40 +0200: Memory Usage (643048K) : Starting 5.1 NWell table
2026-06-19 09:35:40 +0200: Memory Usage (643048K) : Executing rule NW.b
2026-06-19 09:35:41 +0200: Memory Usage (649424K) : Executing rule NW.b1
2026-06-19 09:35:41 +0200: Memory Usage (649600K) : Executing rule NW.f1
2026-06-19 09:35:41 +0200: Memory Usage (649600K) : Executing rule NW.f1.digibnd
2026-06-19 09:35:41 +0200: Memory Usage (649600K) : Starting 5.2 PWell:block
2026-06-19 09:35:41 +0200: Memory Usage (649600K) : Executing rule PWB.e
2026-06-19 09:35:41 +0200: Memory Usage (649600K) : Executing rule PWB.e1
2026-06-19 09:35:41 +0200: Memory Usage (649600K) : Executing rule PWB.f
2026-06-19 09:35:41 +0200: Memory Usage (649600K) : Executing rule PWB.f1
2026-06-19 09:35:41 +0200: Memory Usage (649600K) : Starting 5.3 nBuLay table
2026-06-19 09:35:41 +0200: Memory Usage (649600K) : Executing rule NBL.b
2026-06-19 09:35:41 +0200: Memory Usage (649776K) : Executing rule NBL.c
2026-06-19 09:35:41 +0200: Memory Usage (649776K) : Executing rule NBL.d
2026-06-19 09:35:41 +0200: Memory Usage (651536K) : Executing rule NBL.e
2026-06-19 09:35:41 +0200: Memory Usage (654176K) : Executing rule NBL.f
2026-06-19 09:35:41 +0200: Memory Usage (655232K) : Starting 5.5. Activ table
2026-06-19 09:35:41 +0200: Memory Usage (655232K) : Executing rule Act.a
2026-06-19 09:35:42 +0200: Memory Usage (655232K) : Executing rule Act.b
2026-06-19 09:35:43 +0200: Memory Usage (658576K) : Starting 5.6 Activ:filler table
2026-06-19 09:35:43 +0200: Memory Usage (658576K) : Executing rule AFil.c1
2026-06-19 09:35:43 +0200: Memory Usage (658576K) : Executing rule AFil.c
2026-06-19 09:35:43 +0200: Memory Usage (658576K) : Executing rule AFil.d
2026-06-19 09:35:43 +0200: Memory Usage (658576K) : Executing rule AFil.e
2026-06-19 09:35:43 +0200: Memory Usage (658576K) : Executing rule AFil.j
2026-06-19 09:35:43 +0200: Memory Usage (658576K) : Starting 5.7. ThickGateOx table
2026-06-19 09:35:43 +0200: Memory Usage (658576K) : Executing rule TGO.f
2026-06-19 09:35:43 +0200: Memory Usage (658576K) : Starting 5.8. GatPoly table
2026-06-19 09:35:43 +0200: Memory Usage (658576K) : Executing rule Gat.a
2026-06-19 09:35:43 +0200: Memory Usage (658576K) : Executing rule Gat.b
2026-06-19 09:35:43 +0200: Memory Usage (658576K) : Executing rule Gat.d
2026-06-19 09:35:43 +0200: Memory Usage (663856K) : Executing rule Gat.a1
2026-06-19 09:35:44 +0200: Memory Usage (680112K) : Executing rule Gat.a2
2026-06-19 09:35:44 +0200: Memory Usage (684336K) : Executing rule Gat.g
2026-06-19 09:35:44 +0200: Memory Usage (683980K) : Starting 5.9 GatPoly:filler
2026-06-19 09:35:44 +0200: Memory Usage (683980K) : Executing rule GFil.d
2026-06-19 09:35:44 +0200: Memory Usage (683980K) : Executing rule GFil.e
2026-06-19 09:35:44 +0200: Memory Usage (683980K) : Executing rule GFil.i
2026-06-19 09:35:44 +0200: Memory Usage (683980K) : Starting 5.10 pSD table
2026-06-19 09:35:44 +0200: Memory Usage (683980K) : Executing rule pSD.c1
2026-06-19 09:35:45 +0200: Memory Usage (705980K) : Starting 5.14. Cont table
2026-06-19 09:35:45 +0200: Memory Usage (705980K) : Executing rule Cnt.a
2026-06-19 09:35:48 +0200: Memory Usage (742588K) : Executing rule Cnt.b
2026-06-19 09:35:48 +0200: Memory Usage (752796K) : Executing rule Cnt.c
2026-06-19 09:35:52 +0200: Memory Usage (780956K) : Executing rule Cnt.c.digibnd
2026-06-19 09:35:52 +0200: Memory Usage (780956K) : Executing rule Cnt.c.SRAM
2026-06-19 09:35:52 +0200: Memory Usage (780956K) : Executing rule Cnt.d
2026-06-19 09:35:52 +0200: Memory Usage (789580K) : Executing rule Cnt.e
2026-06-19 09:35:53 +0200: Memory Usage (794860K) : Executing rule Cnt.g1
2026-06-19 09:35:55 +0200: Memory Usage (796620K) : Executing rule Cnt.g2
2026-06-19 09:35:57 +0200: Memory Usage (812460K) : Starting 5.15. ContBar table
2026-06-19 09:35:57 +0200: Memory Usage (812460K) : Executing rule CntB.a
2026-06-19 09:36:00 +0200: Memory Usage (814924K) : Executing rule CntB.a1
2026-06-19 09:36:00 +0200: Memory Usage (814924K) : Executing rule CntB.b1
2026-06-19 09:36:00 +0200: Memory Usage (814924K) : Executing rule CntB.h1
2026-06-19 09:36:00 +0200: Memory Usage (814924K) : Starting 6.1.3 NPN Substrate-Tie table
2026-06-19 09:36:00 +0200: Memory Usage (814924K) : Starting 6.7 Schottky diode table
2026-06-19 09:36:00 +0200: Memory Usage (814924K) : Executing rule Sdiod.b
2026-06-19 09:36:00 +0200: Memory Usage (814924K) : Executing rule Sdiod.c
2026-06-19 09:36:00 +0200: Memory Usage (814924K) : Executing rule Sdiod.d
2026-06-19 09:36:00 +0200: Memory Usage (814924K) : Executing rule Sdiod.e
2026-06-19 09:36:00 +0200: Memory Usage (814924K) : Starting 7.2 Latch-up table
2026-06-19 09:36:00 +0200: Memory Usage (814924K) : Executing rule LU.b
2026-06-19 09:36:01 +0200: Memory Usage (824604K) : Starting 5.16. Metal1 table
2026-06-19 09:36:01 +0200: Memory Usage (824604K) : Executing rule M1.a
2026-06-19 09:36:03 +0200: Memory Usage (824604K) : Executing rule M1.b
2026-06-19 09:36:09 +0200: Memory Usage (823956K) : Executing rule M1.e
2026-06-19 09:36:11 +0200: Memory Usage (825892K) : Executing rule M1.f
2026-06-19 09:36:14 +0200: Memory Usage (825892K) : Executing rule M1.g
2026-06-19 09:36:14 +0200: Memory Usage (837544K) : Executing rule M1.i
2026-06-19 09:36:14 +0200: Memory Usage (884888K) : Starting 5.17 Metaln table
2026-06-19 09:36:14 +0200: Memory Usage (884888K) : Executing rule M2.a
2026-06-19 09:36:14 +0200: Memory Usage (838428K) : Executing rule M2.b
2026-06-19 09:36:15 +0200: Memory Usage (842300K) : Executing rule M2.e
2026-06-19 09:36:15 +0200: Memory Usage (842476K) : Executing rule M2.f
2026-06-19 09:36:15 +0200: Memory Usage (842476K) : Executing rule M2.g
2026-06-19 09:36:15 +0200: Memory Usage (842476K) : Executing rule M2.i
2026-06-19 09:36:15 +0200: Memory Usage (842652K) : Executing rule M3.a
2026-06-19 09:36:16 +0200: Memory Usage (842652K) : Executing rule M3.b
2026-06-19 09:36:16 +0200: Memory Usage (842828K) : Executing rule M3.e
2026-06-19 09:36:16 +0200: Memory Usage (843004K) : Executing rule M3.f
2026-06-19 09:36:16 +0200: Memory Usage (843004K) : Executing rule M3.g
2026-06-19 09:36:16 +0200: Memory Usage (843356K) : Executing rule M3.i
2026-06-19 09:36:16 +0200: Memory Usage (843708K) : Executing rule M4.a
2026-06-19 09:36:16 +0200: Memory Usage (843708K) : Executing rule M4.b
2026-06-19 09:36:16 +0200: Memory Usage (843700K) : Executing rule M4.e
2026-06-19 09:36:16 +0200: Memory Usage (843700K) : Executing rule M4.f
2026-06-19 09:36:16 +0200: Memory Usage (843700K) : Executing rule M4.g
2026-06-19 09:36:16 +0200: Memory Usage (843700K) : Executing rule M4.i
2026-06-19 09:36:16 +0200: Memory Usage (843700K) : Executing rule M5.a
2026-06-19 09:36:16 +0200: Memory Usage (843700K) : Executing rule M5.b
2026-06-19 09:36:16 +0200: Memory Usage (844580K) : Executing rule M5.e
2026-06-19 09:36:17 +0200: Memory Usage (844756K) : Executing rule M5.f
2026-06-19 09:36:17 +0200: Memory Usage (844756K) : Executing rule M5.g
2026-06-19 09:36:17 +0200: Memory Usage (844580K) : Executing rule M5.i
2026-06-19 09:36:17 +0200: Memory Usage (844756K) : Starting 5.18 Metaln:filler table
2026-06-19 09:36:17 +0200: Memory Usage (844756K) : Executing rule M1Fil.c
2026-06-19 09:36:17 +0200: Memory Usage (844756K) : Executing rule M1Fil.a2
2026-06-19 09:36:17 +0200: Memory Usage (844756K) : Executing rule M2Fil.c
2026-06-19 09:36:17 +0200: Memory Usage (844756K) : Executing rule M2Fil.a2
2026-06-19 09:36:17 +0200: Memory Usage (844756K) : Executing rule M3Fil.c
2026-06-19 09:36:17 +0200: Memory Usage (844756K) : Executing rule M3Fil.a2
2026-06-19 09:36:17 +0200: Memory Usage (844756K) : Executing rule M4Fil.c
2026-06-19 09:36:17 +0200: Memory Usage (844756K) : Executing rule M4Fil.a2
2026-06-19 09:36:17 +0200: Memory Usage (844756K) : Executing rule M5Fil.c
2026-06-19 09:36:17 +0200: Memory Usage (844756K) : Executing rule M5Fil.a2
2026-06-19 09:36:17 +0200: Memory Usage (844756K) : Starting 5.19. Via1 table
2026-06-19 09:36:17 +0200: Memory Usage (844756K) : Starting 5.19. Via1 table derivations
2026-06-19 09:36:17 +0200: Memory Usage (844756K) : Executing rule V1.a
2026-06-19 09:36:17 +0200: Memory Usage (844756K) : Executing rule V1.b
2026-06-19 09:36:17 +0200: Memory Usage (844756K) : Executing rule V1.c
2026-06-19 09:36:17 +0200: Memory Usage (844756K) : Starting 5.20. Vian table
2026-06-19 09:36:17 +0200: Memory Usage (844756K) : Executing rule V2.a
2026-06-19 09:36:17 +0200: Memory Usage (844756K) : Executing rule V2.b
2026-06-19 09:36:17 +0200: Memory Usage (844932K) : Executing rule V2.c
2026-06-19 09:36:17 +0200: Memory Usage (845108K) : Executing rule V3.a
2026-06-19 09:36:17 +0200: Memory Usage (845108K) : Executing rule V3.b
2026-06-19 09:36:18 +0200: Memory Usage (845104K) : Executing rule V3.c
2026-06-19 09:36:18 +0200: Memory Usage (844748K) : Executing rule V4.a
2026-06-19 09:36:18 +0200: Memory Usage (844748K) : Executing rule V4.b
2026-06-19 09:36:18 +0200: Memory Usage (844572K) : Executing rule V4.c
2026-06-19 09:36:18 +0200: Memory Usage (844748K) : Starting 5.21. TopVia1 table
2026-06-19 09:36:18 +0200: Memory Usage (844748K) : Executing rule TV1.a
2026-06-19 09:36:18 +0200: Memory Usage (844748K) : Executing rule TV1.b
2026-06-19 09:36:18 +0200: Memory Usage (844568K) : Executing rule TV1.c
2026-06-19 09:36:18 +0200: Memory Usage (844744K) : Executing rule TV1.d
2026-06-19 09:36:18 +0200: Memory Usage (844744K) : Starting 5.22. TopMetal1 table
2026-06-19 09:36:18 +0200: Memory Usage (844744K) : Executing rule TM1.a
2026-06-19 09:36:18 +0200: Memory Usage (844744K) : Executing rule TM1.b
2026-06-19 09:36:18 +0200: Memory Usage (844744K) : Starting 5.23 TopMetal1:filler table
2026-06-19 09:36:18 +0200: Memory Usage (844744K) : Executing rule TM1Fil.c
2026-06-19 09:36:18 +0200: Memory Usage (844744K) : Executing rule TM1Fil.a1
2026-06-19 09:36:18 +0200: Memory Usage (844744K) : Starting 5.24. TopVia2 table
2026-06-19 09:36:18 +0200: Memory Usage (844744K) : Executing rule TV2.a
2026-06-19 09:36:18 +0200: Memory Usage (844744K) : Executing rule TV2.b
2026-06-19 09:36:18 +0200: Memory Usage (844744K) : Executing rule TV2.c
2026-06-19 09:36:18 +0200: Memory Usage (844744K) : Executing rule TV2.d
2026-06-19 09:36:18 +0200: Memory Usage (844920K) : Starting 5.25. TopMetal2 table
2026-06-19 09:36:18 +0200: Memory Usage (844920K) : Executing rule TM2.a
2026-06-19 09:36:18 +0200: Memory Usage (844920K) : Executing rule TM2.b
2026-06-19 09:36:18 +0200: Memory Usage (844920K) : Starting 5.26 TopMetal2:filler table
2026-06-19 09:36:18 +0200: Memory Usage (844920K) : Executing rule TM2Fil.c
2026-06-19 09:36:18 +0200: Memory Usage (844920K) : Executing rule TM2Fil.a1
2026-06-19 09:36:18 +0200: Memory Usage (844920K) : Starting 5.27. Passiv table
2026-06-19 09:36:18 +0200: Memory Usage (844920K) : Executing rule Pas.a
2026-06-19 09:36:18 +0200: Memory Usage (844920K) : Executing rule Pas.b
2026-06-19 09:36:18 +0200: Memory Usage (844920K) : Executing rule Pas.c
2026-06-19 09:36:18 +0200: Memory Usage (844920K) : Starting 6.9.2 Copper Pillar table
2026-06-19 09:36:18 +0200: Memory Usage (844920K) : Executing rule Padc.a
2026-06-19 09:36:18 +0200: Memory Usage (844920K) : Executing rule Padc.b
2026-06-19 09:36:18 +0200: Memory Usage (844920K) : Executing rule Padc.c
2026-06-19 09:36:19 +0200: Memory Usage (844920K) : Executing rule Padb.f
2026-06-19 09:36:19 +0200: Memory Usage (844920K) : Starting 6.9 Pad table
2026-06-19 09:36:19 +0200: Memory Usage (844920K) : Executing rule Pad.m
2026-06-19 09:36:19 +0200: Memory Usage (844920K) : Executing rule Pad.i
2026-06-19 09:36:19 +0200: Memory Usage (844920K) : Starting 6.9.1 Solder Bump
2026-06-19 09:36:19 +0200: Memory Usage (844920K) : Executing rule Padb.a
2026-06-19 09:36:19 +0200: Memory Usage (844920K) : Executing rule Padb.b
2026-06-19 09:36:19 +0200: Memory Usage (844920K) : Executing rule Padb.c
2026-06-19 09:36:19 +0200: Memory Usage (844920K) : Executing rule Padb.f
2026-06-19 09:36:19 +0200: Memory Usage (844920K) : Executing rule Padb.d
2026-06-19 09:36:19 +0200: Memory Usage (844920K) : Starting 6.10 Sealring table
2026-06-19 09:36:19 +0200: Memory Usage (844920K) : Executing rule Seal.l
2026-06-19 09:36:19 +0200: Memory Usage (844920K) : Executing rule Seal.n
2026-06-19 09:36:19 +0200: Memory Usage (844920K) : Executing rule seal.b_metal1
2026-06-19 09:36:19 +0200: Memory Usage (844920K) : Executing rule seal.b_metal2
2026-06-19 09:36:19 +0200: Memory Usage (844920K) : Executing rule seal.b_metal3
2026-06-19 09:36:19 +0200: Memory Usage (844920K) : Executing rule seal.b_metal4
2026-06-19 09:36:19 +0200: Memory Usage (844920K) : Executing rule seal.b_metal5
2026-06-19 09:36:19 +0200: Memory Usage (844920K) : Executing rule seal.b_topmetal1
2026-06-19 09:36:19 +0200: Memory Usage (844920K) : Executing rule seal.b_topmetal2
2026-06-19 09:36:19 +0200: Memory Usage (844920K) : Executing rule seal.b_activ
2026-06-19 09:36:19 +0200: Memory Usage (844920K) : Executing rule seal.b_psd
2026-06-19 09:36:19 +0200: Memory Usage (844920K) : Executing rule Seal.k
2026-06-19 09:36:19 +0200: Memory Usage (844920K) : Executing rule Seal.m
2026-06-19 09:36:19 +0200: Memory Usage (844920K) : Starting 6.11 MIM table
2026-06-19 09:36:19 +0200: Memory Usage (844920K) : Executing rule MIM.c
2026-06-19 09:36:19 +0200: Memory Usage (844920K) : Executing rule MIM.d
2026-06-19 09:36:19 +0200: Memory Usage (844920K) : Starting 7.3 Metal Slits table
2026-06-19 09:36:19 +0200: Memory Usage (844920K) : Executing rule Slt.e1_M1
2026-06-19 09:36:19 +0200: Memory Usage (844920K) : Executing rule Slt.e1_M2
2026-06-19 09:36:19 +0200: Memory Usage (844920K) : Executing rule Slt.e1_M3
2026-06-19 09:36:19 +0200: Memory Usage (844920K) : Executing rule Slt.e1_M4
2026-06-19 09:36:19 +0200: Memory Usage (844920K) : Executing rule Slt.e1_M5
2026-06-19 09:36:19 +0200: Memory Usage (844920K) : Executing rule Slt.e1_TM1
2026-06-19 09:36:19 +0200: Memory Usage (844920K) : Executing rule Slt.e1_TM2
2026-06-19 09:36:19 +0200: Memory Usage (844920K) : Starting 9.1. LBE table
2026-06-19 09:36:19 +0200: Memory Usage (844920K) : Executing rule LBE.a
2026-06-19 09:36:19 +0200: Memory Usage (844920K) : Executing rule LBE.b
2026-06-19 09:36:19 +0200: Memory Usage (844920K) : Executing rule LBE.b1
2026-06-19 09:36:19 +0200: Memory Usage (844920K) : Executing rule LBE.c
2026-06-19 09:36:19 +0200: Memory Usage (844920K) : Executing rule LBE.d
2026-06-19 09:36:19 +0200: Memory Usage (844920K) : Executing rule LBE.h
2026-06-19 09:36:19 +0200: Memory Usage (844920K) : Starting 7.4. PIN table
2026-06-19 09:36:19 +0200: Memory Usage (844920K) : Executing rule Pin.a
2026-06-19 09:36:19 +0200: Memory Usage (844920K) : Executing rule Pin.b
2026-06-19 09:36:19 +0200: Memory Usage (844920K) : Executing rule Pin.e
2026-06-19 09:36:20 +0200: Memory Usage (863048K) : Executing rule Pin.f_M2
2026-06-19 09:36:20 +0200: Memory Usage (863048K) : Executing rule Pin.f_M3
2026-06-19 09:36:20 +0200: Memory Usage (863048K) : Executing rule Pin.f_M4
2026-06-19 09:36:20 +0200: Memory Usage (863048K) : Executing rule Pin.f_M5
2026-06-19 09:36:20 +0200: Memory Usage (863048K) : Executing rule Pin.g
2026-06-19 09:36:20 +0200: Memory Usage (863048K) : Executing rule Pin.h
2026-06-19 09:36:20 +0200: Memory Usage (863048K) : Starting 3.1. offgrid table
2026-06-19 09:36:20 +0200: Memory Usage (863048K) : Executing rule activ_drw_Offgrid
2026-06-19 09:36:21 +0200: Memory Usage (863048K) : Executing rule activ_pin_Offgrid
2026-06-19 09:36:21 +0200: Memory Usage (863048K) : Executing rule activ_mask_Offgrid
2026-06-19 09:36:21 +0200: Memory Usage (863048K) : Executing rule activ_filler_Offgrid
2026-06-19 09:36:21 +0200: Memory Usage (863048K) : Executing rule activ_nofill_Offgrid
2026-06-19 09:36:21 +0200: Memory Usage (863048K) : Executing rule activ_opc_Offgrid
2026-06-19 09:36:21 +0200: Memory Usage (863048K) : Executing rule activ_iopc_Offgrid
2026-06-19 09:36:21 +0200: Memory Usage (863048K) : Executing rule activ_noqrc_Offgrid
2026-06-19 09:36:21 +0200: Memory Usage (863048K) : Executing rule biwind_drw_Offgrid
2026-06-19 09:36:21 +0200: Memory Usage (863048K) : Executing rule biwind_opc_Offgrid
2026-06-19 09:36:21 +0200: Memory Usage (863048K) : Executing rule pemwind_drw_Offgrid
2026-06-19 09:36:21 +0200: Memory Usage (863048K) : Executing rule gatpoly_drw_Offgrid
2026-06-19 09:36:21 +0200: Memory Usage (863048K) : Executing rule gatpoly_pin_Offgrid
2026-06-19 09:36:21 +0200: Memory Usage (863048K) : Executing rule gatpoly_filler_Offgrid
2026-06-19 09:36:21 +0200: Memory Usage (863048K) : Executing rule gatpoly_nofill_Offgrid
2026-06-19 09:36:21 +0200: Memory Usage (863048K) : Executing rule gatpoly_opc_Offgrid
2026-06-19 09:36:21 +0200: Memory Usage (863048K) : Executing rule gatpoly_iopc_Offgrid
2026-06-19 09:36:21 +0200: Memory Usage (863048K) : Executing rule gatpoly_noqrc_Offgrid
2026-06-19 09:36:21 +0200: Memory Usage (863048K) : Executing rule cont_drw_Offgrid
2026-06-19 09:36:27 +0200: Memory Usage (881180K) : Executing rule cont_opc_Offgrid
2026-06-19 09:36:27 +0200: Memory Usage (881180K) : Executing rule nsd_drw_Offgrid
2026-06-19 09:36:27 +0200: Memory Usage (881180K) : Executing rule nsd_block_Offgrid
2026-06-19 09:36:27 +0200: Memory Usage (881180K) : Executing rule metal1_drw_Offgrid
2026-06-19 09:36:29 +0200: Memory Usage (879836K) : Executing rule metal1_pin_Offgrid
2026-06-19 09:36:30 +0200: Memory Usage (878876K) : Executing rule metal1_mask_Offgrid
2026-06-19 09:36:30 +0200: Memory Usage (878876K) : Executing rule metal1_filler_Offgrid
2026-06-19 09:36:30 +0200: Memory Usage (878876K) : Executing rule metal1_nofill_Offgrid
2026-06-19 09:36:30 +0200: Memory Usage (878876K) : Executing rule metal1_slit_Offgrid
2026-06-19 09:36:30 +0200: Memory Usage (878876K) : Executing rule metal1_opc_Offgrid
2026-06-19 09:36:30 +0200: Memory Usage (878876K) : Executing rule metal1_noqrc_Offgrid
2026-06-19 09:36:30 +0200: Memory Usage (878876K) : Executing rule metal1_res_Offgrid
2026-06-19 09:36:30 +0200: Memory Usage (878876K) : Executing rule metal1_iprobe_Offgrid
2026-06-19 09:36:30 +0200: Memory Usage (878876K) : Executing rule metal1_diffprb_Offgrid
2026-06-19 09:36:30 +0200: Memory Usage (878876K) : Executing rule passiv_drw_Offgrid
2026-06-19 09:36:30 +0200: Memory Usage (878876K) : Executing rule passiv_pin_Offgrid
2026-06-19 09:36:30 +0200: Memory Usage (878876K) : Executing rule passiv_pillar_Offgrid
2026-06-19 09:36:30 +0200: Memory Usage (878876K) : Executing rule passiv_sbump_Offgrid
2026-06-19 09:36:30 +0200: Memory Usage (878876K) : Executing rule passiv_pdl_Offgrid
2026-06-19 09:36:30 +0200: Memory Usage (878876K) : Executing rule metal2_drw_Offgrid
2026-06-19 09:36:30 +0200: Memory Usage (878300K) : Executing rule metal2_pin_Offgrid
2026-06-19 09:36:30 +0200: Memory Usage (878300K) : Executing rule metal2_mask_Offgrid
2026-06-19 09:36:30 +0200: Memory Usage (878300K) : Executing rule metal2_filler_Offgrid
2026-06-19 09:36:30 +0200: Memory Usage (878300K) : Executing rule metal2_nofill_Offgrid
2026-06-19 09:36:31 +0200: Memory Usage (878300K) : Executing rule metal2_slit_Offgrid
2026-06-19 09:36:31 +0200: Memory Usage (878300K) : Executing rule metal2_opc_Offgrid
2026-06-19 09:36:31 +0200: Memory Usage (878300K) : Executing rule metal2_noqrc_Offgrid
2026-06-19 09:36:31 +0200: Memory Usage (877916K) : Executing rule metal2_res_Offgrid
2026-06-19 09:36:31 +0200: Memory Usage (877916K) : Executing rule metal2_iprobe_Offgrid
2026-06-19 09:36:31 +0200: Memory Usage (877916K) : Executing rule metal2_diffprb_Offgrid
2026-06-19 09:36:31 +0200: Memory Usage (877916K) : Executing rule baspoly_drw_Offgrid
2026-06-19 09:36:31 +0200: Memory Usage (877916K) : Executing rule baspoly_pin_Offgrid
2026-06-19 09:36:31 +0200: Memory Usage (877916K) : Executing rule psd_drw_Offgrid
2026-06-19 09:36:32 +0200: Memory Usage (877724K) : Executing rule nldb_drw_Offgrid
2026-06-19 09:36:32 +0200: Memory Usage (877724K) : Executing rule via1_drw_Offgrid
2026-06-19 09:36:32 +0200: Memory Usage (877532K) : Executing rule backmetal1_drw_Offgrid
2026-06-19 09:36:32 +0200: Memory Usage (877532K) : Executing rule backmetal1_pin_Offgrid
2026-06-19 09:36:32 +0200: Memory Usage (877532K) : Executing rule backmetal1_mask_Offgrid
2026-06-19 09:36:32 +0200: Memory Usage (877532K) : Executing rule backmetal1_filler_Offgrid
2026-06-19 09:36:32 +0200: Memory Usage (877532K) : Executing rule backmetal1_nofill_Offgrid
2026-06-19 09:36:32 +0200: Memory Usage (877532K) : Executing rule backmetal1_slit_Offgrid
2026-06-19 09:36:32 +0200: Memory Usage (877532K) : Executing rule backmetal1_opc_Offgrid
2026-06-19 09:36:32 +0200: Memory Usage (877532K) : Executing rule backmetal1_noqrc_Offgrid
2026-06-19 09:36:32 +0200: Memory Usage (877532K) : Executing rule backmetal1_res_Offgrid
2026-06-19 09:36:32 +0200: Memory Usage (877532K) : Executing rule backmetal1_iprobe_Offgrid
2026-06-19 09:36:32 +0200: Memory Usage (877532K) : Executing rule backmetal1_diffprb_Offgrid
2026-06-19 09:36:32 +0200: Memory Usage (877532K) : Executing rule backpassiv_drw_Offgrid
2026-06-19 09:36:32 +0200: Memory Usage (877532K) : Executing rule salblock_drw_Offgrid
2026-06-19 09:36:32 +0200: Memory Usage (877340K) : Executing rule via2_drw_Offgrid
2026-06-19 09:36:32 +0200: Memory Usage (877340K) : Executing rule metal3_drw_Offgrid
2026-06-19 09:36:33 +0200: Memory Usage (877340K) : Executing rule metal3_pin_Offgrid
2026-06-19 09:36:33 +0200: Memory Usage (877340K) : Executing rule metal3_mask_Offgrid
2026-06-19 09:36:33 +0200: Memory Usage (877340K) : Executing rule metal3_filler_Offgrid
2026-06-19 09:36:33 +0200: Memory Usage (877340K) : Executing rule metal3_nofill_Offgrid
2026-06-19 09:36:33 +0200: Memory Usage (877340K) : Executing rule metal3_slit_Offgrid
2026-06-19 09:36:33 +0200: Memory Usage (877340K) : Executing rule metal3_opc_Offgrid
2026-06-19 09:36:33 +0200: Memory Usage (877340K) : Executing rule metal3_noqrc_Offgrid
2026-06-19 09:36:33 +0200: Memory Usage (877340K) : Executing rule metal3_res_Offgrid
2026-06-19 09:36:33 +0200: Memory Usage (877340K) : Executing rule metal3_iprobe_Offgrid
2026-06-19 09:36:33 +0200: Memory Usage (877340K) : Executing rule metal3_diffprb_Offgrid
2026-06-19 09:36:33 +0200: Memory Usage (877340K) : Executing rule nwell_drw_Offgrid
2026-06-19 09:36:33 +0200: Memory Usage (877340K) : Executing rule nwell_pin_Offgrid
2026-06-19 09:36:33 +0200: Memory Usage (877340K) : Executing rule nbulay_drw_Offgrid
2026-06-19 09:36:33 +0200: Memory Usage (877340K) : Executing rule nbulay_pin_Offgrid
2026-06-19 09:36:33 +0200: Memory Usage (877340K) : Executing rule nbulay_block_Offgrid
2026-06-19 09:36:33 +0200: Memory Usage (877340K) : Executing rule pwell_drw_Offgrid
2026-06-19 09:36:33 +0200: Memory Usage (877340K) : Executing rule pwell_pin_Offgrid
2026-06-19 09:36:34 +0200: Memory Usage (877340K) : Executing rule pwell_block_Offgrid
2026-06-19 09:36:34 +0200: Memory Usage (877340K) : Executing rule emwind_drw_Offgrid
2026-06-19 09:36:34 +0200: Memory Usage (877340K) : Executing rule emwind_opc_Offgrid
2026-06-19 09:36:34 +0200: Memory Usage (877340K) : Executing rule deepco_drw_Offgrid
2026-06-19 09:36:34 +0200: Memory Usage (877340K) : Executing rule mim_drw_Offgrid
2026-06-19 09:36:34 +0200: Memory Usage (877340K) : Executing rule substrate_drw_Offgrid
2026-06-19 09:36:34 +0200: Memory Usage (877340K) : Executing rule ic_drw_Offgrid
2026-06-19 09:36:34 +0200: Memory Usage (877340K) : Executing rule via3_drw_Offgrid
2026-06-19 09:36:34 +0200: Memory Usage (877340K) : Executing rule pldb_drw_Offgrid
2026-06-19 09:36:34 +0200: Memory Usage (877340K) : Executing rule metal4_drw_Offgrid
2026-06-19 09:36:34 +0200: Memory Usage (877340K) : Executing rule metal4_pin_Offgrid
2026-06-19 09:36:34 +0200: Memory Usage (877340K) : Executing rule metal4_mask_Offgrid
2026-06-19 09:36:34 +0200: Memory Usage (877340K) : Executing rule metal4_filler_Offgrid
2026-06-19 09:36:34 +0200: Memory Usage (877340K) : Executing rule metal4_nofill_Offgrid
2026-06-19 09:36:34 +0200: Memory Usage (877340K) : Executing rule metal4_slit_Offgrid
2026-06-19 09:36:34 +0200: Memory Usage (877340K) : Executing rule metal4_opc_Offgrid
2026-06-19 09:36:34 +0200: Memory Usage (877340K) : Executing rule metal4_noqrc_Offgrid
2026-06-19 09:36:34 +0200: Memory Usage (877340K) : Executing rule metal4_res_Offgrid
2026-06-19 09:36:34 +0200: Memory Usage (877340K) : Executing rule metal4_iprobe_Offgrid
2026-06-19 09:36:34 +0200: Memory Usage (877340K) : Executing rule metal4_diffprb_Offgrid
2026-06-19 09:36:34 +0200: Memory Usage (877340K) : Executing rule via4_drw_Offgrid
2026-06-19 09:36:34 +0200: Memory Usage (877340K) : Executing rule metal5_drw_Offgrid
2026-06-19 09:36:35 +0200: Memory Usage (877340K) : Executing rule metal5_pin_Offgrid
2026-06-19 09:36:35 +0200: Memory Usage (877340K) : Executing rule metal5_mask_Offgrid
2026-06-19 09:36:35 +0200: Memory Usage (877340K) : Executing rule metal5_filler_Offgrid
2026-06-19 09:36:35 +0200: Memory Usage (877340K) : Executing rule metal5_nofill_Offgrid
2026-06-19 09:36:35 +0200: Memory Usage (877340K) : Executing rule metal5_slit_Offgrid
2026-06-19 09:36:35 +0200: Memory Usage (877340K) : Executing rule metal5_opc_Offgrid
2026-06-19 09:36:35 +0200: Memory Usage (877340K) : Executing rule metal5_noqrc_Offgrid
2026-06-19 09:36:35 +0200: Memory Usage (877340K) : Executing rule metal5_res_Offgrid
2026-06-19 09:36:35 +0200: Memory Usage (877340K) : Executing rule metal5_iprobe_Offgrid
2026-06-19 09:36:35 +0200: Memory Usage (877340K) : Executing rule metal5_diffprb_Offgrid
2026-06-19 09:36:35 +0200: Memory Usage (877340K) : Executing rule prboundary_drw_Offgrid
2026-06-19 09:36:35 +0200: Memory Usage (877340K) : Executing rule exchange0_drw_Offgrid
2026-06-19 09:36:35 +0200: Memory Usage (877340K) : Executing rule exchange0_pin_Offgrid
2026-06-19 09:36:35 +0200: Memory Usage (877340K) : Executing rule exchange1_drw_Offgrid
2026-06-19 09:36:35 +0200: Memory Usage (877340K) : Executing rule exchange1_pin_Offgrid
2026-06-19 09:36:35 +0200: Memory Usage (877340K) : Executing rule exchange2_drw_Offgrid
2026-06-19 09:36:35 +0200: Memory Usage (877340K) : Executing rule exchange2_pin_Offgrid
2026-06-19 09:36:35 +0200: Memory Usage (877340K) : Executing rule exchange3_drw_Offgrid
2026-06-19 09:36:35 +0200: Memory Usage (877340K) : Executing rule exchange3_pin_Offgrid
2026-06-19 09:36:35 +0200: Memory Usage (877340K) : Executing rule exchange4_drw_Offgrid
2026-06-19 09:36:35 +0200: Memory Usage (877340K) : Executing rule exchange4_pin_Offgrid
2026-06-19 09:36:35 +0200: Memory Usage (877340K) : Executing rule isonwell_drw_Offgrid
2026-06-19 09:36:35 +0200: Memory Usage (877340K) : Executing rule thickgateox_drw_Offgrid
2026-06-19 09:36:35 +0200: Memory Usage (877340K) : Executing rule pempoly_drw_Offgrid
2026-06-19 09:36:35 +0200: Memory Usage (877340K) : Executing rule fbe_drw_Offgrid
2026-06-19 09:36:35 +0200: Memory Usage (877340K) : Executing rule empoly_drw_Offgrid
2026-06-19 09:36:36 +0200: Memory Usage (877340K) : Executing rule ldmos_drw_Offgrid
2026-06-19 09:36:36 +0200: Memory Usage (877340K) : Executing rule pbiwind_drw_Offgrid
2026-06-19 09:36:36 +0200: Memory Usage (877340K) : Executing rule colopen_drw_Offgrid
2026-06-19 09:36:36 +0200: Memory Usage (877340K) : Executing rule extblock_drw_Offgrid
2026-06-19 09:36:36 +0200: Memory Usage (877340K) : Executing rule nldd_drw_Offgrid
2026-06-19 09:36:36 +0200: Memory Usage (877340K) : Executing rule pldd_drw_Offgrid
2026-06-19 09:36:36 +0200: Memory Usage (877340K) : Executing rule next_drw_Offgrid
2026-06-19 09:36:36 +0200: Memory Usage (877340K) : Executing rule pext_drw_Offgrid
2026-06-19 09:36:36 +0200: Memory Usage (877340K) : Executing rule nexthv_drw_Offgrid
2026-06-19 09:36:36 +0200: Memory Usage (877340K) : Executing rule pexthv_drw_Offgrid
2026-06-19 09:36:36 +0200: Memory Usage (877340K) : Executing rule graphgate_drw_Offgrid
2026-06-19 09:36:36 +0200: Memory Usage (877340K) : Executing rule mempad_drw_Offgrid
2026-06-19 09:36:36 +0200: Memory Usage (877340K) : Executing rule topvia1_drw_Offgrid
2026-06-19 09:36:36 +0200: Memory Usage (877340K) : Executing rule topmetal1_drw_Offgrid
2026-06-19 09:36:36 +0200: Memory Usage (877340K) : Executing rule topmetal1_pin_Offgrid
2026-06-19 09:36:36 +0200: Memory Usage (877340K) : Executing rule topmetal1_mask_Offgrid
2026-06-19 09:36:36 +0200: Memory Usage (877340K) : Executing rule topmetal1_filler_Offgrid
2026-06-19 09:36:36 +0200: Memory Usage (877340K) : Executing rule topmetal1_nofill_Offgrid
2026-06-19 09:36:36 +0200: Memory Usage (877340K) : Executing rule topmetal1_slit_Offgrid
2026-06-19 09:36:36 +0200: Memory Usage (877340K) : Executing rule topmetal1_noqrc_Offgrid
2026-06-19 09:36:36 +0200: Memory Usage (877340K) : Executing rule topmetal1_res_Offgrid
2026-06-19 09:36:36 +0200: Memory Usage (877340K) : Executing rule topmetal1_iprobe_Offgrid
2026-06-19 09:36:36 +0200: Memory Usage (877340K) : Executing rule topmetal1_diffprb_Offgrid
2026-06-19 09:36:37 +0200: Memory Usage (877340K) : Executing rule inldpwl_drw_Offgrid
2026-06-19 09:36:37 +0200: Memory Usage (877340K) : Executing rule polyres_drw_Offgrid
2026-06-19 09:36:37 +0200: Memory Usage (877340K) : Executing rule polyres_pin_Offgrid
2026-06-19 09:36:37 +0200: Memory Usage (877340K) : Executing rule vmim_drw_Offgrid
2026-06-19 09:36:37 +0200: Memory Usage (877340K) : Executing rule nbulaycut_drw_Offgrid
2026-06-19 09:36:37 +0200: Memory Usage (877340K) : Executing rule antmetal1_drw_Offgrid
2026-06-19 09:36:37 +0200: Memory Usage (877340K) : Executing rule topvia2_drw_Offgrid
2026-06-19 09:36:37 +0200: Memory Usage (877340K) : Executing rule topmetal2_drw_Offgrid
2026-06-19 09:36:37 +0200: Memory Usage (877340K) : Executing rule topmetal2_pin_Offgrid
2026-06-19 09:36:37 +0200: Memory Usage (877340K) : Executing rule topmetal2_mask_Offgrid
2026-06-19 09:36:37 +0200: Memory Usage (877340K) : Executing rule topmetal2_filler_Offgrid
2026-06-19 09:36:37 +0200: Memory Usage (877340K) : Executing rule topmetal2_nofill_Offgrid
2026-06-19 09:36:37 +0200: Memory Usage (877340K) : Executing rule topmetal2_slit_Offgrid
2026-06-19 09:36:37 +0200: Memory Usage (877340K) : Executing rule topmetal2_noqrc_Offgrid
2026-06-19 09:36:37 +0200: Memory Usage (877340K) : Executing rule topmetal2_res_Offgrid
2026-06-19 09:36:37 +0200: Memory Usage (877340K) : Executing rule topmetal2_iprobe_Offgrid
2026-06-19 09:36:37 +0200: Memory Usage (877340K) : Executing rule topmetal2_diffprb_Offgrid
2026-06-19 09:36:37 +0200: Memory Usage (877340K) : Executing rule snsring_drw_Offgrid
2026-06-19 09:36:37 +0200: Memory Usage (877340K) : Executing rule sensor_drw_Offgrid
2026-06-19 09:36:37 +0200: Memory Usage (877340K) : Executing rule snsarms_drw_Offgrid
2026-06-19 09:36:37 +0200: Memory Usage (877340K) : Executing rule snscmosvia_drw_Offgrid
2026-06-19 09:36:37 +0200: Memory Usage (877340K) : Executing rule colwind_drw_Offgrid
2026-06-19 09:36:37 +0200: Memory Usage (877340K) : Executing rule flm_drw_Offgrid
2026-06-19 09:36:38 +0200: Memory Usage (877340K) : Executing rule hafniumox_drw_Offgrid
2026-06-19 09:36:38 +0200: Memory Usage (877340K) : Executing rule memvia_drw_Offgrid
2026-06-19 09:36:38 +0200: Memory Usage (877340K) : Executing rule thinfilmres_drw_Offgrid
2026-06-19 09:36:38 +0200: Memory Usage (877340K) : Executing rule rfmem_drw_Offgrid
2026-06-19 09:36:38 +0200: Memory Usage (877340K) : Executing rule snsbotvia_drw_Offgrid
2026-06-19 09:36:38 +0200: Memory Usage (877340K) : Executing rule snstopvia_drw_Offgrid
2026-06-19 09:36:38 +0200: Memory Usage (877340K) : Executing rule deepvia_drw_Offgrid
2026-06-19 09:36:38 +0200: Memory Usage (877340K) : Executing rule fgetch_drw_Offgrid
2026-06-19 09:36:38 +0200: Memory Usage (877340K) : Executing rule ctrgat_drw_Offgrid
2026-06-19 09:36:38 +0200: Memory Usage (877340K) : Executing rule fgimp_drw_Offgrid
2026-06-19 09:36:38 +0200: Memory Usage (877340K) : Executing rule emwihv_drw_Offgrid
2026-06-19 09:36:38 +0200: Memory Usage (877340K) : Executing rule lbe_drw_Offgrid
2026-06-19 09:36:38 +0200: Memory Usage (877340K) : Executing rule alcustop_drw_Offgrid
2026-06-19 09:36:38 +0200: Memory Usage (877340K) : Starting 3.2. angle table
2026-06-19 09:36:38 +0200: Memory Usage (877340K) : Executing rule activ_drw_Acute
2026-06-19 09:36:38 +0200: Memory Usage (877340K) : Executing rule activ_pin_Acute
2026-06-19 09:36:38 +0200: Memory Usage (877340K) : Executing rule activ_mask_Acute
2026-06-19 09:36:39 +0200: Memory Usage (877340K) : Executing rule activ_filler_Acute
2026-06-19 09:36:39 +0200: Memory Usage (877340K) : Executing rule activ_nofill_Acute
2026-06-19 09:36:39 +0200: Memory Usage (877340K) : Executing rule activ_opc_Acute
2026-06-19 09:36:39 +0200: Memory Usage (877340K) : Executing rule activ_iopc_Acute
2026-06-19 09:36:39 +0200: Memory Usage (877340K) : Executing rule activ_noqrc_Acute
2026-06-19 09:36:39 +0200: Memory Usage (877340K) : Executing rule biwind_drw_Acute
2026-06-19 09:36:39 +0200: Memory Usage (877340K) : Executing rule biwind_opc_Acute
2026-06-19 09:36:39 +0200: Memory Usage (877340K) : Executing rule pemwind_drw_Acute
2026-06-19 09:36:39 +0200: Memory Usage (877340K) : Executing rule gatpoly_drw_Acute
2026-06-19 09:36:39 +0200: Memory Usage (877340K) : Executing rule gatpoly_pin_Acute
2026-06-19 09:36:39 +0200: Memory Usage (877340K) : Executing rule gatpoly_filler_Acute
2026-06-19 09:36:39 +0200: Memory Usage (877340K) : Executing rule gatpoly_nofill_Acute
2026-06-19 09:36:39 +0200: Memory Usage (877340K) : Executing rule gatpoly_opc_Acute
2026-06-19 09:36:39 +0200: Memory Usage (877340K) : Executing rule gatpoly_iopc_Acute
2026-06-19 09:36:39 +0200: Memory Usage (877340K) : Executing rule gatpoly_noqrc_Acute
2026-06-19 09:36:39 +0200: Memory Usage (877340K) : Executing rule cont_drw_Acute
2026-06-19 09:36:43 +0200: Memory Usage (894928K) : Executing rule cont_opc_Acute
2026-06-19 09:36:43 +0200: Memory Usage (894928K) : Executing rule nsd_drw_Acute
2026-06-19 09:36:43 +0200: Memory Usage (894928K) : Executing rule nsd_block_Acute
2026-06-19 09:36:43 +0200: Memory Usage (894928K) : Executing rule metal1_drw_Acute
2026-06-19 09:36:44 +0200: Memory Usage (894160K) : Executing rule metal1_pin_Acute
2026-06-19 09:36:45 +0200: Memory Usage (894160K) : Executing rule metal1_mask_Acute
2026-06-19 09:36:45 +0200: Memory Usage (893584K) : Executing rule metal1_filler_Acute
2026-06-19 09:36:45 +0200: Memory Usage (893584K) : Executing rule metal1_nofill_Acute
2026-06-19 09:36:45 +0200: Memory Usage (893584K) : Executing rule metal1_slit_Acute
2026-06-19 09:36:45 +0200: Memory Usage (893584K) : Executing rule metal1_opc_Acute
2026-06-19 09:36:45 +0200: Memory Usage (893584K) : Executing rule metal1_noqrc_Acute
2026-06-19 09:36:45 +0200: Memory Usage (893584K) : Executing rule metal1_res_Acute
2026-06-19 09:36:45 +0200: Memory Usage (893584K) : Executing rule metal1_iprobe_Acute
2026-06-19 09:36:45 +0200: Memory Usage (893584K) : Executing rule metal1_diffprb_Acute
2026-06-19 09:36:45 +0200: Memory Usage (893584K) : Executing rule passiv_drw_Acute
2026-06-19 09:36:45 +0200: Memory Usage (893584K) : Executing rule passiv_pin_Acute
2026-06-19 09:36:45 +0200: Memory Usage (893584K) : Executing rule passiv_pillar_Acute
2026-06-19 09:36:45 +0200: Memory Usage (893584K) : Executing rule passiv_sbump_Acute
2026-06-19 09:36:45 +0200: Memory Usage (893392K) : Executing rule passiv_pdl_Acute
2026-06-19 09:36:45 +0200: Memory Usage (893392K) : Executing rule metal2_drw_Acute
2026-06-19 09:36:46 +0200: Memory Usage (893392K) : Executing rule metal2_pin_Acute
2026-06-19 09:36:46 +0200: Memory Usage (893392K) : Executing rule metal2_mask_Acute
2026-06-19 09:36:46 +0200: Memory Usage (893392K) : Executing rule metal2_filler_Acute
2026-06-19 09:36:46 +0200: Memory Usage (893392K) : Executing rule metal2_nofill_Acute
2026-06-19 09:36:46 +0200: Memory Usage (893200K) : Executing rule metal2_slit_Acute
2026-06-19 09:36:46 +0200: Memory Usage (893200K) : Executing rule metal2_opc_Acute
2026-06-19 09:36:46 +0200: Memory Usage (893200K) : Executing rule metal2_noqrc_Acute
2026-06-19 09:36:46 +0200: Memory Usage (893200K) : Executing rule metal2_res_Acute
2026-06-19 09:36:46 +0200: Memory Usage (893200K) : Executing rule metal2_iprobe_Acute
2026-06-19 09:36:46 +0200: Memory Usage (893200K) : Executing rule metal2_diffprb_Acute
2026-06-19 09:36:46 +0200: Memory Usage (893200K) : Executing rule baspoly_drw_Acute
2026-06-19 09:36:46 +0200: Memory Usage (893200K) : Executing rule baspoly_pin_Acute
2026-06-19 09:36:46 +0200: Memory Usage (893200K) : Executing rule psd_drw_Acute
2026-06-19 09:36:47 +0200: Memory Usage (893008K) : Executing rule nldb_drw_Acute
2026-06-19 09:36:47 +0200: Memory Usage (893008K) : Executing rule via1_drw_Acute
2026-06-19 09:36:47 +0200: Memory Usage (893008K) : Executing rule backmetal1_drw_Acute
2026-06-19 09:36:47 +0200: Memory Usage (893008K) : Executing rule backmetal1_pin_Acute
2026-06-19 09:36:47 +0200: Memory Usage (893008K) : Executing rule backmetal1_mask_Acute
2026-06-19 09:36:47 +0200: Memory Usage (893008K) : Executing rule backmetal1_filler_Acute
2026-06-19 09:36:47 +0200: Memory Usage (893008K) : Executing rule backmetal1_nofill_Acute
2026-06-19 09:36:47 +0200: Memory Usage (893008K) : Executing rule backmetal1_slit_Acute
2026-06-19 09:36:47 +0200: Memory Usage (893008K) : Executing rule backmetal1_opc_Acute
2026-06-19 09:36:47 +0200: Memory Usage (893008K) : Executing rule backmetal1_noqrc_Acute
2026-06-19 09:36:47 +0200: Memory Usage (893008K) : Executing rule backmetal1_res_Acute
2026-06-19 09:36:47 +0200: Memory Usage (893008K) : Executing rule backmetal1_iprobe_Acute
2026-06-19 09:36:47 +0200: Memory Usage (893008K) : Executing rule backmetal1_diffprb_Acute
2026-06-19 09:36:47 +0200: Memory Usage (893008K) : Executing rule backpassiv_drw_Acute
2026-06-19 09:36:47 +0200: Memory Usage (893008K) : Executing rule salblock_drw_Acute
2026-06-19 09:36:47 +0200: Memory Usage (893008K) : Executing rule via2_drw_Acute
2026-06-19 09:36:47 +0200: Memory Usage (893008K) : Executing rule metal3_drw_Acute
2026-06-19 09:36:48 +0200: Memory Usage (893008K) : Executing rule metal3_pin_Acute
2026-06-19 09:36:48 +0200: Memory Usage (892816K) : Executing rule metal3_mask_Acute
2026-06-19 09:36:48 +0200: Memory Usage (892816K) : Executing rule metal3_filler_Acute
2026-06-19 09:36:48 +0200: Memory Usage (892816K) : Executing rule metal3_nofill_Acute
2026-06-19 09:36:48 +0200: Memory Usage (892816K) : Executing rule metal3_slit_Acute
2026-06-19 09:36:48 +0200: Memory Usage (892816K) : Executing rule metal3_opc_Acute
2026-06-19 09:36:48 +0200: Memory Usage (892816K) : Executing rule metal3_noqrc_Acute
2026-06-19 09:36:48 +0200: Memory Usage (892816K) : Executing rule metal3_res_Acute
2026-06-19 09:36:48 +0200: Memory Usage (892816K) : Executing rule metal3_iprobe_Acute
2026-06-19 09:36:48 +0200: Memory Usage (892816K) : Executing rule metal3_diffprb_Acute
2026-06-19 09:36:48 +0200: Memory Usage (892816K) : Executing rule nwell_drw_Acute
2026-06-19 09:36:48 +0200: Memory Usage (892816K) : Executing rule nwell_pin_Acute
2026-06-19 09:36:48 +0200: Memory Usage (892816K) : Executing rule nbulay_drw_Acute
2026-06-19 09:36:48 +0200: Memory Usage (892816K) : Executing rule nbulay_pin_Acute
2026-06-19 09:36:48 +0200: Memory Usage (892816K) : Executing rule nbulay_block_Acute
2026-06-19 09:36:49 +0200: Memory Usage (892816K) : Executing rule pwell_drw_Acute
2026-06-19 09:36:49 +0200: Memory Usage (892816K) : Executing rule pwell_pin_Acute
2026-06-19 09:36:49 +0200: Memory Usage (892816K) : Executing rule pwell_block_Acute
2026-06-19 09:36:49 +0200: Memory Usage (892816K) : Executing rule emwind_drw_Acute
2026-06-19 09:36:49 +0200: Memory Usage (892816K) : Executing rule emwind_opc_Acute
2026-06-19 09:36:49 +0200: Memory Usage (892816K) : Executing rule deepco_drw_Acute
2026-06-19 09:36:49 +0200: Memory Usage (892816K) : Executing rule mim_drw_Acute
2026-06-19 09:36:49 +0200: Memory Usage (892816K) : Executing rule substrate_drw_Acute
2026-06-19 09:36:49 +0200: Memory Usage (892816K) : Executing rule ic_drw_Acute
2026-06-19 09:36:49 +0200: Memory Usage (892816K) : Executing rule via3_drw_Acute
2026-06-19 09:36:49 +0200: Memory Usage (892816K) : Executing rule pldb_drw_Acute
2026-06-19 09:36:49 +0200: Memory Usage (892816K) : Executing rule metal4_drw_Acute
2026-06-19 09:36:49 +0200: Memory Usage (892816K) : Executing rule metal4_pin_Acute
2026-06-19 09:36:49 +0200: Memory Usage (892816K) : Executing rule metal4_mask_Acute
2026-06-19 09:36:49 +0200: Memory Usage (892816K) : Executing rule metal4_filler_Acute
2026-06-19 09:36:49 +0200: Memory Usage (892816K) : Executing rule metal4_nofill_Acute
2026-06-19 09:36:49 +0200: Memory Usage (892816K) : Executing rule metal4_slit_Acute
2026-06-19 09:36:49 +0200: Memory Usage (892816K) : Executing rule metal4_opc_Acute
2026-06-19 09:36:49 +0200: Memory Usage (892816K) : Executing rule metal4_noqrc_Acute
2026-06-19 09:36:49 +0200: Memory Usage (892816K) : Executing rule metal4_res_Acute
2026-06-19 09:36:49 +0200: Memory Usage (892816K) : Executing rule metal4_iprobe_Acute
2026-06-19 09:36:50 +0200: Memory Usage (892816K) : Executing rule metal4_diffprb_Acute
2026-06-19 09:36:50 +0200: Memory Usage (892816K) : Executing rule via4_drw_Acute
2026-06-19 09:36:50 +0200: Memory Usage (892816K) : Executing rule metal5_drw_Acute
2026-06-19 09:36:50 +0200: Memory Usage (892816K) : Executing rule metal5_pin_Acute
2026-06-19 09:36:50 +0200: Memory Usage (892816K) : Executing rule metal5_mask_Acute
2026-06-19 09:36:50 +0200: Memory Usage (892816K) : Executing rule metal5_filler_Acute
2026-06-19 09:36:50 +0200: Memory Usage (892816K) : Executing rule metal5_nofill_Acute
2026-06-19 09:36:50 +0200: Memory Usage (892816K) : Executing rule metal5_slit_Acute
2026-06-19 09:36:50 +0200: Memory Usage (892816K) : Executing rule metal5_opc_Acute
2026-06-19 09:36:50 +0200: Memory Usage (892816K) : Executing rule metal5_noqrc_Acute
2026-06-19 09:36:50 +0200: Memory Usage (892816K) : Executing rule metal5_res_Acute
2026-06-19 09:36:50 +0200: Memory Usage (892816K) : Executing rule metal5_iprobe_Acute
2026-06-19 09:36:50 +0200: Memory Usage (892816K) : Executing rule metal5_diffprb_Acute
2026-06-19 09:36:50 +0200: Memory Usage (892816K) : Executing rule prboundary_drw_Acute
2026-06-19 09:36:50 +0200: Memory Usage (892816K) : Executing rule exchange0_drw_Acute
2026-06-19 09:36:50 +0200: Memory Usage (892816K) : Executing rule exchange0_pin_Acute
2026-06-19 09:36:50 +0200: Memory Usage (892816K) : Executing rule exchange1_drw_Acute
2026-06-19 09:36:50 +0200: Memory Usage (892816K) : Executing rule exchange1_pin_Acute
2026-06-19 09:36:50 +0200: Memory Usage (892816K) : Executing rule exchange2_drw_Acute
2026-06-19 09:36:50 +0200: Memory Usage (892816K) : Executing rule exchange2_pin_Acute
2026-06-19 09:36:50 +0200: Memory Usage (892816K) : Executing rule exchange3_drw_Acute
2026-06-19 09:36:51 +0200: Memory Usage (892816K) : Executing rule exchange3_pin_Acute
2026-06-19 09:36:51 +0200: Memory Usage (892816K) : Executing rule exchange4_drw_Acute
2026-06-19 09:36:51 +0200: Memory Usage (892816K) : Executing rule exchange4_pin_Acute
2026-06-19 09:36:51 +0200: Memory Usage (892816K) : Executing rule isonwell_drw_Acute
2026-06-19 09:36:51 +0200: Memory Usage (892816K) : Executing rule thickgateox_drw_Acute
2026-06-19 09:36:51 +0200: Memory Usage (892816K) : Executing rule pempoly_drw_Acute
2026-06-19 09:36:51 +0200: Memory Usage (892816K) : Executing rule fbe_drw_Acute
2026-06-19 09:36:51 +0200: Memory Usage (892816K) : Executing rule empoly_drw_Acute
2026-06-19 09:36:51 +0200: Memory Usage (892816K) : Executing rule ldmos_drw_Acute
2026-06-19 09:36:51 +0200: Memory Usage (892816K) : Executing rule pbiwind_drw_Acute
2026-06-19 09:36:51 +0200: Memory Usage (892816K) : Executing rule colopen_drw_Acute
2026-06-19 09:36:51 +0200: Memory Usage (892816K) : Executing rule extblock_drw_Acute
2026-06-19 09:36:51 +0200: Memory Usage (892816K) : Executing rule nldd_drw_Acute
2026-06-19 09:36:51 +0200: Memory Usage (892816K) : Executing rule pldd_drw_Acute
2026-06-19 09:36:51 +0200: Memory Usage (892816K) : Executing rule next_drw_Acute
2026-06-19 09:36:51 +0200: Memory Usage (892816K) : Executing rule pext_drw_Acute
2026-06-19 09:36:51 +0200: Memory Usage (892816K) : Executing rule nexthv_drw_Acute
2026-06-19 09:36:51 +0200: Memory Usage (892816K) : Executing rule pexthv_drw_Acute
2026-06-19 09:36:51 +0200: Memory Usage (892816K) : Executing rule graphgate_drw_Acute
2026-06-19 09:36:51 +0200: Memory Usage (892816K) : Executing rule mempad_drw_Acute
2026-06-19 09:36:51 +0200: Memory Usage (892816K) : Executing rule topvia1_drw_Acute
2026-06-19 09:36:51 +0200: Memory Usage (892816K) : Executing rule topmetal1_drw_Acute
2026-06-19 09:36:51 +0200: Memory Usage (892816K) : Executing rule topmetal1_pin_Acute
2026-06-19 09:36:52 +0200: Memory Usage (892816K) : Executing rule topmetal1_mask_Acute
2026-06-19 09:36:52 +0200: Memory Usage (892816K) : Executing rule topmetal1_filler_Acute
2026-06-19 09:36:52 +0200: Memory Usage (892816K) : Executing rule topmetal1_nofill_Acute
2026-06-19 09:36:52 +0200: Memory Usage (892816K) : Executing rule topmetal1_slit_Acute
2026-06-19 09:36:52 +0200: Memory Usage (892816K) : Executing rule topmetal1_noqrc_Acute
2026-06-19 09:36:52 +0200: Memory Usage (892816K) : Executing rule topmetal1_res_Acute
2026-06-19 09:36:52 +0200: Memory Usage (892816K) : Executing rule topmetal1_iprobe_Acute
2026-06-19 09:36:52 +0200: Memory Usage (892816K) : Executing rule topmetal1_diffprb_Acute
2026-06-19 09:36:52 +0200: Memory Usage (892816K) : Executing rule inldpwl_drw_Acute
2026-06-19 09:36:52 +0200: Memory Usage (892816K) : Executing rule polyres_drw_Acute
2026-06-19 09:36:52 +0200: Memory Usage (892816K) : Executing rule polyres_pin_Acute
2026-06-19 09:36:52 +0200: Memory Usage (892816K) : Executing rule vmim_drw_Acute
2026-06-19 09:36:52 +0200: Memory Usage (892816K) : Executing rule nbulaycut_drw_Acute
2026-06-19 09:36:52 +0200: Memory Usage (892816K) : Executing rule antmetal1_drw_Acute
2026-06-19 09:36:52 +0200: Memory Usage (892816K) : Executing rule topvia2_drw_Acute
2026-06-19 09:36:52 +0200: Memory Usage (892816K) : Executing rule topmetal2_drw_Acute
2026-06-19 09:36:52 +0200: Memory Usage (892816K) : Executing rule topmetal2_pin_Acute
2026-06-19 09:36:52 +0200: Memory Usage (892816K) : Executing rule topmetal2_mask_Acute
2026-06-19 09:36:52 +0200: Memory Usage (892816K) : Executing rule topmetal2_filler_Acute
2026-06-19 09:36:52 +0200: Memory Usage (892816K) : Executing rule topmetal2_nofill_Acute
2026-06-19 09:36:52 +0200: Memory Usage (892816K) : Executing rule topmetal2_slit_Acute
2026-06-19 09:36:53 +0200: Memory Usage (892816K) : Executing rule topmetal2_noqrc_Acute
2026-06-19 09:36:53 +0200: Memory Usage (892816K) : Executing rule topmetal2_res_Acute
2026-06-19 09:36:53 +0200: Memory Usage (892816K) : Executing rule topmetal2_iprobe_Acute
2026-06-19 09:36:53 +0200: Memory Usage (892816K) : Executing rule topmetal2_diffprb_Acute
2026-06-19 09:36:53 +0200: Memory Usage (892816K) : Executing rule snsring_drw_Acute
2026-06-19 09:36:53 +0200: Memory Usage (892816K) : Executing rule sensor_drw_Acute
2026-06-19 09:36:53 +0200: Memory Usage (892816K) : Executing rule snsarms_drw_Acute
2026-06-19 09:36:53 +0200: Memory Usage (892816K) : Executing rule snscmosvia_drw_Acute
2026-06-19 09:36:53 +0200: Memory Usage (892816K) : Executing rule colwind_drw_Acute
2026-06-19 09:36:53 +0200: Memory Usage (892816K) : Executing rule flm_drw_Acute
2026-06-19 09:36:53 +0200: Memory Usage (892816K) : Executing rule hafniumox_drw_Acute
2026-06-19 09:36:53 +0200: Memory Usage (892816K) : Executing rule memvia_drw_Acute
2026-06-19 09:36:53 +0200: Memory Usage (892816K) : Executing rule thinfilmres_drw_Acute
2026-06-19 09:36:53 +0200: Memory Usage (892816K) : Executing rule rfmem_drw_Acute
2026-06-19 09:36:53 +0200: Memory Usage (892816K) : Executing rule snsbotvia_drw_Acute
2026-06-19 09:36:53 +0200: Memory Usage (892816K) : Executing rule snstopvia_drw_Acute
2026-06-19 09:36:53 +0200: Memory Usage (892816K) : Executing rule deepvia_drw_Acute
2026-06-19 09:36:53 +0200: Memory Usage (892816K) : Executing rule fgetch_drw_Acute
2026-06-19 09:36:53 +0200: Memory Usage (892816K) : Executing rule ctrgat_drw_Acute
2026-06-19 09:36:53 +0200: Memory Usage (892816K) : Executing rule fgimp_drw_Acute
2026-06-19 09:36:53 +0200: Memory Usage (892816K) : Executing rule emwihv_drw_Acute
2026-06-19 09:36:53 +0200: Memory Usage (892816K) : Executing rule lbe_drw_Acute
2026-06-19 09:36:53 +0200: Memory Usage (892816K) : Executing rule alcustop_drw_Acute
2026-06-19 09:36:53 +0200: Memory Usage (892816K) : Executing rule cont_drw_Angle90
2026-06-19 09:37:03 +0200: Memory Usage (1196412K) : Executing rule via1_drw_Angle90
2026-06-19 09:37:03 +0200: Memory Usage (1196588K) : Executing rule via2_drw_Angle90
2026-06-19 09:37:03 +0200: Memory Usage (1196588K) : Executing rule via3_drw_Angle90
2026-06-19 09:37:04 +0200: Memory Usage (1133632K) : Executing rule via4_drw_Angle90
2026-06-19 09:37:04 +0200: Memory Usage (1133632K) : Executing rule vmim_drw_Angle90
2026-06-19 09:37:04 +0200: Memory Usage (1133632K) : Executing rule topvia1_drw_Angle90
2026-06-19 09:37:04 +0200: Memory Usage (1133632K) : Executing rule topvia2_drw_Angle90
2026-06-19 09:37:04 +0200: Memory Usage (1133632K) : Executing rule gatpoly_drw_Angle45
2026-06-19 09:37:04 +0200: Memory Usage (1133632K) : Executing rule activ_drw_Angle45
2026-06-19 09:37:07 +0200: Memory Usage (1138492K) : Executing rule metal1_drw_Angle45
2026-06-19 09:37:14 +0200: Memory Usage (1160012K) : Executing rule metal2_drw_Angle45
2026-06-19 09:37:15 +0200: Memory Usage (1160892K) : Executing rule metal3_drw_Angle45
2026-06-19 09:37:16 +0200: Memory Usage (1161068K) : Executing rule metal4_drw_Angle45
2026-06-19 09:37:16 +0200: Memory Usage (1161068K) : Executing rule metal5_drw_Angle45
2026-06-19 09:37:16 +0200: Memory Usage (1161244K) : Executing rule topmetal1_drw_Angle45
2026-06-19 09:37:16 +0200: Memory Usage (1161240K) : Executing rule topmetal2_drw_Angle45
2026-06-19 09:37:16 +0200: Memory Usage (1161416K) : Starting 3.2. FORBIDDEN table
2026-06-19 09:37:16 +0200: Memory Usage (1161416K) : Executing rule forbidden.biwind
2026-06-19 09:37:16 +0200: Memory Usage (1161416K) : Executing rule forbidden.pemwind
2026-06-19 09:37:16 +0200: Memory Usage (1161416K) : Executing rule forbidden.baspoly
2026-06-19 09:37:16 +0200: Memory Usage (1161416K) : Executing rule forbidden.deepco
2026-06-19 09:37:16 +0200: Memory Usage (1161416K) : Executing rule forbidden.pempoly
2026-06-19 09:37:16 +0200: Memory Usage (1161416K) : Executing rule forbidden.empoly
2026-06-19 09:37:16 +0200: Memory Usage (1161416K) : Executing rule forbidden.ldmos
2026-06-19 09:37:16 +0200: Memory Usage (1161416K) : Executing rule forbidden.pbiwind
2026-06-19 09:37:16 +0200: Memory Usage (1161416K) : Executing rule forbidden.nodrc
2026-06-19 09:37:16 +0200: Memory Usage (1161416K) : Executing rule forbidden.flash
2026-06-19 09:37:16 +0200: Memory Usage (1161416K) : Executing rule forbidden.colwind
2026-06-19 09:37:17 +0200: Memory Usage (1161416K) : KLayout DRC run for tables 'main' completed in 106.44 seconds
