+ analyze_power_grid -net VPWR -voltage_file /foss/designs/sky130_characterization/openlane/characterization_top/runs/RUN_2026-06-19_09-25-21/56-openroad-irdropreport/net-VPWR.csv
[INFO PSM-0040] All shapes on net VPWR are connected.
########## IR report #################
Net              : VPWR
Corner           : nom_typ_1p20V_25C
Total power      : 2.34e-03 W
Supply voltage   : 1.20e+00 V
Worstcase voltage: 1.20e+00 V
Average voltage  : 1.20e+00 V
Average IR drop  : 3.44e-05 V
Worstcase IR drop: 6.96e-04 V
Percentage drop  : 0.06 %
######################################
+ analyze_power_grid -net VGND -voltage_file /foss/designs/sky130_characterization/openlane/characterization_top/runs/RUN_2026-06-19_09-25-21/56-openroad-irdropreport/net-VGND.csv
[INFO PSM-0040] All shapes on net VGND are connected.
########## IR report #################
Net              : VGND
Corner           : nom_typ_1p20V_25C
Total power      : 2.34e-03 W
Supply voltage   : 0.00e+00 V
Worstcase voltage: 1.23e-03 V
Average voltage  : 3.14e-05 V
Average IR drop  : 3.14e-05 V
Worstcase IR drop: 1.23e-03 V
Percentage drop  : 0.10 %
######################################
