+ define_corners min_ff_n40C_1v95
Reading timing models for corner min_ff_n40C_1v95…
Reading cell library for the 'min_ff_n40C_1v95' corner at '/foss/pdks/sky130A/libs.ref/sky130_fd_sc_hd/lib/sky130_fd_sc_hd__ff_n40C_1v95.lib'…
Reading top-level netlist at '/foss/designs/sky130_characterization/openlane/delay_chain_physical_top/runs/RUN_2026-07-07_15-42-53/52-openroad-fillinsertion/delay_chain_physical_top.nl.v'…
Linking design 'delay_chain_physical_top' from netlist…
Warning: /foss/designs/sky130_characterization/openlane/delay_chain_physical_top/runs/RUN_2026-07-07_15-42-53/52-openroad-fillinsertion/delay_chain_physical_top.nl.v line 50, module sky130_fd_sc_hd__fill_1 not found. Creating black box for FILLER_0_27.
Warning: /foss/designs/sky130_characterization/openlane/delay_chain_physical_top/runs/RUN_2026-07-07_15-42-53/52-openroad-fillinsertion/delay_chain_physical_top.nl.v line 186, module sky130_fd_sc_hd__fill_2 not found. Creating black box for FILLER_11_54.
Warning: /foss/designs/sky130_characterization/openlane/delay_chain_physical_top/runs/RUN_2026-07-07_15-42-53/52-openroad-fillinsertion/delay_chain_physical_top.nl.v line 1833, module sky130_fd_sc_hd__tapvpwrvgnd_1 not found. Creating black box for TAP_TAPCELL_ROW_0_56.
Reading design constraints file at '/usr/local/lib/python3.12/dist-packages/librelane/scripts/base.sdc'…
Warning: base.sdc line 15, port 'null' not found.
[INFO] Using clock null…
[INFO] Setting output delay to: 2
[INFO] Setting input delay to: 2
Warning: base.sdc line 32, port 'null' not found.
[INFO] Setting load to: 0.033442
[INFO] Setting clock uncertainty to: 0.25
[INFO] Setting clock transition to: 0.1499999999999999944488848768742172978818416595458984375
Warning: base.sdc line 69, transition time can not be specified for virtual clocks.
[INFO] Setting timing derate to: 5%
Warning: base.sdc line 79, virtual clock null can not be propagated.
Reading top-level design parasitics for the 'min_ff_n40C_1v95' corner at '/foss/designs/sky130_characterization/openlane/delay_chain_physical_top/runs/RUN_2026-07-07_15-42-53/54-openroad-rcx/min/delay_chain_physical_top.min.spef'…
%OL_CREATE_REPORT min.rpt

===========================================================================
report_checks -path_delay min (Hold)
============================================================================
======================= min_ff_n40C_1v95 Corner ===================================

Startpoint: in (input port clocked by null)
Endpoint: out (output port clocked by null)
Path Group: null
Path Type: min

Fanout         Cap        Slew       Delay        Time   Description
---------------------------------------------------------------------------------------------
                      0.000000    0.000000    0.000000   clock null (rise edge)
                                  0.000000    0.000000   clock network delay (ideal)
                                  2.000000    2.000000 ^ input external delay
     1    0.006788    0.027675    0.017280    2.017280 ^ in (in)
                                                         in (net)
                      0.027675    0.000000    2.017280 ^ u0/A (sky130_fd_sc_hd__buf_2)
     1    0.002146    0.017140    0.055417    2.072696 ^ u0/X (sky130_fd_sc_hd__buf_2)
                                                         n0 (net)
                      0.017140    0.000011    2.072707 ^ u1/A (sky130_fd_sc_hd__buf_2)
     1    0.002146    0.017132    0.052347    2.125054 ^ u1/X (sky130_fd_sc_hd__buf_2)
                                                         n1 (net)
                      0.017132    0.000011    2.125064 ^ u2/A (sky130_fd_sc_hd__buf_2)
     1    0.002214    0.017334    0.052542    2.177606 ^ u2/X (sky130_fd_sc_hd__buf_2)
                                                         n2 (net)
                      0.017334    0.000020    2.177626 ^ u3/A (sky130_fd_sc_hd__buf_2)
     1    0.002179    0.017231    0.052499    2.230125 ^ u3/X (sky130_fd_sc_hd__buf_2)
                                                         n3 (net)
                      0.017231    0.000011    2.230136 ^ u4/A (sky130_fd_sc_hd__buf_2)
     1    0.002146    0.017132    0.052373    2.282509 ^ u4/X (sky130_fd_sc_hd__buf_2)
                                                         n4 (net)
                      0.017132    0.000011    2.282520 ^ u5/A (sky130_fd_sc_hd__buf_2)
     1    0.002146    0.017132    0.052345    2.334864 ^ u5/X (sky130_fd_sc_hd__buf_2)
                                                         n5 (net)
                      0.017132    0.000011    2.334875 ^ u6/A (sky130_fd_sc_hd__buf_2)
     1    0.002100    0.016996    0.052210    2.387084 ^ u6/X (sky130_fd_sc_hd__buf_2)
                                                         n6 (net)
                      0.016996    0.000010    2.387094 ^ u7/A (sky130_fd_sc_hd__buf_2)
     1    0.002146    0.017132    0.052306    2.439400 ^ u7/X (sky130_fd_sc_hd__buf_2)
                                                         n7 (net)
                      0.017132    0.000011    2.439411 ^ u8/A (sky130_fd_sc_hd__buf_2)
     1    0.005426    0.027360    0.061713    2.501124 ^ u8/X (sky130_fd_sc_hd__buf_2)
                                                         net1 (net)
                      0.027360    0.000118    2.501242 ^ output1/A (sky130_fd_sc_hd__clkdlybuf4s25_1)
     1    0.034248    0.259211    0.317429    2.818672 ^ output1/X (sky130_fd_sc_hd__clkdlybuf4s25_1)
                                                         out (net)
                      0.259211    0.000212    2.818884 ^ out (out)
                                              2.818884   data arrival time

                      0.000000    0.000000    0.000000   clock null (rise edge)
                                  0.000000    0.000000   clock network delay (ideal)
                                  0.250000    0.250000   clock uncertainty
                                  0.000000    0.250000   clock reconvergence pessimism
                                 -2.000000   -1.750000   output external delay
                                             -1.750000   data required time
---------------------------------------------------------------------------------------------
                                             -1.750000   data required time
                                             -2.818884   data arrival time
---------------------------------------------------------------------------------------------
                                              4.568884   slack (MET)



%OL_END_REPORT
%OL_CREATE_REPORT max.rpt

===========================================================================
report_checks -path_delay max (Setup)
============================================================================
======================= min_ff_n40C_1v95 Corner ===================================

Startpoint: in (input port clocked by null)
Endpoint: out (output port clocked by null)
Path Group: null
Path Type: max

Fanout         Cap        Slew       Delay        Time   Description
---------------------------------------------------------------------------------------------
                      0.000000    0.000000    0.000000   clock null (rise edge)
                                  0.000000    0.000000   clock network delay (ideal)
                                  2.000000    2.000000 v input external delay
     1    0.006629    0.010851    0.006078    2.006078 v in (in)
                                                         in (net)
                      0.010851    0.000000    2.006078 v u0/A (sky130_fd_sc_hd__buf_2)
     1    0.001987    0.015646    0.061648    2.067726 v u0/X (sky130_fd_sc_hd__buf_2)
                                                         n0 (net)
                      0.015646    0.000010    2.067736 v u1/A (sky130_fd_sc_hd__buf_2)
     1    0.001987    0.015643    0.063332    2.131068 v u1/X (sky130_fd_sc_hd__buf_2)
                                                         n1 (net)
                      0.015643    0.000010    2.131077 v u2/A (sky130_fd_sc_hd__buf_2)
     1    0.002055    0.015750    0.063500    2.194577 v u2/X (sky130_fd_sc_hd__buf_2)
                                                         n2 (net)
                      0.015750    0.000018    2.194596 v u3/A (sky130_fd_sc_hd__buf_2)
     1    0.002020    0.015695    0.063452    2.258047 v u3/X (sky130_fd_sc_hd__buf_2)
                                                         n3 (net)
                      0.015695    0.000010    2.258058 v u4/A (sky130_fd_sc_hd__buf_2)
     1    0.001987    0.015643    0.063349    2.321407 v u4/X (sky130_fd_sc_hd__buf_2)
                                                         n4 (net)
                      0.015643    0.000010    2.321417 v u5/A (sky130_fd_sc_hd__buf_2)
     1    0.001987    0.015643    0.063331    2.384748 v u5/X (sky130_fd_sc_hd__buf_2)
                                                         n5 (net)
                      0.015643    0.000010    2.384758 v u6/A (sky130_fd_sc_hd__buf_2)
     1    0.001941    0.015571    0.063216    2.447973 v u6/X (sky130_fd_sc_hd__buf_2)
                                                         n6 (net)
                      0.015571    0.000009    2.447983 v u7/A (sky130_fd_sc_hd__buf_2)
     1    0.001987    0.015643    0.063306    2.511288 v u7/X (sky130_fd_sc_hd__buf_2)
                                                         n7 (net)
                      0.015643    0.000010    2.511298 v u8/A (sky130_fd_sc_hd__buf_2)
     1    0.005200    0.020989    0.071014    2.582312 v u8/X (sky130_fd_sc_hd__buf_2)
                                                         net1 (net)
                      0.020994    0.000111    2.582424 v output1/A (sky130_fd_sc_hd__clkdlybuf4s25_1)
     1    0.034248    0.175177    0.272735    2.855158 v output1/X (sky130_fd_sc_hd__clkdlybuf4s25_1)
                                                         out (net)
                      0.175177    0.000212    2.855371 v out (out)
                                              2.855371   data arrival time

                      0.000000   10.000000   10.000000   clock null (rise edge)
                                  0.000000   10.000000   clock network delay (ideal)
                                 -0.250000    9.750000   clock uncertainty
                                  0.000000    9.750000   clock reconvergence pessimism
                                 -2.000000    7.750000   output external delay
                                              7.750000   data required time
---------------------------------------------------------------------------------------------
                                              7.750000   data required time
                                             -2.855371   data arrival time
---------------------------------------------------------------------------------------------
                                              4.894630   slack (MET)



%OL_END_REPORT
%OL_CREATE_REPORT checks.rpt

===========================================================================
report_checks -unconstrained
===========================================================================
======================= min_ff_n40C_1v95 Corner ===================================

Startpoint: in (input port clocked by null)
Endpoint: out (output port clocked by null)
Path Group: null
Path Type: max

Fanout         Cap        Slew       Delay        Time   Description
---------------------------------------------------------------------------------------------
                      0.000000    0.000000    0.000000   clock null (rise edge)
                                  0.000000    0.000000   clock network delay (ideal)
                                  2.000000    2.000000 v input external delay
     1    0.006629    0.010851    0.006078    2.006078 v in (in)
                                                         in (net)
                      0.010851    0.000000    2.006078 v u0/A (sky130_fd_sc_hd__buf_2)
     1    0.001987    0.015646    0.061648    2.067726 v u0/X (sky130_fd_sc_hd__buf_2)
                                                         n0 (net)
                      0.015646    0.000010    2.067736 v u1/A (sky130_fd_sc_hd__buf_2)
     1    0.001987    0.015643    0.063332    2.131068 v u1/X (sky130_fd_sc_hd__buf_2)
                                                         n1 (net)
                      0.015643    0.000010    2.131077 v u2/A (sky130_fd_sc_hd__buf_2)
     1    0.002055    0.015750    0.063500    2.194577 v u2/X (sky130_fd_sc_hd__buf_2)
                                                         n2 (net)
                      0.015750    0.000018    2.194596 v u3/A (sky130_fd_sc_hd__buf_2)
     1    0.002020    0.015695    0.063452    2.258047 v u3/X (sky130_fd_sc_hd__buf_2)
                                                         n3 (net)
                      0.015695    0.000010    2.258058 v u4/A (sky130_fd_sc_hd__buf_2)
     1    0.001987    0.015643    0.063349    2.321407 v u4/X (sky130_fd_sc_hd__buf_2)
                                                         n4 (net)
                      0.015643    0.000010    2.321417 v u5/A (sky130_fd_sc_hd__buf_2)
     1    0.001987    0.015643    0.063331    2.384748 v u5/X (sky130_fd_sc_hd__buf_2)
                                                         n5 (net)
                      0.015643    0.000010    2.384758 v u6/A (sky130_fd_sc_hd__buf_2)
     1    0.001941    0.015571    0.063216    2.447973 v u6/X (sky130_fd_sc_hd__buf_2)
                                                         n6 (net)
                      0.015571    0.000009    2.447983 v u7/A (sky130_fd_sc_hd__buf_2)
     1    0.001987    0.015643    0.063306    2.511288 v u7/X (sky130_fd_sc_hd__buf_2)
                                                         n7 (net)
                      0.015643    0.000010    2.511298 v u8/A (sky130_fd_sc_hd__buf_2)
     1    0.005200    0.020989    0.071014    2.582312 v u8/X (sky130_fd_sc_hd__buf_2)
                                                         net1 (net)
                      0.020994    0.000111    2.582424 v output1/A (sky130_fd_sc_hd__clkdlybuf4s25_1)
     1    0.034248    0.175177    0.272735    2.855158 v output1/X (sky130_fd_sc_hd__clkdlybuf4s25_1)
                                                         out (net)
                      0.175177    0.000212    2.855371 v out (out)
                                              2.855371   data arrival time

                      0.000000   10.000000   10.000000   clock null (rise edge)
                                  0.000000   10.000000   clock network delay (ideal)
                                 -0.250000    9.750000   clock uncertainty
                                  0.000000    9.750000   clock reconvergence pessimism
                                 -2.000000    7.750000   output external delay
                                              7.750000   data required time
---------------------------------------------------------------------------------------------
                                              7.750000   data required time
                                             -2.855371   data arrival time
---------------------------------------------------------------------------------------------
                                              4.894630   slack (MET)




===========================================================================
report_checks --slack_max -0.01
============================================================================
======================= min_ff_n40C_1v95 Corner ===================================

No paths found.


===========================================================================
 report_check_types -max_slew -max_cap -max_fanout -violators
============================================================================
======================= min_ff_n40C_1v95 Corner ===================================



===========================================================================
report_parasitic_annotation -report_unannotated
============================================================================
Found 0 unannotated drivers.
Found 0 partially unannotated drivers.

===========================================================================
max slew violation count 0
%OL_METRIC_I design__max_slew_violation__count__corner:min_ff_n40C_1v95 0
max fanout violation count 0
%OL_METRIC_I design__max_fanout_violation__count__corner:min_ff_n40C_1v95 0
max cap violation count 0
%OL_METRIC_I design__max_cap_violation__count__corner:min_ff_n40C_1v95 0
============================================================================

===========================================================================
check_setup -verbose -unconstrained_endpoints -multiple_clock -no_clock -no_input_delay -loops -generated_clocks
===========================================================================
%OL_END_REPORT
%OL_CREATE_REPORT power.rpt

===========================================================================
 report_power
============================================================================
======================= min_ff_n40C_1v95 Corner ===================================

Group                    Internal    Switching      Leakage        Total
                            Power        Power        Power        Power (Watts)
------------------------------------------------------------------------
Sequential           0.000000e+00 0.000000e+00 0.000000e+00 0.000000e+00   0.0%
Combinational        1.621998e-06 1.081761e-06 9.861780e-11 2.703858e-06  99.8%
Clock                0.000000e+00 0.000000e+00 6.528752e-09 6.528752e-09   0.2%
Macro                0.000000e+00 0.000000e+00 0.000000e+00 0.000000e+00   0.0%
Pad                  0.000000e+00 0.000000e+00 0.000000e+00 0.000000e+00   0.0%
------------------------------------------------------------------------
Total                1.621998e-06 1.081761e-06 6.627369e-09 2.710387e-06 100.0%
                            59.8%        39.9%         0.2%
%OL_METRIC_F power__internal__total 1.6219983081100509e-6
%OL_METRIC_F power__switching__total 1.081761070054199e-6
%OL_METRIC_F power__leakage__total 6.627369320000298e-9
%OL_METRIC_F power__total 2.7103867523692315e-6

%OL_END_REPORT
%OL_CREATE_REPORT skew.min.rpt

===========================================================================
Clock Skew (Hold)
============================================================================
%OL_METRIC_F clock__skew__worst_hold__corner:min_ff_n40C_1v95 0.0
======================= min_ff_n40C_1v95 Corner ===================================

Clock null
No launch/capture paths found.

%OL_END_REPORT
%OL_CREATE_REPORT skew.max.rpt

===========================================================================
Clock Skew (Setup)
============================================================================
%OL_METRIC_F clock__skew__worst_setup__corner:min_ff_n40C_1v95 0.0
======================= min_ff_n40C_1v95 Corner ===================================

Clock null
No launch/capture paths found.

%OL_END_REPORT
%OL_CREATE_REPORT ws.min.rpt

===========================================================================
Worst Slack (Hold)
============================================================================
%OL_METRIC_F timing__hold__ws__corner:min_ff_n40C_1v95 4.568884067066798
min_ff_n40C_1v95: 4.568884067066798
%OL_END_REPORT
%OL_CREATE_REPORT ws.max.rpt

===========================================================================
Worst Slack (Setup)
============================================================================
%OL_METRIC_F timing__setup__ws__corner:min_ff_n40C_1v95 4.894629728953474
min_ff_n40C_1v95: 4.894629728953474
%OL_END_REPORT
%OL_CREATE_REPORT tns.min.rpt

===========================================================================
Total Negative Slack (Hold)
============================================================================
%OL_METRIC_F timing__hold__tns__corner:min_ff_n40C_1v95 0.0
min_ff_n40C_1v95: 0.0
%OL_END_REPORT
%OL_CREATE_REPORT tns.max.rpt

===========================================================================
Total Negative Slack (Setup)
============================================================================
%OL_METRIC_F timing__setup__tns__corner:min_ff_n40C_1v95 0.0
min_ff_n40C_1v95: 0.0
%OL_END_REPORT
%OL_CREATE_REPORT wns.min.rpt

===========================================================================
Worst Negative Slack (Hold)
============================================================================
%OL_METRIC_F timing__hold__wns__corner:min_ff_n40C_1v95 0
min_ff_n40C_1v95: 0
%OL_END_REPORT
%OL_CREATE_REPORT wns.max.rpt

===========================================================================
Worst Negative Slack (Setup)
============================================================================
%OL_METRIC_F timing__setup__wns__corner:min_ff_n40C_1v95 0.0
min_ff_n40C_1v95: 0.0
%OL_END_REPORT
%OL_CREATE_REPORT violator_list.rpt

===========================================================================
Violator List
============================================================================
%OL_METRIC_I timing__hold_vio__count__corner:min_ff_n40C_1v95 0
%OL_METRIC_F timing__hold_r2r__ws__corner:min_ff_n40C_1v95 inf
%OL_METRIC_I timing__hold_r2r_vio__count__corner:min_ff_n40C_1v95 0
%OL_METRIC_I timing__setup_vio__count__corner:min_ff_n40C_1v95 0
%OL_METRIC_F timing__setup_r2r__ws__corner:min_ff_n40C_1v95 inf
%OL_METRIC_I timing__setup_r2r_vio__count__corner:min_ff_n40C_1v95 0
%OL_END_REPORT
%OL_CREATE_REPORT unpropagated.rpt
null
%OL_END_REPORT
%OL_CREATE_REPORT clock.rpt
Clock: null
Sources: 
Generated: no
Virtual: yes
Propagated: no
Period: 10.000000

===========================================================================
report_clock_properties
============================================================================
Clock                   Period          Waveform
----------------------------------------------------
null                 10.000000    0.000000  5.000000

===========================================================================
report_clock_latency
============================================================================
Clock null


===========================================================================
report_clock_min_period
============================================================================
null period_min = 0.00 fmax = inf
%OL_END_REPORT
Writing SDF files for all corners…
Removing Clock latencies before writing libs…
Writing timing models for all corners…
Writing timing models for the min_ff_n40C_1v95 corner to /foss/designs/sky130_characterization/openlane/delay_chain_physical_top/runs/RUN_2026-07-07_15-42-53/55-openroad-stapostpnr/min_ff_n40C_1v95/delay_chain_physical_top__min_ff_n40C_1v95.lib…
