
 /----------------------------------------------------------------------------\
 |  yosys -- Yosys Open SYnthesis Suite                                       |
 |  Copyright (C) 2012 - 2026  Claire Xenia Wolf <claire@yosyshq.com>         |
 |  Distributed under an ISC-like license, type "license" to see terms        |
 \----------------------------------------------------------------------------/
 Yosys 0.65 (git sha1 b85cad634, g++ 13.3.0-6ubuntu2~24.04.1 -fPIC -O3)

1. Executing Liberty frontend: /foss/pdks/sky130A/libs.ref/sky130_fd_sc_hd/lib/sky130_fd_sc_hd__tt_025C_1v80.lib
Imported 428 cell types from liberty file.
[INFO] Using SDC file '/foss/designs/sky130_characterization/openlane/characterization_top_sky130/runs/RUN_2026-06-23_12-08-15/06-yosys-synthesis/synthesis.abc.sdc' for ABC…wtaf

2. Executing Verilog-2005 frontend: /foss/designs/sky130_characterization/rtl/ro_counter.v
Parsing SystemVerilog input from `/foss/designs/sky130_characterization/rtl/ro_counter.v' to AST representation.
Storing AST representation for module `$abstract\ro_counter'.
Successfully finished Verilog frontend.

3. Executing Verilog-2005 frontend: /foss/designs/sky130_characterization/rtl/delay_chain_block.v
Parsing SystemVerilog input from `/foss/designs/sky130_characterization/rtl/delay_chain_block.v' to AST representation.
Storing AST representation for module `$abstract\delay_chain_block'.
Successfully finished Verilog frontend.

4. Executing Verilog-2005 frontend: /foss/designs/sky130_characterization/rtl/characterization_top.v
Parsing SystemVerilog input from `/foss/designs/sky130_characterization/rtl/characterization_top.v' to AST representation.
Storing AST representation for module `$abstract\characterization_top'.
Successfully finished Verilog frontend.

5. Executing HIERARCHY pass (managing design hierarchy).

6. Executing AST frontend in derive mode using pre-parsed AST for module `\characterization_top'.
Generating RTLIL representation for module `\characterization_top'.

6.1. Analyzing design hierarchy..
Top module:  \characterization_top

6.2. Executing AST frontend in derive mode using pre-parsed AST for module `\delay_chain_block'.
Generating RTLIL representation for module `\delay_chain_block'.

6.3. Executing AST frontend in derive mode using pre-parsed AST for module `\ro_counter'.
Generating RTLIL representation for module `\ro_counter'.

6.4. Analyzing design hierarchy..
Top module:  \characterization_top
Used module:     \delay_chain_block
Used module:     \ro_counter

6.5. Analyzing design hierarchy..
Top module:  \characterization_top
Used module:     \delay_chain_block
Used module:     \ro_counter
Removing unused module `$abstract\characterization_top'.
Removing unused module `$abstract\delay_chain_block'.
Removing unused module `$abstract\ro_counter'.
Removed 3 unused modules.
Renaming module characterization_top to characterization_top.

7. Executing ATTRMAP pass (move or copy attributes).

8. Executing TRIBUF pass.

9. Executing HIERARCHY pass (managing design hierarchy).

9.1. Analyzing design hierarchy..
Top module:  \characterization_top
Used module:     \delay_chain_block
Used module:     \ro_counter

9.2. Analyzing design hierarchy..
Top module:  \characterization_top
Used module:     \delay_chain_block
Used module:     \ro_counter
Removed 0 unused modules.

10. Executing PROC_CLEAN pass (remove empty switches from decision trees).
Cleaned up 0 empty switches.

11. Executing PROC_RMDEAD pass (remove dead branches from decision trees).
Marked 2 switch rules as full_case in process $proc$/foss/designs/sky130_characterization/rtl/characterization_top.v:110$22 in module characterization_top.
Marked 4 switch rules as full_case in process $proc$/foss/designs/sky130_characterization/rtl/delay_chain_block.v:34$25 in module delay_chain_block.
Marked 5 switch rules as full_case in process $proc$/foss/designs/sky130_characterization/rtl/ro_counter.v:43$42 in module ro_counter.
Removed a total of 0 dead cases.

12. Executing PROC_PRUNE pass (remove redundant assignments in processes).
Removed 5 redundant assignments.
Promoted 0 assignments to connections.

13. Executing PROC_INIT pass (extract init attributes).

14. Executing PROC_ARST pass (detect async resets in processes).
Found async reset \rst in `\characterization_top.$proc$/foss/designs/sky130_characterization/rtl/characterization_top.v:110$22'.
Found async reset \rst in `\delay_chain_block.$proc$/foss/designs/sky130_characterization/rtl/delay_chain_block.v:34$25'.
Found async reset \rst in `\ro_counter.$proc$/foss/designs/sky130_characterization/rtl/ro_counter.v:43$42'.

15. Executing PROC_ROM pass (convert switches to ROMs).
Converted 0 switches.
<suppressed ~21 debug messages>

16. Executing PROC_MUX pass (convert decision trees to multiplexers).
Creating decoders for process `\characterization_top.$proc$/foss/designs/sky130_characterization/rtl/characterization_top.v:110$22'.
     1/30: $0\corner_class_reg[2:0] [2]
     2/30: $0\corner_class_reg[2:0] [1]
     3/30: $0\corner_class_reg[2:0] [0]
     4/30: $0\status_reg[7:0] [6]
     5/30: $0\status_reg[7:0] [5]
     6/30: $0\status_reg[7:0] [4]
     7/30: $0\clock_status_reg[7:0] [5]
     8/30: $0\clock_status_reg[7:0] [4]
     9/30: $0\clock_status_reg[7:0] [3]
    10/30: $0\clock_status_reg[7:0] [2]
    11/30: $0\clock_status_reg[7:0] [1]
    12/30: $0\clock_status_reg[7:0] [0]
    13/30: $0\status_reg[7:0] [3]
    14/30: $0\status_reg[7:0] [2]
    15/30: $0\status_reg[7:0] [0]
    16/30: $0\status_reg[7:0] [1]
    17/30: $0\ro_start[0:0]
    18/30: $0\start_prev[0:0]
    19/30: $0\state[2:0]
    20/30: $0\done[0:0]
    21/30: $0\busy[0:0]
    22/30: $0\status_reg[7:0] [7]
    23/30: $0\clock_status_reg[7:0] [7:6]
    24/30: $0\delay_start[0:0]
    25/30: $0\delay_count_reg_2[15:0]
    26/30: $0\delay_count_reg_1[15:0]
    27/30: $0\delay_count_reg_0[15:0]
    28/30: $0\ro_count_reg_2[7:0]
    29/30: $0\ro_count_reg_1[7:0]
    30/30: $0\ro_count_reg_0[7:0]
Creating decoders for process `\delay_chain_block.$proc$/foss/designs/sky130_characterization/rtl/delay_chain_block.v:34$25'.
     1/14: $0\start_prev[0:0]
     2/14: $0\chain_2_done[0:0]
     3/14: $0\chain_1_done[0:0]
     4/14: $0\chain_0_done[0:0]
     5/14: $0\chain_2[31:0]
     6/14: $0\chain_1[15:0]
     7/14: $0\chain_0[7:0]
     8/14: $0\cycle_count[15:0]
     9/14: $0\measuring[0:0]
    10/14: $0\delay_status[2:0]
    11/14: $0\delay_count_2[15:0]
    12/14: $0\delay_count_1[15:0]
    13/14: $0\delay_count_0[15:0]
    14/14: $0\done[0:0]
Creating decoders for process `\ro_counter.$proc$/foss/designs/sky130_characterization/rtl/ro_counter.v:43$42'.
     1/15: $0\start_prev[0:0]
     2/15: $0\prev_rclk_2[0:0]
     3/15: $0\prev_rclk_1[0:0]
     4/15: $0\prev_rclk_0[0:0]
     5/15: $0\count_2[7:0]
     6/15: $0\count_1[7:0]
     7/15: $0\count_0[7:0]
     8/15: $0\measurement_window[9:0]
     9/15: $0\measuring[0:0]
    10/15: $0\fault[0:0]
    11/15: $0\warning[0:0]
    12/15: $0\ro_count_2[7:0]
    13/15: $0\ro_count_1[7:0]
    14/15: $0\ro_count_0[7:0]
    15/15: $0\done[0:0]

17. Executing PROC_DLATCH pass (convert process syncs to latches).

18. Executing PROC_DFF pass (convert process syncs to FFs).
Creating register for signal `\characterization_top.\ro_count_reg_0' using process `\characterization_top.$proc$/foss/designs/sky130_characterization/rtl/characterization_top.v:110$22'.
  created $adff cell `$procdff$525' with positive edge clock and positive level reset.
Creating register for signal `\characterization_top.\ro_count_reg_1' using process `\characterization_top.$proc$/foss/designs/sky130_characterization/rtl/characterization_top.v:110$22'.
  created $adff cell `$procdff$528' with positive edge clock and positive level reset.
Creating register for signal `\characterization_top.\ro_count_reg_2' using process `\characterization_top.$proc$/foss/designs/sky130_characterization/rtl/characterization_top.v:110$22'.
  created $adff cell `$procdff$531' with positive edge clock and positive level reset.
Creating register for signal `\characterization_top.\delay_count_reg_0' using process `\characterization_top.$proc$/foss/designs/sky130_characterization/rtl/characterization_top.v:110$22'.
  created $adff cell `$procdff$534' with positive edge clock and positive level reset.
Creating register for signal `\characterization_top.\delay_count_reg_1' using process `\characterization_top.$proc$/foss/designs/sky130_characterization/rtl/characterization_top.v:110$22'.
  created $adff cell `$procdff$537' with positive edge clock and positive level reset.
Creating register for signal `\characterization_top.\delay_count_reg_2' using process `\characterization_top.$proc$/foss/designs/sky130_characterization/rtl/characterization_top.v:110$22'.
  created $adff cell `$procdff$540' with positive edge clock and positive level reset.
Creating register for signal `\characterization_top.\status_reg' using process `\characterization_top.$proc$/foss/designs/sky130_characterization/rtl/characterization_top.v:110$22'.
  created $adff cell `$procdff$543' with positive edge clock and positive level reset.
Creating register for signal `\characterization_top.\clock_status_reg' using process `\characterization_top.$proc$/foss/designs/sky130_characterization/rtl/characterization_top.v:110$22'.
  created $adff cell `$procdff$546' with positive edge clock and positive level reset.
Creating register for signal `\characterization_top.\corner_class_reg' using process `\characterization_top.$proc$/foss/designs/sky130_characterization/rtl/characterization_top.v:110$22'.
  created $adff cell `$procdff$549' with positive edge clock and positive level reset.
Creating register for signal `\characterization_top.\busy' using process `\characterization_top.$proc$/foss/designs/sky130_characterization/rtl/characterization_top.v:110$22'.
  created $adff cell `$procdff$552' with positive edge clock and positive level reset.
Creating register for signal `\characterization_top.\done' using process `\characterization_top.$proc$/foss/designs/sky130_characterization/rtl/characterization_top.v:110$22'.
  created $adff cell `$procdff$555' with positive edge clock and positive level reset.
Creating register for signal `\characterization_top.\state' using process `\characterization_top.$proc$/foss/designs/sky130_characterization/rtl/characterization_top.v:110$22'.
  created $adff cell `$procdff$558' with positive edge clock and positive level reset.
Creating register for signal `\characterization_top.\start_prev' using process `\characterization_top.$proc$/foss/designs/sky130_characterization/rtl/characterization_top.v:110$22'.
  created $adff cell `$procdff$561' with positive edge clock and positive level reset.
Creating register for signal `\characterization_top.\ro_start' using process `\characterization_top.$proc$/foss/designs/sky130_characterization/rtl/characterization_top.v:110$22'.
  created $adff cell `$procdff$564' with positive edge clock and positive level reset.
Creating register for signal `\characterization_top.\delay_start' using process `\characterization_top.$proc$/foss/designs/sky130_characterization/rtl/characterization_top.v:110$22'.
  created $adff cell `$procdff$567' with positive edge clock and positive level reset.
Creating register for signal `\delay_chain_block.\done' using process `\delay_chain_block.$proc$/foss/designs/sky130_characterization/rtl/delay_chain_block.v:34$25'.
  created $adff cell `$procdff$570' with positive edge clock and positive level reset.
Creating register for signal `\delay_chain_block.\start_prev' using process `\delay_chain_block.$proc$/foss/designs/sky130_characterization/rtl/delay_chain_block.v:34$25'.
  created $adff cell `$procdff$573' with positive edge clock and positive level reset.
Creating register for signal `\delay_chain_block.\delay_count_0' using process `\delay_chain_block.$proc$/foss/designs/sky130_characterization/rtl/delay_chain_block.v:34$25'.
  created $adff cell `$procdff$576' with positive edge clock and positive level reset.
Creating register for signal `\delay_chain_block.\delay_count_1' using process `\delay_chain_block.$proc$/foss/designs/sky130_characterization/rtl/delay_chain_block.v:34$25'.
  created $adff cell `$procdff$579' with positive edge clock and positive level reset.
Creating register for signal `\delay_chain_block.\delay_count_2' using process `\delay_chain_block.$proc$/foss/designs/sky130_characterization/rtl/delay_chain_block.v:34$25'.
  created $adff cell `$procdff$582' with positive edge clock and positive level reset.
Creating register for signal `\delay_chain_block.\delay_status' using process `\delay_chain_block.$proc$/foss/designs/sky130_characterization/rtl/delay_chain_block.v:34$25'.
  created $adff cell `$procdff$585' with positive edge clock and positive level reset.
Creating register for signal `\delay_chain_block.\measuring' using process `\delay_chain_block.$proc$/foss/designs/sky130_characterization/rtl/delay_chain_block.v:34$25'.
  created $adff cell `$procdff$588' with positive edge clock and positive level reset.
Creating register for signal `\delay_chain_block.\cycle_count' using process `\delay_chain_block.$proc$/foss/designs/sky130_characterization/rtl/delay_chain_block.v:34$25'.
  created $adff cell `$procdff$591' with positive edge clock and positive level reset.
Creating register for signal `\delay_chain_block.\chain_0' using process `\delay_chain_block.$proc$/foss/designs/sky130_characterization/rtl/delay_chain_block.v:34$25'.
  created $adff cell `$procdff$594' with positive edge clock and positive level reset.
Creating register for signal `\delay_chain_block.\chain_1' using process `\delay_chain_block.$proc$/foss/designs/sky130_characterization/rtl/delay_chain_block.v:34$25'.
  created $adff cell `$procdff$597' with positive edge clock and positive level reset.
Creating register for signal `\delay_chain_block.\chain_2' using process `\delay_chain_block.$proc$/foss/designs/sky130_characterization/rtl/delay_chain_block.v:34$25'.
  created $adff cell `$procdff$600' with positive edge clock and positive level reset.
Creating register for signal `\delay_chain_block.\chain_0_done' using process `\delay_chain_block.$proc$/foss/designs/sky130_characterization/rtl/delay_chain_block.v:34$25'.
  created $adff cell `$procdff$603' with positive edge clock and positive level reset.
Creating register for signal `\delay_chain_block.\chain_1_done' using process `\delay_chain_block.$proc$/foss/designs/sky130_characterization/rtl/delay_chain_block.v:34$25'.
  created $adff cell `$procdff$606' with positive edge clock and positive level reset.
Creating register for signal `\delay_chain_block.\chain_2_done' using process `\delay_chain_block.$proc$/foss/designs/sky130_characterization/rtl/delay_chain_block.v:34$25'.
  created $adff cell `$procdff$609' with positive edge clock and positive level reset.
Creating register for signal `\ro_counter.\done' using process `\ro_counter.$proc$/foss/designs/sky130_characterization/rtl/ro_counter.v:43$42'.
  created $adff cell `$procdff$612' with positive edge clock and positive level reset.
Creating register for signal `\ro_counter.\start_prev' using process `\ro_counter.$proc$/foss/designs/sky130_characterization/rtl/ro_counter.v:43$42'.
  created $adff cell `$procdff$615' with positive edge clock and positive level reset.
Creating register for signal `\ro_counter.\ro_count_0' using process `\ro_counter.$proc$/foss/designs/sky130_characterization/rtl/ro_counter.v:43$42'.
  created $adff cell `$procdff$618' with positive edge clock and positive level reset.
Creating register for signal `\ro_counter.\ro_count_1' using process `\ro_counter.$proc$/foss/designs/sky130_characterization/rtl/ro_counter.v:43$42'.
  created $adff cell `$procdff$621' with positive edge clock and positive level reset.
Creating register for signal `\ro_counter.\ro_count_2' using process `\ro_counter.$proc$/foss/designs/sky130_characterization/rtl/ro_counter.v:43$42'.
  created $adff cell `$procdff$624' with positive edge clock and positive level reset.
Creating register for signal `\ro_counter.\warning' using process `\ro_counter.$proc$/foss/designs/sky130_characterization/rtl/ro_counter.v:43$42'.
  created $adff cell `$procdff$627' with positive edge clock and positive level reset.
Creating register for signal `\ro_counter.\fault' using process `\ro_counter.$proc$/foss/designs/sky130_characterization/rtl/ro_counter.v:43$42'.
  created $adff cell `$procdff$630' with positive edge clock and positive level reset.
Creating register for signal `\ro_counter.\measuring' using process `\ro_counter.$proc$/foss/designs/sky130_characterization/rtl/ro_counter.v:43$42'.
  created $adff cell `$procdff$633' with positive edge clock and positive level reset.
Creating register for signal `\ro_counter.\measurement_window' using process `\ro_counter.$proc$/foss/designs/sky130_characterization/rtl/ro_counter.v:43$42'.
  created $adff cell `$procdff$636' with positive edge clock and positive level reset.
Creating register for signal `\ro_counter.\count_0' using process `\ro_counter.$proc$/foss/designs/sky130_characterization/rtl/ro_counter.v:43$42'.
  created $adff cell `$procdff$639' with positive edge clock and positive level reset.
Creating register for signal `\ro_counter.\count_1' using process `\ro_counter.$proc$/foss/designs/sky130_characterization/rtl/ro_counter.v:43$42'.
  created $adff cell `$procdff$642' with positive edge clock and positive level reset.
Creating register for signal `\ro_counter.\count_2' using process `\ro_counter.$proc$/foss/designs/sky130_characterization/rtl/ro_counter.v:43$42'.
  created $adff cell `$procdff$645' with positive edge clock and positive level reset.
Creating register for signal `\ro_counter.\prev_rclk_0' using process `\ro_counter.$proc$/foss/designs/sky130_characterization/rtl/ro_counter.v:43$42'.
  created $adff cell `$procdff$648' with positive edge clock and positive level reset.
Creating register for signal `\ro_counter.\prev_rclk_1' using process `\ro_counter.$proc$/foss/designs/sky130_characterization/rtl/ro_counter.v:43$42'.
  created $adff cell `$procdff$651' with positive edge clock and positive level reset.
Creating register for signal `\ro_counter.\prev_rclk_2' using process `\ro_counter.$proc$/foss/designs/sky130_characterization/rtl/ro_counter.v:43$42'.
  created $adff cell `$procdff$654' with positive edge clock and positive level reset.

19. Executing PROC_MEMWR pass (convert process memory writes to cells).

20. Executing PROC_CLEAN pass (remove empty switches from decision trees).
Found and cleaned up 5 empty switches in `\characterization_top.$proc$/foss/designs/sky130_characterization/rtl/characterization_top.v:110$22'.
Removing empty process `characterization_top.$proc$/foss/designs/sky130_characterization/rtl/characterization_top.v:110$22'.
Found and cleaned up 8 empty switches in `\delay_chain_block.$proc$/foss/designs/sky130_characterization/rtl/delay_chain_block.v:34$25'.
Removing empty process `delay_chain_block.$proc$/foss/designs/sky130_characterization/rtl/delay_chain_block.v:34$25'.
Found and cleaned up 8 empty switches in `\ro_counter.$proc$/foss/designs/sky130_characterization/rtl/ro_counter.v:43$42'.
Removing empty process `ro_counter.$proc$/foss/designs/sky130_characterization/rtl/ro_counter.v:43$42'.
Cleaned up 21 empty switches.

21. Executing CHECK pass (checking for obvious problems).
Checking module characterization_top...
Checking module delay_chain_block...
Checking module ro_counter...
Found and reported 0 problems.

22. Executing OPT_EXPR pass (perform const folding).
Optimizing module characterization_top.
<suppressed ~36 debug messages>
Optimizing module delay_chain_block.
<suppressed ~20 debug messages>
Optimizing module ro_counter.
<suppressed ~21 debug messages>

23. Executing FLATTEN pass (flatten design).
Deleting now unused module delay_chain_block.
Deleting now unused module ro_counter.
<suppressed ~2 debug messages>

24. Executing OPT_EXPR pass (perform const folding).
Optimizing module characterization_top.

25. Executing OPT_CLEAN pass (remove unused cells and wires).
Finding unused cells or wires in module \characterization_top..
Removed 0 unused cells and 232 unused wires.
<suppressed ~1 debug messages>

26. Executing OPT_EXPR pass (perform const folding).
Optimizing module characterization_top.

27. Executing OPT_MERGE pass (detect identical cells).
Finding identical cells in module `\characterization_top'.
Computing hashes of 320 cells of `\characterization_top'.
Finding duplicate cells in `\characterization_top'.
Computing hashes of 267 cells of `\characterization_top'.
Finding duplicate cells in `\characterization_top'.
<suppressed ~159 debug messages>
Removed a total of 53 cells.

28. Executing OPT_MUXTREE pass (detect dead branches in mux trees).
Running muxtree optimizer on module \characterization_top..
  Creating internal representation of mux trees.
  Evaluating internal representation of mux trees.
      Replacing known input bits on port A of cell $flatten\ro_counter_inst.$procmux$459: \ro_counter_inst.measuring -> 1'0
      Replacing known input bits on port B of cell $flatten\ro_counter_inst.$procmux$457: \ro_counter_inst.measuring -> 1'1
      Replacing known input bits on port A of cell $flatten\delay_chain_inst.$procmux$348: \delay_chain_inst.measuring -> 1'0
      Replacing known input bits on port A of cell $flatten\delay_chain_inst.$procmux$346: \delay_chain_inst.measuring -> 1'1
  Analyzing evaluation results.
Removed 0 multiplexer ports.
<suppressed ~201 debug messages>

29. Executing OPT_REDUCE pass (consolidate $*mux and $reduce_* inputs).
  Optimizing cells in module \characterization_top.
    New ctrl vector for $pmux cell $procmux$230: { $procmux$231_CMP $auto$opt_reduce.cc:135:opt_pmux$658 $procmux$250_CMP }
    New ctrl vector for $pmux cell $procmux$191: { $auto$opt_reduce.cc:135:opt_pmux$660 $procmux$233_CMP }
  Optimizing cells in module \characterization_top.
Performed a total of 2 changes.

30. Executing OPT_MERGE pass (detect identical cells).
Finding identical cells in module `\characterization_top'.
Computing hashes of 269 cells of `\characterization_top'.
Finding duplicate cells in `\characterization_top'.
Computing hashes of 267 cells of `\characterization_top'.
Finding duplicate cells in `\characterization_top'.
<suppressed ~6 debug messages>
Removed a total of 2 cells.

31. Executing OPT_DFF pass (perform DFF optimizations).

32. Executing OPT_CLEAN pass (remove unused cells and wires).
Finding unused cells or wires in module \characterization_top..
Removed 0 unused cells and 55 unused wires.
<suppressed ~1 debug messages>

33. Executing OPT_EXPR pass (perform const folding).
Optimizing module characterization_top.

34. Rerunning OPT passes. (Maybe there is more to do…)

35. Executing OPT_MUXTREE pass (detect dead branches in mux trees).
Running muxtree optimizer on module \characterization_top..
  Creating internal representation of mux trees.
  Evaluating internal representation of mux trees.
  Analyzing evaluation results.
Removed 0 multiplexer ports.
<suppressed ~201 debug messages>

36. Executing OPT_REDUCE pass (consolidate $*mux and $reduce_* inputs).
  Optimizing cells in module \characterization_top.
    New ctrl vector for $pmux cell $procmux$230: { $auto$opt_reduce.cc:135:opt_pmux$662 $auto$opt_reduce.cc:135:opt_pmux$658 }
    New ctrl vector for $pmux cell $procmux$207: { $auto$opt_reduce.cc:135:opt_pmux$664 $procmux$103_CMP $procmux$212_CMP $procmux$213_CMP $procmux$169_CMP $procmux$193_CMP }
  Optimizing cells in module \characterization_top.
Performed a total of 2 changes.

37. Executing OPT_MERGE pass (detect identical cells).
Finding identical cells in module `\characterization_top'.
Computing hashes of 269 cells of `\characterization_top'.
Finding duplicate cells in `\characterization_top'.
Computing hashes of 268 cells of `\characterization_top'.
Finding duplicate cells in `\characterization_top'.
<suppressed ~3 debug messages>
Removed a total of 1 cells.

38. Executing OPT_DFF pass (perform DFF optimizations).

39. Executing OPT_CLEAN pass (remove unused cells and wires).
Finding unused cells or wires in module \characterization_top..
Removed 0 unused cells and 1 unused wires.
<suppressed ~1 debug messages>

40. Executing OPT_EXPR pass (perform const folding).
Optimizing module characterization_top.

41. Rerunning OPT passes. (Maybe there is more to do…)

42. Executing OPT_MUXTREE pass (detect dead branches in mux trees).
Running muxtree optimizer on module \characterization_top..
  Creating internal representation of mux trees.
  Evaluating internal representation of mux trees.
  Analyzing evaluation results.
Removed 0 multiplexer ports.
<suppressed ~199 debug messages>

43. Executing OPT_REDUCE pass (consolidate $*mux and $reduce_* inputs).
  Optimizing cells in module \characterization_top.
Performed a total of 0 changes.

44. Executing OPT_MERGE pass (detect identical cells).
Finding identical cells in module `\characterization_top'.
Computing hashes of 268 cells of `\characterization_top'.
Finding duplicate cells in `\characterization_top'.
Removed a total of 0 cells.

45. Executing OPT_DFF pass (perform DFF optimizations).

46. Executing OPT_CLEAN pass (remove unused cells and wires).
Finding unused cells or wires in module \characterization_top..

47. Executing OPT_EXPR pass (perform const folding).
Optimizing module characterization_top.

48. Executing FSM pass (extract and optimize FSM).

48.1. Executing FSM_DETECT pass (finding FSMs in design).
Not marking characterization_top.delay_chain_inst.delay_status as FSM state register:
    Users of register don't seem to benefit from recoding.
Found FSM state register characterization_top.state.

48.2. Executing FSM_EXTRACT pass (extracting FSM from design).
Extracting FSM `\state' from module `\characterization_top'.
  found $adff cell for state register: $procdff$558
  root of input selection tree: $0\state[2:0]
  found reset state: 3'000 (from async reset)
  found ctrl input: $procmux$193_CMP
  found ctrl input: $procmux$169_CMP
  found ctrl input: $procmux$213_CMP
  found ctrl input: $procmux$212_CMP
  found ctrl input: $procmux$103_CMP
  found ctrl input: $auto$opt_reduce.cc:135:opt_pmux$662
  found state code: 3'010
  found ctrl input: \ro_counter_inst.done
  found state code: 3'011
  found state code: 3'100
  found ctrl input: \delay_chain_inst.done
  found state code: 3'101
  found state code: 3'110
  found ctrl input: \start_pulse
  found state code: 3'001
  found ctrl output: $procmux$208_CMP
  found ctrl output: $procmux$193_CMP
  found ctrl output: $procmux$103_CMP
  found ctrl output: $procmux$106_CMP
  found ctrl output: $procmux$213_CMP
  found ctrl output: $procmux$212_CMP
  found ctrl output: $procmux$169_CMP
  ctrl inputs: { \delay_chain_inst.done \ro_counter_inst.done \start_pulse $auto$opt_reduce.cc:135:opt_pmux$662 }
  ctrl outputs: { $procmux$213_CMP $procmux$212_CMP $procmux$208_CMP $procmux$193_CMP $procmux$169_CMP $procmux$106_CMP $procmux$103_CMP $0\state[2:0] }
  transition:      3'000 4'--0- ->      3'000 10'0000010000
  transition:      3'000 4'--1- ->      3'001 10'0000010001
  transition:      3'100 4'0--- ->      3'100 10'0100000100
  transition:      3'100 4'1--- ->      3'101 10'0100000101
  transition:      3'010 4'-0-- ->      3'010 10'0000100010
  transition:      3'010 4'-1-- ->      3'011 10'0000100011
  transition:      3'110 4'--0- ->      3'110 10'0010000110
  transition:      3'110 4'--1- ->      3'001 10'0010000001
  transition:      3'001 4'---- ->      3'010 10'0001000010
  transition:      3'101 4'---- ->      3'110 10'0000001110
  transition:      3'011 4'---- ->      3'100 10'1000000100

48.3. Executing FSM_OPT pass (simple optimizations of FSMs).
Optimizing FSM `$fsm$\state$665' from module `\characterization_top'.
  Removing unused input signal $auto$opt_reduce.cc:135:opt_pmux$662.

48.4. Executing OPT_CLEAN pass (remove unused cells and wires).
Finding unused cells or wires in module \characterization_top..
Removed 12 unused cells and 12 unused wires.
<suppressed ~13 debug messages>

48.5. Executing FSM_OPT pass (simple optimizations of FSMs).
Optimizing FSM `$fsm$\state$665' from module `\characterization_top'.
  Removing unused output signal $0\state[2:0] [0].
  Removing unused output signal $0\state[2:0] [1].
  Removing unused output signal $0\state[2:0] [2].

48.6. Executing FSM_RECODE pass (re-assigning FSM state encoding).
Recoding FSM `$fsm$\state$665' from module `\characterization_top' using `auto' encoding:
  mapping auto encoding to `one-hot` for this FSM.
  000 -> ------1
  100 -> -----1-
  010 -> ----1--
  110 -> ---1---
  001 -> --1----
  101 -> -1-----
  011 -> 1------

48.7. Executing FSM_INFO pass (dumping all available information on FSM cells).

FSM `$fsm$\state$665' from module `characterization_top':
-------------------------------------

  Information on FSM $fsm$\state$665 (\state):

  Number of input signals:    3
  Number of output signals:   7
  Number of state bits:       7

  Input signals:
    0: \start_pulse
    1: \ro_counter_inst.done
    2: \delay_chain_inst.done

  Output signals:
    0: $procmux$103_CMP
    1: $procmux$106_CMP
    2: $procmux$169_CMP
    3: $procmux$193_CMP
    4: $procmux$208_CMP
    5: $procmux$212_CMP
    6: $procmux$213_CMP

  State encoding:
    0:  7'------1  <RESET STATE>
    1:  7'-----1-
    2:  7'----1--
    3:  7'---1---
    4:  7'--1----
    5:  7'-1-----
    6:  7'1------

  Transition Table (state_in, ctrl_in, state_out, ctrl_out):
      0:     0 3'--0   ->     0 7'0000010
      1:     0 3'--1   ->     4 7'0000010
      2:     1 3'0--   ->     1 7'0100000
      3:     1 3'1--   ->     5 7'0100000
      4:     2 3'-0-   ->     2 7'0000100
      5:     2 3'-1-   ->     6 7'0000100
      6:     3 3'--0   ->     3 7'0010000
      7:     3 3'--1   ->     4 7'0010000
      8:     4 3'---   ->     2 7'0001000
      9:     5 3'---   ->     3 7'0000001
     10:     6 3'---   ->     1 7'1000000

-------------------------------------

48.8. Executing FSM_MAP pass (mapping FSMs to basic logic).
Mapping FSM `$fsm$\state$665' from module `\characterization_top'.

49. Executing OPT_EXPR pass (perform const folding).
Optimizing module characterization_top.
<suppressed ~7 debug messages>

50. Executing OPT_MERGE pass (detect identical cells).
Finding identical cells in module `\characterization_top'.
Computing hashes of 272 cells of `\characterization_top'.
Finding duplicate cells in `\characterization_top'.
Computing hashes of 270 cells of `\characterization_top'.
Finding duplicate cells in `\characterization_top'.
<suppressed ~6 debug messages>
Removed a total of 2 cells.

51. Executing OPT_MUXTREE pass (detect dead branches in mux trees).
Running muxtree optimizer on module \characterization_top..
  Creating internal representation of mux trees.
  Evaluating internal representation of mux trees.
  Analyzing evaluation results.
Removed 0 multiplexer ports.
<suppressed ~194 debug messages>

52. Executing OPT_REDUCE pass (consolidate $*mux and $reduce_* inputs).
  Optimizing cells in module \characterization_top.
Performed a total of 0 changes.

53. Executing OPT_MERGE pass (detect identical cells).
Finding identical cells in module `\characterization_top'.
Computing hashes of 270 cells of `\characterization_top'.
Finding duplicate cells in `\characterization_top'.
Removed a total of 0 cells.

54. Executing OPT_DFF pass (perform DFF optimizations).
Adding EN signal on $procdff$555 ($adff) from module characterization_top (D = $0\done[0:0], Q = \done).
Adding EN signal on $procdff$552 ($adff) from module characterization_top (D = $0\busy[0:0], Q = \busy).
Adding EN signal on $procdff$549 ($adff) from module characterization_top (D = $0\corner_class_reg[2:0], Q = \corner_class_reg).
Adding EN signal on $procdff$546 ($adff) from module characterization_top (D = $0\clock_status_reg[7:0], Q = \clock_status_reg).
Adding EN signal on $procdff$543 ($adff) from module characterization_top (D = $0\status_reg[7:0] [1], Q = \status_reg [1]).
Adding EN signal on $procdff$543 ($adff) from module characterization_top (D = $0\status_reg[7:0] [3:2], Q = \status_reg [3:2]).
Adding EN signal on $procdff$543 ($adff) from module characterization_top (D = $0\status_reg[7:0] [0], Q = \status_reg [0]).
Adding EN signal on $procdff$543 ($adff) from module characterization_top (D = $0\status_reg[7:0] [7:4], Q = \status_reg [7:4]).
Adding EN signal on $procdff$540 ($adff) from module characterization_top (D = \delay_chain_inst.delay_count_2, Q = \delay_count_reg_2).
Adding EN signal on $procdff$537 ($adff) from module characterization_top (D = \delay_chain_inst.delay_count_1, Q = \delay_count_reg_1).
Adding EN signal on $procdff$534 ($adff) from module characterization_top (D = \delay_chain_inst.delay_count_0, Q = \delay_count_reg_0).
Adding EN signal on $procdff$531 ($adff) from module characterization_top (D = \ro_counter_inst.ro_count_2, Q = \ro_count_reg_2).
Adding EN signal on $procdff$528 ($adff) from module characterization_top (D = \ro_counter_inst.ro_count_1, Q = \ro_count_reg_1).
Adding EN signal on $procdff$525 ($adff) from module characterization_top (D = \ro_counter_inst.ro_count_0, Q = \ro_count_reg_0).
Adding EN signal on $flatten\ro_counter_inst.$procdff$654 ($adff) from module characterization_top (D = $flatten\ro_counter_inst.$0\prev_rclk_2[0:0], Q = \ro_counter_inst.prev_rclk_2).
Adding EN signal on $flatten\ro_counter_inst.$procdff$651 ($adff) from module characterization_top (D = $flatten\ro_counter_inst.$0\prev_rclk_1[0:0], Q = \ro_counter_inst.prev_rclk_1).
Adding EN signal on $flatten\ro_counter_inst.$procdff$648 ($adff) from module characterization_top (D = $flatten\ro_counter_inst.$0\prev_rclk_0[0:0], Q = \ro_counter_inst.prev_rclk_0).
Adding EN signal on $flatten\ro_counter_inst.$procdff$645 ($adff) from module characterization_top (D = $flatten\ro_counter_inst.$0\count_2[7:0], Q = \ro_counter_inst.count_2).
Adding EN signal on $flatten\ro_counter_inst.$procdff$642 ($adff) from module characterization_top (D = $flatten\ro_counter_inst.$0\count_1[7:0], Q = \ro_counter_inst.count_1).
Adding EN signal on $flatten\ro_counter_inst.$procdff$639 ($adff) from module characterization_top (D = $flatten\ro_counter_inst.$0\count_0[7:0], Q = \ro_counter_inst.count_0).
Adding EN signal on $flatten\ro_counter_inst.$procdff$636 ($adff) from module characterization_top (D = $flatten\ro_counter_inst.$0\measurement_window[9:0], Q = \ro_counter_inst.measurement_window).
Adding EN signal on $flatten\ro_counter_inst.$procdff$630 ($adff) from module characterization_top (D = $flatten\ro_counter_inst.$0\fault[0:0], Q = \ro_counter_inst.fault).
Adding EN signal on $flatten\ro_counter_inst.$procdff$627 ($adff) from module characterization_top (D = $flatten\ro_counter_inst.$0\warning[0:0], Q = \ro_counter_inst.warning).
Adding EN signal on $flatten\ro_counter_inst.$procdff$624 ($adff) from module characterization_top (D = $flatten\ro_counter_inst.$0\ro_count_2[7:0], Q = \ro_counter_inst.ro_count_2).
Adding EN signal on $flatten\ro_counter_inst.$procdff$621 ($adff) from module characterization_top (D = $flatten\ro_counter_inst.$0\ro_count_1[7:0], Q = \ro_counter_inst.ro_count_1).
Adding EN signal on $flatten\ro_counter_inst.$procdff$618 ($adff) from module characterization_top (D = $flatten\ro_counter_inst.$0\ro_count_0[7:0], Q = \ro_counter_inst.ro_count_0).
Adding EN signal on $flatten\ro_counter_inst.$procdff$612 ($adff) from module characterization_top (D = $flatten\ro_counter_inst.$0\done[0:0], Q = \ro_counter_inst.done).
Adding EN signal on $flatten\delay_chain_inst.$procdff$609 ($adff) from module characterization_top (D = $flatten\delay_chain_inst.$0\chain_2_done[0:0], Q = \delay_chain_inst.chain_2_done).
Adding EN signal on $flatten\delay_chain_inst.$procdff$606 ($adff) from module characterization_top (D = $flatten\delay_chain_inst.$0\chain_1_done[0:0], Q = \delay_chain_inst.chain_1_done).
Adding EN signal on $flatten\delay_chain_inst.$procdff$603 ($adff) from module characterization_top (D = $flatten\delay_chain_inst.$0\chain_0_done[0:0], Q = \delay_chain_inst.chain_0_done).
Adding EN signal on $flatten\delay_chain_inst.$procdff$600 ($adff) from module characterization_top (D = $flatten\delay_chain_inst.$0\chain_2[31:0], Q = \delay_chain_inst.chain_2).
Adding EN signal on $flatten\delay_chain_inst.$procdff$597 ($adff) from module characterization_top (D = $flatten\delay_chain_inst.$0\chain_1[15:0], Q = \delay_chain_inst.chain_1).
Adding EN signal on $flatten\delay_chain_inst.$procdff$594 ($adff) from module characterization_top (D = $flatten\delay_chain_inst.$0\chain_0[7:0], Q = \delay_chain_inst.chain_0).
Adding EN signal on $flatten\delay_chain_inst.$procdff$591 ($adff) from module characterization_top (D = $flatten\delay_chain_inst.$0\cycle_count[15:0], Q = \delay_chain_inst.cycle_count).
Adding EN signal on $flatten\delay_chain_inst.$procdff$585 ($adff) from module characterization_top (D = $flatten\delay_chain_inst.$0\delay_status[2:0], Q = \delay_chain_inst.delay_status).
Adding EN signal on $flatten\delay_chain_inst.$procdff$582 ($adff) from module characterization_top (D = $flatten\delay_chain_inst.$0\delay_count_2[15:0], Q = \delay_chain_inst.delay_count_2).
Adding EN signal on $flatten\delay_chain_inst.$procdff$579 ($adff) from module characterization_top (D = $flatten\delay_chain_inst.$0\delay_count_1[15:0], Q = \delay_chain_inst.delay_count_1).
Adding EN signal on $flatten\delay_chain_inst.$procdff$576 ($adff) from module characterization_top (D = $flatten\delay_chain_inst.$0\delay_count_0[15:0], Q = \delay_chain_inst.delay_count_0).
Adding EN signal on $flatten\delay_chain_inst.$procdff$570 ($adff) from module characterization_top (D = $flatten\delay_chain_inst.$0\done[0:0], Q = \delay_chain_inst.done).

55. Executing OPT_CLEAN pass (remove unused cells and wires).
Finding unused cells or wires in module \characterization_top..
Removed 12 unused cells and 27 unused wires.
<suppressed ~13 debug messages>

56. Executing OPT_EXPR pass (perform const folding).
Optimizing module characterization_top.
<suppressed ~51 debug messages>

57. Rerunning OPT passes. (Maybe there is more to do…)

58. Executing OPT_MUXTREE pass (detect dead branches in mux trees).
Running muxtree optimizer on module \characterization_top..
  Creating internal representation of mux trees.
  Evaluating internal representation of mux trees.
  Analyzing evaluation results.
Removed 0 multiplexer ports.
<suppressed ~176 debug messages>

59. Executing OPT_REDUCE pass (consolidate $*mux and $reduce_* inputs).
  Optimizing cells in module \characterization_top.
Performed a total of 0 changes.

60. Executing OPT_MERGE pass (detect identical cells).
Finding identical cells in module `\characterization_top'.
Computing hashes of 354 cells of `\characterization_top'.
Finding duplicate cells in `\characterization_top'.
Computing hashes of 292 cells of `\characterization_top'.
Finding duplicate cells in `\characterization_top'.
Computing hashes of 277 cells of `\characterization_top'.
Finding duplicate cells in `\characterization_top'.
<suppressed ~231 debug messages>
Removed a total of 77 cells.

61. Executing OPT_DFF pass (perform DFF optimizations).

62. Executing OPT_CLEAN pass (remove unused cells and wires).
Finding unused cells or wires in module \characterization_top..
Removed 0 unused cells and 76 unused wires.
<suppressed ~1 debug messages>

63. Executing OPT_EXPR pass (perform const folding).
Optimizing module characterization_top.

64. Rerunning OPT passes. (Maybe there is more to do…)

65. Executing OPT_MUXTREE pass (detect dead branches in mux trees).
Running muxtree optimizer on module \characterization_top..
  Creating internal representation of mux trees.
  Evaluating internal representation of mux trees.
  Analyzing evaluation results.
Removed 0 multiplexer ports.
<suppressed ~175 debug messages>

66. Executing OPT_REDUCE pass (consolidate $*mux and $reduce_* inputs).
  Optimizing cells in module \characterization_top.
Performed a total of 0 changes.

67. Executing OPT_MERGE pass (detect identical cells).
Finding identical cells in module `\characterization_top'.
Computing hashes of 277 cells of `\characterization_top'.
Finding duplicate cells in `\characterization_top'.
Removed a total of 0 cells.

68. Executing OPT_DFF pass (perform DFF optimizations).

69. Executing OPT_CLEAN pass (remove unused cells and wires).
Finding unused cells or wires in module \characterization_top..

70. Executing OPT_EXPR pass (perform const folding).
Optimizing module characterization_top.

71. Executing WREDUCE pass (reducing word size of cells).
Removed top 1 bits (of 2) from port B of cell characterization_top.$auto$opt_dff.cc:235:make_patterns_logic$863 ($ne).
Removed top 1 bits (of 2) from port B of cell characterization_top.$auto$opt_dff.cc:235:make_patterns_logic$750 ($ne).
Removed top 1 bits (of 2) from port B of cell characterization_top.$auto$opt_dff.cc:235:make_patterns_logic$740 ($ne).
Removed top 1 bits (of 8) from port B of cell characterization_top.$lt$/foss/designs/sky130_characterization/rtl/characterization_top.v:71$7 ($lt).
Removed top 1 bits (of 8) from port B of cell characterization_top.$lt$/foss/designs/sky130_characterization/rtl/characterization_top.v:72$8 ($lt).
Removed top 1 bits (of 8) from port B of cell characterization_top.$lt$/foss/designs/sky130_characterization/rtl/characterization_top.v:73$10 ($lt).
Removed top 1 bits (of 8) from port B of cell characterization_top.$flatten\ro_counter_inst.$lt$/foss/designs/sky130_characterization/rtl/ro_counter.v:127$75 ($lt).
Removed top 1 bits (of 8) from port B of cell characterization_top.$flatten\ro_counter_inst.$lt$/foss/designs/sky130_characterization/rtl/ro_counter.v:126$71 ($lt).
Removed top 1 bits (of 8) from port B of cell characterization_top.$flatten\ro_counter_inst.$lt$/foss/designs/sky130_characterization/rtl/ro_counter.v:125$68 ($lt).
Removed top 1 bits (of 8) from port B of cell characterization_top.$flatten\ro_counter_inst.$lt$/foss/designs/sky130_characterization/rtl/ro_counter.v:120$64 ($lt).
Removed top 1 bits (of 8) from port B of cell characterization_top.$flatten\ro_counter_inst.$lt$/foss/designs/sky130_characterization/rtl/ro_counter.v:119$60 ($lt).
Removed top 1 bits (of 8) from port B of cell characterization_top.$flatten\ro_counter_inst.$lt$/foss/designs/sky130_characterization/rtl/ro_counter.v:118$57 ($lt).
Removed top 10 bits (of 16) from port B of cell characterization_top.$flatten\delay_chain_inst.$gt$/foss/designs/sky130_characterization/rtl/delay_chain_block.v:107$39 ($gt).
Removed top 12 bits (of 16) from port B of cell characterization_top.$flatten\delay_chain_inst.$lt$/foss/designs/sky130_characterization/rtl/delay_chain_block.v:105$38 ($lt).

72. Executing PEEPOPT pass (run peephole optimizers).

73. Executing OPT_CLEAN pass (remove unused cells and wires).
Finding unused cells or wires in module \characterization_top..

74. Executing ALUMACC pass (create $alu and $macc cells).
Extracting $alu and $macc cells in module characterization_top:
  creating $macc model for $flatten\delay_chain_inst.$add$/foss/designs/sky130_characterization/rtl/delay_chain_block.v:80$26 ($add).
  creating $macc model for $flatten\ro_counter_inst.$add$/foss/designs/sky130_characterization/rtl/ro_counter.v:102$56 ($add).
  creating $macc model for $flatten\ro_counter_inst.$add$/foss/designs/sky130_characterization/rtl/ro_counter.v:91$44 ($add).
  creating $macc model for $flatten\ro_counter_inst.$add$/foss/designs/sky130_characterization/rtl/ro_counter.v:94$48 ($add).
  creating $macc model for $flatten\ro_counter_inst.$add$/foss/designs/sky130_characterization/rtl/ro_counter.v:98$52 ($add).
  creating $alu model for $macc $flatten\ro_counter_inst.$add$/foss/designs/sky130_characterization/rtl/ro_counter.v:98$52.
  creating $alu model for $macc $flatten\ro_counter_inst.$add$/foss/designs/sky130_characterization/rtl/ro_counter.v:94$48.
  creating $alu model for $macc $flatten\ro_counter_inst.$add$/foss/designs/sky130_characterization/rtl/ro_counter.v:91$44.
  creating $alu model for $macc $flatten\ro_counter_inst.$add$/foss/designs/sky130_characterization/rtl/ro_counter.v:102$56.
  creating $alu model for $macc $flatten\delay_chain_inst.$add$/foss/designs/sky130_characterization/rtl/delay_chain_block.v:80$26.
  creating $alu model for $flatten\delay_chain_inst.$gt$/foss/designs/sky130_characterization/rtl/delay_chain_block.v:107$39 ($gt): new $alu
  creating $alu model for $flatten\delay_chain_inst.$lt$/foss/designs/sky130_characterization/rtl/delay_chain_block.v:105$38 ($lt): new $alu
  creating $alu model for $flatten\ro_counter_inst.$gt$/foss/designs/sky130_characterization/rtl/ro_counter.v:118$58 ($gt): new $alu
  creating $alu model for $flatten\ro_counter_inst.$gt$/foss/designs/sky130_characterization/rtl/ro_counter.v:119$62 ($gt): new $alu
  creating $alu model for $flatten\ro_counter_inst.$gt$/foss/designs/sky130_characterization/rtl/ro_counter.v:120$66 ($gt): new $alu
  creating $alu model for $flatten\ro_counter_inst.$gt$/foss/designs/sky130_characterization/rtl/ro_counter.v:125$69 ($gt): new $alu
  creating $alu model for $flatten\ro_counter_inst.$gt$/foss/designs/sky130_characterization/rtl/ro_counter.v:126$73 ($gt): new $alu
  creating $alu model for $flatten\ro_counter_inst.$gt$/foss/designs/sky130_characterization/rtl/ro_counter.v:127$77 ($gt): new $alu
  creating $alu model for $flatten\ro_counter_inst.$lt$/foss/designs/sky130_characterization/rtl/ro_counter.v:118$57 ($lt): new $alu
  creating $alu model for $flatten\ro_counter_inst.$lt$/foss/designs/sky130_characterization/rtl/ro_counter.v:119$60 ($lt): new $alu
  creating $alu model for $flatten\ro_counter_inst.$lt$/foss/designs/sky130_characterization/rtl/ro_counter.v:120$64 ($lt): new $alu
  creating $alu model for $flatten\ro_counter_inst.$lt$/foss/designs/sky130_characterization/rtl/ro_counter.v:125$68 ($lt): new $alu
  creating $alu model for $flatten\ro_counter_inst.$lt$/foss/designs/sky130_characterization/rtl/ro_counter.v:126$71 ($lt): new $alu
  creating $alu model for $flatten\ro_counter_inst.$lt$/foss/designs/sky130_characterization/rtl/ro_counter.v:127$75 ($lt): new $alu
  creating $alu model for $flatten\ro_counter_inst.$lt$/foss/designs/sky130_characterization/rtl/ro_counter.v:90$43 ($lt): new $alu
  creating $alu model for $gt$/foss/designs/sky130_characterization/rtl/characterization_top.v:76$12 ($gt): new $alu
  creating $alu model for $gt$/foss/designs/sky130_characterization/rtl/characterization_top.v:77$13 ($gt): new $alu
  creating $alu model for $gt$/foss/designs/sky130_characterization/rtl/characterization_top.v:78$15 ($gt): new $alu
  creating $alu model for $lt$/foss/designs/sky130_characterization/rtl/characterization_top.v:71$7 ($lt): new $alu
  creating $alu model for $lt$/foss/designs/sky130_characterization/rtl/characterization_top.v:72$8 ($lt): new $alu
  creating $alu model for $lt$/foss/designs/sky130_characterization/rtl/characterization_top.v:73$10 ($lt): new $alu
  creating $alu cell for $lt$/foss/designs/sky130_characterization/rtl/characterization_top.v:73$10: $auto$alumacc.cc:512:replace_alu$957
  creating $alu cell for $lt$/foss/designs/sky130_characterization/rtl/characterization_top.v:72$8: $auto$alumacc.cc:512:replace_alu$962
  creating $alu cell for $lt$/foss/designs/sky130_characterization/rtl/characterization_top.v:71$7: $auto$alumacc.cc:512:replace_alu$967
  creating $alu cell for $gt$/foss/designs/sky130_characterization/rtl/characterization_top.v:78$15: $auto$alumacc.cc:512:replace_alu$972
  creating $alu cell for $gt$/foss/designs/sky130_characterization/rtl/characterization_top.v:77$13: $auto$alumacc.cc:512:replace_alu$983
  creating $alu cell for $gt$/foss/designs/sky130_characterization/rtl/characterization_top.v:76$12: $auto$alumacc.cc:512:replace_alu$994
  creating $alu cell for $flatten\ro_counter_inst.$lt$/foss/designs/sky130_characterization/rtl/ro_counter.v:90$43: $auto$alumacc.cc:512:replace_alu$1005
  creating $alu cell for $flatten\ro_counter_inst.$lt$/foss/designs/sky130_characterization/rtl/ro_counter.v:127$75: $auto$alumacc.cc:512:replace_alu$1010
  creating $alu cell for $flatten\ro_counter_inst.$lt$/foss/designs/sky130_characterization/rtl/ro_counter.v:126$71: $auto$alumacc.cc:512:replace_alu$1015
  creating $alu cell for $flatten\ro_counter_inst.$lt$/foss/designs/sky130_characterization/rtl/ro_counter.v:125$68: $auto$alumacc.cc:512:replace_alu$1020
  creating $alu cell for $flatten\ro_counter_inst.$lt$/foss/designs/sky130_characterization/rtl/ro_counter.v:120$64: $auto$alumacc.cc:512:replace_alu$1025
  creating $alu cell for $flatten\ro_counter_inst.$lt$/foss/designs/sky130_characterization/rtl/ro_counter.v:119$60: $auto$alumacc.cc:512:replace_alu$1030
  creating $alu cell for $flatten\ro_counter_inst.$lt$/foss/designs/sky130_characterization/rtl/ro_counter.v:118$57: $auto$alumacc.cc:512:replace_alu$1035
  creating $alu cell for $flatten\ro_counter_inst.$gt$/foss/designs/sky130_characterization/rtl/ro_counter.v:127$77: $auto$alumacc.cc:512:replace_alu$1040
  creating $alu cell for $flatten\ro_counter_inst.$gt$/foss/designs/sky130_characterization/rtl/ro_counter.v:126$73: $auto$alumacc.cc:512:replace_alu$1051
  creating $alu cell for $flatten\ro_counter_inst.$gt$/foss/designs/sky130_characterization/rtl/ro_counter.v:125$69: $auto$alumacc.cc:512:replace_alu$1062
  creating $alu cell for $flatten\ro_counter_inst.$gt$/foss/designs/sky130_characterization/rtl/ro_counter.v:120$66: $auto$alumacc.cc:512:replace_alu$1073
  creating $alu cell for $flatten\ro_counter_inst.$gt$/foss/designs/sky130_characterization/rtl/ro_counter.v:119$62: $auto$alumacc.cc:512:replace_alu$1084
  creating $alu cell for $flatten\ro_counter_inst.$gt$/foss/designs/sky130_characterization/rtl/ro_counter.v:118$58: $auto$alumacc.cc:512:replace_alu$1095
  creating $alu cell for $flatten\delay_chain_inst.$lt$/foss/designs/sky130_characterization/rtl/delay_chain_block.v:105$38: $auto$alumacc.cc:512:replace_alu$1106
  creating $alu cell for $flatten\delay_chain_inst.$gt$/foss/designs/sky130_characterization/rtl/delay_chain_block.v:107$39: $auto$alumacc.cc:512:replace_alu$1111
  creating $alu cell for $flatten\delay_chain_inst.$add$/foss/designs/sky130_characterization/rtl/delay_chain_block.v:80$26: $auto$alumacc.cc:512:replace_alu$1122
  creating $alu cell for $flatten\ro_counter_inst.$add$/foss/designs/sky130_characterization/rtl/ro_counter.v:102$56: $auto$alumacc.cc:512:replace_alu$1125
  creating $alu cell for $flatten\ro_counter_inst.$add$/foss/designs/sky130_characterization/rtl/ro_counter.v:91$44: $auto$alumacc.cc:512:replace_alu$1128
  creating $alu cell for $flatten\ro_counter_inst.$add$/foss/designs/sky130_characterization/rtl/ro_counter.v:94$48: $auto$alumacc.cc:512:replace_alu$1131
  creating $alu cell for $flatten\ro_counter_inst.$add$/foss/designs/sky130_characterization/rtl/ro_counter.v:98$52: $auto$alumacc.cc:512:replace_alu$1134
  created 26 $alu and 0 $macc cells.

75. Executing SHARE pass (SAT-based resource sharing).

76. Executing OPT_EXPR pass (perform const folding).
Optimizing module characterization_top.
<suppressed ~16 debug messages>

77. Executing OPT_MERGE pass (detect identical cells).
Finding identical cells in module `\characterization_top'.
Computing hashes of 328 cells of `\characterization_top'.
Finding duplicate cells in `\characterization_top'.
Removed a total of 0 cells.

78. Executing OPT_MUXTREE pass (detect dead branches in mux trees).
Running muxtree optimizer on module \characterization_top..
  Creating internal representation of mux trees.
  Evaluating internal representation of mux trees.
  Analyzing evaluation results.
Removed 0 multiplexer ports.
<suppressed ~175 debug messages>

79. Executing OPT_REDUCE pass (consolidate $*mux and $reduce_* inputs).
  Optimizing cells in module \characterization_top.
Performed a total of 0 changes.

80. Executing OPT_MERGE pass (detect identical cells).
Finding identical cells in module `\characterization_top'.
Computing hashes of 328 cells of `\characterization_top'.
Finding duplicate cells in `\characterization_top'.
Removed a total of 0 cells.

81. Executing OPT_DFF pass (perform DFF optimizations).

82. Executing OPT_CLEAN pass (remove unused cells and wires).
Finding unused cells or wires in module \characterization_top..
Removed 2 unused cells and 23 unused wires.
<suppressed ~3 debug messages>

83. Executing OPT_EXPR pass (perform const folding).
Optimizing module characterization_top.

84. Rerunning OPT passes. (Maybe there is more to do…)

85. Executing OPT_MUXTREE pass (detect dead branches in mux trees).
Running muxtree optimizer on module \characterization_top..
  Creating internal representation of mux trees.
  Evaluating internal representation of mux trees.
  Analyzing evaluation results.
Removed 0 multiplexer ports.
<suppressed ~175 debug messages>

86. Executing OPT_REDUCE pass (consolidate $*mux and $reduce_* inputs).
  Optimizing cells in module \characterization_top.
Performed a total of 0 changes.

87. Executing OPT_MERGE pass (detect identical cells).
Finding identical cells in module `\characterization_top'.
Computing hashes of 326 cells of `\characterization_top'.
Finding duplicate cells in `\characterization_top'.
Removed a total of 0 cells.

88. Executing OPT_DFF pass (perform DFF optimizations).

89. Executing OPT_CLEAN pass (remove unused cells and wires).
Finding unused cells or wires in module \characterization_top..

90. Executing OPT_EXPR pass (perform const folding).
Optimizing module characterization_top.

91. Executing MEMORY pass.

91.1. Executing OPT_MEM pass (optimize memories).
Performed a total of 0 transformations.

91.2. Executing OPT_MEM_PRIORITY pass (removing unnecessary memory write priority relations).
Performed a total of 0 transformations.

91.3. Executing OPT_MEM_FEEDBACK pass (finding memory read-to-write feedback paths).

91.4. Executing MEMORY_BMUX2ROM pass (converting muxes to ROMs).

91.5. Executing MEMORY_DFF pass (merging $dff cells to $memrd).

91.6. Executing OPT_CLEAN pass (remove unused cells and wires).
Finding unused cells or wires in module \characterization_top..

91.7. Executing MEMORY_SHARE pass (consolidating $memrd/$memwr cells).

91.8. Executing OPT_MEM_WIDEN pass (optimize memories where all ports are wide).
Performed a total of 0 transformations.

91.9. Executing OPT_CLEAN pass (remove unused cells and wires).
Finding unused cells or wires in module \characterization_top..

91.10. Executing MEMORY_COLLECT pass (generating $mem cells).

92. Executing OPT_CLEAN pass (remove unused cells and wires).
Finding unused cells or wires in module \characterization_top..

93. Executing OPT_EXPR pass (perform const folding).
Optimizing module characterization_top.
<suppressed ~111 debug messages>

94. Executing OPT_MERGE pass (detect identical cells).
Finding identical cells in module `\characterization_top'.
Computing hashes of 306 cells of `\characterization_top'.
Finding duplicate cells in `\characterization_top'.
Computing hashes of 279 cells of `\characterization_top'.
Finding duplicate cells in `\characterization_top'.
Computing hashes of 278 cells of `\characterization_top'.
Finding duplicate cells in `\characterization_top'.
<suppressed ~84 debug messages>
Removed a total of 28 cells.

95. Executing OPT_DFF pass (perform DFF optimizations).

96. Executing OPT_CLEAN pass (remove unused cells and wires).
Finding unused cells or wires in module \characterization_top..
Removed 3 unused cells and 113 unused wires.
<suppressed ~4 debug messages>

97. Executing MEMORY_MAP pass (converting memories to logic and flip-flops).

98. Executing OPT_EXPR pass (perform const folding).
Optimizing module characterization_top.
<suppressed ~14 debug messages>

99. Executing OPT_MERGE pass (detect identical cells).
Finding identical cells in module `\characterization_top'.
Computing hashes of 275 cells of `\characterization_top'.
Finding duplicate cells in `\characterization_top'.
Removed a total of 0 cells.

100. Executing OPT_MUXTREE pass (detect dead branches in mux trees).
Running muxtree optimizer on module \characterization_top..
  Creating internal representation of mux trees.
  Evaluating internal representation of mux trees.
  Analyzing evaluation results.
Removed 0 multiplexer ports.
<suppressed ~37 debug messages>

101. Executing OPT_REDUCE pass (consolidate $*mux and $reduce_* inputs).
  Optimizing cells in module \characterization_top.
    Consolidated identical input bits for $mux cell $flatten\delay_chain_inst.$procmux$354:
      Old ports: A=3'100, B=3'010, Y=$flatten\delay_chain_inst.$procmux$354_Y
      New ports: A=2'10, B=2'01, Y=$flatten\delay_chain_inst.$procmux$354_Y [2:1]
      New connections: $flatten\delay_chain_inst.$procmux$354_Y [0] = 1'0
    New ctrl vector for $pmux cell $procmux$165: $auto$opt_reduce.cc:135:opt_pmux$1226
    New ctrl vector for $pmux cell $procmux$175: $auto$opt_reduce.cc:135:opt_pmux$1228
  Optimizing cells in module \characterization_top.
Performed a total of 3 changes.

102. Executing OPT_MERGE pass (detect identical cells).
Finding identical cells in module `\characterization_top'.
Computing hashes of 277 cells of `\characterization_top'.
Finding duplicate cells in `\characterization_top'.
Computing hashes of 276 cells of `\characterization_top'.
Finding duplicate cells in `\characterization_top'.
<suppressed ~3 debug messages>
Removed a total of 1 cells.

103. Executing OPT_SHARE pass.

104. Executing OPT_DFF pass (perform DFF optimizations).
Setting constant 0-bit at position 6 on $auto$ff.cc:337:slice$724 ($adffe) from module characterization_top.
Setting constant 0-bit at position 7 on $auto$ff.cc:337:slice$724 ($adffe) from module characterization_top.

105. Executing OPT_CLEAN pass (remove unused cells and wires).
Finding unused cells or wires in module \characterization_top..
Removed 0 unused cells and 1 unused wires.
<suppressed ~1 debug messages>

106. Executing OPT_EXPR pass (perform const folding).
Optimizing module characterization_top.
<suppressed ~2 debug messages>

107. Rerunning OPT passes. (Maybe there is more to do…)

108. Executing OPT_MUXTREE pass (detect dead branches in mux trees).
Running muxtree optimizer on module \characterization_top..
  Creating internal representation of mux trees.
  Evaluating internal representation of mux trees.
  Analyzing evaluation results.
Removed 0 multiplexer ports.
<suppressed ~33 debug messages>

109. Executing OPT_REDUCE pass (consolidate $*mux and $reduce_* inputs).
  Optimizing cells in module \characterization_top.
Performed a total of 0 changes.

110. Executing OPT_MERGE pass (detect identical cells).
Finding identical cells in module `\characterization_top'.
Computing hashes of 276 cells of `\characterization_top'.
Finding duplicate cells in `\characterization_top'.
Removed a total of 0 cells.

111. Executing OPT_SHARE pass.

112. Executing OPT_DFF pass (perform DFF optimizations).

113. Executing OPT_CLEAN pass (remove unused cells and wires).
Finding unused cells or wires in module \characterization_top..

114. Executing OPT_EXPR pass (perform const folding).
Optimizing module characterization_top.

115. Executing TECHMAP pass (map to technology primitives).

115.1. Executing Verilog-2005 frontend: /foss/tools/yosys/bin/../share/yosys/techmap.v
Parsing Verilog input from `/foss/tools/yosys/bin/../share/yosys/techmap.v' to AST representation.
Generating RTLIL representation for module `\_90_simplemap_bool_ops'.
Generating RTLIL representation for module `\_90_simplemap_reduce_ops'.
Generating RTLIL representation for module `\_90_simplemap_logic_ops'.
Generating RTLIL representation for module `\_90_simplemap_compare_ops'.
Generating RTLIL representation for module `\_90_simplemap_various'.
Generating RTLIL representation for module `\_90_simplemap_registers'.
Generating RTLIL representation for module `\_90_shift_ops_shr_shl_sshl_sshr'.
Generating RTLIL representation for module `\_90_shift_shiftx'.
Generating RTLIL representation for module `\_90_fa'.
Generating RTLIL representation for module `\_90_lcu_brent_kung'.
Generating RTLIL representation for module `\_90_alu'.
Generating RTLIL representation for module `\_90_macc'.
Generating RTLIL representation for module `\_90_alumacc'.
Generating RTLIL representation for module `$__div_mod_u'.
Generating RTLIL representation for module `$__div_mod_trunc'.
Generating RTLIL representation for module `\_90_div'.
Generating RTLIL representation for module `\_90_mod'.
Generating RTLIL representation for module `$__div_mod_floor'.
Generating RTLIL representation for module `\_90_divfloor'.
Generating RTLIL representation for module `\_90_modfloor'.
Generating RTLIL representation for module `\_90_pow'.
Generating RTLIL representation for module `\_90_demux'.
Generating RTLIL representation for module `\_90_lut'.
Generating RTLIL representation for module `$connect'.
Generating RTLIL representation for module `$input_port'.
Successfully finished Verilog frontend.

115.2. Continuing TECHMAP pass.
Using extmapper simplemap for cells of type $adffe.
Using extmapper simplemap for cells of type $reduce_or.
Using extmapper simplemap for cells of type $not.
Using template $paramod$c3cd1564c35d873179656addd6052d7ea8b6d991\_90_alu for cells of type $alu.
Using template $paramod$754650b284649a026620fc6856e5b6886cbfe794\_90_alu for cells of type $alu.
Using template $paramod$2af30114e9bd4ccb04dad757b3f0a8f6bf0615b0\_90_alu for cells of type $alu.
Using extmapper simplemap for cells of type $or.
Using extmapper simplemap for cells of type $reduce_and.
Using template $paramod$b957c48287097f111f9044e1834e62991deb3c7c\_90_alu for cells of type $alu.
Using template $paramod$1553e2dc17855a6cd3c55ce764f71290e33f5f33\_90_alu for cells of type $alu.
Using template $paramod$dbcdc7e8aa1a4080cea2deda6fdc8772064f4d90\_90_alu for cells of type $alu.
Using template $paramod$b18e16801adf491a64caa0542270798e5d4ac6b6\_90_alu for cells of type $alu.
Using template $paramod$d597a1d02e4b78ac244cbe0a6bc64f098a6f19e7\_90_alu for cells of type $alu.
Using template $paramod$a40b3a69ab2154dca9743e30e1e84efb03b892b4\_90_alu for cells of type $alu.
Using extmapper simplemap for cells of type $reduce_bool.
Using extmapper simplemap for cells of type $ne.
Using extmapper simplemap for cells of type $and.
Using extmapper simplemap for cells of type $adff.
Using extmapper simplemap for cells of type $logic_not.
Using extmapper simplemap for cells of type $logic_and.
Using extmapper simplemap for cells of type $logic_or.
Using extmapper simplemap for cells of type $mux.
Using extmapper simplemap for cells of type $pos.
Using template $paramod\_90_fa\WIDTH=32'00000000000000000000000000001000 for cells of type $fa.
Using template $paramod\_90_lcu_brent_kung\WIDTH=32'00000000000000000000000000001000 for cells of type $lcu.
Using extmapper simplemap for cells of type $xor.
Using template $paramod\_90_fa\WIDTH=32'00000000000000000000000000000110 for cells of type $fa.
Using template $paramod\_90_lcu_brent_kung\WIDTH=32'00000000000000000000000000000110 for cells of type $lcu.
Using template $paramod\_90_fa\WIDTH=32'00000000000000000000000000001101 for cells of type $fa.
Using template $paramod\_90_lcu_brent_kung\WIDTH=32'00000000000000000000000000001101 for cells of type $lcu.
Using template $paramod\_90_fa\WIDTH=32'00000000000000000000000000010000 for cells of type $fa.
Using template $paramod\_90_lcu_brent_kung\WIDTH=32'00000000000000000000000000010000 for cells of type $lcu.
Using template $paramod\_90_fa\WIDTH=32'00000000000000000000000000001010 for cells of type $fa.
Using template $paramod\_90_lcu_brent_kung\WIDTH=32'00000000000000000000000000001010 for cells of type $lcu.
Using template $paramod\_90_fa\WIDTH=32'00000000000000000000000000000101 for cells of type $fa.
Using template $paramod\_90_lcu_brent_kung\WIDTH=32'00000000000000000000000000000101 for cells of type $lcu.
Using template $paramod\_90_fa\WIDTH=32'00000000000000000000000000000111 for cells of type $fa.
Using template $paramod\_90_lcu_brent_kung\WIDTH=32'00000000000000000000000000000111 for cells of type $lcu.
Using template $paramod\_90_fa\WIDTH=32'00000000000000000000000000001110 for cells of type $fa.
Using template $paramod\_90_lcu_brent_kung\WIDTH=32'00000000000000000000000000001110 for cells of type $lcu.
No more expansions possible.
<suppressed ~2466 debug messages>

116. Executing OPT_EXPR pass (perform const folding).
Optimizing module characterization_top.
<suppressed ~1583 debug messages>

117. Executing OPT_MERGE pass (detect identical cells).
Finding identical cells in module `\characterization_top'.
Computing hashes of 1406 cells of `\characterization_top'.
Finding duplicate cells in `\characterization_top'.
Computing hashes of 1293 cells of `\characterization_top'.
Finding duplicate cells in `\characterization_top'.
Computing hashes of 1274 cells of `\characterization_top'.
Finding duplicate cells in `\characterization_top'.
Computing hashes of 1267 cells of `\characterization_top'.
Finding duplicate cells in `\characterization_top'.
Computing hashes of 1265 cells of `\characterization_top'.
Finding duplicate cells in `\characterization_top'.
Computing hashes of 1263 cells of `\characterization_top'.
Finding duplicate cells in `\characterization_top'.
Computing hashes of 1261 cells of `\characterization_top'.
Finding duplicate cells in `\characterization_top'.
Computing hashes of 1259 cells of `\characterization_top'.
Finding duplicate cells in `\characterization_top'.
Computing hashes of 1257 cells of `\characterization_top'.
Finding duplicate cells in `\characterization_top'.
Computing hashes of 1255 cells of `\characterization_top'.
Finding duplicate cells in `\characterization_top'.
Computing hashes of 1253 cells of `\characterization_top'.
Finding duplicate cells in `\characterization_top'.
Computing hashes of 1251 cells of `\characterization_top'.
Finding duplicate cells in `\characterization_top'.
Computing hashes of 1249 cells of `\characterization_top'.
Finding duplicate cells in `\characterization_top'.
Computing hashes of 1247 cells of `\characterization_top'.
Finding duplicate cells in `\characterization_top'.
Computing hashes of 1245 cells of `\characterization_top'.
Finding duplicate cells in `\characterization_top'.
Computing hashes of 1243 cells of `\characterization_top'.
Finding duplicate cells in `\characterization_top'.
Computing hashes of 1242 cells of `\characterization_top'.
Finding duplicate cells in `\characterization_top'.
Computing hashes of 1241 cells of `\characterization_top'.
Finding duplicate cells in `\characterization_top'.
Computing hashes of 1240 cells of `\characterization_top'.
Finding duplicate cells in `\characterization_top'.
Computing hashes of 1239 cells of `\characterization_top'.
Finding duplicate cells in `\characterization_top'.
Computing hashes of 1238 cells of `\characterization_top'.
Finding duplicate cells in `\characterization_top'.
Computing hashes of 1237 cells of `\characterization_top'.
Finding duplicate cells in `\characterization_top'.
Computing hashes of 1236 cells of `\characterization_top'.
Finding duplicate cells in `\characterization_top'.
Computing hashes of 1235 cells of `\characterization_top'.
Finding duplicate cells in `\characterization_top'.
Computing hashes of 1234 cells of `\characterization_top'.
Finding duplicate cells in `\characterization_top'.
Computing hashes of 1233 cells of `\characterization_top'.
Finding duplicate cells in `\characterization_top'.
Computing hashes of 1232 cells of `\characterization_top'.
Finding duplicate cells in `\characterization_top'.
Computing hashes of 1231 cells of `\characterization_top'.
Finding duplicate cells in `\characterization_top'.
Computing hashes of 1230 cells of `\characterization_top'.
Finding duplicate cells in `\characterization_top'.
Computing hashes of 1229 cells of `\characterization_top'.
Finding duplicate cells in `\characterization_top'.
Computing hashes of 1228 cells of `\characterization_top'.
Finding duplicate cells in `\characterization_top'.
Computing hashes of 1227 cells of `\characterization_top'.
Finding duplicate cells in `\characterization_top'.
<suppressed ~537 debug messages>
Removed a total of 179 cells.

118. Executing OPT_DFF pass (perform DFF optimizations).

119. Executing OPT_CLEAN pass (remove unused cells and wires).
Finding unused cells or wires in module \characterization_top..
Removed 242 unused cells and 1464 unused wires.
<suppressed ~243 debug messages>

120. Executing OPT_EXPR pass (perform const folding).
Optimizing module characterization_top.

121. Executing OPT_MERGE pass (detect identical cells).
Finding identical cells in module `\characterization_top'.
Computing hashes of 985 cells of `\characterization_top'.
Finding duplicate cells in `\characterization_top'.
Removed a total of 0 cells.

122. Executing OPT_DFF pass (perform DFF optimizations).

123. Executing OPT_CLEAN pass (remove unused cells and wires).
Finding unused cells or wires in module \characterization_top..

124. Executing ABC pass (technology mapping using ABC).

124.1. Extracting gate netlist of module `\characterization_top' to `<abc-temp-dir>/input.blif'..

124.1.1. Executed ABC.
Extracted 713 gates and 871 wires to a netlist network with 157 inputs and 169 outputs.
Running ABC script: <abc-temp-dir>/abc.script
ABC: UC Berkeley, ABC 1.01 (compiled May 13 2026 20:05:27)
ABC: abc 01> empty
ABC: abc 01> source <abc-temp-dir>/abc.script
ABC: + read_blif <abc-temp-dir>/input.blif 
ABC: + read_library <abc-temp-dir>/stdcells.genlib 
ABC: + strash 
ABC: + dretime 
ABC: + map 
ABC: + write_blif <abc-temp-dir>/output.blif 
ABC: 
ABC: YOSYS_ABC_DONE 

124.1.2. Re-integrating ABC results.
ABC RESULTS:               AND cells:       24
ABC RESULTS:            ANDNOT cells:      312
ABC RESULTS:               MUX cells:        1
ABC RESULTS:              NAND cells:       57
ABC RESULTS:               NOR cells:       47
ABC RESULTS:               NOT cells:        8
ABC RESULTS:                OR cells:       65
ABC RESULTS:             ORNOT cells:       21
ABC RESULTS:              XNOR cells:       17
ABC RESULTS:               XOR cells:       28
ABC RESULTS:        internal signals:      545
ABC RESULTS:           input signals:      157
ABC RESULTS:          output signals:      169
Removing temp directory.
Removing global temp directory.

125. Executing OPT pass (performing simple optimizations).

125.1. Executing OPT_EXPR pass (perform const folding).
Optimizing module characterization_top.

125.2. Executing OPT_MERGE pass (detect identical cells).
Finding identical cells in module `\characterization_top'.
Computing hashes of 852 cells of `\characterization_top'.
Finding duplicate cells in `\characterization_top'.
Computing hashes of 847 cells of `\characterization_top'.
Finding duplicate cells in `\characterization_top'.
<suppressed ~15 debug messages>
Removed a total of 5 cells.

125.3. Executing OPT_DFF pass (perform DFF optimizations).

125.4. Executing OPT_CLEAN pass (remove unused cells and wires).
Finding unused cells or wires in module \characterization_top..
Removed 0 unused cells and 563 unused wires.
<suppressed ~7 debug messages>

125.5. Finished fast OPT passes.

126. Executing HIERARCHY pass (managing design hierarchy).

126.1. Analyzing design hierarchy..
Top module:  \characterization_top

126.2. Analyzing design hierarchy..
Top module:  \characterization_top
Removed 0 unused modules.

127. Executing CHECK pass (checking for obvious problems).
Checking module characterization_top...
Found and reported 0 problems.

128. Printing statistics.

=== characterization_top ===

        +----------Local Count, excluding submodules.
        | 
      639 wires
      977 wire bits
       76 public wires
      398 public wire bits
       22 ports
      104 port bits
      847 cells
      312   $_ANDNOT_
       24   $_AND_
      256   $_DFFE_PP0P_
       13   $_DFF_PP0_
        1   $_DFF_PP1_
        1   $_MUX_
       57   $_NAND_
       42   $_NOR_
        8   $_NOT_
       21   $_ORNOT_
       65   $_OR_
       17   $_XNOR_
       28   $_XOR_
        2   $scopeinfo

129. Executing OPT pass (performing simple optimizations).

129.1. Executing OPT_EXPR pass (perform const folding).
Optimizing module characterization_top.

129.2. Executing OPT_MERGE pass (detect identical cells).
Finding identical cells in module `\characterization_top'.
Computing hashes of 847 cells of `\characterization_top'.
Finding duplicate cells in `\characterization_top'.
Removed a total of 0 cells.

129.3. Executing OPT_MUXTREE pass (detect dead branches in mux trees).
Running muxtree optimizer on module \characterization_top..
  Creating internal representation of mux trees.
  No muxes found in this module.
Removed 0 multiplexer ports.

129.4. Executing OPT_REDUCE pass (consolidate $*mux and $reduce_* inputs).
  Optimizing cells in module \characterization_top.
Performed a total of 0 changes.

129.5. Executing OPT_MERGE pass (detect identical cells).
Finding identical cells in module `\characterization_top'.
Computing hashes of 847 cells of `\characterization_top'.
Finding duplicate cells in `\characterization_top'.
Removed a total of 0 cells.

129.6. Executing OPT_DFF pass (perform DFF optimizations).

129.7. Executing OPT_CLEAN pass (remove unused cells and wires).
Finding unused cells or wires in module \characterization_top..

129.8. Executing OPT_EXPR pass (perform const folding).
Optimizing module characterization_top.

129.9. Finished fast OPT passes. (There is nothing left to do.)

130. Executing OPT_CLEAN pass (remove unused cells and wires).
Finding unused cells or wires in module \characterization_top..
Removed 2 unused cells and 20 unused wires.
<suppressed ~22 debug messages>
{
   "creator": "Yosys 0.65 (git sha1 b85cad634, g++ 13.3.0-6ubuntu2~24.04.1 -fPIC -O3)",
   "invocation": "stat -json -liberty /foss/designs/sky130_characterization/openlane/characterization_top_sky130/runs/RUN_2026-06-23_12-08-15/tmp/bddb0cb67ac647d5978ba5dcc8078d09.lib ",
   "modules": {
      "\\characterization_top": {
         "num_wires":         619,
         "num_wire_bits":     889,
         "num_pub_wires":     56,
         "num_pub_wire_bits": 310,
         "num_ports":         22,
         "num_port_bits":     104,
         "num_memories":      0,
         "num_memory_bits":   0,
         "num_processes":     0,
         "num_cells":         845,
         "num_submodules":       0,
         "num_cells_by_type": {
            "$_ANDNOT_": 312,
            "$_AND_": 24,
            "$_DFFE_PP0P_": 256,
            "$_DFF_PP0_": 13,
            "$_DFF_PP1_": 1,
            "$_MUX_": 1,
            "$_NAND_": 57,
            "$_NOR_": 42,
            "$_NOT_": 8,
            "$_ORNOT_": 21,
            "$_OR_": 65,
            "$_XNOR_": 17,
            "$_XOR_": 28
         }
      }
   },
      "design": {
         "num_wires":         619,
         "num_wire_bits":     889,
         "num_pub_wires":     56,
         "num_pub_wire_bits": 310,
         "num_ports":         22,
         "num_port_bits":     104,
         "num_memories":      0,
         "num_memory_bits":   0,
         "num_processes":     0,
         "num_cells":         845,
         "num_submodules":       0,
         "num_cells_by_type": {
            "$_ANDNOT_": 312,
            "$_AND_": 24,
            "$_DFFE_PP0P_": 256,
            "$_DFF_PP0_": 13,
            "$_DFF_PP1_": 1,
            "$_MUX_": 1,
            "$_NAND_": 57,
            "$_NOR_": 42,
            "$_NOT_": 8,
            "$_ORNOT_": 21,
            "$_OR_": 65,
            "$_XNOR_": 17,
            "$_XOR_": 28
         }
      }
}

131. Printing statistics.

=== characterization_top ===

        +----------Local Count, excluding submodules.
        | 
      619 wires
      889 wire bits
       56 public wires
      310 public wire bits
       22 ports
      104 port bits
      845 cells
      312   $_ANDNOT_
       24   $_AND_
      256   $_DFFE_PP0P_
       13   $_DFF_PP0_
        1   $_DFF_PP1_
        1   $_MUX_
       57   $_NAND_
       42   $_NOR_
        8   $_NOT_
       21   $_ORNOT_
       65   $_OR_
       17   $_XNOR_
       28   $_XOR_

   Area for cell type $_ANDNOT_ is unknown!
   Area for cell type $_AND_ is unknown!
   Area for cell type $_DFFE_PP0P_ is unknown!
   Area for cell type $_DFF_PP0_ is unknown!
   Area for cell type $_DFF_PP1_ is unknown!
   Area for cell type $_MUX_ is unknown!
   Area for cell type $_NAND_ is unknown!
   Area for cell type $_NOR_ is unknown!
   Area for cell type $_NOT_ is unknown!
   Area for cell type $_ORNOT_ is unknown!
   Area for cell type $_OR_ is unknown!
   Area for cell type $_XNOR_ is unknown!
   Area for cell type $_XOR_ is unknown!

[INFO] Applying tri-state buffer mapping from '/foss/pdks/sky130A/libs.tech/librelane/sky130_fd_sc_hd/tribuff_map.v'…

132. Executing TECHMAP pass (map to technology primitives).

132.1. Executing Verilog-2005 frontend: /foss/pdks/sky130A/libs.tech/librelane/sky130_fd_sc_hd/tribuff_map.v
Parsing Verilog input from `/foss/pdks/sky130A/libs.tech/librelane/sky130_fd_sc_hd/tribuff_map.v' to AST representation.
Generating RTLIL representation for module `$_TBUF_'.
Successfully finished Verilog frontend.

132.2. Continuing TECHMAP pass.
No more expansions possible.
<suppressed ~3 debug messages>

133. Executing SIMPLEMAP pass (map simple cells to gate primitives).
[INFO] Applying latch mapping from '/foss/pdks/sky130A/libs.tech/librelane/sky130_fd_sc_hd/latch_map.v'…

134. Executing TECHMAP pass (map to technology primitives).

134.1. Executing Verilog-2005 frontend: /foss/pdks/sky130A/libs.tech/librelane/sky130_fd_sc_hd/latch_map.v
Parsing Verilog input from `/foss/pdks/sky130A/libs.tech/librelane/sky130_fd_sc_hd/latch_map.v' to AST representation.
Generating RTLIL representation for module `$_DLATCH_P_'.
Generating RTLIL representation for module `$_DLATCH_N_'.
Successfully finished Verilog frontend.

134.2. Continuing TECHMAP pass.
No more expansions possible.
<suppressed ~4 debug messages>

135. Executing SIMPLEMAP pass (map simple cells to gate primitives).

136. Executing DFFLIBMAP pass (mapping DFF cells to sequential cells from liberty file).
  cell sky130_fd_sc_hd__dfxtp_2 (noninv, pins=3, area=21.27) is a direct match for cell type $_DFF_P_.
  cell sky130_fd_sc_hd__dfrtp_2 (noninv, pins=4, area=26.28) is a direct match for cell type $_DFF_PN0_.
  cell sky130_fd_sc_hd__dfstp_2 (noninv, pins=4, area=26.28) is a direct match for cell type $_DFF_PN1_.
  cell sky130_fd_sc_hd__dfbbn_2 (noninv, pins=6, area=35.03) is a direct match for cell type $_DFFSR_NNN_.
  final dff cell mappings:
    unmapped dff cell: $_DFF_N_
    \sky130_fd_sc_hd__dfxtp_2 _DFF_P_ (.CLK( C), .D( D), .Q( Q));
    unmapped dff cell: $_DFF_NN0_
    unmapped dff cell: $_DFF_NN1_
    unmapped dff cell: $_DFF_NP0_
    unmapped dff cell: $_DFF_NP1_
    \sky130_fd_sc_hd__dfrtp_2 _DFF_PN0_ (.CLK( C), .D( D), .Q( Q), .RESET_B( R));
    \sky130_fd_sc_hd__dfstp_2 _DFF_PN1_ (.CLK( C), .D( D), .Q( Q), .SET_B( R));
    unmapped dff cell: $_DFF_PP0_
    unmapped dff cell: $_DFF_PP1_
    unmapped dff cell: $_DFFE_NN_
    unmapped dff cell: $_DFFE_NP_
    unmapped dff cell: $_DFFE_PN_
    unmapped dff cell: $_DFFE_PP_
    \sky130_fd_sc_hd__dfbbn_2 _DFFSR_NNN_ (.CLK_N( C), .D( D), .Q( Q), .Q_N(~Q), .RESET_B( R), .SET_B( S));
    unmapped dff cell: $_DFFSR_NNP_
    unmapped dff cell: $_DFFSR_NPN_
    unmapped dff cell: $_DFFSR_NPP_
    unmapped dff cell: $_DFFSR_PNN_
    unmapped dff cell: $_DFFSR_PNP_
    unmapped dff cell: $_DFFSR_PPN_
    unmapped dff cell: $_DFFSR_PPP_

136.1. Executing DFFLEGALIZE pass (convert FFs to types supported by the target).
Mapping DFF cells in module `\characterization_top':
  mapped 269 $_DFF_PN0_ cells to \sky130_fd_sc_hd__dfrtp_2 cells.
  mapped 1 $_DFF_PN1_ cells to \sky130_fd_sc_hd__dfstp_2 cells.
{
   "creator": "Yosys 0.65 (git sha1 b85cad634, g++ 13.3.0-6ubuntu2~24.04.1 -fPIC -O3)",
   "invocation": "stat -json -liberty /foss/designs/sky130_characterization/openlane/characterization_top_sky130/runs/RUN_2026-06-23_12-08-15/tmp/bddb0cb67ac647d5978ba5dcc8078d09.lib ",
   "modules": {
      "\\characterization_top": {
         "num_wires":         1145,
         "num_wire_bits":     1415,
         "num_pub_wires":     56,
         "num_pub_wire_bits": 310,
         "num_ports":         22,
         "num_port_bits":     104,
         "num_memories":      0,
         "num_memory_bits":   0,
         "num_processes":     0,
         "num_cells":         1371,
         "num_submodules":       0,
         "area":              7094.304000,
         "sequential_area":    7094.304000,
         "num_cells_by_type": {
            "$_ANDNOT_": 312,
            "$_AND_": 24,
            "$_MUX_": 257,
            "$_NAND_": 57,
            "$_NOR_": 42,
            "$_NOT_": 278,
            "$_ORNOT_": 21,
            "$_OR_": 65,
            "$_XNOR_": 17,
            "$_XOR_": 28,
            "sky130_fd_sc_hd__dfrtp_2": 269,
            "sky130_fd_sc_hd__dfstp_2": 1
         }
      }
   },
      "design": {
         "num_wires":         1145,
         "num_wire_bits":     1415,
         "num_pub_wires":     56,
         "num_pub_wire_bits": 310,
         "num_ports":         22,
         "num_port_bits":     104,
         "num_memories":      0,
         "num_memory_bits":   0,
         "num_processes":     0,
         "num_cells":         1371,
         "num_submodules":       0,
         "area":              7094.304000,
         "sequential_area":    7094.304000,
         "num_cells_by_type": {
            "$_ANDNOT_": 312,
            "$_AND_": 24,
            "$_MUX_": 257,
            "$_NAND_": 57,
            "$_NOR_": 42,
            "$_NOT_": 278,
            "$_ORNOT_": 21,
            "$_OR_": 65,
            "$_XNOR_": 17,
            "$_XOR_": 28,
            "sky130_fd_sc_hd__dfrtp_2": 269,
            "sky130_fd_sc_hd__dfstp_2": 1
         }
      }
}

137. Printing statistics.

=== characterization_top ===

        +----------Local Count, excluding submodules.
        |        +-Local Area, excluding submodules.
        |        | 
     1145        - wires
     1415        - wire bits
       56        - public wires
      310        - public wire bits
       22        - ports
      104        - port bits
     1371 7.09E+03 cells
      312        -   $_ANDNOT_
       24        -   $_AND_
      257        -   $_MUX_
       57        -   $_NAND_
       42        -   $_NOR_
      278        -   $_NOT_
       21        -   $_ORNOT_
       65        -   $_OR_
       17        -   $_XNOR_
       28        -   $_XOR_
      269 7.07E+03   sky130_fd_sc_hd__dfrtp_2
        1   26.275   sky130_fd_sc_hd__dfstp_2

   Area for cell type $_ANDNOT_ is unknown!
   Area for cell type $_AND_ is unknown!
   Area for cell type $_MUX_ is unknown!
   Area for cell type $_NAND_ is unknown!
   Area for cell type $_NOR_ is unknown!
   Area for cell type $_NOT_ is unknown!
   Area for cell type $_ORNOT_ is unknown!
   Area for cell type $_OR_ is unknown!
   Area for cell type $_XNOR_ is unknown!
   Area for cell type $_XOR_ is unknown!

   Chip area for module '\characterization_top': 7094.304000
     of which used for sequential elements: 7094.304000 (100.00%)

[INFO] Using generated ABC script '/foss/designs/sky130_characterization/openlane/characterization_top_sky130/runs/RUN_2026-06-23_12-08-15/06-yosys-synthesis/AREA_0.abc'…

138. Executing ABC pass (technology mapping using ABC).

138.1. Extracting gate netlist of module `\characterization_top' to `/tmp/yosys-abc-RKfcXi/input.blif'..

138.1.1. Executed ABC.
Extracted 1101 gates and 1381 wires to a netlist network with 280 inputs and 535 outputs.
Running ABC script: /tmp/yosys-abc-RKfcXi/abc.script
ABC: UC Berkeley, ABC 1.01 (compiled May 13 2026 20:05:27)
ABC: abc 01> empty
ABC: abc 01> source /tmp/yosys-abc-RKfcXi/abc.script
ABC: + read_blif /tmp/yosys-abc-RKfcXi/input.blif 
ABC: + read_scl /tmp/yosys-liberty-scl-cache/yosys_merged_cb4b1cf8.scl 
ABC: Warning: Detected 2 multi-output cells (for example, "sky130_fd_sc_hd__fa_1").
ABC: + read_constr -v /foss/designs/sky130_characterization/openlane/characterization_top_sky130/runs/RUN_2026-06-23_12-08-15/06-yosys-synthesis/synthesis.abc.sdc 
ABC: Setting driving cell to be "sky130_fd_sc_hd__inv_2/Y".
ABC: Setting output load to be 33.442001.
ABC: + source /foss/designs/sky130_characterization/openlane/characterization_top_sky130/runs/RUN_2026-06-23_12-08-15/06-yosys-synthesis/AREA_0.abc 
ABC: Error: The network is combinational.
ABC: Cannot find the default PI driving cell (sky130_fd_sc_hd__inv_2/Y) in the library.
ABC: WireLoad = "none"  Gates =    732 ( 39.1 %)   Cap = 22.7 ff (  7.8 %)   Area =     5371.40 ( 49.7 %)   Delay =  1839.97 ps  (  2.2 %)               
ABC: Path  0 --      24 : 0   10 pi                       A =   0.00  Df =   0.0   -0.0 ps  S =   0.0 ps  Cin =  0.0 ff  Cout =  25.3 ff  Cmax =   0.0 ff  G =    0  
ABC: Path  1 --     973 : 4    1 sky130_fd_sc_hd__o31a_2  A =  10.01  Df = 311.8 -198.2 ps  S =  48.8 ps  Cin =  2.3 ff  Cout =   2.5 ff  Cmax = 285.7 ff  G =   99  
ABC: Path  2 --     974 : 5    1 sky130_fd_sc_hd__o311a_2 A =  11.26  Df = 626.9 -380.4 ps  S =  50.1 ps  Cin =  2.4 ff  Cout =   1.7 ff  Cmax = 293.9 ff  G =   69  
ABC: Path  3 --     977 : 3    1 sky130_fd_sc_hd__or3_2   A =   7.51  Df =1056.4 -357.2 ps  S =  69.8 ps  Cin =  1.5 ff  Cout =   1.6 ff  Cmax = 310.4 ff  G =  102  
ABC: Path  4 --     978 : 3    1 sky130_fd_sc_hd__or3b_2  A =   8.76  Df =1490.7 -440.7 ps  S =  73.1 ps  Cin =  1.5 ff  Cout =   2.4 ff  Cmax = 269.2 ff  G =  152  
ABC: Path  5 --     979 : 5    1 sky130_fd_sc_hd__a32o_2  A =  11.26  Df =1840.0 -262.8 ps  S = 208.4 ps  Cin =  2.3 ff  Cout =  33.4 ff  Cmax = 264.6 ff  G = 1430  
ABC: Start-point = pi23 (\ro_counter_inst.count_1 [2]).  End-point = po41 ($auto$rtlil.cc:3501:MuxGate$6367).
ABC: netlist                       : i/o =  280/  535  lat =    0  nd =   732  edge =   1803  area =5370.71  delay = 5.00  lev = 5
ABC: + write_blif /tmp/yosys-abc-RKfcXi/output.blif 
ABC:                                                                                
ABC: YOSYS_ABC_DONE 

138.1.2. Re-integrating ABC results.
ABC RESULTS:   sky130_fd_sc_hd__a2111o_2 cells:        1
ABC RESULTS:   sky130_fd_sc_hd__a21boi_2 cells:        1
ABC RESULTS:   sky130_fd_sc_hd__a21o_2 cells:       12
ABC RESULTS:   sky130_fd_sc_hd__a21oi_2 cells:       18
ABC RESULTS:   sky130_fd_sc_hd__a22o_2 cells:      117
ABC RESULTS:   sky130_fd_sc_hd__a2bb2o_2 cells:        6
ABC RESULTS:   sky130_fd_sc_hd__a311oi_2 cells:        1
ABC RESULTS:   sky130_fd_sc_hd__a31o_2 cells:       13
ABC RESULTS:   sky130_fd_sc_hd__a31oi_2 cells:        1
ABC RESULTS:   sky130_fd_sc_hd__a32o_2 cells:       18
ABC RESULTS:   sky130_fd_sc_hd__a41o_2 cells:        4
ABC RESULTS:   sky130_fd_sc_hd__and2_2 cells:       16
ABC RESULTS:   sky130_fd_sc_hd__and2b_2 cells:        5
ABC RESULTS:   sky130_fd_sc_hd__and3_2 cells:       17
ABC RESULTS:   sky130_fd_sc_hd__and3b_2 cells:        2
ABC RESULTS:   sky130_fd_sc_hd__and4_2 cells:        9
ABC RESULTS:   sky130_fd_sc_hd__and4b_2 cells:        1
ABC RESULTS:   sky130_fd_sc_hd__and4bb_2 cells:        1
ABC RESULTS:   sky130_fd_sc_hd__inv_2 cells:      286
ABC RESULTS:   sky130_fd_sc_hd__mux2_1 cells:       79
ABC RESULTS:   sky130_fd_sc_hd__nand2_2 cells:       15
ABC RESULTS:   sky130_fd_sc_hd__nand2b_2 cells:        3
ABC RESULTS:   sky130_fd_sc_hd__nand3_2 cells:        2
ABC RESULTS:   sky130_fd_sc_hd__nand4_2 cells:        3
ABC RESULTS:   sky130_fd_sc_hd__nor2_2 cells:       14
ABC RESULTS:   sky130_fd_sc_hd__nor3_2 cells:        8
ABC RESULTS:   sky130_fd_sc_hd__nor3b_2 cells:        2
ABC RESULTS:   sky130_fd_sc_hd__nor4_2 cells:        1
ABC RESULTS:   sky130_fd_sc_hd__o2111a_2 cells:        2
ABC RESULTS:   sky130_fd_sc_hd__o2111ai_2 cells:        1
ABC RESULTS:   sky130_fd_sc_hd__o211a_2 cells:        4
ABC RESULTS:   sky130_fd_sc_hd__o21a_2 cells:       16
ABC RESULTS:   sky130_fd_sc_hd__o21ai_2 cells:        9
ABC RESULTS:   sky130_fd_sc_hd__o21ba_2 cells:        2
ABC RESULTS:   sky130_fd_sc_hd__o22a_2 cells:        1
ABC RESULTS:   sky130_fd_sc_hd__o311a_2 cells:        9
ABC RESULTS:   sky130_fd_sc_hd__o31a_2 cells:        8
ABC RESULTS:   sky130_fd_sc_hd__or2_2 cells:       12
ABC RESULTS:   sky130_fd_sc_hd__or3_2 cells:        4
ABC RESULTS:   sky130_fd_sc_hd__or3b_2 cells:        1
ABC RESULTS:   sky130_fd_sc_hd__or4_2 cells:        7
ABC RESULTS:        internal signals:      566
ABC RESULTS:           input signals:      280
ABC RESULTS:          output signals:      535
Removing temp directory.
Removing global temp directory.

139. Executing SETUNDEF pass (replace undef values with defined constants).

140. Executing HILOMAP pass (mapping to constant drivers).

141. Executing SPLITNETS pass (splitting up multi-bit signals).

142. Executing OPT_CLEAN pass (remove unused cells and wires).
Finding unused cells or wires in module \characterization_top..
Removed 2 unused cells and 1415 unused wires.
<suppressed ~29 debug messages>

143. Executing INSBUF pass (insert buffer cells for connected wires).
Add characterization_top/$auto$insbuf.cc:97:execute$7271: \clock_status_reg [5] -> \status_reg [4]

144. Executing CHECK pass (checking for obvious problems).
Checking module characterization_top...
Found and reported 0 problems.
{
   "creator": "Yosys 0.65 (git sha1 b85cad634, g++ 13.3.0-6ubuntu2~24.04.1 -fPIC -O3)",
   "invocation": "stat -json -liberty /foss/designs/sky130_characterization/openlane/characterization_top_sky130/runs/RUN_2026-06-23_12-08-15/tmp/bddb0cb67ac647d5978ba5dcc8078d09.lib ",
   "modules": {
      "\\characterization_top": {
         "num_wires":         934,
         "num_wire_bits":     1016,
         "num_pub_wires":     202,
         "num_pub_wire_bits": 284,
         "num_ports":         22,
         "num_port_bits":     104,
         "num_memories":      0,
         "num_memory_bits":   0,
         "num_processes":     0,
         "num_cells":         1005,
         "num_submodules":       0,
         "area":              12478.217600,
         "sequential_area":    7094.304000,
         "num_cells_by_type": {
            "sky130_fd_sc_hd__a2111o_2": 1,
            "sky130_fd_sc_hd__a21boi_2": 1,
            "sky130_fd_sc_hd__a21o_2": 12,
            "sky130_fd_sc_hd__a21oi_2": 18,
            "sky130_fd_sc_hd__a22o_2": 117,
            "sky130_fd_sc_hd__a2bb2o_2": 6,
            "sky130_fd_sc_hd__a311oi_2": 1,
            "sky130_fd_sc_hd__a31o_2": 13,
            "sky130_fd_sc_hd__a31oi_2": 1,
            "sky130_fd_sc_hd__a32o_2": 18,
            "sky130_fd_sc_hd__a41o_2": 4,
            "sky130_fd_sc_hd__and2_2": 16,
            "sky130_fd_sc_hd__and2b_2": 5,
            "sky130_fd_sc_hd__and3_2": 17,
            "sky130_fd_sc_hd__and3b_2": 2,
            "sky130_fd_sc_hd__and4_2": 9,
            "sky130_fd_sc_hd__and4b_2": 1,
            "sky130_fd_sc_hd__and4bb_2": 1,
            "sky130_fd_sc_hd__buf_2": 1,
            "sky130_fd_sc_hd__conb_1": 2,
            "sky130_fd_sc_hd__dfrtp_2": 269,
            "sky130_fd_sc_hd__dfstp_2": 1,
            "sky130_fd_sc_hd__inv_2": 286,
            "sky130_fd_sc_hd__mux2_1": 79,
            "sky130_fd_sc_hd__nand2_2": 15,
            "sky130_fd_sc_hd__nand2b_2": 3,
            "sky130_fd_sc_hd__nand3_2": 2,
            "sky130_fd_sc_hd__nand4_2": 3,
            "sky130_fd_sc_hd__nor2_2": 14,
            "sky130_fd_sc_hd__nor3_2": 8,
            "sky130_fd_sc_hd__nor3b_2": 2,
            "sky130_fd_sc_hd__nor4_2": 1,
            "sky130_fd_sc_hd__o2111a_2": 2,
            "sky130_fd_sc_hd__o2111ai_2": 1,
            "sky130_fd_sc_hd__o211a_2": 4,
            "sky130_fd_sc_hd__o21a_2": 16,
            "sky130_fd_sc_hd__o21ai_2": 9,
            "sky130_fd_sc_hd__o21ba_2": 2,
            "sky130_fd_sc_hd__o22a_2": 1,
            "sky130_fd_sc_hd__o311a_2": 9,
            "sky130_fd_sc_hd__o31a_2": 8,
            "sky130_fd_sc_hd__or2_2": 12,
            "sky130_fd_sc_hd__or3_2": 4,
            "sky130_fd_sc_hd__or3b_2": 1,
            "sky130_fd_sc_hd__or4_2": 7
         }
      }
   },
      "design": {
         "num_wires":         934,
         "num_wire_bits":     1016,
         "num_pub_wires":     202,
         "num_pub_wire_bits": 284,
         "num_ports":         22,
         "num_port_bits":     104,
         "num_memories":      0,
         "num_memory_bits":   0,
         "num_processes":     0,
         "num_cells":         1005,
         "num_submodules":       0,
         "area":              12478.217600,
         "sequential_area":    7094.304000,
         "num_cells_by_type": {
            "sky130_fd_sc_hd__a2111o_2": 1,
            "sky130_fd_sc_hd__a21boi_2": 1,
            "sky130_fd_sc_hd__a21o_2": 12,
            "sky130_fd_sc_hd__a21oi_2": 18,
            "sky130_fd_sc_hd__a22o_2": 117,
            "sky130_fd_sc_hd__a2bb2o_2": 6,
            "sky130_fd_sc_hd__a311oi_2": 1,
            "sky130_fd_sc_hd__a31o_2": 13,
            "sky130_fd_sc_hd__a31oi_2": 1,
            "sky130_fd_sc_hd__a32o_2": 18,
            "sky130_fd_sc_hd__a41o_2": 4,
            "sky130_fd_sc_hd__and2_2": 16,
            "sky130_fd_sc_hd__and2b_2": 5,
            "sky130_fd_sc_hd__and3_2": 17,
            "sky130_fd_sc_hd__and3b_2": 2,
            "sky130_fd_sc_hd__and4_2": 9,
            "sky130_fd_sc_hd__and4b_2": 1,
            "sky130_fd_sc_hd__and4bb_2": 1,
            "sky130_fd_sc_hd__buf_2": 1,
            "sky130_fd_sc_hd__conb_1": 2,
            "sky130_fd_sc_hd__dfrtp_2": 269,
            "sky130_fd_sc_hd__dfstp_2": 1,
            "sky130_fd_sc_hd__inv_2": 286,
            "sky130_fd_sc_hd__mux2_1": 79,
            "sky130_fd_sc_hd__nand2_2": 15,
            "sky130_fd_sc_hd__nand2b_2": 3,
            "sky130_fd_sc_hd__nand3_2": 2,
            "sky130_fd_sc_hd__nand4_2": 3,
            "sky130_fd_sc_hd__nor2_2": 14,
            "sky130_fd_sc_hd__nor3_2": 8,
            "sky130_fd_sc_hd__nor3b_2": 2,
            "sky130_fd_sc_hd__nor4_2": 1,
            "sky130_fd_sc_hd__o2111a_2": 2,
            "sky130_fd_sc_hd__o2111ai_2": 1,
            "sky130_fd_sc_hd__o211a_2": 4,
            "sky130_fd_sc_hd__o21a_2": 16,
            "sky130_fd_sc_hd__o21ai_2": 9,
            "sky130_fd_sc_hd__o21ba_2": 2,
            "sky130_fd_sc_hd__o22a_2": 1,
            "sky130_fd_sc_hd__o311a_2": 9,
            "sky130_fd_sc_hd__o31a_2": 8,
            "sky130_fd_sc_hd__or2_2": 12,
            "sky130_fd_sc_hd__or3_2": 4,
            "sky130_fd_sc_hd__or3b_2": 1,
            "sky130_fd_sc_hd__or4_2": 7
         }
      }
}

145. Printing statistics.

=== characterization_top ===

        +----------Local Count, excluding submodules.
        |        +-Local Area, excluding submodules.
        |        | 
      934        - wires
     1016        - wire bits
      202        - public wires
      284        - public wire bits
       22        - ports
      104        - port bits
     1005 1.25E+04 cells
        1   12.512   sky130_fd_sc_hd__a2111o_2
        1   11.261   sky130_fd_sc_hd__a21boi_2
       12  105.101   sky130_fd_sc_hd__a21o_2
       18  157.651   sky130_fd_sc_hd__a21oi_2
      117 1.17E+03   sky130_fd_sc_hd__a22o_2
        6   67.565   sky130_fd_sc_hd__a2bb2o_2
        1   15.014   sky130_fd_sc_hd__a311oi_2
       13  113.859   sky130_fd_sc_hd__a31o_2
        1   12.512   sky130_fd_sc_hd__a31oi_2
       18  202.694   sky130_fd_sc_hd__a32o_2
        4   45.043   sky130_fd_sc_hd__a41o_2
       16  120.115   sky130_fd_sc_hd__and2_2
        5   43.792   sky130_fd_sc_hd__and2b_2
       17  127.622   sky130_fd_sc_hd__and3_2
        2   20.019   sky130_fd_sc_hd__and3b_2
        9   90.086   sky130_fd_sc_hd__and4_2
        1   11.261   sky130_fd_sc_hd__and4b_2
        1   12.512   sky130_fd_sc_hd__and4bb_2
        1    5.005   sky130_fd_sc_hd__buf_2
        2    7.507   sky130_fd_sc_hd__conb_1
      269 7.07E+03   sky130_fd_sc_hd__dfrtp_2
        1   26.275   sky130_fd_sc_hd__dfstp_2
      286  1073.53   sky130_fd_sc_hd__inv_2
       79  889.603   sky130_fd_sc_hd__mux2_1
       15    93.84   sky130_fd_sc_hd__nand2_2
        3   26.275   sky130_fd_sc_hd__nand2b_2
        2   20.019   sky130_fd_sc_hd__nand3_2
        3   37.536   sky130_fd_sc_hd__nand4_2
       14   87.584   sky130_fd_sc_hd__nor2_2
        8   80.077   sky130_fd_sc_hd__nor3_2
        2   25.024   sky130_fd_sc_hd__nor3b_2
        1   12.512   sky130_fd_sc_hd__nor4_2
        2   25.024   sky130_fd_sc_hd__o2111a_2
        1   15.014   sky130_fd_sc_hd__o2111ai_2
        4   40.038   sky130_fd_sc_hd__o211a_2
       16  140.134   sky130_fd_sc_hd__o21a_2
        9   78.826   sky130_fd_sc_hd__o21ai_2
        2   20.019   sky130_fd_sc_hd__o21ba_2
        1    10.01   sky130_fd_sc_hd__o22a_2
        9  101.347   sky130_fd_sc_hd__o311a_2
        8   80.077   sky130_fd_sc_hd__o31a_2
       12   75.072   sky130_fd_sc_hd__or2_2
        4   30.029   sky130_fd_sc_hd__or3_2
        1    8.758   sky130_fd_sc_hd__or3b_2
        7   61.309   sky130_fd_sc_hd__or4_2

   Chip area for module '\characterization_top': 12478.217600
     of which used for sequential elements: 7094.304000 (56.85%)

146. Executing Verilog backend.
Dumping module `\characterization_top'.

147. Executing JSON backend.
