+ define_corners max_ff_n40C_1v95
Reading timing models for corner max_ff_n40C_1v95…
Reading cell library for the 'max_ff_n40C_1v95' corner at '/foss/pdks/sky130A/libs.ref/sky130_fd_sc_hd/lib/sky130_fd_sc_hd__ff_n40C_1v95.lib'…
Reading top-level netlist at '/foss/designs/sky130_characterization/openlane/delay_chain_physical_top/runs/RUN_2026-07-07_15-42-53/52-openroad-fillinsertion/delay_chain_physical_top.nl.v'…
Linking design 'delay_chain_physical_top' from netlist…
Warning: /foss/designs/sky130_characterization/openlane/delay_chain_physical_top/runs/RUN_2026-07-07_15-42-53/52-openroad-fillinsertion/delay_chain_physical_top.nl.v line 50, module sky130_fd_sc_hd__fill_1 not found. Creating black box for FILLER_0_27.
Warning: /foss/designs/sky130_characterization/openlane/delay_chain_physical_top/runs/RUN_2026-07-07_15-42-53/52-openroad-fillinsertion/delay_chain_physical_top.nl.v line 186, module sky130_fd_sc_hd__fill_2 not found. Creating black box for FILLER_11_54.
Warning: /foss/designs/sky130_characterization/openlane/delay_chain_physical_top/runs/RUN_2026-07-07_15-42-53/52-openroad-fillinsertion/delay_chain_physical_top.nl.v line 1833, module sky130_fd_sc_hd__tapvpwrvgnd_1 not found. Creating black box for TAP_TAPCELL_ROW_0_56.
Reading design constraints file at '/usr/local/lib/python3.12/dist-packages/librelane/scripts/base.sdc'…
Warning: base.sdc line 15, port 'null' not found.
[INFO] Using clock null…
[INFO] Setting output delay to: 2
[INFO] Setting input delay to: 2
Warning: base.sdc line 32, port 'null' not found.
[INFO] Setting load to: 0.033442
[INFO] Setting clock uncertainty to: 0.25
[INFO] Setting clock transition to: 0.1499999999999999944488848768742172978818416595458984375
Warning: base.sdc line 69, transition time can not be specified for virtual clocks.
[INFO] Setting timing derate to: 5%
Warning: base.sdc line 79, virtual clock null can not be propagated.
Reading top-level design parasitics for the 'max_ff_n40C_1v95' corner at '/foss/designs/sky130_characterization/openlane/delay_chain_physical_top/runs/RUN_2026-07-07_15-42-53/54-openroad-rcx/max/delay_chain_physical_top.max.spef'…
%OL_CREATE_REPORT min.rpt

===========================================================================
report_checks -path_delay min (Hold)
============================================================================
======================= max_ff_n40C_1v95 Corner ===================================

Startpoint: in (input port clocked by null)
Endpoint: out (output port clocked by null)
Path Group: null
Path Type: min

Fanout         Cap        Slew       Delay        Time   Description
---------------------------------------------------------------------------------------------
                      0.000000    0.000000    0.000000   clock null (rise edge)
                                  0.000000    0.000000   clock network delay (ideal)
                                  2.000000    2.000000 ^ input external delay
     1    0.007866    0.031314    0.020046    2.020046 ^ in (in)
                                                         in (net)
                      0.031318    0.000000    2.020046 ^ u0/A (sky130_fd_sc_hd__buf_2)
     1    0.002179    0.017246    0.056590    2.076637 ^ u0/X (sky130_fd_sc_hd__buf_2)
                                                         n0 (net)
                      0.017246    0.000099    2.076736 ^ u1/A (sky130_fd_sc_hd__buf_2)
     1    0.002179    0.017229    0.052448    2.129184 ^ u1/X (sky130_fd_sc_hd__buf_2)
                                                         n1 (net)
                      0.017229    0.000099    2.129283 ^ u2/A (sky130_fd_sc_hd__buf_2)
     1    0.002287    0.017550    0.052743    2.182026 ^ u2/X (sky130_fd_sc_hd__buf_2)
                                                         n2 (net)
                      0.017550    0.000165    2.182191 ^ u3/A (sky130_fd_sc_hd__buf_2)
     1    0.002218    0.017344    0.052648    2.234839 ^ u3/X (sky130_fd_sc_hd__buf_2)
                                                         n3 (net)
                      0.017344    0.000100    2.234940 ^ u4/A (sky130_fd_sc_hd__buf_2)
     1    0.002179    0.017229    0.052476    2.287416 ^ u4/X (sky130_fd_sc_hd__buf_2)
                                                         n4 (net)
                      0.017229    0.000099    2.287515 ^ u5/A (sky130_fd_sc_hd__buf_2)
     1    0.002179    0.017229    0.052444    2.339958 ^ u5/X (sky130_fd_sc_hd__buf_2)
                                                         n5 (net)
                      0.017229    0.000099    2.340058 ^ u6/A (sky130_fd_sc_hd__buf_2)
     1    0.002128    0.017076    0.052293    2.392351 ^ u6/X (sky130_fd_sc_hd__buf_2)
                                                         n6 (net)
                      0.017076    0.000097    2.392448 ^ u7/A (sky130_fd_sc_hd__buf_2)
     1    0.002179    0.017229    0.052400    2.444848 ^ u7/X (sky130_fd_sc_hd__buf_2)
                                                         n7 (net)
                      0.017229    0.000099    2.444947 ^ u8/A (sky130_fd_sc_hd__buf_2)
     1    0.005827    0.028648    0.062630    2.507578 ^ u8/X (sky130_fd_sc_hd__buf_2)
                                                         net1 (net)
                      0.028657    0.000461    2.508038 ^ output1/A (sky130_fd_sc_hd__clkdlybuf4s25_1)
     1    0.034356    0.260253    0.317321    2.825359 ^ output1/X (sky130_fd_sc_hd__clkdlybuf4s25_1)
                                                         out (net)
                      0.260260    0.001663    2.827022 ^ out (out)
                                              2.827022   data arrival time

                      0.000000    0.000000    0.000000   clock null (rise edge)
                                  0.000000    0.000000   clock network delay (ideal)
                                  0.250000    0.250000   clock uncertainty
                                  0.000000    0.250000   clock reconvergence pessimism
                                 -2.000000   -1.750000   output external delay
                                             -1.750000   data required time
---------------------------------------------------------------------------------------------
                                             -1.750000   data required time
                                             -2.827022   data arrival time
---------------------------------------------------------------------------------------------
                                              4.577022   slack (MET)



%OL_END_REPORT
%OL_CREATE_REPORT max.rpt

===========================================================================
report_checks -path_delay max (Setup)
============================================================================
======================= max_ff_n40C_1v95 Corner ===================================

Startpoint: in (input port clocked by null)
Endpoint: out (output port clocked by null)
Path Group: null
Path Type: max

Fanout         Cap        Slew       Delay        Time   Description
---------------------------------------------------------------------------------------------
                      0.000000    0.000000    0.000000   clock null (rise edge)
                                  0.000000    0.000000   clock network delay (ideal)
                                  2.000000    2.000000 v input external delay
     1    0.007707    0.012614    0.007423    2.007423 v in (in)
                                                         in (net)
                      0.012622    0.000000    2.007423 v u0/A (sky130_fd_sc_hd__buf_2)
     1    0.002020    0.015704    0.062333    2.069756 v u0/X (sky130_fd_sc_hd__buf_2)
                                                         n0 (net)
                      0.015704    0.000091    2.069848 v u1/A (sky130_fd_sc_hd__buf_2)
     1    0.002020    0.015703    0.063416    2.133264 v u1/X (sky130_fd_sc_hd__buf_2)
                                                         n1 (net)
                      0.015703    0.000091    2.133355 v u2/A (sky130_fd_sc_hd__buf_2)
     1    0.002128    0.015878    0.063672    2.197027 v u2/X (sky130_fd_sc_hd__buf_2)
                                                         n2 (net)
                      0.015878    0.000152    2.197179 v u3/A (sky130_fd_sc_hd__buf_2)
     1    0.002059    0.015763    0.063574    2.260753 v u3/X (sky130_fd_sc_hd__buf_2)
                                                         n3 (net)
                      0.015763    0.000093    2.260846 v u4/A (sky130_fd_sc_hd__buf_2)
     1    0.002020    0.015703    0.063437    2.324283 v u4/X (sky130_fd_sc_hd__buf_2)
                                                         n4 (net)
                      0.015703    0.000091    2.324374 v u5/A (sky130_fd_sc_hd__buf_2)
     1    0.002020    0.015703    0.063415    2.387789 v u5/X (sky130_fd_sc_hd__buf_2)
                                                         n5 (net)
                      0.015703    0.000091    2.387881 v u6/A (sky130_fd_sc_hd__buf_2)
     1    0.001969    0.015622    0.063287    2.451168 v u6/X (sky130_fd_sc_hd__buf_2)
                                                         n6 (net)
                      0.015622    0.000089    2.451257 v u7/A (sky130_fd_sc_hd__buf_2)
     1    0.002020    0.015703    0.063387    2.514644 v u7/X (sky130_fd_sc_hd__buf_2)
                                                         n7 (net)
                      0.015703    0.000091    2.514736 v u8/A (sky130_fd_sc_hd__buf_2)
     1    0.005601    0.021528    0.071620    2.586356 v u8/X (sky130_fd_sc_hd__buf_2)
                                                         net1 (net)
                      0.021530    0.000436    2.586792 v output1/A (sky130_fd_sc_hd__clkdlybuf4s25_1)
     1    0.034356    0.176151    0.272177    2.858969 v output1/X (sky130_fd_sc_hd__clkdlybuf4s25_1)
                                                         out (net)
                      0.176166    0.001662    2.860631 v out (out)
                                              2.860631   data arrival time

                      0.000000   10.000000   10.000000   clock null (rise edge)
                                  0.000000   10.000000   clock network delay (ideal)
                                 -0.250000    9.750000   clock uncertainty
                                  0.000000    9.750000   clock reconvergence pessimism
                                 -2.000000    7.750000   output external delay
                                              7.750000   data required time
---------------------------------------------------------------------------------------------
                                              7.750000   data required time
                                             -2.860631   data arrival time
---------------------------------------------------------------------------------------------
                                              4.889369   slack (MET)



%OL_END_REPORT
%OL_CREATE_REPORT checks.rpt

===========================================================================
report_checks -unconstrained
===========================================================================
======================= max_ff_n40C_1v95 Corner ===================================

Startpoint: in (input port clocked by null)
Endpoint: out (output port clocked by null)
Path Group: null
Path Type: max

Fanout         Cap        Slew       Delay        Time   Description
---------------------------------------------------------------------------------------------
                      0.000000    0.000000    0.000000   clock null (rise edge)
                                  0.000000    0.000000   clock network delay (ideal)
                                  2.000000    2.000000 v input external delay
     1    0.007707    0.012614    0.007423    2.007423 v in (in)
                                                         in (net)
                      0.012622    0.000000    2.007423 v u0/A (sky130_fd_sc_hd__buf_2)
     1    0.002020    0.015704    0.062333    2.069756 v u0/X (sky130_fd_sc_hd__buf_2)
                                                         n0 (net)
                      0.015704    0.000091    2.069848 v u1/A (sky130_fd_sc_hd__buf_2)
     1    0.002020    0.015703    0.063416    2.133264 v u1/X (sky130_fd_sc_hd__buf_2)
                                                         n1 (net)
                      0.015703    0.000091    2.133355 v u2/A (sky130_fd_sc_hd__buf_2)
     1    0.002128    0.015878    0.063672    2.197027 v u2/X (sky130_fd_sc_hd__buf_2)
                                                         n2 (net)
                      0.015878    0.000152    2.197179 v u3/A (sky130_fd_sc_hd__buf_2)
     1    0.002059    0.015763    0.063574    2.260753 v u3/X (sky130_fd_sc_hd__buf_2)
                                                         n3 (net)
                      0.015763    0.000093    2.260846 v u4/A (sky130_fd_sc_hd__buf_2)
     1    0.002020    0.015703    0.063437    2.324283 v u4/X (sky130_fd_sc_hd__buf_2)
                                                         n4 (net)
                      0.015703    0.000091    2.324374 v u5/A (sky130_fd_sc_hd__buf_2)
     1    0.002020    0.015703    0.063415    2.387789 v u5/X (sky130_fd_sc_hd__buf_2)
                                                         n5 (net)
                      0.015703    0.000091    2.387881 v u6/A (sky130_fd_sc_hd__buf_2)
     1    0.001969    0.015622    0.063287    2.451168 v u6/X (sky130_fd_sc_hd__buf_2)
                                                         n6 (net)
                      0.015622    0.000089    2.451257 v u7/A (sky130_fd_sc_hd__buf_2)
     1    0.002020    0.015703    0.063387    2.514644 v u7/X (sky130_fd_sc_hd__buf_2)
                                                         n7 (net)
                      0.015703    0.000091    2.514736 v u8/A (sky130_fd_sc_hd__buf_2)
     1    0.005601    0.021528    0.071620    2.586356 v u8/X (sky130_fd_sc_hd__buf_2)
                                                         net1 (net)
                      0.021530    0.000436    2.586792 v output1/A (sky130_fd_sc_hd__clkdlybuf4s25_1)
     1    0.034356    0.176151    0.272177    2.858969 v output1/X (sky130_fd_sc_hd__clkdlybuf4s25_1)
                                                         out (net)
                      0.176166    0.001662    2.860631 v out (out)
                                              2.860631   data arrival time

                      0.000000   10.000000   10.000000   clock null (rise edge)
                                  0.000000   10.000000   clock network delay (ideal)
                                 -0.250000    9.750000   clock uncertainty
                                  0.000000    9.750000   clock reconvergence pessimism
                                 -2.000000    7.750000   output external delay
                                              7.750000   data required time
---------------------------------------------------------------------------------------------
                                              7.750000   data required time
                                             -2.860631   data arrival time
---------------------------------------------------------------------------------------------
                                              4.889369   slack (MET)




===========================================================================
report_checks --slack_max -0.01
============================================================================
======================= max_ff_n40C_1v95 Corner ===================================

No paths found.


===========================================================================
 report_check_types -max_slew -max_cap -max_fanout -violators
============================================================================
======================= max_ff_n40C_1v95 Corner ===================================



===========================================================================
report_parasitic_annotation -report_unannotated
============================================================================
Found 0 unannotated drivers.
Found 0 partially unannotated drivers.

===========================================================================
max slew violation count 0
%OL_METRIC_I design__max_slew_violation__count__corner:max_ff_n40C_1v95 0
max fanout violation count 0
%OL_METRIC_I design__max_fanout_violation__count__corner:max_ff_n40C_1v95 0
max cap violation count 0
%OL_METRIC_I design__max_cap_violation__count__corner:max_ff_n40C_1v95 0
============================================================================

===========================================================================
check_setup -verbose -unconstrained_endpoints -multiple_clock -no_clock -no_input_delay -loops -generated_clocks
===========================================================================
%OL_END_REPORT
%OL_CREATE_REPORT power.rpt

===========================================================================
 report_power
============================================================================
======================= max_ff_n40C_1v95 Corner ===================================

Group                    Internal    Switching      Leakage        Total
                            Power        Power        Power        Power (Watts)
------------------------------------------------------------------------
Sequential           0.000000e+00 0.000000e+00 0.000000e+00 0.000000e+00   0.0%
Combinational        1.622223e-06 1.097221e-06 9.861780e-11 2.719543e-06  99.8%
Clock                0.000000e+00 0.000000e+00 6.528752e-09 6.528752e-09   0.2%
Macro                0.000000e+00 0.000000e+00 0.000000e+00 0.000000e+00   0.0%
Pad                  0.000000e+00 0.000000e+00 0.000000e+00 0.000000e+00   0.0%
------------------------------------------------------------------------
Total                1.622223e-06 1.097221e-06 6.627369e-09 2.726072e-06 100.0%
                            59.5%        40.2%         0.2%
%OL_METRIC_F power__internal__total 1.622223294361902e-6
%OL_METRIC_F power__switching__total 1.097221229429124e-6
%OL_METRIC_F power__leakage__total 6.627369320000298e-9
%OL_METRIC_F power__total 2.7260718979960075e-6

%OL_END_REPORT
%OL_CREATE_REPORT skew.min.rpt

===========================================================================
Clock Skew (Hold)
============================================================================
%OL_METRIC_F clock__skew__worst_hold__corner:max_ff_n40C_1v95 0.0
======================= max_ff_n40C_1v95 Corner ===================================

Clock null
No launch/capture paths found.

%OL_END_REPORT
%OL_CREATE_REPORT skew.max.rpt

===========================================================================
Clock Skew (Setup)
============================================================================
%OL_METRIC_F clock__skew__worst_setup__corner:max_ff_n40C_1v95 0.0
======================= max_ff_n40C_1v95 Corner ===================================

Clock null
No launch/capture paths found.

%OL_END_REPORT
%OL_CREATE_REPORT ws.min.rpt

===========================================================================
Worst Slack (Hold)
============================================================================
%OL_METRIC_F timing__hold__ws__corner:max_ff_n40C_1v95 4.577022002067458
max_ff_n40C_1v95: 4.577022002067458
%OL_END_REPORT
%OL_CREATE_REPORT ws.max.rpt

===========================================================================
Worst Slack (Setup)
============================================================================
%OL_METRIC_F timing__setup__ws__corner:max_ff_n40C_1v95 4.889368603935585
max_ff_n40C_1v95: 4.889368603935585
%OL_END_REPORT
%OL_CREATE_REPORT tns.min.rpt

===========================================================================
Total Negative Slack (Hold)
============================================================================
%OL_METRIC_F timing__hold__tns__corner:max_ff_n40C_1v95 0.0
max_ff_n40C_1v95: 0.0
%OL_END_REPORT
%OL_CREATE_REPORT tns.max.rpt

===========================================================================
Total Negative Slack (Setup)
============================================================================
%OL_METRIC_F timing__setup__tns__corner:max_ff_n40C_1v95 0.0
max_ff_n40C_1v95: 0.0
%OL_END_REPORT
%OL_CREATE_REPORT wns.min.rpt

===========================================================================
Worst Negative Slack (Hold)
============================================================================
%OL_METRIC_F timing__hold__wns__corner:max_ff_n40C_1v95 0
max_ff_n40C_1v95: 0
%OL_END_REPORT
%OL_CREATE_REPORT wns.max.rpt

===========================================================================
Worst Negative Slack (Setup)
============================================================================
%OL_METRIC_F timing__setup__wns__corner:max_ff_n40C_1v95 0.0
max_ff_n40C_1v95: 0.0
%OL_END_REPORT
%OL_CREATE_REPORT violator_list.rpt

===========================================================================
Violator List
============================================================================
%OL_METRIC_I timing__hold_vio__count__corner:max_ff_n40C_1v95 0
%OL_METRIC_F timing__hold_r2r__ws__corner:max_ff_n40C_1v95 inf
%OL_METRIC_I timing__hold_r2r_vio__count__corner:max_ff_n40C_1v95 0
%OL_METRIC_I timing__setup_vio__count__corner:max_ff_n40C_1v95 0
%OL_METRIC_F timing__setup_r2r__ws__corner:max_ff_n40C_1v95 inf
%OL_METRIC_I timing__setup_r2r_vio__count__corner:max_ff_n40C_1v95 0
%OL_END_REPORT
%OL_CREATE_REPORT unpropagated.rpt
null
%OL_END_REPORT
%OL_CREATE_REPORT clock.rpt
Clock: null
Sources: 
Generated: no
Virtual: yes
Propagated: no
Period: 10.000000

===========================================================================
report_clock_properties
============================================================================
Clock                   Period          Waveform
----------------------------------------------------
null                 10.000000    0.000000  5.000000

===========================================================================
report_clock_latency
============================================================================
Clock null


===========================================================================
report_clock_min_period
============================================================================
null period_min = 0.00 fmax = inf
%OL_END_REPORT
Writing SDF files for all corners…
Removing Clock latencies before writing libs…
Writing timing models for all corners…
Writing timing models for the max_ff_n40C_1v95 corner to /foss/designs/sky130_characterization/openlane/delay_chain_physical_top/runs/RUN_2026-07-07_15-42-53/55-openroad-stapostpnr/max_ff_n40C_1v95/delay_chain_physical_top__max_ff_n40C_1v95.lib…
