+ analyze_power_grid -net VPWR -voltage_file /foss/designs/sky130_characterization/openlane/ro_physical_top/runs/RUN_2026-07-07_10-36-36/56-openroad-irdropreport/net-VPWR.csv
[INFO PSM-0040] All shapes on net VPWR are connected.
########## IR report #################
Net              : VPWR
Corner           : nom_tt_025C_1v80
Total power      : 3.35e-07 W
Supply voltage   : 1.80e+00 V
Worstcase voltage: 1.80e+00 V
Average voltage  : 1.80e+00 V
Average IR drop  : 8.49e-08 V
Worstcase IR drop: 1.91e-06 V
Percentage drop  : 0.00 %
######################################
+ analyze_power_grid -net VGND -voltage_file /foss/designs/sky130_characterization/openlane/ro_physical_top/runs/RUN_2026-07-07_10-36-36/56-openroad-irdropreport/net-VGND.csv
[INFO PSM-0040] All shapes on net VGND are connected.
########## IR report #################
Net              : VGND
Corner           : nom_tt_025C_1v80
Total power      : 3.35e-07 W
Supply voltage   : 0.00e+00 V
Worstcase voltage: 1.78e-06 V
Average voltage  : 7.07e-08 V
Average IR drop  : 7.07e-08 V
Worstcase IR drop: 1.78e-06 V
Percentage drop  : 0.00 %
######################################
