+ define_corners max_tt_025C_1v80
Reading timing models for corner max_tt_025C_1v80…
Reading cell library for the 'max_tt_025C_1v80' corner at '/foss/pdks/sky130A/libs.ref/sky130_fd_sc_hd/lib/sky130_fd_sc_hd__tt_025C_1v80.lib'…
Reading top-level netlist at '/foss/designs/sky130_characterization/openlane/ro_physical_top/runs/RUN_2026-07-07_10-36-36/52-openroad-fillinsertion/ro_physical_top.nl.v'…
Linking design 'ro_physical_top' from netlist…
Warning: /foss/designs/sky130_characterization/openlane/ro_physical_top/runs/RUN_2026-07-07_10-36-36/52-openroad-fillinsertion/ro_physical_top.nl.v line 15, module sky130_fd_sc_hd__fill_2 not found. Creating black box for FILLER_0_110.
Warning: /foss/designs/sky130_characterization/openlane/ro_physical_top/runs/RUN_2026-07-07_10-36-36/52-openroad-fillinsertion/ro_physical_top.nl.v line 46, module sky130_fd_sc_hd__fill_1 not found. Creating black box for FILLER_0_27.
Warning: /foss/designs/sky130_characterization/openlane/ro_physical_top/runs/RUN_2026-07-07_10-36-36/52-openroad-fillinsertion/ro_physical_top.nl.v line 1832, module sky130_fd_sc_hd__tapvpwrvgnd_1 not found. Creating black box for TAP_TAPCELL_ROW_0_56.
Reading design constraints file at '/usr/local/lib/python3.12/dist-packages/librelane/scripts/base.sdc'…
Warning: base.sdc line 15, port 'null' not found.
[INFO] Using clock null…
[INFO] Setting output delay to: 2
[INFO] Setting input delay to: 2
Warning: base.sdc line 32, port 'null' not found.
[INFO] Setting load to: 0.033442
[INFO] Setting clock uncertainty to: 0.25
[INFO] Setting clock transition to: 0.1499999999999999944488848768742172978818416595458984375
Warning: base.sdc line 69, transition time can not be specified for virtual clocks.
[INFO] Setting timing derate to: 5%
Warning: base.sdc line 79, virtual clock null can not be propagated.
Reading top-level design parasitics for the 'max_tt_025C_1v80' corner at '/foss/designs/sky130_characterization/openlane/ro_physical_top/runs/RUN_2026-07-07_10-36-36/54-openroad-rcx/max/ro_physical_top.max.spef'…
%OL_CREATE_REPORT min.rpt

===========================================================================
report_checks -path_delay min (Hold)
============================================================================
======================= max_tt_025C_1v80 Corner ===================================

Startpoint: enable (input port clocked by null)
Endpoint: ro_out (output port clocked by null)
Path Group: null
Path Type: min

Fanout         Cap        Slew       Delay        Time   Description
---------------------------------------------------------------------------------------------
                      0.000000    0.000000    0.000000   clock null (rise edge)
                                  0.000000    0.000000   clock network delay (ideal)
                                  2.000000    2.000000 ^ input external delay
     1    0.003615    0.023274    0.013222    2.013222 ^ enable (in)
                                                         enable (net)
                      0.023276    0.000000    2.013222 ^ input1/A (sky130_fd_sc_hd__clkdlybuf4s25_1)
     1    0.003408    0.049401    0.239628    2.252850 ^ input1/X (sky130_fd_sc_hd__clkdlybuf4s25_1)
                                                         net1 (net)
                      0.049401    0.000246    2.253096 ^ u_nand/A (sky130_fd_sc_hd__nand2_1)
     1    0.002939    0.031775    0.046201    2.299297 v u_nand/Y (sky130_fd_sc_hd__nand2_1)
                                                         n0 (net)
                      0.031776    0.000201    2.299498 v u_inv0/A (sky130_fd_sc_hd__inv_1)
     1    0.003336    0.036568    0.046146    2.345645 ^ u_inv0/Y (sky130_fd_sc_hd__inv_1)
                                                         n1 (net)
                      0.036569    0.000239    2.345884 ^ u_inv1/A (sky130_fd_sc_hd__inv_1)
     1    0.002919    0.020106    0.032219    2.378103 v u_inv1/Y (sky130_fd_sc_hd__inv_1)
                                                         n2 (net)
                      0.020108    0.000199    2.378302 v u_inv2/A (sky130_fd_sc_hd__inv_1)
     1    0.003236    0.035430    0.040715    2.419017 ^ u_inv2/Y (sky130_fd_sc_hd__inv_1)
                                                         n3 (net)
                      0.035445    0.000240    2.419257 ^ u_inv3/A (sky130_fd_sc_hd__inv_1)
     2    0.004770    0.027290    0.038517    2.457774 v u_inv3/Y (sky130_fd_sc_hd__inv_1)
                                                         n4 (net)
                      0.027290    0.000158    2.457932 v u_buf/A (sky130_fd_sc_hd__buf_2)
     1    0.002351    0.022432    0.104295    2.562227 v u_buf/X (sky130_fd_sc_hd__buf_2)
                                                         net2 (net)
                      0.022432    0.000107    2.562334 v output2/A (sky130_fd_sc_hd__clkdlybuf4s25_1)
     1    0.035716    0.265805    0.411289    2.973623 v output2/X (sky130_fd_sc_hd__clkdlybuf4s25_1)
                                                         ro_out (net)
                      0.265817    0.001987    2.975610 v ro_out (out)
                                              2.975610   data arrival time

                      0.000000    0.000000    0.000000   clock null (rise edge)
                                  0.000000    0.000000   clock network delay (ideal)
                                  0.250000    0.250000   clock uncertainty
                                  0.000000    0.250000   clock reconvergence pessimism
                                 -2.000000   -1.750000   output external delay
                                             -1.750000   data required time
---------------------------------------------------------------------------------------------
                                             -1.750000   data required time
                                             -2.975610   data arrival time
---------------------------------------------------------------------------------------------
                                              4.725610   slack (MET)



%OL_END_REPORT
%OL_CREATE_REPORT max.rpt

===========================================================================
report_checks -path_delay max (Setup)
============================================================================
======================= max_tt_025C_1v80 Corner ===================================

Startpoint: enable (input port clocked by null)
Endpoint: ro_out (output port clocked by null)
Path Group: null
Path Type: max

Fanout         Cap        Slew       Delay        Time   Description
---------------------------------------------------------------------------------------------
                      0.000000    0.000000    0.000000   clock null (rise edge)
                                  0.000000    0.000000   clock network delay (ideal)
                                  2.000000    2.000000 v input external delay
     1    0.003390    0.009990    0.005475    2.005475 v enable (in)
                                                         enable (net)
                      0.009993    0.000000    2.005475 v input1/A (sky130_fd_sc_hd__clkdlybuf4s25_1)
     1    0.003287    0.043073    0.229984    2.235459 v input1/X (sky130_fd_sc_hd__clkdlybuf4s25_1)
                                                         net1 (net)
                      0.043076    0.000235    2.235695 v u_nand/A (sky130_fd_sc_hd__nand2_1)
     1    0.003115    0.039765    0.054728    2.290423 ^ u_nand/Y (sky130_fd_sc_hd__nand2_1)
                                                         n0 (net)
                      0.039765    0.000216    2.290639 ^ u_inv0/A (sky130_fd_sc_hd__inv_1)
     1    0.003160    0.021403    0.034310    2.324948 v u_inv0/Y (sky130_fd_sc_hd__inv_1)
                                                         n1 (net)
                      0.021405    0.000224    2.325173 v u_inv1/A (sky130_fd_sc_hd__inv_1)
     1    0.003095    0.034313    0.040397    2.365570 ^ u_inv1/Y (sky130_fd_sc_hd__inv_1)
                                                         n2 (net)
                      0.034314    0.000213    2.365783 ^ u_inv2/A (sky130_fd_sc_hd__inv_1)
     1    0.003060    0.020281    0.031977    2.397760 v u_inv2/Y (sky130_fd_sc_hd__inv_1)
                                                         n3 (net)
                      0.020283    0.000225    2.397986 v u_inv3/A (sky130_fd_sc_hd__inv_1)
     2    0.005138    0.050547    0.051797    2.449782 ^ u_inv3/Y (sky130_fd_sc_hd__inv_1)
                                                         n4 (net)
                      0.050548    0.000171    2.449953 ^ u_buf/A (sky130_fd_sc_hd__buf_2)
     1    0.002576    0.025876    0.091679    2.541632 ^ u_buf/X (sky130_fd_sc_hd__buf_2)
                                                         net2 (net)
                      0.025876    0.000118    2.541750 ^ output2/A (sky130_fd_sc_hd__clkdlybuf4s25_1)
     1    0.035716    0.360883    0.461505    3.003255 ^ output2/X (sky130_fd_sc_hd__clkdlybuf4s25_1)
                                                         ro_out (net)
                      0.360888    0.001988    3.005243 ^ ro_out (out)
                                              3.005243   data arrival time

                      0.000000   10.000000   10.000000   clock null (rise edge)
                                  0.000000   10.000000   clock network delay (ideal)
                                 -0.250000    9.750000   clock uncertainty
                                  0.000000    9.750000   clock reconvergence pessimism
                                 -2.000000    7.750000   output external delay
                                              7.750000   data required time
---------------------------------------------------------------------------------------------
                                              7.750000   data required time
                                             -3.005243   data arrival time
---------------------------------------------------------------------------------------------
                                              4.744757   slack (MET)



%OL_END_REPORT
%OL_CREATE_REPORT checks.rpt

===========================================================================
report_checks -unconstrained
===========================================================================
======================= max_tt_025C_1v80 Corner ===================================

Startpoint: enable (input port clocked by null)
Endpoint: ro_out (output port clocked by null)
Path Group: null
Path Type: max

Fanout         Cap        Slew       Delay        Time   Description
---------------------------------------------------------------------------------------------
                      0.000000    0.000000    0.000000   clock null (rise edge)
                                  0.000000    0.000000   clock network delay (ideal)
                                  2.000000    2.000000 v input external delay
     1    0.003390    0.009990    0.005475    2.005475 v enable (in)
                                                         enable (net)
                      0.009993    0.000000    2.005475 v input1/A (sky130_fd_sc_hd__clkdlybuf4s25_1)
     1    0.003287    0.043073    0.229984    2.235459 v input1/X (sky130_fd_sc_hd__clkdlybuf4s25_1)
                                                         net1 (net)
                      0.043076    0.000235    2.235695 v u_nand/A (sky130_fd_sc_hd__nand2_1)
     1    0.003115    0.039765    0.054728    2.290423 ^ u_nand/Y (sky130_fd_sc_hd__nand2_1)
                                                         n0 (net)
                      0.039765    0.000216    2.290639 ^ u_inv0/A (sky130_fd_sc_hd__inv_1)
     1    0.003160    0.021403    0.034310    2.324948 v u_inv0/Y (sky130_fd_sc_hd__inv_1)
                                                         n1 (net)
                      0.021405    0.000224    2.325173 v u_inv1/A (sky130_fd_sc_hd__inv_1)
     1    0.003095    0.034313    0.040397    2.365570 ^ u_inv1/Y (sky130_fd_sc_hd__inv_1)
                                                         n2 (net)
                      0.034314    0.000213    2.365783 ^ u_inv2/A (sky130_fd_sc_hd__inv_1)
     1    0.003060    0.020281    0.031977    2.397760 v u_inv2/Y (sky130_fd_sc_hd__inv_1)
                                                         n3 (net)
                      0.020283    0.000225    2.397986 v u_inv3/A (sky130_fd_sc_hd__inv_1)
     2    0.005138    0.050547    0.051797    2.449782 ^ u_inv3/Y (sky130_fd_sc_hd__inv_1)
                                                         n4 (net)
                      0.050548    0.000171    2.449953 ^ u_buf/A (sky130_fd_sc_hd__buf_2)
     1    0.002576    0.025876    0.091679    2.541632 ^ u_buf/X (sky130_fd_sc_hd__buf_2)
                                                         net2 (net)
                      0.025876    0.000118    2.541750 ^ output2/A (sky130_fd_sc_hd__clkdlybuf4s25_1)
     1    0.035716    0.360883    0.461505    3.003255 ^ output2/X (sky130_fd_sc_hd__clkdlybuf4s25_1)
                                                         ro_out (net)
                      0.360888    0.001988    3.005243 ^ ro_out (out)
                                              3.005243   data arrival time

                      0.000000   10.000000   10.000000   clock null (rise edge)
                                  0.000000   10.000000   clock network delay (ideal)
                                 -0.250000    9.750000   clock uncertainty
                                  0.000000    9.750000   clock reconvergence pessimism
                                 -2.000000    7.750000   output external delay
                                              7.750000   data required time
---------------------------------------------------------------------------------------------
                                              7.750000   data required time
                                             -3.005243   data arrival time
---------------------------------------------------------------------------------------------
                                              4.744757   slack (MET)




===========================================================================
report_checks --slack_max -0.01
============================================================================
======================= max_tt_025C_1v80 Corner ===================================

No paths found.


===========================================================================
 report_check_types -max_slew -max_cap -max_fanout -violators
============================================================================
======================= max_tt_025C_1v80 Corner ===================================



===========================================================================
report_parasitic_annotation -report_unannotated
============================================================================
Found 0 unannotated drivers.
Found 0 partially unannotated drivers.

===========================================================================
max slew violation count 0
%OL_METRIC_I design__max_slew_violation__count__corner:max_tt_025C_1v80 0
max fanout violation count 0
%OL_METRIC_I design__max_fanout_violation__count__corner:max_tt_025C_1v80 0
max cap violation count 0
%OL_METRIC_I design__max_cap_violation__count__corner:max_tt_025C_1v80 0
============================================================================

===========================================================================
check_setup -verbose -unconstrained_endpoints -multiple_clock -no_clock -no_input_delay -loops -generated_clocks
===========================================================================
Warning: There is 1 combinational loop in the design.
  u_nand/Y
  u_inv0/A
  u_inv0/Y
  u_inv1/A
  u_inv1/Y
  u_inv2/A
  u_inv2/Y
  u_inv3/A
  u_inv3/Y
  u_nand/B
  | loop cut point
  u_nand/Y
  --------------------------------
%OL_END_REPORT
%OL_CREATE_REPORT power.rpt

===========================================================================
 report_power
============================================================================
======================= max_tt_025C_1v80 Corner ===================================

Group                    Internal    Switching      Leakage        Total
                            Power        Power        Power        Power (Watts)
------------------------------------------------------------------------
Sequential           0.000000e+00 0.000000e+00 0.000000e+00 0.000000e+00   0.0%
Combinational        2.754862e-07 5.520804e-08 3.627460e-11 3.307305e-07  98.3%
Clock                0.000000e+00 0.000000e+00 5.582636e-09 5.582636e-09   1.7%
Macro                0.000000e+00 0.000000e+00 0.000000e+00 0.000000e+00   0.0%
Pad                  0.000000e+00 0.000000e+00 0.000000e+00 0.000000e+00   0.0%
------------------------------------------------------------------------
Total                2.754862e-07 5.520804e-08 5.618911e-09 3.363132e-07 100.0%
                            81.9%        16.4%         1.7%
%OL_METRIC_F power__internal__total 2.7548622938411427e-7
%OL_METRIC_F power__switching__total 5.5208040805609926e-8
%OL_METRIC_F power__leakage__total 5.618910670079913e-9
%OL_METRIC_F power__total 3.3631317819526885e-7

%OL_END_REPORT
%OL_CREATE_REPORT skew.min.rpt

===========================================================================
Clock Skew (Hold)
============================================================================
%OL_METRIC_F clock__skew__worst_hold__corner:max_tt_025C_1v80 0.0
======================= max_tt_025C_1v80 Corner ===================================

Clock null
No launch/capture paths found.

%OL_END_REPORT
%OL_CREATE_REPORT skew.max.rpt

===========================================================================
Clock Skew (Setup)
============================================================================
%OL_METRIC_F clock__skew__worst_setup__corner:max_tt_025C_1v80 0.0
======================= max_tt_025C_1v80 Corner ===================================

Clock null
No launch/capture paths found.

%OL_END_REPORT
%OL_CREATE_REPORT ws.min.rpt

===========================================================================
Worst Slack (Hold)
============================================================================
%OL_METRIC_F timing__hold__ws__corner:max_tt_025C_1v80 4.725610259082763
max_tt_025C_1v80: 4.725610259082763
%OL_END_REPORT
%OL_CREATE_REPORT ws.max.rpt

===========================================================================
Worst Slack (Setup)
============================================================================
%OL_METRIC_F timing__setup__ws__corner:max_tt_025C_1v80 4.744757165906959
max_tt_025C_1v80: 4.744757165906959
%OL_END_REPORT
%OL_CREATE_REPORT tns.min.rpt

===========================================================================
Total Negative Slack (Hold)
============================================================================
%OL_METRIC_F timing__hold__tns__corner:max_tt_025C_1v80 0.0
max_tt_025C_1v80: 0.0
%OL_END_REPORT
%OL_CREATE_REPORT tns.max.rpt

===========================================================================
Total Negative Slack (Setup)
============================================================================
%OL_METRIC_F timing__setup__tns__corner:max_tt_025C_1v80 0.0
max_tt_025C_1v80: 0.0
%OL_END_REPORT
%OL_CREATE_REPORT wns.min.rpt

===========================================================================
Worst Negative Slack (Hold)
============================================================================
%OL_METRIC_F timing__hold__wns__corner:max_tt_025C_1v80 0
max_tt_025C_1v80: 0
%OL_END_REPORT
%OL_CREATE_REPORT wns.max.rpt

===========================================================================
Worst Negative Slack (Setup)
============================================================================
%OL_METRIC_F timing__setup__wns__corner:max_tt_025C_1v80 0.0
max_tt_025C_1v80: 0.0
%OL_END_REPORT
%OL_CREATE_REPORT violator_list.rpt

===========================================================================
Violator List
============================================================================
%OL_METRIC_I timing__hold_vio__count__corner:max_tt_025C_1v80 0
%OL_METRIC_F timing__hold_r2r__ws__corner:max_tt_025C_1v80 inf
%OL_METRIC_I timing__hold_r2r_vio__count__corner:max_tt_025C_1v80 0
%OL_METRIC_I timing__setup_vio__count__corner:max_tt_025C_1v80 0
%OL_METRIC_F timing__setup_r2r__ws__corner:max_tt_025C_1v80 inf
%OL_METRIC_I timing__setup_r2r_vio__count__corner:max_tt_025C_1v80 0
%OL_END_REPORT
%OL_CREATE_REPORT unpropagated.rpt
null
%OL_END_REPORT
%OL_CREATE_REPORT clock.rpt
Clock: null
Sources: 
Generated: no
Virtual: yes
Propagated: no
Period: 10.000000

===========================================================================
report_clock_properties
============================================================================
Clock                   Period          Waveform
----------------------------------------------------
null                 10.000000    0.000000  5.000000

===========================================================================
report_clock_latency
============================================================================
Clock null


===========================================================================
report_clock_min_period
============================================================================
null period_min = 0.00 fmax = inf
%OL_END_REPORT
Writing SDF files for all corners…
Removing Clock latencies before writing libs…
Writing timing models for all corners…
Writing timing models for the max_tt_025C_1v80 corner to /foss/designs/sky130_characterization/openlane/ro_physical_top/runs/RUN_2026-07-07_10-36-36/55-openroad-stapostpnr/max_tt_025C_1v80/ro_physical_top__max_tt_025C_1v80.lib…
