Startpoint: rst (input port clocked by clk)
Endpoint: _1728_ (removal check against rising-edge clock clk)
Path Group: asynchronous
Path Type: min

  Delay    Time   Description
---------------------------------------------------------
   0.00    0.00   clock clk (rise edge)
   0.00    0.00   clock network delay (propagated)
   2.00    2.00 v input external delay
   0.00    2.00 v rst (in)
   0.08    2.08 v input9/X (sky130_fd_sc_hd__buf_1)
   0.12    2.20 v max_cap212/X (sky130_fd_sc_hd__buf_2)
   0.04    2.24 ^ _1285_/Y (sky130_fd_sc_hd__inv_2)
   0.00    2.24 ^ _1728_/RESET_B (sky130_fd_sc_hd__dfrtp_2)
           2.24   data arrival time

   0.00    0.00   clock clk (rise edge)
   0.43    0.43   clock network delay (propagated)
   0.25    0.68   clock uncertainty
   0.00    0.68   clock reconvergence pessimism
           0.68 ^ _1728_/CLK (sky130_fd_sc_hd__dfrtp_2)
   0.31    0.99   library removal time
           0.99   data required time
---------------------------------------------------------
           0.99   data required time
          -2.24   data arrival time
---------------------------------------------------------
           1.25   slack (MET)


Startpoint: _1571_ (rising edge-triggered flip-flop clocked by clk)
Endpoint: _1726_ (rising edge-triggered flip-flop clocked by clk)
Path Group: clk
Path Type: min

  Delay    Time   Description
---------------------------------------------------------
   0.00    0.00   clock clk (rise edge)
   0.43    0.43   clock network delay (propagated)
   0.00    0.43 ^ _1571_/CLK (sky130_fd_sc_hd__dfrtp_2)
   0.35    0.77 ^ _1571_/Q (sky130_fd_sc_hd__dfrtp_2)
   0.04    0.82 v _0739_/Y (sky130_fd_sc_hd__nand2_2)
   0.03    0.85 ^ _0740_/Y (sky130_fd_sc_hd__inv_2)
   0.00    0.85 ^ _1726_/D (sky130_fd_sc_hd__dfrtp_2)
           0.85   data arrival time

   0.00    0.00   clock clk (rise edge)
   0.43    0.43   clock network delay (propagated)
   0.25    0.68   clock uncertainty
   0.00    0.68   clock reconvergence pessimism
           0.68 ^ _1726_/CLK (sky130_fd_sc_hd__dfrtp_2)
  -0.02    0.66   library hold time
           0.66   data required time
---------------------------------------------------------
           0.66   data required time
          -0.85   data arrival time
---------------------------------------------------------
           0.19   slack (MET)


