
===========================================================================
report_checks -unconstrained
===========================================================================
======================= nom_ss_100C_1v60 Corner ===================================

Startpoint: rst (input port clocked by clk)
Endpoint: _1720_ (recovery check against rising-edge clock clk)
Path Group: asynchronous
Path Type: max

Fanout         Cap        Slew       Delay        Time   Description
---------------------------------------------------------------------------------------------
                      0.150000    0.000000    0.000000   clock clk (rise edge)
                                  0.000000    0.000000   clock network delay (ideal)
                                  2.000000    2.000000 v input external delay
   270    1.160997    4.740191    3.482813    5.482813 v rst (in)
                                                         rst (net)
                      4.740191    0.000000    5.482813 v _1277_/A (sky130_fd_sc_hd__inv_2)
     1    0.003271    0.508807    0.491276    5.974090 ^ _1277_/Y (sky130_fd_sc_hd__inv_2)
                                                         _0092_ (net)
                      0.508807    0.000000    5.974090 ^ _1720_/SET_B (sky130_fd_sc_hd__dfstp_2)
                                              5.974090   data arrival time

                      0.150000   10.000000   10.000000   clock clk (rise edge)
                                  0.000000   10.000000   clock network delay (ideal)
                                 -0.250000    9.750000   clock uncertainty
                                  0.000000    9.750000   clock reconvergence pessimism
                                              9.750000 ^ _1720_/CLK (sky130_fd_sc_hd__dfstp_2)
                                  0.231511    9.981512   library recovery time
                                              9.981512   data required time
---------------------------------------------------------------------------------------------
                                              9.981512   data required time
                                             -5.974090   data arrival time
---------------------------------------------------------------------------------------------
                                              4.007422   slack (MET)


Startpoint: _1618_ (rising edge-triggered flip-flop clocked by clk)
Endpoint: _1596_ (rising edge-triggered flip-flop clocked by clk)
Path Group: clk
Path Type: max

Fanout         Cap        Slew       Delay        Time   Description
---------------------------------------------------------------------------------------------
                      0.150000    0.000000    0.000000   clock clk (rise edge)
                                  0.000000    0.000000   clock network delay (ideal)
                      0.150000    0.000000    0.000000 ^ _1618_/CLK (sky130_fd_sc_hd__dfrtp_2)
    10    0.023129    0.168977    0.952663    0.952663 v _1618_/Q (sky130_fd_sc_hd__dfrtp_2)
                                                         ro_counter_inst.count_1[2] (net)
                      0.168977    0.000000    0.952663 v _0889_/A1 (sky130_fd_sc_hd__o31a_2)
     1    0.002194    0.084820    0.678138    1.630801 v _0889_/X (sky130_fd_sc_hd__o31a_2)
                                                         _0726_ (net)
                      0.084820    0.000000    1.630801 v _0890_/A3 (sky130_fd_sc_hd__o311a_2)
     1    0.001496    0.085744    0.616274    2.247075 v _0890_/X (sky130_fd_sc_hd__o311a_2)
                                                         _0727_ (net)
                      0.085744    0.000000    2.247075 v _0893_/B (sky130_fd_sc_hd__or3_2)
     1    0.001441    0.150003    1.016476    3.263551 v _0893_/X (sky130_fd_sc_hd__or3_2)
                                                         _0730_ (net)
                      0.150003    0.000000    3.263551 v _0894_/B (sky130_fd_sc_hd__or3b_2)
     1    0.002223    0.156034    1.032840    4.296391 v _0894_/X (sky130_fd_sc_hd__or3b_2)
                                                         _0731_ (net)
                      0.156034    0.000000    4.296391 v _0895_/A3 (sky130_fd_sc_hd__a32o_2)
     1    0.001838    0.062003    0.492054    4.788445 v _0895_/X (sky130_fd_sc_hd__a32o_2)
                                                         _0494_ (net)
                      0.062003    0.000000    4.788445 v _1596_/D (sky130_fd_sc_hd__dfrtp_2)
                                              4.788445   data arrival time

                      0.150000   10.000000   10.000000   clock clk (rise edge)
                                  0.000000   10.000000   clock network delay (ideal)
                                 -0.250000    9.750000   clock uncertainty
                                  0.000000    9.750000   clock reconvergence pessimism
                                              9.750000 ^ _1596_/CLK (sky130_fd_sc_hd__dfrtp_2)
                                 -0.251953    9.498048   library setup time
                                              9.498048   data required time
---------------------------------------------------------------------------------------------
                                              9.498048   data required time
                                             -4.788445   data arrival time
---------------------------------------------------------------------------------------------
                                              4.709603   slack (MET)




===========================================================================
report_checks --slack_max -0.01
============================================================================
======================= nom_ss_100C_1v60 Corner ===================================

No paths found.


===========================================================================
 report_check_types -max_slew -max_cap -max_fanout -violators
============================================================================
======================= nom_ss_100C_1v60 Corner ===================================

max slew

Pin                                        Limit        Slew       Slack
------------------------------------------------------------------------
rst                                     0.750000    8.725515   -7.975515 (VIOLATED)
_0738_/A                                0.750000    8.725515   -7.975515 (VIOLATED)
_1195_/A                                0.750000    8.725515   -7.975515 (VIOLATED)
_1196_/A                                0.750000    8.725515   -7.975515 (VIOLATED)
_1197_/A                                0.750000    8.725515   -7.975515 (VIOLATED)
_1198_/A                                0.750000    8.725515   -7.975515 (VIOLATED)
_1199_/A                                0.750000    8.725515   -7.975515 (VIOLATED)
_1200_/A                                0.750000    8.725515   -7.975515 (VIOLATED)
_1201_/A                                0.750000    8.725515   -7.975515 (VIOLATED)
_1202_/A                                0.750000    8.725515   -7.975515 (VIOLATED)
_1203_/A                                0.750000    8.725515   -7.975515 (VIOLATED)
_1204_/A                                0.750000    8.725515   -7.975515 (VIOLATED)
_1205_/A                                0.750000    8.725515   -7.975515 (VIOLATED)
_1206_/A                                0.750000    8.725515   -7.975515 (VIOLATED)
_1207_/A                                0.750000    8.725515   -7.975515 (VIOLATED)
_1208_/A                                0.750000    8.725515   -7.975515 (VIOLATED)
_1209_/A                                0.750000    8.725515   -7.975515 (VIOLATED)
_1210_/A                                0.750000    8.725515   -7.975515 (VIOLATED)
_1211_/A                                0.750000    8.725515   -7.975515 (VIOLATED)
_1212_/A                                0.750000    8.725515   -7.975515 (VIOLATED)
_1213_/A                                0.750000    8.725515   -7.975515 (VIOLATED)
_1214_/A                                0.750000    8.725515   -7.975515 (VIOLATED)
_1215_/A                                0.750000    8.725515   -7.975515 (VIOLATED)
_1216_/A                                0.750000    8.725515   -7.975515 (VIOLATED)
_1217_/A                                0.750000    8.725515   -7.975515 (VIOLATED)
_1218_/A                                0.750000    8.725515   -7.975515 (VIOLATED)
_1219_/A                                0.750000    8.725515   -7.975515 (VIOLATED)
_1220_/A                                0.750000    8.725515   -7.975515 (VIOLATED)
_1221_/A                                0.750000    8.725515   -7.975515 (VIOLATED)
_1222_/A                                0.750000    8.725515   -7.975515 (VIOLATED)
_1223_/A                                0.750000    8.725515   -7.975515 (VIOLATED)
_1224_/A                                0.750000    8.725515   -7.975515 (VIOLATED)
_1225_/A                                0.750000    8.725515   -7.975515 (VIOLATED)
_1226_/A                                0.750000    8.725515   -7.975515 (VIOLATED)
_1227_/A                                0.750000    8.725515   -7.975515 (VIOLATED)
_1228_/A                                0.750000    8.725515   -7.975515 (VIOLATED)
_1229_/A                                0.750000    8.725515   -7.975515 (VIOLATED)
_1230_/A                                0.750000    8.725515   -7.975515 (VIOLATED)
_1231_/A                                0.750000    8.725515   -7.975515 (VIOLATED)
_1232_/A                                0.750000    8.725515   -7.975515 (VIOLATED)
_1233_/A                                0.750000    8.725515   -7.975515 (VIOLATED)
_1234_/A                                0.750000    8.725515   -7.975515 (VIOLATED)
_1235_/A                                0.750000    8.725515   -7.975515 (VIOLATED)
_1236_/A                                0.750000    8.725515   -7.975515 (VIOLATED)
_1237_/A                                0.750000    8.725515   -7.975515 (VIOLATED)
_1238_/A                                0.750000    8.725515   -7.975515 (VIOLATED)
_1239_/A                                0.750000    8.725515   -7.975515 (VIOLATED)
_1240_/A                                0.750000    8.725515   -7.975515 (VIOLATED)
_1241_/A                                0.750000    8.725515   -7.975515 (VIOLATED)
_1242_/A                                0.750000    8.725515   -7.975515 (VIOLATED)
_1243_/A                                0.750000    8.725515   -7.975515 (VIOLATED)
_1244_/A                                0.750000    8.725515   -7.975515 (VIOLATED)
_1245_/A                                0.750000    8.725515   -7.975515 (VIOLATED)
_1246_/A                                0.750000    8.725515   -7.975515 (VIOLATED)
_1247_/A                                0.750000    8.725515   -7.975515 (VIOLATED)
_1248_/A                                0.750000    8.725515   -7.975515 (VIOLATED)
_1249_/A                                0.750000    8.725515   -7.975515 (VIOLATED)
_1250_/A                                0.750000    8.725515   -7.975515 (VIOLATED)
_1251_/A                                0.750000    8.725515   -7.975515 (VIOLATED)
_1252_/A                                0.750000    8.725515   -7.975515 (VIOLATED)
_1253_/A                                0.750000    8.725515   -7.975515 (VIOLATED)
_1254_/A                                0.750000    8.725515   -7.975515 (VIOLATED)
_1255_/A                                0.750000    8.725515   -7.975515 (VIOLATED)
_1256_/A                                0.750000    8.725515   -7.975515 (VIOLATED)
_1257_/A                                0.750000    8.725515   -7.975515 (VIOLATED)
_1258_/A                                0.750000    8.725515   -7.975515 (VIOLATED)
_1259_/A                                0.750000    8.725515   -7.975515 (VIOLATED)
_1260_/A                                0.750000    8.725515   -7.975515 (VIOLATED)
_1261_/A                                0.750000    8.725515   -7.975515 (VIOLATED)
_1262_/A                                0.750000    8.725515   -7.975515 (VIOLATED)
_1263_/A                                0.750000    8.725515   -7.975515 (VIOLATED)
_1264_/A                                0.750000    8.725515   -7.975515 (VIOLATED)
_1265_/A                                0.750000    8.725515   -7.975515 (VIOLATED)
_1266_/A                                0.750000    8.725515   -7.975515 (VIOLATED)
_1267_/A                                0.750000    8.725515   -7.975515 (VIOLATED)
_1268_/A                                0.750000    8.725515   -7.975515 (VIOLATED)
_1269_/A                                0.750000    8.725515   -7.975515 (VIOLATED)
_1270_/A                                0.750000    8.725515   -7.975515 (VIOLATED)
_1271_/A                                0.750000    8.725515   -7.975515 (VIOLATED)
_1272_/A                                0.750000    8.725515   -7.975515 (VIOLATED)
_1273_/A                                0.750000    8.725515   -7.975515 (VIOLATED)
_1274_/A                                0.750000    8.725515   -7.975515 (VIOLATED)
_1275_/A                                0.750000    8.725515   -7.975515 (VIOLATED)
_1276_/A                                0.750000    8.725515   -7.975515 (VIOLATED)
_1277_/A                                0.750000    8.725515   -7.975515 (VIOLATED)
_1278_/A                                0.750000    8.725515   -7.975515 (VIOLATED)
_1279_/A                                0.750000    8.725515   -7.975515 (VIOLATED)
_1280_/A                                0.750000    8.725515   -7.975515 (VIOLATED)
_1281_/A                                0.750000    8.725515   -7.975515 (VIOLATED)
_1282_/A                                0.750000    8.725515   -7.975515 (VIOLATED)
_1283_/A                                0.750000    8.725515   -7.975515 (VIOLATED)
_1284_/A                                0.750000    8.725515   -7.975515 (VIOLATED)
_1285_/A                                0.750000    8.725515   -7.975515 (VIOLATED)
_1286_/A                                0.750000    8.725515   -7.975515 (VIOLATED)
_1287_/A                                0.750000    8.725515   -7.975515 (VIOLATED)
_1288_/A                                0.750000    8.725515   -7.975515 (VIOLATED)
_1289_/A                                0.750000    8.725515   -7.975515 (VIOLATED)
_1290_/A                                0.750000    8.725515   -7.975515 (VIOLATED)
_1291_/A                                0.750000    8.725515   -7.975515 (VIOLATED)
_1292_/A                                0.750000    8.725515   -7.975515 (VIOLATED)
_1293_/A                                0.750000    8.725515   -7.975515 (VIOLATED)
_1294_/A                                0.750000    8.725515   -7.975515 (VIOLATED)
_1295_/A                                0.750000    8.725515   -7.975515 (VIOLATED)
_1296_/A                                0.750000    8.725515   -7.975515 (VIOLATED)
_1297_/A                                0.750000    8.725515   -7.975515 (VIOLATED)
_1298_/A                                0.750000    8.725515   -7.975515 (VIOLATED)
_1299_/A                                0.750000    8.725515   -7.975515 (VIOLATED)
_1300_/A                                0.750000    8.725515   -7.975515 (VIOLATED)
_1301_/A                                0.750000    8.725515   -7.975515 (VIOLATED)
_1302_/A                                0.750000    8.725515   -7.975515 (VIOLATED)
_1303_/A                                0.750000    8.725515   -7.975515 (VIOLATED)
_1304_/A                                0.750000    8.725515   -7.975515 (VIOLATED)
_1305_/A                                0.750000    8.725515   -7.975515 (VIOLATED)
_1306_/A                                0.750000    8.725515   -7.975515 (VIOLATED)
_1307_/A                                0.750000    8.725515   -7.975515 (VIOLATED)
_1308_/A                                0.750000    8.725515   -7.975515 (VIOLATED)
_1309_/A                                0.750000    8.725515   -7.975515 (VIOLATED)
_1310_/A                                0.750000    8.725515   -7.975515 (VIOLATED)
_1311_/A                                0.750000    8.725515   -7.975515 (VIOLATED)
_1312_/A                                0.750000    8.725515   -7.975515 (VIOLATED)
_1313_/A                                0.750000    8.725515   -7.975515 (VIOLATED)
_1314_/A                                0.750000    8.725515   -7.975515 (VIOLATED)
_1315_/A                                0.750000    8.725515   -7.975515 (VIOLATED)
_1316_/A                                0.750000    8.725515   -7.975515 (VIOLATED)
_1317_/A                                0.750000    8.725515   -7.975515 (VIOLATED)
_1318_/A                                0.750000    8.725515   -7.975515 (VIOLATED)
_1319_/A                                0.750000    8.725515   -7.975515 (VIOLATED)
_1320_/A                                0.750000    8.725515   -7.975515 (VIOLATED)
_1321_/A                                0.750000    8.725515   -7.975515 (VIOLATED)
_1322_/A                                0.750000    8.725515   -7.975515 (VIOLATED)
_1323_/A                                0.750000    8.725515   -7.975515 (VIOLATED)
_1324_/A                                0.750000    8.725515   -7.975515 (VIOLATED)
_1325_/A                                0.750000    8.725515   -7.975515 (VIOLATED)
_1326_/A                                0.750000    8.725515   -7.975515 (VIOLATED)
_1327_/A                                0.750000    8.725515   -7.975515 (VIOLATED)
_1328_/A                                0.750000    8.725515   -7.975515 (VIOLATED)
_1329_/A                                0.750000    8.725515   -7.975515 (VIOLATED)
_1330_/A                                0.750000    8.725515   -7.975515 (VIOLATED)
_1331_/A                                0.750000    8.725515   -7.975515 (VIOLATED)
_1332_/A                                0.750000    8.725515   -7.975515 (VIOLATED)
_1333_/A                                0.750000    8.725515   -7.975515 (VIOLATED)
_1334_/A                                0.750000    8.725515   -7.975515 (VIOLATED)
_1335_/A                                0.750000    8.725515   -7.975515 (VIOLATED)
_1336_/A                                0.750000    8.725515   -7.975515 (VIOLATED)
_1337_/A                                0.750000    8.725515   -7.975515 (VIOLATED)
_1338_/A                                0.750000    8.725515   -7.975515 (VIOLATED)
_1339_/A                                0.750000    8.725515   -7.975515 (VIOLATED)
_1340_/A                                0.750000    8.725515   -7.975515 (VIOLATED)
_1341_/A                                0.750000    8.725515   -7.975515 (VIOLATED)
_1342_/A                                0.750000    8.725515   -7.975515 (VIOLATED)
_1343_/A                                0.750000    8.725515   -7.975515 (VIOLATED)
_1344_/A                                0.750000    8.725515   -7.975515 (VIOLATED)
_1345_/A                                0.750000    8.725515   -7.975515 (VIOLATED)
_1346_/A                                0.750000    8.725515   -7.975515 (VIOLATED)
_1347_/A                                0.750000    8.725515   -7.975515 (VIOLATED)
_1348_/A                                0.750000    8.725515   -7.975515 (VIOLATED)
_1349_/A                                0.750000    8.725515   -7.975515 (VIOLATED)
_1350_/A                                0.750000    8.725515   -7.975515 (VIOLATED)
_1351_/A                                0.750000    8.725515   -7.975515 (VIOLATED)
_1352_/A                                0.750000    8.725515   -7.975515 (VIOLATED)
_1353_/A                                0.750000    8.725515   -7.975515 (VIOLATED)
_1354_/A                                0.750000    8.725515   -7.975515 (VIOLATED)
_1355_/A                                0.750000    8.725515   -7.975515 (VIOLATED)
_1356_/A                                0.750000    8.725515   -7.975515 (VIOLATED)
_1357_/A                                0.750000    8.725515   -7.975515 (VIOLATED)
_1358_/A                                0.750000    8.725515   -7.975515 (VIOLATED)
_1359_/A                                0.750000    8.725515   -7.975515 (VIOLATED)
_1360_/A                                0.750000    8.725515   -7.975515 (VIOLATED)
_1361_/A                                0.750000    8.725515   -7.975515 (VIOLATED)
_1362_/A                                0.750000    8.725515   -7.975515 (VIOLATED)
_1363_/A                                0.750000    8.725515   -7.975515 (VIOLATED)
_1364_/A                                0.750000    8.725515   -7.975515 (VIOLATED)
_1365_/A                                0.750000    8.725515   -7.975515 (VIOLATED)
_1366_/A                                0.750000    8.725515   -7.975515 (VIOLATED)
_1367_/A                                0.750000    8.725515   -7.975515 (VIOLATED)
_1368_/A                                0.750000    8.725515   -7.975515 (VIOLATED)
_1369_/A                                0.750000    8.725515   -7.975515 (VIOLATED)
_1370_/A                                0.750000    8.725515   -7.975515 (VIOLATED)
_1371_/A                                0.750000    8.725515   -7.975515 (VIOLATED)
_1372_/A                                0.750000    8.725515   -7.975515 (VIOLATED)
_1373_/A                                0.750000    8.725515   -7.975515 (VIOLATED)
_1374_/A                                0.750000    8.725515   -7.975515 (VIOLATED)
_1375_/A                                0.750000    8.725515   -7.975515 (VIOLATED)
_1376_/A                                0.750000    8.725515   -7.975515 (VIOLATED)
_1377_/A                                0.750000    8.725515   -7.975515 (VIOLATED)
_1378_/A                                0.750000    8.725515   -7.975515 (VIOLATED)
_1379_/A                                0.750000    8.725515   -7.975515 (VIOLATED)
_1380_/A                                0.750000    8.725515   -7.975515 (VIOLATED)
_1381_/A                                0.750000    8.725515   -7.975515 (VIOLATED)
_1382_/A                                0.750000    8.725515   -7.975515 (VIOLATED)
_1383_/A                                0.750000    8.725515   -7.975515 (VIOLATED)
_1384_/A                                0.750000    8.725515   -7.975515 (VIOLATED)
_1385_/A                                0.750000    8.725515   -7.975515 (VIOLATED)
_1386_/A                                0.750000    8.725515   -7.975515 (VIOLATED)
_1387_/A                                0.750000    8.725515   -7.975515 (VIOLATED)
_1388_/A                                0.750000    8.725515   -7.975515 (VIOLATED)
_1389_/A                                0.750000    8.725515   -7.975515 (VIOLATED)
_1390_/A                                0.750000    8.725515   -7.975515 (VIOLATED)
_1391_/A                                0.750000    8.725515   -7.975515 (VIOLATED)
_1392_/A                                0.750000    8.725515   -7.975515 (VIOLATED)
_1393_/A                                0.750000    8.725515   -7.975515 (VIOLATED)
_1394_/A                                0.750000    8.725515   -7.975515 (VIOLATED)
_1395_/A                                0.750000    8.725515   -7.975515 (VIOLATED)
_1396_/A                                0.750000    8.725515   -7.975515 (VIOLATED)
_1397_/A                                0.750000    8.725515   -7.975515 (VIOLATED)
_1398_/A                                0.750000    8.725515   -7.975515 (VIOLATED)
_1399_/A                                0.750000    8.725515   -7.975515 (VIOLATED)
_1400_/A                                0.750000    8.725515   -7.975515 (VIOLATED)
_1401_/A                                0.750000    8.725515   -7.975515 (VIOLATED)
_1402_/A                                0.750000    8.725515   -7.975515 (VIOLATED)
_1403_/A                                0.750000    8.725515   -7.975515 (VIOLATED)
_1404_/A                                0.750000    8.725515   -7.975515 (VIOLATED)
_1405_/A                                0.750000    8.725515   -7.975515 (VIOLATED)
_1406_/A                                0.750000    8.725515   -7.975515 (VIOLATED)
_1407_/A                                0.750000    8.725515   -7.975515 (VIOLATED)
_1408_/A                                0.750000    8.725515   -7.975515 (VIOLATED)
_1409_/A                                0.750000    8.725515   -7.975515 (VIOLATED)
_1410_/A                                0.750000    8.725515   -7.975515 (VIOLATED)
_1411_/A                                0.750000    8.725515   -7.975515 (VIOLATED)
_1412_/A                                0.750000    8.725515   -7.975515 (VIOLATED)
_1413_/A                                0.750000    8.725515   -7.975515 (VIOLATED)
_1414_/A                                0.750000    8.725515   -7.975515 (VIOLATED)
_1415_/A                                0.750000    8.725515   -7.975515 (VIOLATED)
_1416_/A                                0.750000    8.725515   -7.975515 (VIOLATED)
_1417_/A                                0.750000    8.725515   -7.975515 (VIOLATED)
_1418_/A                                0.750000    8.725515   -7.975515 (VIOLATED)
_1419_/A                                0.750000    8.725515   -7.975515 (VIOLATED)
_1420_/A                                0.750000    8.725515   -7.975515 (VIOLATED)
_1421_/A                                0.750000    8.725515   -7.975515 (VIOLATED)
_1422_/A                                0.750000    8.725515   -7.975515 (VIOLATED)
_1423_/A                                0.750000    8.725515   -7.975515 (VIOLATED)
_1424_/A                                0.750000    8.725515   -7.975515 (VIOLATED)
_1425_/A                                0.750000    8.725515   -7.975515 (VIOLATED)
_1426_/A                                0.750000    8.725515   -7.975515 (VIOLATED)
_1427_/A                                0.750000    8.725515   -7.975515 (VIOLATED)
_1428_/A                                0.750000    8.725515   -7.975515 (VIOLATED)
_1429_/A                                0.750000    8.725515   -7.975515 (VIOLATED)
_1430_/A                                0.750000    8.725515   -7.975515 (VIOLATED)
_1431_/A                                0.750000    8.725515   -7.975515 (VIOLATED)
_1432_/A                                0.750000    8.725515   -7.975515 (VIOLATED)
_1433_/A                                0.750000    8.725515   -7.975515 (VIOLATED)
_1434_/A                                0.750000    8.725515   -7.975515 (VIOLATED)
_1435_/A                                0.750000    8.725515   -7.975515 (VIOLATED)
_1436_/A                                0.750000    8.725515   -7.975515 (VIOLATED)
_1437_/A                                0.750000    8.725515   -7.975515 (VIOLATED)
_1438_/A                                0.750000    8.725515   -7.975515 (VIOLATED)
_1439_/A                                0.750000    8.725515   -7.975515 (VIOLATED)
_1440_/A                                0.750000    8.725515   -7.975515 (VIOLATED)
_1441_/A                                0.750000    8.725515   -7.975515 (VIOLATED)
_1442_/A                                0.750000    8.725515   -7.975515 (VIOLATED)
_1443_/A                                0.750000    8.725515   -7.975515 (VIOLATED)
_1444_/A                                0.750000    8.725515   -7.975515 (VIOLATED)
_1445_/A                                0.750000    8.725515   -7.975515 (VIOLATED)
_1446_/A                                0.750000    8.725515   -7.975515 (VIOLATED)
_1447_/A                                0.750000    8.725515   -7.975515 (VIOLATED)
_1448_/A                                0.750000    8.725515   -7.975515 (VIOLATED)
_1449_/A                                0.750000    8.725515   -7.975515 (VIOLATED)
_1450_/A                                0.750000    8.725515   -7.975515 (VIOLATED)
_1451_/A                                0.750000    8.725515   -7.975515 (VIOLATED)
_1452_/A                                0.750000    8.725515   -7.975515 (VIOLATED)
_1453_/A                                0.750000    8.725515   -7.975515 (VIOLATED)
_1454_/A                                0.750000    8.725515   -7.975515 (VIOLATED)
_1455_/A                                0.750000    8.725515   -7.975515 (VIOLATED)
_1456_/A                                0.750000    8.725515   -7.975515 (VIOLATED)
_1457_/A                                0.750000    8.725515   -7.975515 (VIOLATED)
_1458_/A                                0.750000    8.725515   -7.975515 (VIOLATED)
_1459_/A                                0.750000    8.725515   -7.975515 (VIOLATED)
_1460_/A                                0.750000    8.725515   -7.975515 (VIOLATED)
_1461_/A                                0.750000    8.725515   -7.975515 (VIOLATED)
_1462_/A                                0.750000    8.725515   -7.975515 (VIOLATED)
_1463_/A                                0.750000    8.725515   -7.975515 (VIOLATED)
_0928_/Y                                0.750000    1.379386   -0.629386 (VIOLATED)
_0929_/B1                               0.750000    1.379386   -0.629386 (VIOLATED)
_0930_/B1                               0.750000    1.379386   -0.629386 (VIOLATED)
_0931_/B1                               0.750000    1.379386   -0.629386 (VIOLATED)
_0932_/B1                               0.750000    1.379386   -0.629386 (VIOLATED)
_0933_/B1                               0.750000    1.379386   -0.629386 (VIOLATED)
_0934_/B1                               0.750000    1.379386   -0.629386 (VIOLATED)
_0935_/B1                               0.750000    1.379386   -0.629386 (VIOLATED)
_0936_/B1                               0.750000    1.379386   -0.629386 (VIOLATED)
_0937_/B1                               0.750000    1.379386   -0.629386 (VIOLATED)
_0938_/B1                               0.750000    1.379386   -0.629386 (VIOLATED)
_0939_/B1                               0.750000    1.379386   -0.629386 (VIOLATED)
_0940_/B1                               0.750000    1.379386   -0.629386 (VIOLATED)
_0941_/B1                               0.750000    1.379386   -0.629386 (VIOLATED)
_0942_/B1                               0.750000    1.379386   -0.629386 (VIOLATED)
_0943_/B1                               0.750000    1.379386   -0.629386 (VIOLATED)
_0944_/B1                               0.750000    1.379386   -0.629386 (VIOLATED)
_0945_/B1                               0.750000    1.379386   -0.629386 (VIOLATED)
_0946_/B1                               0.750000    1.379386   -0.629386 (VIOLATED)
_0947_/B1                               0.750000    1.379386   -0.629386 (VIOLATED)
_0948_/B1                               0.750000    1.379386   -0.629386 (VIOLATED)
_0949_/B1                               0.750000    1.379386   -0.629386 (VIOLATED)
_0950_/B1                               0.750000    1.379386   -0.629386 (VIOLATED)
_0951_/B1                               0.750000    1.379386   -0.629386 (VIOLATED)
_0952_/B1                               0.750000    1.379386   -0.629386 (VIOLATED)
_0953_/B1                               0.750000    1.379386   -0.629386 (VIOLATED)
_0954_/B1                               0.750000    1.379386   -0.629386 (VIOLATED)
_0955_/B1                               0.750000    1.379386   -0.629386 (VIOLATED)
_0956_/B1                               0.750000    1.379386   -0.629386 (VIOLATED)
_0957_/B1                               0.750000    1.379386   -0.629386 (VIOLATED)
_0958_/B1                               0.750000    1.379386   -0.629386 (VIOLATED)
_0959_/B1                               0.750000    1.379386   -0.629386 (VIOLATED)
_1190_/B1                               0.750000    1.379386   -0.629386 (VIOLATED)
_1118_/Y                                0.750000    1.320354   -0.570354 (VIOLATED)
_1119_/A                                0.750000    1.320354   -0.570354 (VIOLATED)
_1120_/S                                0.750000    1.320354   -0.570354 (VIOLATED)
_1121_/S                                0.750000    1.320354   -0.570354 (VIOLATED)
_1122_/S                                0.750000    1.320354   -0.570354 (VIOLATED)
_1123_/S                                0.750000    1.320354   -0.570354 (VIOLATED)
_1124_/S                                0.750000    1.320354   -0.570354 (VIOLATED)
_1125_/S                                0.750000    1.320354   -0.570354 (VIOLATED)
_1126_/S                                0.750000    1.320354   -0.570354 (VIOLATED)
_1127_/S                                0.750000    1.320354   -0.570354 (VIOLATED)
_1128_/S                                0.750000    1.320354   -0.570354 (VIOLATED)
_1129_/S                                0.750000    1.320354   -0.570354 (VIOLATED)
_1130_/S                                0.750000    1.320354   -0.570354 (VIOLATED)
_1131_/S                                0.750000    1.320354   -0.570354 (VIOLATED)
_1132_/S                                0.750000    1.320354   -0.570354 (VIOLATED)
_1133_/S                                0.750000    1.320354   -0.570354 (VIOLATED)
_1134_/S                                0.750000    1.320354   -0.570354 (VIOLATED)
_1135_/S                                0.750000    1.320354   -0.570354 (VIOLATED)
_1136_/S                                0.750000    1.320354   -0.570354 (VIOLATED)
_1137_/S                                0.750000    1.320354   -0.570354 (VIOLATED)
_1138_/S                                0.750000    1.320354   -0.570354 (VIOLATED)
_1139_/S                                0.750000    1.320354   -0.570354 (VIOLATED)
_1140_/S                                0.750000    1.320354   -0.570354 (VIOLATED)
_1141_/S                                0.750000    1.320354   -0.570354 (VIOLATED)
_1142_/S                                0.750000    1.320354   -0.570354 (VIOLATED)
_1143_/S                                0.750000    1.320354   -0.570354 (VIOLATED)
_1144_/S                                0.750000    1.320354   -0.570354 (VIOLATED)
_1145_/S                                0.750000    1.320354   -0.570354 (VIOLATED)
_1146_/S                                0.750000    1.320354   -0.570354 (VIOLATED)
_1147_/S                                0.750000    1.320354   -0.570354 (VIOLATED)
_1148_/S                                0.750000    1.320354   -0.570354 (VIOLATED)
_1149_/S                                0.750000    1.320354   -0.570354 (VIOLATED)
_1150_/S                                0.750000    1.320354   -0.570354 (VIOLATED)
_1151_/S                                0.750000    1.320354   -0.570354 (VIOLATED)
_1152_/S                                0.750000    1.320354   -0.570354 (VIOLATED)
_1153_/S                                0.750000    1.320354   -0.570354 (VIOLATED)
_1154_/S                                0.750000    1.320354   -0.570354 (VIOLATED)
_1155_/S                                0.750000    1.320354   -0.570354 (VIOLATED)
_1156_/S                                0.750000    1.320354   -0.570354 (VIOLATED)
_1157_/S                                0.750000    1.320354   -0.570354 (VIOLATED)
_1158_/S                                0.750000    1.320354   -0.570354 (VIOLATED)
_1159_/S                                0.750000    1.320354   -0.570354 (VIOLATED)
_1160_/S                                0.750000    1.320354   -0.570354 (VIOLATED)
_1161_/S                                0.750000    1.320354   -0.570354 (VIOLATED)
_1162_/S                                0.750000    1.320354   -0.570354 (VIOLATED)
_1163_/S                                0.750000    1.320354   -0.570354 (VIOLATED)
_1164_/S                                0.750000    1.320354   -0.570354 (VIOLATED)
_1165_/S                                0.750000    1.320354   -0.570354 (VIOLATED)
_1166_/S                                0.750000    1.320354   -0.570354 (VIOLATED)
_1167_/S                                0.750000    1.320354   -0.570354 (VIOLATED)
_0880_/Y                                0.750000    1.117390   -0.367390 (VIOLATED)
_0881_/B1                               0.750000    1.117390   -0.367390 (VIOLATED)
_0895_/B1                               0.750000    1.117390   -0.367390 (VIOLATED)
_0896_/B1                               0.750000    1.117390   -0.367390 (VIOLATED)
_0897_/B1                               0.750000    1.117390   -0.367390 (VIOLATED)
_0898_/B1                               0.750000    1.117390   -0.367390 (VIOLATED)
_0899_/B1                               0.750000    1.117390   -0.367390 (VIOLATED)
_0900_/B1                               0.750000    1.117390   -0.367390 (VIOLATED)
_0901_/B1                               0.750000    1.117390   -0.367390 (VIOLATED)
_0902_/B1                               0.750000    1.117390   -0.367390 (VIOLATED)
_0903_/B1                               0.750000    1.117390   -0.367390 (VIOLATED)
_0904_/B1                               0.750000    1.117390   -0.367390 (VIOLATED)
_0905_/B1                               0.750000    1.117390   -0.367390 (VIOLATED)
_0906_/B1                               0.750000    1.117390   -0.367390 (VIOLATED)
_0907_/B1                               0.750000    1.117390   -0.367390 (VIOLATED)
_0908_/B1                               0.750000    1.117390   -0.367390 (VIOLATED)
_0909_/B1                               0.750000    1.117390   -0.367390 (VIOLATED)
_0910_/B1                               0.750000    1.117390   -0.367390 (VIOLATED)
_0911_/B1                               0.750000    1.117390   -0.367390 (VIOLATED)
_0912_/B1                               0.750000    1.117390   -0.367390 (VIOLATED)
_0913_/B1                               0.750000    1.117390   -0.367390 (VIOLATED)
_0914_/B1                               0.750000    1.117390   -0.367390 (VIOLATED)
_0915_/B1                               0.750000    1.117390   -0.367390 (VIOLATED)
_0916_/B1                               0.750000    1.117390   -0.367390 (VIOLATED)
_0917_/B1                               0.750000    1.117390   -0.367390 (VIOLATED)
_0918_/B1                               0.750000    1.117390   -0.367390 (VIOLATED)
_0919_/B1                               0.750000    1.117390   -0.367390 (VIOLATED)
_1038_/Y                                0.750000    1.105740   -0.355740 (VIOLATED)
_1039_/B1                               0.750000    1.105740   -0.355740 (VIOLATED)
_1040_/B1                               0.750000    1.105740   -0.355740 (VIOLATED)
_1041_/B1                               0.750000    1.105740   -0.355740 (VIOLATED)
_1042_/B1                               0.750000    1.105740   -0.355740 (VIOLATED)
_1043_/B1                               0.750000    1.105740   -0.355740 (VIOLATED)
_1044_/B1                               0.750000    1.105740   -0.355740 (VIOLATED)
_1045_/B1                               0.750000    1.105740   -0.355740 (VIOLATED)
_1046_/B1                               0.750000    1.105740   -0.355740 (VIOLATED)
_1047_/B1                               0.750000    1.105740   -0.355740 (VIOLATED)
_1048_/B1                               0.750000    1.105740   -0.355740 (VIOLATED)
_1049_/B1                               0.750000    1.105740   -0.355740 (VIOLATED)
_1050_/B1                               0.750000    1.105740   -0.355740 (VIOLATED)
_1051_/B1                               0.750000    1.105740   -0.355740 (VIOLATED)
_1052_/B1                               0.750000    1.105740   -0.355740 (VIOLATED)
_1053_/B1                               0.750000    1.105740   -0.355740 (VIOLATED)
_1054_/B1                               0.750000    1.105740   -0.355740 (VIOLATED)
_1057_/Y                                0.750000    1.105740   -0.355740 (VIOLATED)
_1058_/B1                               0.750000    1.105740   -0.355740 (VIOLATED)
_1059_/B1                               0.750000    1.105740   -0.355740 (VIOLATED)
_1060_/B1                               0.750000    1.105740   -0.355740 (VIOLATED)
_1061_/B1                               0.750000    1.105740   -0.355740 (VIOLATED)
_1062_/B1                               0.750000    1.105740   -0.355740 (VIOLATED)
_1063_/B1                               0.750000    1.105740   -0.355740 (VIOLATED)
_1064_/B1                               0.750000    1.105740   -0.355740 (VIOLATED)
_1065_/B1                               0.750000    1.105740   -0.355740 (VIOLATED)
_1066_/B1                               0.750000    1.105740   -0.355740 (VIOLATED)
_1067_/B1                               0.750000    1.105740   -0.355740 (VIOLATED)
_1068_/B1                               0.750000    1.105740   -0.355740 (VIOLATED)
_1069_/B1                               0.750000    1.105740   -0.355740 (VIOLATED)
_1070_/B1                               0.750000    1.105740   -0.355740 (VIOLATED)
_1071_/B1                               0.750000    1.105740   -0.355740 (VIOLATED)
_1072_/B1                               0.750000    1.105740   -0.355740 (VIOLATED)
_1073_/B1                               0.750000    1.105740   -0.355740 (VIOLATED)

max fanout

Pin                                   Limit Fanout  Slack
---------------------------------------------------------
rst                                      10    270   -260 (VIOLATED)
_1118_/Y                                 10     49    -39 (VIOLATED)
_0925_/X                                 10     34    -24 (VIOLATED)
_0928_/Y                                 10     32    -22 (VIOLATED)
_0880_/Y                                 10     26    -16 (VIOLATED)
_0739_/Y                                 10     25    -15 (VIOLATED)
_0878_/X                                 10     25    -15 (VIOLATED)
_0921_/X                                 10     18     -8 (VIOLATED)
_0922_/Y                                 10     16     -6 (VIOLATED)
_1017_/Y                                 10     16     -6 (VIOLATED)
_1037_/X                                 10     16     -6 (VIOLATED)
_1038_/Y                                 10     16     -6 (VIOLATED)
_1056_/X                                 10     16     -6 (VIOLATED)
_1057_/Y                                 10     16     -6 (VIOLATED)
_1018_/X                                 10     15     -5 (VIOLATED)
_0744_/Y                                 10     12     -2 (VIOLATED)
_1077_/Y                                 10     12     -2 (VIOLATED)
_1078_/X                                 10     12     -2 (VIOLATED)
_0747_/Y                                 10     11        (VIOLATED)

max capacitance

Pin                                        Limit         Cap       Slack
------------------------------------------------------------------------
rst                                     0.200000    1.244433   -1.044433 (VIOLATED)



===========================================================================
report_parasitic_annotation -report_unannotated
============================================================================
Found 1018 unannotated drivers.
 clk
 clk_bad_duty
 clk_fast
 clk_slow
 clk_stuck_high
 clk_stuck_low
 ro_clk_0
 ro_clk_1
 ro_clk_2
 rst
 start
 _0732_/Y
 _0733_/Y
 _0734_/Y
 _0735_/Y
 _0736_/Y
 _0737_/Y
 _0738_/Y
 _0739_/Y
 _0740_/Y
 _0741_/X
 _0742_/X
 _0743_/X
 _0744_/Y
 _0745_/X
 _0746_/X
 _0747_/Y
 _0748_/Y
 _0749_/Y
 _0750_/X
 _0751_/X
 _0752_/X
 _0753_/X
 _0754_/X
 _0755_/Y
 _0756_/X
 _0757_/Y
 _0758_/X
 _0759_/X
 _0760_/Y
 _0761_/Y
 _0762_/Y
 _0763_/X
 _0764_/X
 _0765_/X
 _0766_/X
 _0767_/X
 _0768_/Y
 _0769_/X
 _0770_/X
 _0771_/Y
 _0772_/X
 _0773_/X
 _0774_/X
 _0775_/X
 _0776_/X
 _0777_/Y
 _0778_/X
 _0779_/X
 _0780_/X
 _0781_/Y
 _0782_/X
 _0783_/Y
 _0784_/Y
 _0785_/X
 _0786_/Y
 _0787_/Y
 _0788_/X
 _0789_/X
 _0790_/X
 _0791_/X
 _0792_/Y
 _0793_/X
 _0794_/X
 _0795_/X
 _0796_/X
 _0797_/X
 _0798_/X
 _0799_/X
 _0800_/X
 _0801_/X
 _0802_/X
 _0803_/X
 _0804_/Y
 _0805_/Y
 _0806_/X
 _0807_/X
 _0808_/Y
 _0809_/X
 _0810_/Y
 _0811_/X
 _0812_/X
 _0813_/Y
 _0814_/X
 _0815_/X
 _0816_/Y
 _0817_/Y
 _0818_/Y
 _0819_/X
 _0820_/X
 _0821_/X
 _0822_/Y
 _0823_/X
 _0824_/X
 _0825_/Y
 _0826_/X
 _0827_/Y
 _0828_/X
 _0829_/X
 _0830_/X
 _0831_/X
 _0832_/X
 _0833_/X
 _0834_/Y
 _0835_/Y
 _0836_/X
 _0837_/Y
 _0838_/Y
 _0839_/X
 _0840_/Y
 _0841_/X
 _0842_/X
 _0843_/X
 _0844_/Y
 _0845_/Y
 _0846_/Y
 _0847_/X
 _0848_/Y
 _0849_/Y
 _0850_/X
 _0851_/X
 _0852_/X
 _0853_/X
 _0854_/X
 _0855_/X
 _0856_/X
 _0857_/X
 _0858_/X
 _0859_/X
 _0860_/X
 _0861_/X
 _0862_/X
 _0863_/Y
 _0864_/Y
 _0865_/Y
 _0866_/X
 _0867_/X
 _0868_/X
 _0869_/X
 _0870_/X
 _0871_/X
 _0872_/X
 _0873_/X
 _0874_/X
 _0875_/X
 _0876_/Y
 _0877_/X
 _0878_/X
 _0879_/Y
 _0880_/Y
 _0881_/X
 _0882_/X
 _0883_/X
 _0884_/Y
 _0885_/X
 _0886_/X
 _0887_/X
 _0888_/X
 _0889_/X
 _0890_/X
 _0891_/X
 _0892_/X
 _0893_/X
 _0894_/X
 _0895_/X
 _0896_/X
 _0897_/X
 _0898_/X
 _0899_/X
 _0900_/X
 _0901_/X
 _0902_/X
 _0903_/X
 _0904_/X
 _0905_/X
 _0906_/X
 _0907_/X
 _0908_/X
 _0909_/X
 _0910_/X
 _0911_/X
 _0912_/X
 _0913_/X
 _0914_/X
 _0915_/X
 _0916_/X
 _0917_/X
 _0918_/X
 _0919_/X
 _0920_/X
 _0921_/X
 _0922_/Y
 _0923_/X
 _0924_/X
 _0925_/X
 _0926_/X
 _0927_/X
 _0928_/Y
 _0929_/X
 _0930_/X
 _0931_/X
 _0932_/X
 _0933_/X
 _0934_/X
 _0935_/X
 _0936_/X
 _0937_/X
 _0938_/X
 _0939_/X
 _0940_/X
 _0941_/X
 _0942_/X
 _0943_/X
 _0944_/X
 _0945_/X
 _0946_/X
 _0947_/X
 _0948_/X
 _0949_/X
 _0950_/X
 _0951_/X
 _0952_/X
 _0953_/X
 _0954_/X
 _0955_/X
 _0956_/X
 _0957_/X
 _0958_/X
 _0959_/X
 _0960_/X
 _0961_/X
 _0962_/X
 _0963_/X
 _0964_/X
 _0965_/X
 _0966_/X
 _0967_/X
 _0968_/X
 _0969_/X
 _0970_/X
 _0971_/Y
 _0972_/Y
 _0973_/X
 _0974_/X
 _0975_/X
 _0976_/X
 _0977_/Y
 _0978_/Y
 _0979_/Y
 _0980_/X
 _0981_/X
 _0982_/X
 _0983_/Y
 _0984_/Y
 _0985_/Y
 _0986_/Y
 _0987_/Y
 _0988_/X
 _0989_/X
 _0990_/Y
 _0991_/X
 _0992_/X
 _0993_/Y
 _0994_/X
 _0995_/Y
 _0996_/Y
 _0997_/Y
 _0998_/X
 _0999_/X
 _1000_/Y
 _1001_/Y
 _1002_/X
 _1003_/Y
 _1004_/Y
 _1005_/X
 _1006_/X
 _1007_/X
 _1008_/Y
 _1009_/Y
 _1010_/Y
 _1011_/X
 _1012_/X
 _1013_/X
 _1014_/X
 _1015_/X
 _1016_/X
 _1017_/Y
 _1018_/X
 _1019_/X
 _1020_/X
 _1021_/X
 _1022_/X
 _1023_/X
 _1024_/X
 _1025_/X
 _1026_/X
 _1027_/X
 _1028_/X
 _1029_/X
 _1030_/X
 _1031_/X
 _1032_/X
 _1033_/X
 _1034_/X
 _1035_/X
 _1036_/Y
 _1037_/X
 _1038_/Y
 _1039_/X
 _1040_/X
 _1041_/X
 _1042_/X
 _1043_/X
 _1044_/X
 _1045_/X
 _1046_/X
 _1047_/X
 _1048_/X
 _1049_/X
 _1050_/X
 _1051_/X
 _1052_/X
 _1053_/X
 _1054_/X
 _1055_/Y
 _1056_/X
 _1057_/Y
 _1058_/X
 _1059_/X
 _1060_/X
 _1061_/X
 _1062_/X
 _1063_/X
 _1064_/X
 _1065_/X
 _1066_/X
 _1067_/X
 _1068_/X
 _1069_/X
 _1070_/X
 _1071_/X
 _1072_/X
 _1073_/X
 _1074_/Y
 _1075_/Y
 _1076_/X
 _1077_/Y
 _1078_/X
 _1079_/X
 _1080_/X
 _1081_/X
 _1082_/X
 _1083_/X
 _1084_/Y
 _1085_/X
 _1086_/Y
 _1087_/X
 _1088_/X
 _1089_/X
 _1090_/X
 _1091_/X
 _1092_/X
 _1093_/X
 _1094_/X
 _1095_/X
 _1096_/X
 _1097_/X
 _1098_/X
 _1099_/X
 _1100_/Y
 _1101_/Y
 _1102_/X
 _1103_/X
 _1104_/X
 _1105_/X
 _1106_/X
 _1107_/Y
 _1108_/Y
 _1109_/X
 _1110_/X
 _1111_/X
 _1112_/X
 _1113_/X
 _1114_/X
 _1115_/X
 _1116_/X
 _1117_/X
 _1118_/Y
 _1119_/Y
 _1120_/X
 _1121_/X
 _1122_/X
 _1123_/X
 _1124_/X
 _1125_/X
 _1126_/X
 _1127_/X
 _1128_/X
 _1129_/X
 _1130_/X
 _1131_/X
 _1132_/X
 _1133_/X
 _1134_/X
 _1135_/X
 _1136_/X
 _1137_/X
 _1138_/X
 _1139_/X
 _1140_/X
 _1141_/X
 _1142_/X
 _1143_/X
 _1144_/X
 _1145_/X
 _1146_/X
 _1147_/X
 _1148_/X
 _1149_/X
 _1150_/X
 _1151_/X
 _1152_/X
 _1153_/X
 _1154_/X
 _1155_/X
 _1156_/X
 _1157_/X
 _1158_/X
 _1159_/X
 _1160_/X
 _1161_/X
 _1162_/X
 _1163_/X
 _1164_/X
 _1165_/X
 _1166_/X
 _1167_/X
 _1168_/X
 _1169_/X
 _1170_/X
 _1171_/X
 _1172_/X
 _1173_/X
 _1174_/X
 _1175_/X
 _1176_/X
 _1177_/X
 _1178_/X
 _1179_/X
 _1180_/X
 _1181_/X
 _1182_/X
 _1183_/X
 _1184_/X
 _1185_/X
 _1186_/X
 _1187_/X
 _1188_/X
 _1189_/X
 _1190_/X
 _1191_/Y
 _1192_/X
 _1193_/X
 _1194_/X
 _1195_/Y
 _1196_/Y
 _1197_/Y
 _1198_/Y
 _1199_/Y
 _1200_/Y
 _1201_/Y
 _1202_/Y
 _1203_/Y
 _1204_/Y
 _1205_/Y
 _1206_/Y
 _1207_/Y
 _1208_/Y
 _1209_/Y
 _1210_/Y
 _1211_/Y
 _1212_/Y
 _1213_/Y
 _1214_/Y
 _1215_/Y
 _1216_/Y
 _1217_/Y
 _1218_/Y
 _1219_/Y
 _1220_/Y
 _1221_/Y
 _1222_/Y
 _1223_/Y
 _1224_/Y
 _1225_/Y
 _1226_/Y
 _1227_/Y
 _1228_/Y
 _1229_/Y
 _1230_/Y
 _1231_/Y
 _1232_/Y
 _1233_/Y
 _1234_/Y
 _1235_/Y
 _1236_/Y
 _1237_/Y
 _1238_/Y
 _1239_/Y
 _1240_/Y
 _1241_/Y
 _1242_/Y
 _1243_/Y
 _1244_/Y
 _1245_/Y
 _1246_/Y
 _1247_/Y
 _1248_/Y
 _1249_/Y
 _1250_/Y
 _1251_/Y
 _1252_/Y
 _1253_/Y
 _1254_/Y
 _1255_/Y
 _1256_/Y
 _1257_/Y
 _1258_/Y
 _1259_/Y
 _1260_/Y
 _1261_/Y
 _1262_/Y
 _1263_/Y
 _1264_/Y
 _1265_/Y
 _1266_/Y
 _1267_/Y
 _1268_/Y
 _1269_/Y
 _1270_/Y
 _1271_/Y
 _1272_/Y
 _1273_/Y
 _1274_/Y
 _1275_/Y
 _1276_/Y
 _1277_/Y
 _1278_/Y
 _1279_/Y
 _1280_/Y
 _1281_/Y
 _1282_/Y
 _1283_/Y
 _1284_/Y
 _1285_/Y
 _1286_/Y
 _1287_/Y
 _1288_/Y
 _1289_/Y
 _1290_/Y
 _1291_/Y
 _1292_/Y
 _1293_/Y
 _1294_/Y
 _1295_/Y
 _1296_/Y
 _1297_/Y
 _1298_/Y
 _1299_/Y
 _1300_/Y
 _1301_/Y
 _1302_/Y
 _1303_/Y
 _1304_/Y
 _1305_/Y
 _1306_/Y
 _1307_/Y
 _1308_/Y
 _1309_/Y
 _1310_/Y
 _1311_/Y
 _1312_/Y
 _1313_/Y
 _1314_/Y
 _1315_/Y
 _1316_/Y
 _1317_/Y
 _1318_/Y
 _1319_/Y
 _1320_/Y
 _1321_/Y
 _1322_/Y
 _1323_/Y
 _1324_/Y
 _1325_/Y
 _1326_/Y
 _1327_/Y
 _1328_/Y
 _1329_/Y
 _1330_/Y
 _1331_/Y
 _1332_/Y
 _1333_/Y
 _1334_/Y
 _1335_/Y
 _1336_/Y
 _1337_/Y
 _1338_/Y
 _1339_/Y
 _1340_/Y
 _1341_/Y
 _1342_/Y
 _1343_/Y
 _1344_/Y
 _1345_/Y
 _1346_/Y
 _1347_/Y
 _1348_/Y
 _1349_/Y
 _1350_/Y
 _1351_/Y
 _1352_/Y
 _1353_/Y
 _1354_/Y
 _1355_/Y
 _1356_/Y
 _1357_/Y
 _1358_/Y
 _1359_/Y
 _1360_/Y
 _1361_/Y
 _1362_/Y
 _1363_/Y
 _1364_/Y
 _1365_/Y
 _1366_/Y
 _1367_/Y
 _1368_/Y
 _1369_/Y
 _1370_/Y
 _1371_/Y
 _1372_/Y
 _1373_/Y
 _1374_/Y
 _1375_/Y
 _1376_/Y
 _1377_/Y
 _1378_/Y
 _1379_/Y
 _1380_/Y
 _1381_/Y
 _1382_/Y
 _1383_/Y
 _1384_/Y
 _1385_/Y
 _1386_/Y
 _1387_/Y
 _1388_/Y
 _1389_/Y
 _1390_/Y
 _1391_/Y
 _1392_/Y
 _1393_/Y
 _1394_/Y
 _1395_/Y
 _1396_/Y
 _1397_/Y
 _1398_/Y
 _1399_/Y
 _1400_/Y
 _1401_/Y
 _1402_/Y
 _1403_/Y
 _1404_/Y
 _1405_/Y
 _1406_/Y
 _1407_/Y
 _1408_/Y
 _1409_/Y
 _1410_/Y
 _1411_/Y
 _1412_/Y
 _1413_/Y
 _1414_/Y
 _1415_/Y
 _1416_/Y
 _1417_/Y
 _1418_/Y
 _1419_/Y
 _1420_/Y
 _1421_/Y
 _1422_/Y
 _1423_/Y
 _1424_/Y
 _1425_/Y
 _1426_/Y
 _1427_/Y
 _1428_/Y
 _1429_/Y
 _1430_/Y
 _1431_/Y
 _1432_/Y
 _1433_/Y
 _1434_/Y
 _1435_/Y
 _1436_/Y
 _1437_/Y
 _1438_/Y
 _1439_/Y
 _1440_/Y
 _1441_/Y
 _1442_/Y
 _1443_/Y
 _1444_/Y
 _1445_/Y
 _1446_/Y
 _1447_/Y
 _1448_/Y
 _1449_/Y
 _1450_/Y
 _1451_/Y
 _1452_/Y
 _1453_/Y
 _1454_/Y
 _1455_/Y
 _1456_/Y
 _1457_/Y
 _1458_/Y
 _1459_/Y
 _1460_/Y
 _1461_/Y
 _1462_/Y
 _1463_/Y
 _1464_/Q
 _1465_/Q
 _1466_/Q
 _1467_/Q
 _1468_/Q
 _1469_/Q
 _1470_/Q
 _1471_/Q
 _1472_/Q
 _1473_/Q
 _1474_/Q
 _1475_/Q
 _1476_/Q
 _1477_/Q
 _1478_/Q
 _1479_/Q
 _1480_/Q
 _1481_/Q
 _1482_/Q
 _1483_/Q
 _1484_/Q
 _1485_/Q
 _1486_/Q
 _1487_/Q
 _1488_/Q
 _1489_/Q
 _1490_/Q
 _1491_/Q
 _1492_/Q
 _1493_/Q
 _1494_/Q
 _1495_/Q
 _1496_/Q
 _1497_/Q
 _1498_/Q
 _1499_/Q
 _1500_/Q
 _1501_/Q
 _1502_/Q
 _1503_/Q
 _1504_/Q
 _1505_/Q
 _1506_/Q
 _1507_/Q
 _1508_/Q
 _1509_/Q
 _1510_/Q
 _1511_/Q
 _1512_/Q
 _1513_/Q
 _1514_/Q
 _1515_/Q
 _1516_/Q
 _1517_/Q
 _1518_/Q
 _1519_/Q
 _1520_/Q
 _1521_/Q
 _1522_/Q
 _1523_/Q
 _1524_/Q
 _1525_/Q
 _1526_/Q
 _1527_/Q
 _1528_/Q
 _1529_/Q
 _1530_/Q
 _1531_/Q
 _1532_/Q
 _1533_/Q
 _1534_/Q
 _1535_/Q
 _1536_/Q
 _1537_/Q
 _1538_/Q
 _1539_/Q
 _1540_/Q
 _1541_/Q
 _1542_/Q
 _1543_/Q
 _1544_/Q
 _1545_/Q
 _1546_/Q
 _1547_/Q
 _1548_/Q
 _1549_/Q
 _1550_/Q
 _1551_/Q
 _1552_/Q
 _1553_/Q
 _1554_/Q
 _1555_/Q
 _1556_/Q
 _1557_/Q
 _1558_/Q
 _1559_/Q
 _1560_/Q
 _1561_/Q
 _1562_/Q
 _1563_/Q
 _1564_/Q
 _1565_/Q
 _1566_/Q
 _1567_/Q
 _1568_/Q
 _1569_/Q
 _1570_/Q
 _1571_/Q
 _1572_/Q
 _1573_/Q
 _1574_/Q
 _1575_/Q
 _1576_/Q
 _1577_/Q
 _1578_/Q
 _1579_/Q
 _1580_/Q
 _1581_/Q
 _1582_/Q
 _1583_/Q
 _1584_/Q
 _1585_/Q
 _1586_/Q
 _1587_/Q
 _1588_/Q
 _1589_/Q
 _1590_/Q
 _1591_/Q
 _1592_/Q
 _1593_/Q
 _1594_/Q
 _1595_/Q
 _1596_/Q
 _1597_/Q
 _1598_/Q
 _1599_/Q
 _1600_/Q
 _1601_/Q
 _1602_/Q
 _1603_/Q
 _1604_/Q
 _1605_/Q
 _1606_/Q
 _1607_/Q
 _1608_/Q
 _1609_/Q
 _1610_/Q
 _1611_/Q
 _1612_/Q
 _1613_/Q
 _1614_/Q
 _1615_/Q
 _1616_/Q
 _1617_/Q
 _1618_/Q
 _1619_/Q
 _1620_/Q
 _1621_/Q
 _1622_/Q
 _1623_/Q
 _1624_/Q
 _1625_/Q
 _1626_/Q
 _1627_/Q
 _1628_/Q
 _1629_/Q
 _1630_/Q
 _1631_/Q
 _1632_/Q
 _1633_/Q
 _1634_/Q
 _1635_/Q
 _1636_/Q
 _1637_/Q
 _1638_/Q
 _1639_/Q
 _1640_/Q
 _1641_/Q
 _1642_/Q
 _1643_/Q
 _1644_/Q
 _1645_/Q
 _1646_/Q
 _1647_/Q
 _1648_/Q
 _1649_/Q
 _1650_/Q
 _1651_/Q
 _1652_/Q
 _1653_/Q
 _1654_/Q
 _1655_/Q
 _1656_/Q
 _1657_/Q
 _1658_/Q
 _1659_/Q
 _1660_/Q
 _1661_/Q
 _1662_/Q
 _1663_/Q
 _1664_/Q
 _1665_/Q
 _1666_/Q
 _1667_/Q
 _1668_/Q
 _1669_/Q
 _1670_/Q
 _1671_/Q
 _1672_/Q
 _1673_/Q
 _1674_/Q
 _1675_/Q
 _1676_/Q
 _1677_/Q
 _1678_/Q
 _1679_/Q
 _1680_/Q
 _1681_/Q
 _1682_/Q
 _1683_/Q
 _1684_/Q
 _1685_/Q
 _1686_/Q
 _1687_/Q
 _1688_/Q
 _1689_/Q
 _1690_/Q
 _1691_/Q
 _1692_/Q
 _1693_/Q
 _1694_/Q
 _1695_/Q
 _1696_/Q
 _1697_/Q
 _1698_/Q
 _1699_/Q
 _1700_/Q
 _1701_/Q
 _1702_/Q
 _1703_/Q
 _1704_/Q
 _1705_/Q
 _1706_/Q
 _1707_/Q
 _1708_/Q
 _1709_/Q
 _1710_/Q
 _1711_/Q
 _1712_/Q
 _1713_/Q
 _1714_/Q
 _1715_/Q
 _1716_/Q
 _1717_/Q
 _1718_/Q
 _1719_/Q
 _1720_/Q
 _1721_/Q
 _1722_/Q
 _1723_/Q
 _1724_/Q
 _1725_/Q
 _1726_/Q
 _1727_/Q
 _1728_/Q
 _1729_/Q
 _1730_/Q
 _1731_/Q
 _1732_/Q
 _1733_/Q
 _1734_/HI
 _1734_/LO
 _1735_/HI
 _1735_/LO
 _1736_/X
Found 0 partially unannotated drivers.

===========================================================================
max slew violation count 415
max fanout violation count 19
max cap violation count 1
============================================================================

===========================================================================
check_setup -verbose -unconstrained_endpoints -multiple_clock -no_clock -no_input_delay -loops -generated_clocks
===========================================================================
