Clock: clk
Sources: clk 
Generated: no
Virtual: no
Propagated: no
Period: 10.000000

===========================================================================
report_clock_properties
============================================================================
Clock                   Period          Waveform
----------------------------------------------------
clk                  10.000000    0.000000  5.000000

===========================================================================
report_clock_latency
============================================================================
Clock clk
rise -> rise
    min     max
0.000000 0.000000 source latency
2.386990         network latency _1464_/CLK
        2.386990 network latency _1464_/CLK
---------------
2.386990 2.386990 latency
        0.000000 skew

fall -> fall
    min     max
0.000000 0.000000 source latency
1.318659         network latency _1464_/CLK
        1.318659 network latency _1464_/CLK
---------------
1.318659 1.318659 latency
        0.000000 skew



===========================================================================
report_clock_min_period
============================================================================
clk period_min = 5.29 fmax = 189.02
