
===========================================================================
report_checks -path_delay min (Hold)
============================================================================
======================= nom_tt_025C_1v80 Corner ===================================

Startpoint: in (input port clocked by null)
Endpoint: out (output port clocked by null)
Path Group: null
Path Type: min

Fanout         Cap        Slew       Delay        Time   Description
---------------------------------------------------------------------------------------------
                      0.000000    0.000000    0.000000   clock null (rise edge)
                                  0.000000    0.000000   clock network delay (ideal)
                                  2.000000    2.000000 ^ input external delay
     1    0.001807    0.015971    0.006817    2.006817 ^ in (in)
                                                         in (net)
                      0.015971    0.000000    2.006817 ^ u0/A (sky130_fd_sc_hd__buf_2)
     1    0.001807    0.023278    0.075549    2.082366 ^ u0/X (sky130_fd_sc_hd__buf_2)
                                                         n0 (net)
                      0.023278    0.000000    2.082366 ^ u1/A (sky130_fd_sc_hd__buf_2)
     1    0.001807    0.023292    0.078229    2.160594 ^ u1/X (sky130_fd_sc_hd__buf_2)
                                                         n1 (net)
                      0.023292    0.000000    2.160594 ^ u2/A (sky130_fd_sc_hd__buf_2)
     1    0.001807    0.023292    0.078234    2.238828 ^ u2/X (sky130_fd_sc_hd__buf_2)
                                                         n2 (net)
                      0.023292    0.000000    2.238828 ^ u3/A (sky130_fd_sc_hd__buf_2)
     1    0.001807    0.023292    0.078234    2.317062 ^ u3/X (sky130_fd_sc_hd__buf_2)
                                                         n3 (net)
                      0.023292    0.000000    2.317062 ^ u4/A (sky130_fd_sc_hd__buf_2)
     1    0.001807    0.023292    0.078234    2.395297 ^ u4/X (sky130_fd_sc_hd__buf_2)
                                                         n4 (net)
                      0.023292    0.000000    2.395297 ^ u5/A (sky130_fd_sc_hd__buf_2)
     1    0.001807    0.023292    0.078234    2.473531 ^ u5/X (sky130_fd_sc_hd__buf_2)
                                                         n5 (net)
                      0.023292    0.000000    2.473531 ^ u6/A (sky130_fd_sc_hd__buf_2)
     1    0.001807    0.023292    0.078234    2.551765 ^ u6/X (sky130_fd_sc_hd__buf_2)
                                                         n6 (net)
                      0.023292    0.000000    2.551765 ^ u7/A (sky130_fd_sc_hd__buf_2)
     1    0.001807    0.023292    0.078234    2.629999 ^ u7/X (sky130_fd_sc_hd__buf_2)
                                                         n7 (net)
                      0.023292    0.000000    2.629999 ^ u8/A (sky130_fd_sc_hd__buf_2)
     1    0.033442    0.168899    0.187377    2.817375 ^ u8/X (sky130_fd_sc_hd__buf_2)
                                                         out (net)
                      0.168899    0.000000    2.817375 ^ out (out)
                                              2.817375   data arrival time

                      0.000000    0.000000    0.000000   clock null (rise edge)
                                  0.000000    0.000000   clock network delay (ideal)
                                  0.250000    0.250000   clock uncertainty
                                  0.000000    0.250000   clock reconvergence pessimism
                                 -2.000000   -1.750000   output external delay
                                             -1.750000   data required time
---------------------------------------------------------------------------------------------
                                             -1.750000   data required time
                                             -2.817375   data arrival time
---------------------------------------------------------------------------------------------
                                              4.567375   slack (MET)



