+ define_corners nom_tt_025C_1v80
Reading timing models for corner nom_tt_025C_1v80…
Reading cell library for the 'nom_tt_025C_1v80' corner at '/foss/pdks/sky130A/libs.ref/sky130_fd_sc_hd/lib/sky130_fd_sc_hd__tt_025C_1v80.lib'…
Reading top-level netlist at '/foss/designs/sky130_characterization/openlane/delay_chain_physical_top/runs/RUN_2026-07-07_15-42-53/06-yosys-synthesis/delay_chain_physical_top.nl.v'…
Linking design 'delay_chain_physical_top' from netlist…
Reading design constraints file at '/usr/local/lib/python3.12/dist-packages/librelane/scripts/base.sdc'…
Warning: base.sdc line 15, port 'null' not found.
[INFO] Using clock null…
[INFO] Setting output delay to: 2
[INFO] Setting input delay to: 2
Warning: base.sdc line 32, port 'null' not found.
[INFO] Setting load to: 0.033442
[INFO] Setting clock uncertainty to: 0.25
[INFO] Setting clock transition to: 0.1499999999999999944488848768742172978818416595458984375
Warning: base.sdc line 69, transition time can not be specified for virtual clocks.
[INFO] Setting timing derate to: 5%
%OL_CREATE_REPORT min.rpt

===========================================================================
report_checks -path_delay min (Hold)
============================================================================
======================= nom_tt_025C_1v80 Corner ===================================

Startpoint: in (input port clocked by null)
Endpoint: out (output port clocked by null)
Path Group: null
Path Type: min

Fanout         Cap        Slew       Delay        Time   Description
---------------------------------------------------------------------------------------------
                      0.000000    0.000000    0.000000   clock null (rise edge)
                                  0.000000    0.000000   clock network delay (ideal)
                                  2.000000    2.000000 ^ input external delay
     1    0.001807    0.015971    0.006817    2.006817 ^ in (in)
                                                         in (net)
                      0.015971    0.000000    2.006817 ^ u0/A (sky130_fd_sc_hd__buf_2)
     1    0.001807    0.023278    0.075549    2.082366 ^ u0/X (sky130_fd_sc_hd__buf_2)
                                                         n0 (net)
                      0.023278    0.000000    2.082366 ^ u1/A (sky130_fd_sc_hd__buf_2)
     1    0.001807    0.023292    0.078229    2.160594 ^ u1/X (sky130_fd_sc_hd__buf_2)
                                                         n1 (net)
                      0.023292    0.000000    2.160594 ^ u2/A (sky130_fd_sc_hd__buf_2)
     1    0.001807    0.023292    0.078234    2.238828 ^ u2/X (sky130_fd_sc_hd__buf_2)
                                                         n2 (net)
                      0.023292    0.000000    2.238828 ^ u3/A (sky130_fd_sc_hd__buf_2)
     1    0.001807    0.023292    0.078234    2.317062 ^ u3/X (sky130_fd_sc_hd__buf_2)
                                                         n3 (net)
                      0.023292    0.000000    2.317062 ^ u4/A (sky130_fd_sc_hd__buf_2)
     1    0.001807    0.023292    0.078234    2.395297 ^ u4/X (sky130_fd_sc_hd__buf_2)
                                                         n4 (net)
                      0.023292    0.000000    2.395297 ^ u5/A (sky130_fd_sc_hd__buf_2)
     1    0.001807    0.023292    0.078234    2.473531 ^ u5/X (sky130_fd_sc_hd__buf_2)
                                                         n5 (net)
                      0.023292    0.000000    2.473531 ^ u6/A (sky130_fd_sc_hd__buf_2)
     1    0.001807    0.023292    0.078234    2.551765 ^ u6/X (sky130_fd_sc_hd__buf_2)
                                                         n6 (net)
                      0.023292    0.000000    2.551765 ^ u7/A (sky130_fd_sc_hd__buf_2)
     1    0.001807    0.023292    0.078234    2.629999 ^ u7/X (sky130_fd_sc_hd__buf_2)
                                                         n7 (net)
                      0.023292    0.000000    2.629999 ^ u8/A (sky130_fd_sc_hd__buf_2)
     1    0.033442    0.168899    0.187377    2.817375 ^ u8/X (sky130_fd_sc_hd__buf_2)
                                                         out (net)
                      0.168899    0.000000    2.817375 ^ out (out)
                                              2.817375   data arrival time

                      0.000000    0.000000    0.000000   clock null (rise edge)
                                  0.000000    0.000000   clock network delay (ideal)
                                  0.250000    0.250000   clock uncertainty
                                  0.000000    0.250000   clock reconvergence pessimism
                                 -2.000000   -1.750000   output external delay
                                             -1.750000   data required time
---------------------------------------------------------------------------------------------
                                             -1.750000   data required time
                                             -2.817375   data arrival time
---------------------------------------------------------------------------------------------
                                              4.567375   slack (MET)



%OL_END_REPORT
%OL_CREATE_REPORT max.rpt

===========================================================================
report_checks -path_delay max (Setup)
============================================================================
======================= nom_tt_025C_1v80 Corner ===================================

Startpoint: in (input port clocked by null)
Endpoint: out (output port clocked by null)
Path Group: null
Path Type: max

Fanout         Cap        Slew       Delay        Time   Description
---------------------------------------------------------------------------------------------
                      0.000000    0.000000    0.000000   clock null (rise edge)
                                  0.000000    0.000000   clock network delay (ideal)
                                  2.000000    2.000000 v input external delay
     1    0.001647    0.006202    0.002469    2.002469 v in (in)
                                                         in (net)
                      0.006202    0.000000    2.002469 v u0/A (sky130_fd_sc_hd__buf_2)
     1    0.001647    0.021184    0.093145    2.095614 v u0/X (sky130_fd_sc_hd__buf_2)
                                                         n0 (net)
                      0.021184    0.000000    2.095614 v u1/A (sky130_fd_sc_hd__buf_2)
     1    0.001647    0.021182    0.099188    2.194803 v u1/X (sky130_fd_sc_hd__buf_2)
                                                         n1 (net)
                      0.021182    0.000000    2.194803 v u2/A (sky130_fd_sc_hd__buf_2)
     1    0.001647    0.021182    0.099188    2.293990 v u2/X (sky130_fd_sc_hd__buf_2)
                                                         n2 (net)
                      0.021182    0.000000    2.293990 v u3/A (sky130_fd_sc_hd__buf_2)
     1    0.001647    0.021182    0.099188    2.393178 v u3/X (sky130_fd_sc_hd__buf_2)
                                                         n3 (net)
                      0.021182    0.000000    2.393178 v u4/A (sky130_fd_sc_hd__buf_2)
     1    0.001647    0.021182    0.099188    2.492366 v u4/X (sky130_fd_sc_hd__buf_2)
                                                         n4 (net)
                      0.021182    0.000000    2.492366 v u5/A (sky130_fd_sc_hd__buf_2)
     1    0.001647    0.021182    0.099188    2.591553 v u5/X (sky130_fd_sc_hd__buf_2)
                                                         n5 (net)
                      0.021182    0.000000    2.591553 v u6/A (sky130_fd_sc_hd__buf_2)
     1    0.001647    0.021182    0.099188    2.690741 v u6/X (sky130_fd_sc_hd__buf_2)
                                                         n6 (net)
                      0.021182    0.000000    2.690741 v u7/A (sky130_fd_sc_hd__buf_2)
     1    0.001647    0.021182    0.099188    2.789928 v u7/X (sky130_fd_sc_hd__buf_2)
                                                         n7 (net)
                      0.021182    0.000000    2.789928 v u8/A (sky130_fd_sc_hd__buf_2)
     1    0.033442    0.087345    0.168873    2.958801 v u8/X (sky130_fd_sc_hd__buf_2)
                                                         out (net)
                      0.087345    0.000000    2.958801 v out (out)
                                              2.958801   data arrival time

                      0.000000   10.000000   10.000000   clock null (rise edge)
                                  0.000000   10.000000   clock network delay (ideal)
                                 -0.250000    9.750000   clock uncertainty
                                  0.000000    9.750000   clock reconvergence pessimism
                                 -2.000000    7.750000   output external delay
                                              7.750000   data required time
---------------------------------------------------------------------------------------------
                                              7.750000   data required time
                                             -2.958801   data arrival time
---------------------------------------------------------------------------------------------
                                              4.791199   slack (MET)



%OL_END_REPORT
%OL_CREATE_REPORT checks.rpt

===========================================================================
report_checks -unconstrained
===========================================================================
======================= nom_tt_025C_1v80 Corner ===================================

Startpoint: in (input port clocked by null)
Endpoint: out (output port clocked by null)
Path Group: null
Path Type: max

Fanout         Cap        Slew       Delay        Time   Description
---------------------------------------------------------------------------------------------
                      0.000000    0.000000    0.000000   clock null (rise edge)
                                  0.000000    0.000000   clock network delay (ideal)
                                  2.000000    2.000000 v input external delay
     1    0.001647    0.006202    0.002469    2.002469 v in (in)
                                                         in (net)
                      0.006202    0.000000    2.002469 v u0/A (sky130_fd_sc_hd__buf_2)
     1    0.001647    0.021184    0.093145    2.095614 v u0/X (sky130_fd_sc_hd__buf_2)
                                                         n0 (net)
                      0.021184    0.000000    2.095614 v u1/A (sky130_fd_sc_hd__buf_2)
     1    0.001647    0.021182    0.099188    2.194803 v u1/X (sky130_fd_sc_hd__buf_2)
                                                         n1 (net)
                      0.021182    0.000000    2.194803 v u2/A (sky130_fd_sc_hd__buf_2)
     1    0.001647    0.021182    0.099188    2.293990 v u2/X (sky130_fd_sc_hd__buf_2)
                                                         n2 (net)
                      0.021182    0.000000    2.293990 v u3/A (sky130_fd_sc_hd__buf_2)
     1    0.001647    0.021182    0.099188    2.393178 v u3/X (sky130_fd_sc_hd__buf_2)
                                                         n3 (net)
                      0.021182    0.000000    2.393178 v u4/A (sky130_fd_sc_hd__buf_2)
     1    0.001647    0.021182    0.099188    2.492366 v u4/X (sky130_fd_sc_hd__buf_2)
                                                         n4 (net)
                      0.021182    0.000000    2.492366 v u5/A (sky130_fd_sc_hd__buf_2)
     1    0.001647    0.021182    0.099188    2.591553 v u5/X (sky130_fd_sc_hd__buf_2)
                                                         n5 (net)
                      0.021182    0.000000    2.591553 v u6/A (sky130_fd_sc_hd__buf_2)
     1    0.001647    0.021182    0.099188    2.690741 v u6/X (sky130_fd_sc_hd__buf_2)
                                                         n6 (net)
                      0.021182    0.000000    2.690741 v u7/A (sky130_fd_sc_hd__buf_2)
     1    0.001647    0.021182    0.099188    2.789928 v u7/X (sky130_fd_sc_hd__buf_2)
                                                         n7 (net)
                      0.021182    0.000000    2.789928 v u8/A (sky130_fd_sc_hd__buf_2)
     1    0.033442    0.087345    0.168873    2.958801 v u8/X (sky130_fd_sc_hd__buf_2)
                                                         out (net)
                      0.087345    0.000000    2.958801 v out (out)
                                              2.958801   data arrival time

                      0.000000   10.000000   10.000000   clock null (rise edge)
                                  0.000000   10.000000   clock network delay (ideal)
                                 -0.250000    9.750000   clock uncertainty
                                  0.000000    9.750000   clock reconvergence pessimism
                                 -2.000000    7.750000   output external delay
                                              7.750000   data required time
---------------------------------------------------------------------------------------------
                                              7.750000   data required time
                                             -2.958801   data arrival time
---------------------------------------------------------------------------------------------
                                              4.791199   slack (MET)




===========================================================================
report_checks --slack_max -0.01
============================================================================
======================= nom_tt_025C_1v80 Corner ===================================

No paths found.


===========================================================================
 report_check_types -max_slew -max_cap -max_fanout -violators
============================================================================
======================= nom_tt_025C_1v80 Corner ===================================



===========================================================================
report_parasitic_annotation -report_unannotated
============================================================================
Found 10 unannotated drivers.
 in
 u0/X
 u1/X
 u2/X
 u3/X
 u4/X
 u5/X
 u6/X
 u7/X
 u8/X
Found 0 partially unannotated drivers.

===========================================================================
max slew violation count 0
%OL_METRIC_I design__max_slew_violation__count__corner:nom_tt_025C_1v80 0
max fanout violation count 0
%OL_METRIC_I design__max_fanout_violation__count__corner:nom_tt_025C_1v80 0
max cap violation count 0
%OL_METRIC_I design__max_cap_violation__count__corner:nom_tt_025C_1v80 0
============================================================================

===========================================================================
check_setup -verbose -unconstrained_endpoints -multiple_clock -no_clock -no_input_delay -loops -generated_clocks
===========================================================================
%OL_END_REPORT
%OL_CREATE_REPORT power.rpt

===========================================================================
 report_power
============================================================================
======================= nom_tt_025C_1v80 Corner ===================================

Group                    Internal    Switching      Leakage        Total
                            Power        Power        Power        Power (Watts)
------------------------------------------------------------------------
Sequential           0.000000e+00 0.000000e+00 0.000000e+00 0.000000e+00   0.0%
Combinational        1.179750e-06 7.759475e-07 3.540735e-11 1.955733e-06 100.0%
Clock                0.000000e+00 0.000000e+00 0.000000e+00 0.000000e+00   0.0%
Macro                0.000000e+00 0.000000e+00 0.000000e+00 0.000000e+00   0.0%
Pad                  0.000000e+00 0.000000e+00 0.000000e+00 0.000000e+00   0.0%
------------------------------------------------------------------------
Total                1.179750e-06 7.759475e-07 3.540735e-11 1.955733e-06 100.0%
                            60.3%        39.7%         0.0%
%OL_METRIC_F power__internal__total 1.1797503702837275e-6
%OL_METRIC_F power__switching__total 7.759475124657911e-7
%OL_METRIC_F power__leakage__total 3.540735066254186e-11
%OL_METRIC_F power__total 1.955733296199469e-6

%OL_END_REPORT
%OL_CREATE_REPORT skew.min.rpt

===========================================================================
Clock Skew (Hold)
============================================================================
%OL_METRIC_F clock__skew__worst_hold__corner:nom_tt_025C_1v80 0.0
======================= nom_tt_025C_1v80 Corner ===================================

Clock null
No launch/capture paths found.

%OL_END_REPORT
%OL_CREATE_REPORT skew.max.rpt

===========================================================================
Clock Skew (Setup)
============================================================================
%OL_METRIC_F clock__skew__worst_setup__corner:nom_tt_025C_1v80 0.0
======================= nom_tt_025C_1v80 Corner ===================================

Clock null
No launch/capture paths found.

%OL_END_REPORT
%OL_CREATE_REPORT ws.min.rpt

===========================================================================
Worst Slack (Hold)
============================================================================
%OL_METRIC_F timing__hold__ws__corner:nom_tt_025C_1v80 4.56737505188905
nom_tt_025C_1v80: 4.56737505188905
%OL_END_REPORT
%OL_CREATE_REPORT ws.max.rpt

===========================================================================
Worst Slack (Setup)
============================================================================
%OL_METRIC_F timing__setup__ws__corner:nom_tt_025C_1v80 4.7911991286081275
nom_tt_025C_1v80: 4.7911991286081275
%OL_END_REPORT
%OL_CREATE_REPORT tns.min.rpt

===========================================================================
Total Negative Slack (Hold)
============================================================================
%OL_METRIC_F timing__hold__tns__corner:nom_tt_025C_1v80 0.0
nom_tt_025C_1v80: 0.0
%OL_END_REPORT
%OL_CREATE_REPORT tns.max.rpt

===========================================================================
Total Negative Slack (Setup)
============================================================================
%OL_METRIC_F timing__setup__tns__corner:nom_tt_025C_1v80 0.0
nom_tt_025C_1v80: 0.0
%OL_END_REPORT
%OL_CREATE_REPORT wns.min.rpt

===========================================================================
Worst Negative Slack (Hold)
============================================================================
%OL_METRIC_F timing__hold__wns__corner:nom_tt_025C_1v80 0
nom_tt_025C_1v80: 0
%OL_END_REPORT
%OL_CREATE_REPORT wns.max.rpt

===========================================================================
Worst Negative Slack (Setup)
============================================================================
%OL_METRIC_F timing__setup__wns__corner:nom_tt_025C_1v80 0.0
nom_tt_025C_1v80: 0.0
%OL_END_REPORT
%OL_CREATE_REPORT violator_list.rpt

===========================================================================
Violator List
============================================================================
%OL_METRIC_I timing__hold_vio__count__corner:nom_tt_025C_1v80 0
%OL_METRIC_F timing__hold_r2r__ws__corner:nom_tt_025C_1v80 inf
%OL_METRIC_I timing__hold_r2r_vio__count__corner:nom_tt_025C_1v80 0
%OL_METRIC_I timing__setup_vio__count__corner:nom_tt_025C_1v80 0
%OL_METRIC_F timing__setup_r2r__ws__corner:nom_tt_025C_1v80 inf
%OL_METRIC_I timing__setup_r2r_vio__count__corner:nom_tt_025C_1v80 0
%OL_END_REPORT
%OL_CREATE_REPORT unpropagated.rpt
null
%OL_END_REPORT
%OL_CREATE_REPORT clock.rpt
Clock: null
Sources: 
Generated: no
Virtual: yes
Propagated: no
Period: 10.000000

===========================================================================
report_clock_properties
============================================================================
Clock                   Period          Waveform
----------------------------------------------------
null                 10.000000    0.000000  5.000000

===========================================================================
report_clock_latency
============================================================================
Clock null


===========================================================================
report_clock_min_period
============================================================================
null period_min = 0.00 fmax = inf
%OL_END_REPORT
Writing SDF files for all corners…
