
===========================================================================
report_checks -unconstrained
===========================================================================
======================= nom_ff_n40C_1v95 Corner ===================================

Startpoint: rst (input port clocked by clk)
Endpoint: _1665_ (recovery check against rising-edge clock clk)
Path Group: asynchronous
Path Type: max

Fanout         Cap        Slew       Delay        Time   Description
---------------------------------------------------------------------------------------------
                                  0.000000    0.000000   clock clk (rise edge)
                                  0.000000    0.000000   clock network delay (propagated)
                                  2.000000    2.000000 v input external delay
     1    0.003370    0.005550    0.002789    2.002789 v rst (in)
                                                         rst (net)
                      0.005551    0.000000    2.002789 v input9/A (sky130_fd_sc_hd__buf_1)
     3    0.019561    0.079552    0.096491    2.099280 v input9/X (sky130_fd_sc_hd__buf_1)
                                                         net9 (net)
                      0.079587    0.000935    2.100215 v max_cap212/A (sky130_fd_sc_hd__buf_2)
     2    0.043334    0.077929    0.145181    2.245395 v max_cap212/X (sky130_fd_sc_hd__buf_2)
                                                         net212 (net)
                      0.078931    0.007153    2.252548 v fanout210/A (sky130_fd_sc_hd__clkdlybuf4s25_1)
     3    0.023802    0.124939    0.256299    2.508847 v fanout210/X (sky130_fd_sc_hd__clkdlybuf4s25_1)
                                                         net210 (net)
                      0.124939    0.000454    2.509301 v load_slew211/A (sky130_fd_sc_hd__buf_2)
     4    0.038166    0.069369    0.159074    2.668375 v load_slew211/X (sky130_fd_sc_hd__buf_2)
                                                         net211 (net)
                      0.069519    0.002828    2.671202 v fanout209/A (sky130_fd_sc_hd__clkdlybuf4s25_1)
     5    0.032864    0.168042    0.286120    2.957323 v fanout209/X (sky130_fd_sc_hd__clkdlybuf4s25_1)
                                                         net209 (net)
                      0.168051    0.001327    2.958650 v fanout208/A (sky130_fd_sc_hd__clkdlybuf4s25_1)
     5    0.032358    0.166533    0.315624    3.274274 v fanout208/X (sky130_fd_sc_hd__clkdlybuf4s25_1)
                                                         net208 (net)
                      0.166533    0.000426    3.274700 v fanout203/A (sky130_fd_sc_hd__clkdlybuf4s25_1)
     4    0.020390    0.108998    0.271653    3.546353 v fanout203/X (sky130_fd_sc_hd__clkdlybuf4s25_1)
                                                         net203 (net)
                      0.108998    0.000422    3.546775 v wire204/A (sky130_fd_sc_hd__clkbuf_4)
     7    0.044857    0.069760    0.166024    3.712800 v wire204/X (sky130_fd_sc_hd__clkbuf_4)
                                                         net204 (net)
                      0.069875    0.002496    3.715296 v _1222_/A (sky130_fd_sc_hd__inv_2)
     1    0.004715    0.029274    0.046361    3.761657 ^ _1222_/Y (sky130_fd_sc_hd__inv_2)
                                                         _0037_ (net)
                      0.029274    0.000111    3.761767 ^ _1665_/RESET_B (sky130_fd_sc_hd__dfrtp_2)
                                              3.761767   data arrival time

                                 10.000000   10.000000   clock clk (rise edge)
                                  0.000000   10.000000   clock source latency
     1    0.039542    0.136801    0.097855   10.097856 ^ clk (in)
                                                         clk (net)
                      0.137340    0.000000   10.097856 ^ clkbuf_0_clk/A (sky130_fd_sc_hd__clkbuf_16)
     4    0.062689    0.062476    0.134873   10.232728 ^ clkbuf_0_clk/X (sky130_fd_sc_hd__clkbuf_16)
                                                         clknet_0_clk (net)
                      0.062872    0.003876   10.236604 ^ clkbuf_2_3__f_clk/A (sky130_fd_sc_hd__clkbuf_16)
     6    0.055059    0.056017    0.113280   10.349884 ^ clkbuf_2_3__f_clk/X (sky130_fd_sc_hd__clkbuf_16)
                                                         clknet_2_3__leaf_clk (net)
                      0.056423    0.003732   10.353616 ^ clkbuf_leaf_10_clk/A (sky130_fd_sc_hd__clkbuf_8)
    12    0.040733    0.062114    0.113886   10.467502 ^ clkbuf_leaf_10_clk/X (sky130_fd_sc_hd__clkbuf_8)
                                                         clknet_leaf_10_clk (net)
                      0.062206    0.001555   10.469057 ^ _1665_/CLK (sky130_fd_sc_hd__dfrtp_2)
                                 -0.250000   10.219057   clock uncertainty
                                  0.000000   10.219057   clock reconvergence pessimism
                                  0.138889   10.357945   library recovery time
                                             10.357945   data required time
---------------------------------------------------------------------------------------------
                                             10.357945   data required time
                                             -3.761767   data arrival time
---------------------------------------------------------------------------------------------
                                              6.596179   slack (MET)


Startpoint: start (input port clocked by clk)
Endpoint: _1710_ (rising edge-triggered flip-flop clocked by clk)
Path Group: clk
Path Type: max

Fanout         Cap        Slew       Delay        Time   Description
---------------------------------------------------------------------------------------------
                                  0.000000    0.000000   clock clk (rise edge)
                                  0.000000    0.000000   clock network delay (propagated)
                                  2.000000    2.000000 ^ input external delay
     1    0.004967    0.021595    0.012923    2.012923 ^ start (in)
                                                         start (net)
                      0.021596    0.000000    2.012923 ^ input10/A (sky130_fd_sc_hd__clkdlybuf4s25_1)
     2    0.027149    0.207496    0.278238    2.291161 ^ input10/X (sky130_fd_sc_hd__clkdlybuf4s25_1)
                                                         net10 (net)
                      0.207629    0.003006    2.294167 ^ _1075_/B (sky130_fd_sc_hd__nand2b_2)
     4    0.015844    0.070334    0.073079    2.367246 v _1075_/Y (sky130_fd_sc_hd__nand2b_2)
                                                         _0587_ (net)
                      0.070339    0.000470    2.367716 v _1076_/B (sky130_fd_sc_hd__and2_2)
     4    0.016791    0.048232    0.158831    2.526547 v _1076_/X (sky130_fd_sc_hd__and2_2)
                                                         _0000_ (net)
                      0.048237    0.000510    2.527057 v _1077_/B (sky130_fd_sc_hd__nor2_2)
     3    0.035264    0.279991    0.223789    2.750846 ^ _1077_/Y (sky130_fd_sc_hd__nor2_2)
                                                         _0588_ (net)
                      0.280038    0.003010    2.753855 ^ fanout103/A (sky130_fd_sc_hd__clkdlybuf4s25_1)
    10    0.093258    0.691852    0.645633    3.399489 ^ fanout103/X (sky130_fd_sc_hd__clkdlybuf4s25_1)
                                                         net103 (net)
                      0.691871    0.003089    3.402578 ^ _1112_/A2 (sky130_fd_sc_hd__a22o_2)
     1    0.002212    0.033882    0.095902    3.498480 ^ _1112_/X (sky130_fd_sc_hd__a22o_2)
                                                         _0352_ (net)
                      0.033882    0.000044    3.498524 ^ hold353/A (sky130_fd_sc_hd__dlygate4sd3_1)
     1    0.003637    0.043254    0.376738    3.875262 ^ hold353/X (sky130_fd_sc_hd__dlygate4sd3_1)
                                                         net353 (net)
                      0.043254    0.000123    3.875385 ^ _1710_/D (sky130_fd_sc_hd__dfrtp_2)
                                              3.875385   data arrival time

                                 10.000000   10.000000   clock clk (rise edge)
                                  0.000000   10.000000   clock source latency
     1    0.039542    0.136801    0.097855   10.097856 ^ clk (in)
                                                         clk (net)
                      0.137340    0.000000   10.097856 ^ clkbuf_0_clk/A (sky130_fd_sc_hd__clkbuf_16)
     4    0.062689    0.062476    0.134873   10.232728 ^ clkbuf_0_clk/X (sky130_fd_sc_hd__clkbuf_16)
                                                         clknet_0_clk (net)
                      0.062872    0.003876   10.236604 ^ clkbuf_2_3__f_clk/A (sky130_fd_sc_hd__clkbuf_16)
     6    0.055059    0.056017    0.113280   10.349884 ^ clkbuf_2_3__f_clk/X (sky130_fd_sc_hd__clkbuf_16)
                                                         clknet_2_3__leaf_clk (net)
                      0.056042    0.000939   10.350822 ^ clkbuf_leaf_8_clk/A (sky130_fd_sc_hd__clkbuf_8)
    13    0.047300    0.070105    0.119490   10.470313 ^ clkbuf_leaf_8_clk/X (sky130_fd_sc_hd__clkbuf_8)
                                                         clknet_leaf_8_clk (net)
                      0.070228    0.002006   10.472320 ^ _1710_/CLK (sky130_fd_sc_hd__dfrtp_2)
                                 -0.250000   10.222320   clock uncertainty
                                  0.000000   10.222320   clock reconvergence pessimism
                                 -0.036110   10.186210   library setup time
                                             10.186210   data required time
---------------------------------------------------------------------------------------------
                                             10.186210   data required time
                                             -3.875385   data arrival time
---------------------------------------------------------------------------------------------
                                              6.310825   slack (MET)




===========================================================================
report_checks --slack_max -0.01
============================================================================
======================= nom_ff_n40C_1v95 Corner ===================================

No paths found.


===========================================================================
 report_check_types -max_slew -max_cap -max_fanout -violators
============================================================================
======================= nom_ff_n40C_1v95 Corner ===================================

max fanout

Pin                                   Limit Fanout  Slack
---------------------------------------------------------
clkbuf_leaf_11_clk/X                     10     14     -4 (VIOLATED)
clkbuf_leaf_16_clk/X                     10     14     -4 (VIOLATED)
clkbuf_leaf_21_clk/X                     10     14     -4 (VIOLATED)
clkbuf_leaf_22_clk/X                     10     14     -4 (VIOLATED)
clkbuf_leaf_13_clk/X                     10     13     -3 (VIOLATED)
clkbuf_leaf_14_clk/X                     10     13     -3 (VIOLATED)
clkbuf_leaf_18_clk/X                     10     13     -3 (VIOLATED)
clkbuf_leaf_1_clk/X                      10     13     -3 (VIOLATED)
clkbuf_leaf_3_clk/X                      10     13     -3 (VIOLATED)
clkbuf_leaf_4_clk/X                      10     13     -3 (VIOLATED)
clkbuf_leaf_5_clk/X                      10     13     -3 (VIOLATED)
clkbuf_leaf_6_clk/X                      10     13     -3 (VIOLATED)
clkbuf_leaf_8_clk/X                      10     13     -3 (VIOLATED)
clkbuf_leaf_10_clk/X                     10     12     -2 (VIOLATED)
clkbuf_leaf_17_clk/X                     10     12     -2 (VIOLATED)
clkbuf_leaf_20_clk/X                     10     12     -2 (VIOLATED)
clkbuf_leaf_2_clk/X                      10     12     -2 (VIOLATED)



===========================================================================
report_parasitic_annotation -report_unannotated
============================================================================
Found 18 unannotated drivers.
 characterization_top/HI
 characterization_top_214/HI
 clkload0/Y
 clkload1/X
 clkload10/X
 clkload11/X
 clkload12/X
 clkload13/X
 clkload14/Y
 clkload15/X
 clkload2/X
 clkload3/X
 clkload4/Y
 clkload5/X
 clkload6/Y
 clkload7/Y
 clkload8/X
 clkload9/X
Found 0 partially unannotated drivers.

===========================================================================
max slew violation count 0
max fanout violation count 17
max cap violation count 0
============================================================================

===========================================================================
check_setup -verbose -unconstrained_endpoints -multiple_clock -no_clock -no_input_delay -loops -generated_clocks
===========================================================================
