Startpoint: rst (input port clocked by clk)
Endpoint: _1728_ (removal check against rising-edge clock clk)
Path Group: asynchronous
Path Type: min

  Delay    Time   Description
---------------------------------------------------------
   0.00    0.00   clock clk (rise edge)
   0.00    0.00   clock network delay (propagated)
   2.00    2.00 v input external delay
   0.00    2.00 v rst (in)
   0.06    2.06 v input9/X (sky130_fd_sc_hd__buf_1)
   0.08    2.14 v max_cap212/X (sky130_fd_sc_hd__buf_2)
   0.03    2.16 ^ _1285_/Y (sky130_fd_sc_hd__inv_2)
   0.00    2.16 ^ _1728_/RESET_B (sky130_fd_sc_hd__dfrtp_2)
           2.16   data arrival time

   0.00    0.00   clock clk (rise edge)
   0.30    0.30   clock network delay (propagated)
   0.25    0.55   clock uncertainty
   0.00    0.55   clock reconvergence pessimism
           0.55 ^ _1728_/CLK (sky130_fd_sc_hd__dfrtp_2)
   0.20    0.75   library removal time
           0.75   data required time
---------------------------------------------------------
           0.75   data required time
          -2.16   data arrival time
---------------------------------------------------------
           1.42   slack (MET)


Startpoint: _1571_ (rising edge-triggered flip-flop clocked by clk)
Endpoint: _1726_ (rising edge-triggered flip-flop clocked by clk)
Path Group: clk
Path Type: min

  Delay    Time   Description
---------------------------------------------------------
   0.00    0.00   clock clk (rise edge)
   0.30    0.30   clock network delay (propagated)
   0.00    0.30 ^ _1571_/CLK (sky130_fd_sc_hd__dfrtp_2)
   0.23    0.53 ^ _1571_/Q (sky130_fd_sc_hd__dfrtp_2)
   0.03    0.56 v _0739_/Y (sky130_fd_sc_hd__nand2_2)
   0.02    0.58 ^ _0740_/Y (sky130_fd_sc_hd__inv_2)
   0.00    0.58 ^ _1726_/D (sky130_fd_sc_hd__dfrtp_2)
           0.58   data arrival time

   0.00    0.00   clock clk (rise edge)
   0.30    0.30   clock network delay (propagated)
   0.25    0.55   clock uncertainty
   0.00    0.55   clock reconvergence pessimism
           0.55 ^ _1726_/CLK (sky130_fd_sc_hd__dfrtp_2)
  -0.02    0.53   library hold time
           0.53   data required time
---------------------------------------------------------
           0.53   data required time
          -0.58   data arrival time
---------------------------------------------------------
           0.05   slack (MET)


