
===========================================================================
report_checks -path_delay max (Setup)
============================================================================
======================= nom_ff_n40C_1v95 Corner ===================================

Startpoint: enable (input port clocked by null)
Endpoint: ro_out (output port clocked by null)
Path Group: null
Path Type: max

Fanout         Cap        Slew       Delay        Time   Description
---------------------------------------------------------------------------------------------
                      0.000000    0.000000    0.000000   clock null (rise edge)
                                  0.000000    0.000000   clock network delay (ideal)
                                  2.000000    2.000000 v input external delay
     1    0.003359    0.005533    0.002778    2.002779 v enable (in)
                                                         enable (net)
                      0.005534    0.000000    2.002779 v input1/A (sky130_fd_sc_hd__clkdlybuf4s25_1)
     1    0.003202    0.029031    0.149184    2.151963 v input1/X (sky130_fd_sc_hd__clkdlybuf4s25_1)
                                                         net1 (net)
                      0.029031    0.000097    2.152060 v u_nand/A (sky130_fd_sc_hd__nand2_1)
     1    0.003030    0.029080    0.037362    2.189422 ^ u_nand/Y (sky130_fd_sc_hd__nand2_1)
                                                         n0 (net)
                      0.029080    0.000090    2.189512 ^ u_inv0/A (sky130_fd_sc_hd__inv_1)
     1    0.003067    0.015440    0.020473    2.209985 v u_inv0/Y (sky130_fd_sc_hd__inv_1)
                                                         n1 (net)
                      0.015441    0.000093    2.210078 v u_inv1/A (sky130_fd_sc_hd__inv_1)
     1    0.003027    0.025157    0.028665    2.238744 ^ u_inv1/Y (sky130_fd_sc_hd__inv_1)
                                                         n2 (net)
                      0.025157    0.000088    2.238832 ^ u_inv2/A (sky130_fd_sc_hd__inv_1)
     1    0.002993    0.014389    0.019638    2.258470 v u_inv2/Y (sky130_fd_sc_hd__inv_1)
                                                         n3 (net)
                      0.014389    0.000090    2.258560 v u_inv3/A (sky130_fd_sc_hd__inv_1)
     2    0.005119    0.037672    0.037461    2.296021 ^ u_inv3/Y (sky130_fd_sc_hd__inv_1)
                                                         n4 (net)
                      0.037672    0.000076    2.296097 ^ u_buf/A (sky130_fd_sc_hd__buf_2)
     1    0.002587    0.018476    0.059724    2.355821 ^ u_buf/X (sky130_fd_sc_hd__buf_2)
                                                         net2 (net)
                      0.018480    0.000050    2.355872 ^ output2/A (sky130_fd_sc_hd__clkdlybuf4s25_1)
     1    0.035570    0.269096    0.321138    2.677009 ^ output2/X (sky130_fd_sc_hd__clkdlybuf4s25_1)
                                                         ro_out (net)
                      0.269097    0.001037    2.678046 ^ ro_out (out)
                                              2.678046   data arrival time

                      0.000000   10.000000   10.000000   clock null (rise edge)
                                  0.000000   10.000000   clock network delay (ideal)
                                 -0.250000    9.750000   clock uncertainty
                                  0.000000    9.750000   clock reconvergence pessimism
                                 -2.000000    7.750000   output external delay
                                              7.750000   data required time
---------------------------------------------------------------------------------------------
                                              7.750000   data required time
                                             -2.678046   data arrival time
---------------------------------------------------------------------------------------------
                                              5.071954   slack (MET)



