Clock: clk
Sources: clk 
Generated: no
Virtual: yes
Propagated: no
Period: 10.000000

===========================================================================
report_clock_properties
============================================================================
Clock                   Period          Waveform
----------------------------------------------------
clk                  10.000000    0.000000  5.000000

===========================================================================
report_clock_latency
============================================================================
Clock clk
rise -> rise
    min     max
0.000000 0.000000 source latency
1.117239         network latency _1481_/CLK
        1.185963 network latency _1731_/CLK
---------------
1.117239 1.185963 latency
        0.068724 skew

fall -> fall
    min     max
0.000000 0.000000 source latency
1.032793         network latency _1481_/CLK
        1.082775 network latency _1731_/CLK
---------------
1.032793 1.082775 latency
        0.049983 skew



===========================================================================
report_clock_min_period
============================================================================
clk period_min = 7.31 fmax = 136.78
