Startpoint: rst (input port clocked by clk)
Endpoint: _1484_ (recovery check against rising-edge clock clk)
Path Group: asynchronous
Path Type: max

  Delay    Time   Description
---------------------------------------------------------
   0.00    0.00   clock clk (rise edge)
   0.00    0.00   clock network delay (propagated)
   2.00    2.00 v input external delay
   0.00    2.00 v rst (in)
   0.06    2.06 v input9/X (sky130_fd_sc_hd__buf_1)
   0.08    2.15 v max_cap212/X (sky130_fd_sc_hd__buf_2)
   0.19    2.34 v fanout210/X (sky130_fd_sc_hd__clkdlybuf4s25_1)
   0.25    2.59 v fanout180/X (sky130_fd_sc_hd__clkdlybuf4s25_1)
   0.31    2.90 v fanout179/X (sky130_fd_sc_hd__clkdlybuf4s25_1)
   0.28    3.19 v fanout177/X (sky130_fd_sc_hd__clkdlybuf4s25_1)
   0.14    3.33 v load_slew178/X (sky130_fd_sc_hd__buf_4)
   0.03    3.36 ^ _1311_/Y (sky130_fd_sc_hd__inv_2)
   0.00    3.36 ^ _1484_/RESET_B (sky130_fd_sc_hd__dfrtp_2)
           3.36   data arrival time

  10.00   10.00   clock clk (rise edge)
   0.31   10.31   clock network delay (propagated)
  -0.25   10.06   clock uncertainty
   0.00   10.06   clock reconvergence pessimism
          10.06 ^ _1484_/CLK (sky130_fd_sc_hd__dfrtp_2)
   0.14   10.21   library recovery time
          10.21   data required time
---------------------------------------------------------
          10.21   data required time
          -3.36   data arrival time
---------------------------------------------------------
           6.85   slack (MET)


Startpoint: start (input port clocked by clk)
Endpoint: _1709_ (rising edge-triggered flip-flop clocked by clk)
Path Group: clk
Path Type: max

  Delay    Time   Description
---------------------------------------------------------
   0.00    0.00   clock clk (rise edge)
   0.00    0.00   clock network delay (propagated)
   2.00    2.00 ^ input external delay
   0.00    2.00 ^ start (in)
   0.18    2.19 ^ input10/X (sky130_fd_sc_hd__clkdlybuf4s25_1)
   0.06    2.24 v _1075_/Y (sky130_fd_sc_hd__nand2b_2)
   0.14    2.39 v _1076_/X (sky130_fd_sc_hd__and2_2)
   0.09    2.48 v _1078_/X (sky130_fd_sc_hd__a21o_2)
   0.27    2.75 v fanout102/X (sky130_fd_sc_hd__clkdlybuf4s25_1)
   0.12    2.87 v _1113_/X (sky130_fd_sc_hd__a22o_2)
   0.37    3.24 v hold357/X (sky130_fd_sc_hd__dlygate4sd3_1)
   0.00    3.24 v _1709_/D (sky130_fd_sc_hd__dfrtp_2)
           3.24   data arrival time

  10.00   10.00   clock clk (rise edge)
   0.31   10.31   clock network delay (propagated)
  -0.25   10.06   clock uncertainty
   0.00   10.06   clock reconvergence pessimism
          10.06 ^ _1709_/CLK (sky130_fd_sc_hd__dfrtp_2)
  -0.06   10.00   library setup time
          10.00   data required time
---------------------------------------------------------
          10.00   data required time
          -3.24   data arrival time
---------------------------------------------------------
           6.76   slack (MET)


