
===========================================================================
report_checks -unconstrained
===========================================================================
======================= min_tt_025C_1v80 Corner ===================================

Startpoint: in (input port clocked by null)
Endpoint: out (output port clocked by null)
Path Group: null
Path Type: max

Fanout         Cap        Slew       Delay        Time   Description
---------------------------------------------------------------------------------------------
                      0.000000    0.000000    0.000000   clock null (rise edge)
                                  0.000000    0.000000   clock network delay (ideal)
                                  2.000000    2.000000 v input external delay
     1    0.006557    0.016985    0.010612    2.010612 v in (in)
                                                         in (net)
                      0.016985    0.000000    2.010612 v u0/A (sky130_fd_sc_hd__buf_2)
     1    0.001915    0.021496    0.098469    2.109081 v u0/X (sky130_fd_sc_hd__buf_2)
                                                         n0 (net)
                      0.021496    0.000010    2.109090 v u1/A (sky130_fd_sc_hd__buf_2)
     1    0.001915    0.021496    0.100289    2.209379 v u1/X (sky130_fd_sc_hd__buf_2)
                                                         n1 (net)
                      0.021496    0.000010    2.209389 v u2/A (sky130_fd_sc_hd__buf_2)
     1    0.001983    0.021643    0.100533    2.309922 v u2/X (sky130_fd_sc_hd__buf_2)
                                                         n2 (net)
                      0.021643    0.000018    2.309940 v u3/A (sky130_fd_sc_hd__buf_2)
     1    0.001948    0.021568    0.100469    2.410408 v u3/X (sky130_fd_sc_hd__buf_2)
                                                         n3 (net)
                      0.021568    0.000010    2.410418 v u4/A (sky130_fd_sc_hd__buf_2)
     1    0.001915    0.021496    0.100318    2.510736 v u4/X (sky130_fd_sc_hd__buf_2)
                                                         n4 (net)
                      0.021496    0.000010    2.510745 v u5/A (sky130_fd_sc_hd__buf_2)
     1    0.001915    0.021496    0.100289    2.611034 v u5/X (sky130_fd_sc_hd__buf_2)
                                                         n5 (net)
                      0.021496    0.000010    2.611044 v u6/A (sky130_fd_sc_hd__buf_2)
     1    0.001869    0.021397    0.100122    2.711166 v u6/X (sky130_fd_sc_hd__buf_2)
                                                         n6 (net)
                      0.021397    0.000009    2.711175 v u7/A (sky130_fd_sc_hd__buf_2)
     1    0.001915    0.021496    0.100249    2.811424 v u7/X (sky130_fd_sc_hd__buf_2)
                                                         n7 (net)
                      0.021496    0.000010    2.811433 v u8/A (sky130_fd_sc_hd__buf_2)
     1    0.005161    0.028854    0.111116    2.922549 v u8/X (sky130_fd_sc_hd__buf_2)
                                                         net1 (net)
                      0.028863    0.000110    2.922659 v output1/A (sky130_fd_sc_hd__clkdlybuf4s25_1)
     1    0.034248    0.254849    0.407685    3.330344 v output1/X (sky130_fd_sc_hd__clkdlybuf4s25_1)
                                                         out (net)
                      0.254849    0.000212    3.330556 v out (out)
                                              3.330556   data arrival time

                      0.000000   10.000000   10.000000   clock null (rise edge)
                                  0.000000   10.000000   clock network delay (ideal)
                                 -0.250000    9.750000   clock uncertainty
                                  0.000000    9.750000   clock reconvergence pessimism
                                 -2.000000    7.750000   output external delay
                                              7.750000   data required time
---------------------------------------------------------------------------------------------
                                              7.750000   data required time
                                             -3.330556   data arrival time
---------------------------------------------------------------------------------------------
                                              4.419444   slack (MET)




===========================================================================
report_checks --slack_max -0.01
============================================================================
======================= min_tt_025C_1v80 Corner ===================================

No paths found.


===========================================================================
 report_check_types -max_slew -max_cap -max_fanout -violators
============================================================================
======================= min_tt_025C_1v80 Corner ===================================



===========================================================================
report_parasitic_annotation -report_unannotated
============================================================================
Found 0 unannotated drivers.
Found 0 partially unannotated drivers.

===========================================================================
max slew violation count 0
max fanout violation count 0
max cap violation count 0
============================================================================

===========================================================================
check_setup -verbose -unconstrained_endpoints -multiple_clock -no_clock -no_input_delay -loops -generated_clocks
===========================================================================
