+ define_corners min_tt_025C_1v80
Reading timing models for corner min_tt_025C_1v80…
Reading cell library for the 'min_tt_025C_1v80' corner at '/foss/pdks/sky130A/libs.ref/sky130_fd_sc_hd/lib/sky130_fd_sc_hd__tt_025C_1v80.lib'…
Reading top-level netlist at '/foss/designs/sky130_characterization/openlane/delay_chain_physical_top/runs/RUN_2026-07-07_15-42-53/52-openroad-fillinsertion/delay_chain_physical_top.nl.v'…
Linking design 'delay_chain_physical_top' from netlist…
Warning: /foss/designs/sky130_characterization/openlane/delay_chain_physical_top/runs/RUN_2026-07-07_15-42-53/52-openroad-fillinsertion/delay_chain_physical_top.nl.v line 50, module sky130_fd_sc_hd__fill_1 not found. Creating black box for FILLER_0_27.
Warning: /foss/designs/sky130_characterization/openlane/delay_chain_physical_top/runs/RUN_2026-07-07_15-42-53/52-openroad-fillinsertion/delay_chain_physical_top.nl.v line 186, module sky130_fd_sc_hd__fill_2 not found. Creating black box for FILLER_11_54.
Warning: /foss/designs/sky130_characterization/openlane/delay_chain_physical_top/runs/RUN_2026-07-07_15-42-53/52-openroad-fillinsertion/delay_chain_physical_top.nl.v line 1833, module sky130_fd_sc_hd__tapvpwrvgnd_1 not found. Creating black box for TAP_TAPCELL_ROW_0_56.
Reading design constraints file at '/usr/local/lib/python3.12/dist-packages/librelane/scripts/base.sdc'…
Warning: base.sdc line 15, port 'null' not found.
[INFO] Using clock null…
[INFO] Setting output delay to: 2
[INFO] Setting input delay to: 2
Warning: base.sdc line 32, port 'null' not found.
[INFO] Setting load to: 0.033442
[INFO] Setting clock uncertainty to: 0.25
[INFO] Setting clock transition to: 0.1499999999999999944488848768742172978818416595458984375
Warning: base.sdc line 69, transition time can not be specified for virtual clocks.
[INFO] Setting timing derate to: 5%
Warning: base.sdc line 79, virtual clock null can not be propagated.
Reading top-level design parasitics for the 'min_tt_025C_1v80' corner at '/foss/designs/sky130_characterization/openlane/delay_chain_physical_top/runs/RUN_2026-07-07_15-42-53/54-openroad-rcx/min/delay_chain_physical_top.min.spef'…
%OL_CREATE_REPORT min.rpt

===========================================================================
report_checks -path_delay min (Hold)
============================================================================
======================= min_tt_025C_1v80 Corner ===================================

Startpoint: in (input port clocked by null)
Endpoint: out (output port clocked by null)
Path Group: null
Path Type: min

Fanout         Cap        Slew       Delay        Time   Description
---------------------------------------------------------------------------------------------
                      0.000000    0.000000    0.000000   clock null (rise edge)
                                  0.000000    0.000000   clock network delay (ideal)
                                  2.000000    2.000000 ^ input external delay
     1    0.006717    0.036832    0.023383    2.023383 ^ in (in)
                                                         in (net)
                      0.036832    0.000000    2.023383 ^ u0/A (sky130_fd_sc_hd__buf_2)
     1    0.002075    0.023910    0.084448    2.107831 ^ u0/X (sky130_fd_sc_hd__buf_2)
                                                         n0 (net)
                      0.023910    0.000010    2.107841 ^ u1/A (sky130_fd_sc_hd__buf_2)
     1    0.002075    0.023936    0.079608    2.187449 ^ u1/X (sky130_fd_sc_hd__buf_2)
                                                         n1 (net)
                      0.023936    0.000010    2.187460 ^ u2/A (sky130_fd_sc_hd__buf_2)
     1    0.002143    0.024207    0.079905    2.267364 ^ u2/X (sky130_fd_sc_hd__buf_2)
                                                         n2 (net)
                      0.024207    0.000019    2.267384 ^ u3/A (sky130_fd_sc_hd__buf_2)
     1    0.002108    0.024068    0.079861    2.347244 ^ u3/X (sky130_fd_sc_hd__buf_2)
                                                         n3 (net)
                      0.024068    0.000011    2.347255 ^ u4/A (sky130_fd_sc_hd__buf_2)
     1    0.002075    0.023936    0.079668    2.426923 ^ u4/X (sky130_fd_sc_hd__buf_2)
                                                         n4 (net)
                      0.023936    0.000010    2.426933 ^ u5/A (sky130_fd_sc_hd__buf_2)
     1    0.002075    0.023936    0.079618    2.506551 ^ u5/X (sky130_fd_sc_hd__buf_2)
                                                         n5 (net)
                      0.023936    0.000010    2.506561 ^ u6/A (sky130_fd_sc_hd__buf_2)
     1    0.002029    0.023753    0.079423    2.585984 ^ u6/X (sky130_fd_sc_hd__buf_2)
                                                         n6 (net)
                      0.023753    0.000010    2.585994 ^ u7/A (sky130_fd_sc_hd__buf_2)
     1    0.002075    0.023936    0.079550    2.665543 ^ u7/X (sky130_fd_sc_hd__buf_2)
                                                         n7 (net)
                      0.023936    0.000010    2.665553 ^ u8/A (sky130_fd_sc_hd__buf_2)
     1    0.005386    0.037784    0.092947    2.758500 ^ u8/X (sky130_fd_sc_hd__buf_2)
                                                         net1 (net)
                      0.037784    0.000117    2.758617 ^ output1/A (sky130_fd_sc_hd__clkdlybuf4s25_1)
     1    0.034248    0.345891    0.456934    3.215551 ^ output1/X (sky130_fd_sc_hd__clkdlybuf4s25_1)
                                                         out (net)
                      0.345891    0.000212    3.215763 ^ out (out)
                                              3.215763   data arrival time

                      0.000000    0.000000    0.000000   clock null (rise edge)
                                  0.000000    0.000000   clock network delay (ideal)
                                  0.250000    0.250000   clock uncertainty
                                  0.000000    0.250000   clock reconvergence pessimism
                                 -2.000000   -1.750000   output external delay
                                             -1.750000   data required time
---------------------------------------------------------------------------------------------
                                             -1.750000   data required time
                                             -3.215763   data arrival time
---------------------------------------------------------------------------------------------
                                              4.965763   slack (MET)



%OL_END_REPORT
%OL_CREATE_REPORT max.rpt

===========================================================================
report_checks -path_delay max (Setup)
============================================================================
======================= min_tt_025C_1v80 Corner ===================================

Startpoint: in (input port clocked by null)
Endpoint: out (output port clocked by null)
Path Group: null
Path Type: max

Fanout         Cap        Slew       Delay        Time   Description
---------------------------------------------------------------------------------------------
                      0.000000    0.000000    0.000000   clock null (rise edge)
                                  0.000000    0.000000   clock network delay (ideal)
                                  2.000000    2.000000 v input external delay
     1    0.006557    0.016985    0.010612    2.010612 v in (in)
                                                         in (net)
                      0.016985    0.000000    2.010612 v u0/A (sky130_fd_sc_hd__buf_2)
     1    0.001915    0.021496    0.098469    2.109081 v u0/X (sky130_fd_sc_hd__buf_2)
                                                         n0 (net)
                      0.021496    0.000010    2.109090 v u1/A (sky130_fd_sc_hd__buf_2)
     1    0.001915    0.021496    0.100289    2.209379 v u1/X (sky130_fd_sc_hd__buf_2)
                                                         n1 (net)
                      0.021496    0.000010    2.209389 v u2/A (sky130_fd_sc_hd__buf_2)
     1    0.001983    0.021643    0.100533    2.309922 v u2/X (sky130_fd_sc_hd__buf_2)
                                                         n2 (net)
                      0.021643    0.000018    2.309940 v u3/A (sky130_fd_sc_hd__buf_2)
     1    0.001948    0.021568    0.100469    2.410408 v u3/X (sky130_fd_sc_hd__buf_2)
                                                         n3 (net)
                      0.021568    0.000010    2.410418 v u4/A (sky130_fd_sc_hd__buf_2)
     1    0.001915    0.021496    0.100318    2.510736 v u4/X (sky130_fd_sc_hd__buf_2)
                                                         n4 (net)
                      0.021496    0.000010    2.510745 v u5/A (sky130_fd_sc_hd__buf_2)
     1    0.001915    0.021496    0.100289    2.611034 v u5/X (sky130_fd_sc_hd__buf_2)
                                                         n5 (net)
                      0.021496    0.000010    2.611044 v u6/A (sky130_fd_sc_hd__buf_2)
     1    0.001869    0.021397    0.100122    2.711166 v u6/X (sky130_fd_sc_hd__buf_2)
                                                         n6 (net)
                      0.021397    0.000009    2.711175 v u7/A (sky130_fd_sc_hd__buf_2)
     1    0.001915    0.021496    0.100249    2.811424 v u7/X (sky130_fd_sc_hd__buf_2)
                                                         n7 (net)
                      0.021496    0.000010    2.811433 v u8/A (sky130_fd_sc_hd__buf_2)
     1    0.005161    0.028854    0.111116    2.922549 v u8/X (sky130_fd_sc_hd__buf_2)
                                                         net1 (net)
                      0.028863    0.000110    2.922659 v output1/A (sky130_fd_sc_hd__clkdlybuf4s25_1)
     1    0.034248    0.254849    0.407685    3.330344 v output1/X (sky130_fd_sc_hd__clkdlybuf4s25_1)
                                                         out (net)
                      0.254849    0.000212    3.330556 v out (out)
                                              3.330556   data arrival time

                      0.000000   10.000000   10.000000   clock null (rise edge)
                                  0.000000   10.000000   clock network delay (ideal)
                                 -0.250000    9.750000   clock uncertainty
                                  0.000000    9.750000   clock reconvergence pessimism
                                 -2.000000    7.750000   output external delay
                                              7.750000   data required time
---------------------------------------------------------------------------------------------
                                              7.750000   data required time
                                             -3.330556   data arrival time
---------------------------------------------------------------------------------------------
                                              4.419444   slack (MET)



%OL_END_REPORT
%OL_CREATE_REPORT checks.rpt

===========================================================================
report_checks -unconstrained
===========================================================================
======================= min_tt_025C_1v80 Corner ===================================

Startpoint: in (input port clocked by null)
Endpoint: out (output port clocked by null)
Path Group: null
Path Type: max

Fanout         Cap        Slew       Delay        Time   Description
---------------------------------------------------------------------------------------------
                      0.000000    0.000000    0.000000   clock null (rise edge)
                                  0.000000    0.000000   clock network delay (ideal)
                                  2.000000    2.000000 v input external delay
     1    0.006557    0.016985    0.010612    2.010612 v in (in)
                                                         in (net)
                      0.016985    0.000000    2.010612 v u0/A (sky130_fd_sc_hd__buf_2)
     1    0.001915    0.021496    0.098469    2.109081 v u0/X (sky130_fd_sc_hd__buf_2)
                                                         n0 (net)
                      0.021496    0.000010    2.109090 v u1/A (sky130_fd_sc_hd__buf_2)
     1    0.001915    0.021496    0.100289    2.209379 v u1/X (sky130_fd_sc_hd__buf_2)
                                                         n1 (net)
                      0.021496    0.000010    2.209389 v u2/A (sky130_fd_sc_hd__buf_2)
     1    0.001983    0.021643    0.100533    2.309922 v u2/X (sky130_fd_sc_hd__buf_2)
                                                         n2 (net)
                      0.021643    0.000018    2.309940 v u3/A (sky130_fd_sc_hd__buf_2)
     1    0.001948    0.021568    0.100469    2.410408 v u3/X (sky130_fd_sc_hd__buf_2)
                                                         n3 (net)
                      0.021568    0.000010    2.410418 v u4/A (sky130_fd_sc_hd__buf_2)
     1    0.001915    0.021496    0.100318    2.510736 v u4/X (sky130_fd_sc_hd__buf_2)
                                                         n4 (net)
                      0.021496    0.000010    2.510745 v u5/A (sky130_fd_sc_hd__buf_2)
     1    0.001915    0.021496    0.100289    2.611034 v u5/X (sky130_fd_sc_hd__buf_2)
                                                         n5 (net)
                      0.021496    0.000010    2.611044 v u6/A (sky130_fd_sc_hd__buf_2)
     1    0.001869    0.021397    0.100122    2.711166 v u6/X (sky130_fd_sc_hd__buf_2)
                                                         n6 (net)
                      0.021397    0.000009    2.711175 v u7/A (sky130_fd_sc_hd__buf_2)
     1    0.001915    0.021496    0.100249    2.811424 v u7/X (sky130_fd_sc_hd__buf_2)
                                                         n7 (net)
                      0.021496    0.000010    2.811433 v u8/A (sky130_fd_sc_hd__buf_2)
     1    0.005161    0.028854    0.111116    2.922549 v u8/X (sky130_fd_sc_hd__buf_2)
                                                         net1 (net)
                      0.028863    0.000110    2.922659 v output1/A (sky130_fd_sc_hd__clkdlybuf4s25_1)
     1    0.034248    0.254849    0.407685    3.330344 v output1/X (sky130_fd_sc_hd__clkdlybuf4s25_1)
                                                         out (net)
                      0.254849    0.000212    3.330556 v out (out)
                                              3.330556   data arrival time

                      0.000000   10.000000   10.000000   clock null (rise edge)
                                  0.000000   10.000000   clock network delay (ideal)
                                 -0.250000    9.750000   clock uncertainty
                                  0.000000    9.750000   clock reconvergence pessimism
                                 -2.000000    7.750000   output external delay
                                              7.750000   data required time
---------------------------------------------------------------------------------------------
                                              7.750000   data required time
                                             -3.330556   data arrival time
---------------------------------------------------------------------------------------------
                                              4.419444   slack (MET)




===========================================================================
report_checks --slack_max -0.01
============================================================================
======================= min_tt_025C_1v80 Corner ===================================

No paths found.


===========================================================================
 report_check_types -max_slew -max_cap -max_fanout -violators
============================================================================
======================= min_tt_025C_1v80 Corner ===================================



===========================================================================
report_parasitic_annotation -report_unannotated
============================================================================
Found 0 unannotated drivers.
Found 0 partially unannotated drivers.

===========================================================================
max slew violation count 0
%OL_METRIC_I design__max_slew_violation__count__corner:min_tt_025C_1v80 0
max fanout violation count 0
%OL_METRIC_I design__max_fanout_violation__count__corner:min_tt_025C_1v80 0
max cap violation count 0
%OL_METRIC_I design__max_cap_violation__count__corner:min_tt_025C_1v80 0
============================================================================

===========================================================================
check_setup -verbose -unconstrained_endpoints -multiple_clock -no_clock -no_input_delay -loops -generated_clocks
===========================================================================
%OL_END_REPORT
%OL_CREATE_REPORT power.rpt

===========================================================================
 report_power
============================================================================
======================= min_tt_025C_1v80 Corner ===================================

Group                    Internal    Switching      Leakage        Total
                            Power        Power        Power        Power (Watts)
------------------------------------------------------------------------
Sequential           0.000000e+00 0.000000e+00 0.000000e+00 0.000000e+00   0.0%
Combinational        1.442400e-06 9.118876e-07 3.917670e-11 2.354327e-06  99.8%
Clock                0.000000e+00 0.000000e+00 5.563196e-09 5.563196e-09   0.2%
Macro                0.000000e+00 0.000000e+00 0.000000e+00 0.000000e+00   0.0%
Pad                  0.000000e+00 0.000000e+00 0.000000e+00 0.000000e+00   0.0%
------------------------------------------------------------------------
Total                1.442400e-06 9.118876e-07 5.602373e-09 2.359890e-06 100.0%
                            61.1%        38.6%         0.2%
%OL_METRIC_F power__internal__total 1.442400275664113e-6
%OL_METRIC_F power__switching__total 9.118875823332928e-7
%OL_METRIC_F power__leakage__total 5.602372787905097e-9
%OL_METRIC_F power__total 2.3598902316734893e-6

%OL_END_REPORT
%OL_CREATE_REPORT skew.min.rpt

===========================================================================
Clock Skew (Hold)
============================================================================
%OL_METRIC_F clock__skew__worst_hold__corner:min_tt_025C_1v80 0.0
======================= min_tt_025C_1v80 Corner ===================================

Clock null
No launch/capture paths found.

%OL_END_REPORT
%OL_CREATE_REPORT skew.max.rpt

===========================================================================
Clock Skew (Setup)
============================================================================
%OL_METRIC_F clock__skew__worst_setup__corner:min_tt_025C_1v80 0.0
======================= min_tt_025C_1v80 Corner ===================================

Clock null
No launch/capture paths found.

%OL_END_REPORT
%OL_CREATE_REPORT ws.min.rpt

===========================================================================
Worst Slack (Hold)
============================================================================
%OL_METRIC_F timing__hold__ws__corner:min_tt_025C_1v80 4.965763052420625
min_tt_025C_1v80: 4.965763052420625
%OL_END_REPORT
%OL_CREATE_REPORT ws.max.rpt

===========================================================================
Worst Slack (Setup)
============================================================================
%OL_METRIC_F timing__setup__ws__corner:min_tt_025C_1v80 4.419443602833689
min_tt_025C_1v80: 4.419443602833689
%OL_END_REPORT
%OL_CREATE_REPORT tns.min.rpt

===========================================================================
Total Negative Slack (Hold)
============================================================================
%OL_METRIC_F timing__hold__tns__corner:min_tt_025C_1v80 0.0
min_tt_025C_1v80: 0.0
%OL_END_REPORT
%OL_CREATE_REPORT tns.max.rpt

===========================================================================
Total Negative Slack (Setup)
============================================================================
%OL_METRIC_F timing__setup__tns__corner:min_tt_025C_1v80 0.0
min_tt_025C_1v80: 0.0
%OL_END_REPORT
%OL_CREATE_REPORT wns.min.rpt

===========================================================================
Worst Negative Slack (Hold)
============================================================================
%OL_METRIC_F timing__hold__wns__corner:min_tt_025C_1v80 0
min_tt_025C_1v80: 0
%OL_END_REPORT
%OL_CREATE_REPORT wns.max.rpt

===========================================================================
Worst Negative Slack (Setup)
============================================================================
%OL_METRIC_F timing__setup__wns__corner:min_tt_025C_1v80 0.0
min_tt_025C_1v80: 0.0
%OL_END_REPORT
%OL_CREATE_REPORT violator_list.rpt

===========================================================================
Violator List
============================================================================
%OL_METRIC_I timing__hold_vio__count__corner:min_tt_025C_1v80 0
%OL_METRIC_F timing__hold_r2r__ws__corner:min_tt_025C_1v80 inf
%OL_METRIC_I timing__hold_r2r_vio__count__corner:min_tt_025C_1v80 0
%OL_METRIC_I timing__setup_vio__count__corner:min_tt_025C_1v80 0
%OL_METRIC_F timing__setup_r2r__ws__corner:min_tt_025C_1v80 inf
%OL_METRIC_I timing__setup_r2r_vio__count__corner:min_tt_025C_1v80 0
%OL_END_REPORT
%OL_CREATE_REPORT unpropagated.rpt
null
%OL_END_REPORT
%OL_CREATE_REPORT clock.rpt
Clock: null
Sources: 
Generated: no
Virtual: yes
Propagated: no
Period: 10.000000

===========================================================================
report_clock_properties
============================================================================
Clock                   Period          Waveform
----------------------------------------------------
null                 10.000000    0.000000  5.000000

===========================================================================
report_clock_latency
============================================================================
Clock null


===========================================================================
report_clock_min_period
============================================================================
null period_min = 0.00 fmax = inf
%OL_END_REPORT
Writing SDF files for all corners…
Removing Clock latencies before writing libs…
Writing timing models for all corners…
Writing timing models for the min_tt_025C_1v80 corner to /foss/designs/sky130_characterization/openlane/delay_chain_physical_top/runs/RUN_2026-07-07_15-42-53/55-openroad-stapostpnr/min_tt_025C_1v80/delay_chain_physical_top__min_tt_025C_1v80.lib…
