
===========================================================================
report_checks -path_delay min (Hold)
============================================================================
======================= max_ss_100C_1v60 Corner ===================================

Startpoint: in (input port clocked by null)
Endpoint: out (output port clocked by null)
Path Group: null
Path Type: min

Fanout         Cap        Slew       Delay        Time   Description
---------------------------------------------------------------------------------------------
                      0.000000    0.000000    0.000000   clock null (rise edge)
                                  0.000000    0.000000   clock network delay (ideal)
                                  2.000000    2.000000 ^ input external delay
     1    0.007741    0.065734    0.041317    2.041317 ^ in (in)
                                                         in (net)
                      0.065735    0.000000    2.041317 ^ u0/A (sky130_fd_sc_hd__buf_2)
     1    0.002054    0.041201    0.160799    2.202116 ^ u0/X (sky130_fd_sc_hd__buf_2)
                                                         n0 (net)
                      0.041201    0.000093    2.202209 ^ u1/A (sky130_fd_sc_hd__buf_2)
     1    0.002054    0.041324    0.149251    2.351460 ^ u1/X (sky130_fd_sc_hd__buf_2)
                                                         n1 (net)
                      0.041324    0.000093    2.351553 ^ u2/A (sky130_fd_sc_hd__buf_2)
     1    0.002162    0.042010    0.150055    2.501608 ^ u2/X (sky130_fd_sc_hd__buf_2)
                                                         n2 (net)
                      0.042010    0.000155    2.501763 ^ u3/A (sky130_fd_sc_hd__buf_2)
     1    0.002093    0.041565    0.149904    2.651667 ^ u3/X (sky130_fd_sc_hd__buf_2)
                                                         n3 (net)
                      0.041565    0.000094    2.651762 ^ u4/A (sky130_fd_sc_hd__buf_2)
     1    0.002054    0.041322    0.149422    2.801184 ^ u4/X (sky130_fd_sc_hd__buf_2)
                                                         n4 (net)
                      0.041322    0.000093    2.801277 ^ u5/A (sky130_fd_sc_hd__buf_2)
     1    0.002054    0.041323    0.149308    2.950584 ^ u5/X (sky130_fd_sc_hd__buf_2)
                                                         n5 (net)
                      0.041323    0.000093    2.950677 ^ u6/A (sky130_fd_sc_hd__buf_2)
     1    0.002003    0.040998    0.148946    3.099623 ^ u6/X (sky130_fd_sc_hd__buf_2)
                                                         n6 (net)
                      0.040998    0.000091    3.099715 ^ u7/A (sky130_fd_sc_hd__buf_2)
     1    0.002054    0.041325    0.149155    3.248870 ^ u7/X (sky130_fd_sc_hd__buf_2)
                                                         n7 (net)
                      0.041325    0.000093    3.248963 ^ u8/A (sky130_fd_sc_hd__buf_2)
     1    0.005757    0.065876    0.175014    3.423976 ^ u8/X (sky130_fd_sc_hd__buf_2)
                                                         net1 (net)
                      0.065878    0.000453    3.424430 ^ output1/A (sky130_fd_sc_hd__clkdlybuf4s25_1)
     1    0.034356    0.554677    0.809861    4.234291 ^ output1/X (sky130_fd_sc_hd__clkdlybuf4s25_1)
                                                         out (net)
                      0.554677    0.001664    4.235954 ^ out (out)
                                              4.235954   data arrival time

                      0.000000    0.000000    0.000000   clock null (rise edge)
                                  0.000000    0.000000   clock network delay (ideal)
                                  0.250000    0.250000   clock uncertainty
                                  0.000000    0.250000   clock reconvergence pessimism
                                 -2.000000   -1.750000   output external delay
                                             -1.750000   data required time
---------------------------------------------------------------------------------------------
                                             -1.750000   data required time
                                             -4.235954   data arrival time
---------------------------------------------------------------------------------------------
                                              5.985954   slack (MET)



