+ define_corners max_ss_100C_1v60
Reading timing models for corner max_ss_100C_1v60…
Reading cell library for the 'max_ss_100C_1v60' corner at '/foss/pdks/sky130A/libs.ref/sky130_fd_sc_hd/lib/sky130_fd_sc_hd__ss_100C_1v60.lib'…
Reading top-level netlist at '/foss/designs/sky130_characterization/openlane/delay_chain_physical_top/runs/RUN_2026-07-07_15-42-53/52-openroad-fillinsertion/delay_chain_physical_top.nl.v'…
Linking design 'delay_chain_physical_top' from netlist…
Warning: /foss/designs/sky130_characterization/openlane/delay_chain_physical_top/runs/RUN_2026-07-07_15-42-53/52-openroad-fillinsertion/delay_chain_physical_top.nl.v line 50, module sky130_fd_sc_hd__fill_1 not found. Creating black box for FILLER_0_27.
Warning: /foss/designs/sky130_characterization/openlane/delay_chain_physical_top/runs/RUN_2026-07-07_15-42-53/52-openroad-fillinsertion/delay_chain_physical_top.nl.v line 186, module sky130_fd_sc_hd__fill_2 not found. Creating black box for FILLER_11_54.
Warning: /foss/designs/sky130_characterization/openlane/delay_chain_physical_top/runs/RUN_2026-07-07_15-42-53/52-openroad-fillinsertion/delay_chain_physical_top.nl.v line 1833, module sky130_fd_sc_hd__tapvpwrvgnd_1 not found. Creating black box for TAP_TAPCELL_ROW_0_56.
Reading design constraints file at '/usr/local/lib/python3.12/dist-packages/librelane/scripts/base.sdc'…
Warning: base.sdc line 15, port 'null' not found.
[INFO] Using clock null…
[INFO] Setting output delay to: 2
[INFO] Setting input delay to: 2
Warning: base.sdc line 32, port 'null' not found.
[INFO] Setting load to: 0.033442
[INFO] Setting clock uncertainty to: 0.25
[INFO] Setting clock transition to: 0.1499999999999999944488848768742172978818416595458984375
Warning: base.sdc line 69, transition time can not be specified for virtual clocks.
[INFO] Setting timing derate to: 5%
Warning: base.sdc line 79, virtual clock null can not be propagated.
Reading top-level design parasitics for the 'max_ss_100C_1v60' corner at '/foss/designs/sky130_characterization/openlane/delay_chain_physical_top/runs/RUN_2026-07-07_15-42-53/54-openroad-rcx/max/delay_chain_physical_top.max.spef'…
%OL_CREATE_REPORT min.rpt

===========================================================================
report_checks -path_delay min (Hold)
============================================================================
======================= max_ss_100C_1v60 Corner ===================================

Startpoint: in (input port clocked by null)
Endpoint: out (output port clocked by null)
Path Group: null
Path Type: min

Fanout         Cap        Slew       Delay        Time   Description
---------------------------------------------------------------------------------------------
                      0.000000    0.000000    0.000000   clock null (rise edge)
                                  0.000000    0.000000   clock network delay (ideal)
                                  2.000000    2.000000 ^ input external delay
     1    0.007741    0.065734    0.041317    2.041317 ^ in (in)
                                                         in (net)
                      0.065735    0.000000    2.041317 ^ u0/A (sky130_fd_sc_hd__buf_2)
     1    0.002054    0.041201    0.160799    2.202116 ^ u0/X (sky130_fd_sc_hd__buf_2)
                                                         n0 (net)
                      0.041201    0.000093    2.202209 ^ u1/A (sky130_fd_sc_hd__buf_2)
     1    0.002054    0.041324    0.149251    2.351460 ^ u1/X (sky130_fd_sc_hd__buf_2)
                                                         n1 (net)
                      0.041324    0.000093    2.351553 ^ u2/A (sky130_fd_sc_hd__buf_2)
     1    0.002162    0.042010    0.150055    2.501608 ^ u2/X (sky130_fd_sc_hd__buf_2)
                                                         n2 (net)
                      0.042010    0.000155    2.501763 ^ u3/A (sky130_fd_sc_hd__buf_2)
     1    0.002093    0.041565    0.149904    2.651667 ^ u3/X (sky130_fd_sc_hd__buf_2)
                                                         n3 (net)
                      0.041565    0.000094    2.651762 ^ u4/A (sky130_fd_sc_hd__buf_2)
     1    0.002054    0.041322    0.149422    2.801184 ^ u4/X (sky130_fd_sc_hd__buf_2)
                                                         n4 (net)
                      0.041322    0.000093    2.801277 ^ u5/A (sky130_fd_sc_hd__buf_2)
     1    0.002054    0.041323    0.149308    2.950584 ^ u5/X (sky130_fd_sc_hd__buf_2)
                                                         n5 (net)
                      0.041323    0.000093    2.950677 ^ u6/A (sky130_fd_sc_hd__buf_2)
     1    0.002003    0.040998    0.148946    3.099623 ^ u6/X (sky130_fd_sc_hd__buf_2)
                                                         n6 (net)
                      0.040998    0.000091    3.099715 ^ u7/A (sky130_fd_sc_hd__buf_2)
     1    0.002054    0.041325    0.149155    3.248870 ^ u7/X (sky130_fd_sc_hd__buf_2)
                                                         n7 (net)
                      0.041325    0.000093    3.248963 ^ u8/A (sky130_fd_sc_hd__buf_2)
     1    0.005757    0.065876    0.175014    3.423976 ^ u8/X (sky130_fd_sc_hd__buf_2)
                                                         net1 (net)
                      0.065878    0.000453    3.424430 ^ output1/A (sky130_fd_sc_hd__clkdlybuf4s25_1)
     1    0.034356    0.554677    0.809861    4.234291 ^ output1/X (sky130_fd_sc_hd__clkdlybuf4s25_1)
                                                         out (net)
                      0.554677    0.001664    4.235954 ^ out (out)
                                              4.235954   data arrival time

                      0.000000    0.000000    0.000000   clock null (rise edge)
                                  0.000000    0.000000   clock network delay (ideal)
                                  0.250000    0.250000   clock uncertainty
                                  0.000000    0.250000   clock reconvergence pessimism
                                 -2.000000   -1.750000   output external delay
                                             -1.750000   data required time
---------------------------------------------------------------------------------------------
                                             -1.750000   data required time
                                             -4.235954   data arrival time
---------------------------------------------------------------------------------------------
                                              5.985954   slack (MET)



%OL_END_REPORT
%OL_CREATE_REPORT max.rpt

===========================================================================
report_checks -path_delay max (Setup)
============================================================================
======================= max_ss_100C_1v60 Corner ===================================

Startpoint: in (input port clocked by null)
Endpoint: out (output port clocked by null)
Path Group: null
Path Type: max

Fanout         Cap        Slew       Delay        Time   Description
---------------------------------------------------------------------------------------------
                      0.000000    0.000000    0.000000   clock null (rise edge)
                                  0.000000    0.000000   clock network delay (ideal)
                                  2.000000    2.000000 v input external delay
     1    0.007613    0.037621    0.024250    2.024250 v in (in)
                                                         in (net)
                      0.037624    0.000000    2.024250 v u0/A (sky130_fd_sc_hd__buf_2)
     1    0.001926    0.040119    0.203062    2.227312 v u0/X (sky130_fd_sc_hd__buf_2)
                                                         n0 (net)
                      0.040119    0.000087    2.227399 v u1/A (sky130_fd_sc_hd__buf_2)
     1    0.001926    0.040116    0.204207    2.431605 v u1/X (sky130_fd_sc_hd__buf_2)
                                                         n1 (net)
                      0.040116    0.000087    2.431692 v u2/A (sky130_fd_sc_hd__buf_2)
     1    0.002034    0.040548    0.204865    2.636558 v u2/X (sky130_fd_sc_hd__buf_2)
                                                         n2 (net)
                      0.040548    0.000145    2.636702 v u3/A (sky130_fd_sc_hd__buf_2)
     1    0.001965    0.040269    0.204644    2.841347 v u3/X (sky130_fd_sc_hd__buf_2)
                                                         n3 (net)
                      0.040269    0.000088    2.841434 v u4/A (sky130_fd_sc_hd__buf_2)
     1    0.001926    0.040116    0.204275    3.045710 v u4/X (sky130_fd_sc_hd__buf_2)
                                                         n4 (net)
                      0.040116    0.000087    3.045797 v u5/A (sky130_fd_sc_hd__buf_2)
     1    0.001926    0.040116    0.204205    3.250002 v u5/X (sky130_fd_sc_hd__buf_2)
                                                         n5 (net)
                      0.040116    0.000087    3.250088 v u6/A (sky130_fd_sc_hd__buf_2)
     1    0.001875    0.039913    0.203886    3.453975 v u6/X (sky130_fd_sc_hd__buf_2)
                                                         n6 (net)
                      0.039913    0.000085    3.454060 v u7/A (sky130_fd_sc_hd__buf_2)
     1    0.001926    0.040117    0.204112    3.658172 v u7/X (sky130_fd_sc_hd__buf_2)
                                                         n7 (net)
                      0.040117    0.000087    3.658258 v u8/A (sky130_fd_sc_hd__buf_2)
     1    0.005580    0.055786    0.226748    3.885007 v u8/X (sky130_fd_sc_hd__buf_2)
                                                         net1 (net)
                      0.055786    0.000434    3.885441 v output1/A (sky130_fd_sc_hd__clkdlybuf4s25_1)
     1    0.034356    0.465561    0.761192    4.646633 v output1/X (sky130_fd_sc_hd__clkdlybuf4s25_1)
                                                         out (net)
                      0.465562    0.001664    4.648296 v out (out)
                                              4.648296   data arrival time

                      0.000000   10.000000   10.000000   clock null (rise edge)
                                  0.000000   10.000000   clock network delay (ideal)
                                 -0.250000    9.750000   clock uncertainty
                                  0.000000    9.750000   clock reconvergence pessimism
                                 -2.000000    7.750000   output external delay
                                              7.750000   data required time
---------------------------------------------------------------------------------------------
                                              7.750000   data required time
                                             -4.648296   data arrival time
---------------------------------------------------------------------------------------------
                                              3.101703   slack (MET)



%OL_END_REPORT
%OL_CREATE_REPORT checks.rpt

===========================================================================
report_checks -unconstrained
===========================================================================
======================= max_ss_100C_1v60 Corner ===================================

Startpoint: in (input port clocked by null)
Endpoint: out (output port clocked by null)
Path Group: null
Path Type: max

Fanout         Cap        Slew       Delay        Time   Description
---------------------------------------------------------------------------------------------
                      0.000000    0.000000    0.000000   clock null (rise edge)
                                  0.000000    0.000000   clock network delay (ideal)
                                  2.000000    2.000000 v input external delay
     1    0.007613    0.037621    0.024250    2.024250 v in (in)
                                                         in (net)
                      0.037624    0.000000    2.024250 v u0/A (sky130_fd_sc_hd__buf_2)
     1    0.001926    0.040119    0.203062    2.227312 v u0/X (sky130_fd_sc_hd__buf_2)
                                                         n0 (net)
                      0.040119    0.000087    2.227399 v u1/A (sky130_fd_sc_hd__buf_2)
     1    0.001926    0.040116    0.204207    2.431605 v u1/X (sky130_fd_sc_hd__buf_2)
                                                         n1 (net)
                      0.040116    0.000087    2.431692 v u2/A (sky130_fd_sc_hd__buf_2)
     1    0.002034    0.040548    0.204865    2.636558 v u2/X (sky130_fd_sc_hd__buf_2)
                                                         n2 (net)
                      0.040548    0.000145    2.636702 v u3/A (sky130_fd_sc_hd__buf_2)
     1    0.001965    0.040269    0.204644    2.841347 v u3/X (sky130_fd_sc_hd__buf_2)
                                                         n3 (net)
                      0.040269    0.000088    2.841434 v u4/A (sky130_fd_sc_hd__buf_2)
     1    0.001926    0.040116    0.204275    3.045710 v u4/X (sky130_fd_sc_hd__buf_2)
                                                         n4 (net)
                      0.040116    0.000087    3.045797 v u5/A (sky130_fd_sc_hd__buf_2)
     1    0.001926    0.040116    0.204205    3.250002 v u5/X (sky130_fd_sc_hd__buf_2)
                                                         n5 (net)
                      0.040116    0.000087    3.250088 v u6/A (sky130_fd_sc_hd__buf_2)
     1    0.001875    0.039913    0.203886    3.453975 v u6/X (sky130_fd_sc_hd__buf_2)
                                                         n6 (net)
                      0.039913    0.000085    3.454060 v u7/A (sky130_fd_sc_hd__buf_2)
     1    0.001926    0.040117    0.204112    3.658172 v u7/X (sky130_fd_sc_hd__buf_2)
                                                         n7 (net)
                      0.040117    0.000087    3.658258 v u8/A (sky130_fd_sc_hd__buf_2)
     1    0.005580    0.055786    0.226748    3.885007 v u8/X (sky130_fd_sc_hd__buf_2)
                                                         net1 (net)
                      0.055786    0.000434    3.885441 v output1/A (sky130_fd_sc_hd__clkdlybuf4s25_1)
     1    0.034356    0.465561    0.761192    4.646633 v output1/X (sky130_fd_sc_hd__clkdlybuf4s25_1)
                                                         out (net)
                      0.465562    0.001664    4.648296 v out (out)
                                              4.648296   data arrival time

                      0.000000   10.000000   10.000000   clock null (rise edge)
                                  0.000000   10.000000   clock network delay (ideal)
                                 -0.250000    9.750000   clock uncertainty
                                  0.000000    9.750000   clock reconvergence pessimism
                                 -2.000000    7.750000   output external delay
                                              7.750000   data required time
---------------------------------------------------------------------------------------------
                                              7.750000   data required time
                                             -4.648296   data arrival time
---------------------------------------------------------------------------------------------
                                              3.101703   slack (MET)




===========================================================================
report_checks --slack_max -0.01
============================================================================
======================= max_ss_100C_1v60 Corner ===================================

No paths found.


===========================================================================
 report_check_types -max_slew -max_cap -max_fanout -violators
============================================================================
======================= max_ss_100C_1v60 Corner ===================================



===========================================================================
report_parasitic_annotation -report_unannotated
============================================================================
Found 0 unannotated drivers.
Found 0 partially unannotated drivers.

===========================================================================
max slew violation count 0
%OL_METRIC_I design__max_slew_violation__count__corner:max_ss_100C_1v60 0
max fanout violation count 0
%OL_METRIC_I design__max_fanout_violation__count__corner:max_ss_100C_1v60 0
max cap violation count 0
%OL_METRIC_I design__max_cap_violation__count__corner:max_ss_100C_1v60 0
============================================================================

===========================================================================
check_setup -verbose -unconstrained_endpoints -multiple_clock -no_clock -no_input_delay -loops -generated_clocks
===========================================================================
%OL_END_REPORT
%OL_CREATE_REPORT power.rpt

===========================================================================
 report_power
============================================================================
======================= max_ss_100C_1v60 Corner ===================================

Group                    Internal    Switching      Leakage        Total
                            Power        Power        Power        Power (Watts)
------------------------------------------------------------------------
Sequential           0.000000e+00 0.000000e+00 0.000000e+00 0.000000e+00   0.0%
Combinational        1.194820e-06 7.249986e-07 5.474833e-08 1.974567e-06  99.7%
Clock                0.000000e+00 0.000000e+00 5.207831e-09 5.207831e-09   0.3%
Macro                0.000000e+00 0.000000e+00 0.000000e+00 0.000000e+00   0.0%
Pad                  0.000000e+00 0.000000e+00 0.000000e+00 0.000000e+00   0.0%
------------------------------------------------------------------------
Total                1.194820e-06 7.249986e-07 5.995616e-08 1.979775e-06 100.0%
                            60.4%        36.6%         3.0%
%OL_METRIC_F power__internal__total 1.1948203564315918e-6
%OL_METRIC_F power__switching__total 7.249985856105923e-7
%OL_METRIC_F power__leakage__total 5.99561573721985e-8
%OL_METRIC_F power__total 1.97977510651981e-6

%OL_END_REPORT
%OL_CREATE_REPORT skew.min.rpt

===========================================================================
Clock Skew (Hold)
============================================================================
%OL_METRIC_F clock__skew__worst_hold__corner:max_ss_100C_1v60 0.0
======================= max_ss_100C_1v60 Corner ===================================

Clock null
No launch/capture paths found.

%OL_END_REPORT
%OL_CREATE_REPORT skew.max.rpt

===========================================================================
Clock Skew (Setup)
============================================================================
%OL_METRIC_F clock__skew__worst_setup__corner:max_ss_100C_1v60 0.0
======================= max_ss_100C_1v60 Corner ===================================

Clock null
No launch/capture paths found.

%OL_END_REPORT
%OL_CREATE_REPORT ws.min.rpt

===========================================================================
Worst Slack (Hold)
============================================================================
%OL_METRIC_F timing__hold__ws__corner:max_ss_100C_1v60 5.985954124029012
max_ss_100C_1v60: 5.985954124029012
%OL_END_REPORT
%OL_CREATE_REPORT ws.max.rpt

===========================================================================
Worst Slack (Setup)
============================================================================
%OL_METRIC_F timing__setup__ws__corner:max_ss_100C_1v60 3.101703426337089
max_ss_100C_1v60: 3.101703426337089
%OL_END_REPORT
%OL_CREATE_REPORT tns.min.rpt

===========================================================================
Total Negative Slack (Hold)
============================================================================
%OL_METRIC_F timing__hold__tns__corner:max_ss_100C_1v60 0.0
max_ss_100C_1v60: 0.0
%OL_END_REPORT
%OL_CREATE_REPORT tns.max.rpt

===========================================================================
Total Negative Slack (Setup)
============================================================================
%OL_METRIC_F timing__setup__tns__corner:max_ss_100C_1v60 0.0
max_ss_100C_1v60: 0.0
%OL_END_REPORT
%OL_CREATE_REPORT wns.min.rpt

===========================================================================
Worst Negative Slack (Hold)
============================================================================
%OL_METRIC_F timing__hold__wns__corner:max_ss_100C_1v60 0
max_ss_100C_1v60: 0
%OL_END_REPORT
%OL_CREATE_REPORT wns.max.rpt

===========================================================================
Worst Negative Slack (Setup)
============================================================================
%OL_METRIC_F timing__setup__wns__corner:max_ss_100C_1v60 0.0
max_ss_100C_1v60: 0.0
%OL_END_REPORT
%OL_CREATE_REPORT violator_list.rpt

===========================================================================
Violator List
============================================================================
%OL_METRIC_I timing__hold_vio__count__corner:max_ss_100C_1v60 0
%OL_METRIC_F timing__hold_r2r__ws__corner:max_ss_100C_1v60 inf
%OL_METRIC_I timing__hold_r2r_vio__count__corner:max_ss_100C_1v60 0
%OL_METRIC_I timing__setup_vio__count__corner:max_ss_100C_1v60 0
%OL_METRIC_F timing__setup_r2r__ws__corner:max_ss_100C_1v60 inf
%OL_METRIC_I timing__setup_r2r_vio__count__corner:max_ss_100C_1v60 0
%OL_END_REPORT
%OL_CREATE_REPORT unpropagated.rpt
null
%OL_END_REPORT
%OL_CREATE_REPORT clock.rpt
Clock: null
Sources: 
Generated: no
Virtual: yes
Propagated: no
Period: 10.000000

===========================================================================
report_clock_properties
============================================================================
Clock                   Period          Waveform
----------------------------------------------------
null                 10.000000    0.000000  5.000000

===========================================================================
report_clock_latency
============================================================================
Clock null


===========================================================================
report_clock_min_period
============================================================================
null period_min = 0.00 fmax = inf
%OL_END_REPORT
Writing SDF files for all corners…
Removing Clock latencies before writing libs…
Writing timing models for all corners…
Writing timing models for the max_ss_100C_1v60 corner to /foss/designs/sky130_characterization/openlane/delay_chain_physical_top/runs/RUN_2026-07-07_15-42-53/55-openroad-stapostpnr/max_ss_100C_1v60/delay_chain_physical_top__max_ss_100C_1v60.lib…
