
===========================================================================
report_checks -path_delay max (Setup)
============================================================================
======================= nom_ss_100C_1v60 Corner ===================================

Startpoint: enable (input port clocked by null)
Endpoint: ro_out (output port clocked by null)
Path Group: null
Path Type: max

Fanout         Cap        Slew       Delay        Time   Description
---------------------------------------------------------------------------------------------
                      0.000000    0.000000    0.000000   clock null (rise edge)
                                  0.000000    0.000000   clock network delay (ideal)
                                  2.000000    2.000000 ^ input external delay
     1    0.002367    0.030246    0.013478    2.013478 ^ enable (in)
                                                         enable (net)
                      0.030246    0.000000    2.013478 ^ u_nand/A (sky130_fd_sc_hd__nand2_1)
     1    0.002174    0.060525    0.072357    2.085835 v u_nand/Y (sky130_fd_sc_hd__nand2_1)
                                                         n0 (net)
                      0.060525    0.000000    2.085835 v u_inv0/A (sky130_fd_sc_hd__inv_1)
     1    0.002306    0.047898    0.069022    2.154857 ^ u_inv0/Y (sky130_fd_sc_hd__inv_1)
                                                         n1 (net)
                      0.047898    0.000000    2.154857 ^ u_inv1/A (sky130_fd_sc_hd__inv_1)
     1    0.002174    0.032218    0.053238    2.208096 v u_inv1/Y (sky130_fd_sc_hd__inv_1)
                                                         n2 (net)
                      0.032218    0.000000    2.208096 v u_inv2/A (sky130_fd_sc_hd__inv_1)
     1    0.002306    0.046334    0.056269    2.264365 ^ u_inv2/Y (sky130_fd_sc_hd__inv_1)
                                                         n3 (net)
                      0.046334    0.000000    2.264365 ^ u_inv3/A (sky130_fd_sc_hd__inv_1)
     2    0.003857    0.045635    0.063461    2.327826 v u_inv3/Y (sky130_fd_sc_hd__inv_1)
                                                         n4 (net)
                      0.045635    0.000000    2.327826 v u_buf/A (sky130_fd_sc_hd__buf_2)
     1    0.033442    0.165517    0.331224    2.659050 v u_buf/X (sky130_fd_sc_hd__buf_2)
                                                         ro_out (net)
                      0.165517    0.000000    2.659050 v ro_out (out)
                                              2.659050   data arrival time

                      0.000000   10.000000   10.000000   clock null (rise edge)
                                  0.000000   10.000000   clock network delay (ideal)
                                 -0.250000    9.750000   clock uncertainty
                                  0.000000    9.750000   clock reconvergence pessimism
                                 -2.000000    7.750000   output external delay
                                              7.750000   data required time
---------------------------------------------------------------------------------------------
                                              7.750000   data required time
                                             -2.659050   data arrival time
---------------------------------------------------------------------------------------------
                                              5.090950   slack (MET)



