Clock: clk
Sources: clk 
Generated: no
Virtual: yes
Propagated: no
Period: 10.000000

===========================================================================
report_clock_properties
============================================================================
Clock                   Period          Waveform
----------------------------------------------------
clk                  10.000000    0.000000  5.000000

===========================================================================
report_clock_latency
============================================================================
Clock clk
rise -> rise
    min     max
0.000000 0.000000 source latency
1.187326         network latency _1481_/CLK
        1.266474 network latency _1652_/CLK
---------------
1.187326 1.266474 latency
        0.079148 skew

fall -> fall
    min     max
0.000000 0.000000 source latency
1.083953         network latency _1481_/CLK
        1.141344 network latency _1720_/CLK
---------------
1.083953 1.141344 latency
        0.057391 skew



===========================================================================
report_clock_min_period
============================================================================
clk period_min = 7.53 fmax = 132.74
