Startpoint: rst (input port clocked by clk)
Endpoint: _1728_ (removal check against rising-edge clock clk)
Path Group: asynchronous
Path Type: min

  Delay    Time   Description
---------------------------------------------------------
   0.00    0.00   clock clk (rise edge)
   0.00    0.00   clock network delay (propagated)
   2.00    2.00 v input external delay
   0.01    2.01 v rst (in)
   0.28    2.29 v input9/X (sky130_fd_sc_hd__buf_1)
   0.44    2.73 v max_cap212/X (sky130_fd_sc_hd__buf_2)
   0.12    2.85 ^ _1285_/Y (sky130_fd_sc_hd__inv_2)
   0.00    2.85 ^ _1728_/RESET_B (sky130_fd_sc_hd__dfrtp_2)
           2.85   data arrival time

   0.00    0.00   clock clk (rise edge)
   1.29    1.29   clock network delay (propagated)
   0.25    1.54   clock uncertainty
   0.00    1.54   clock reconvergence pessimism
           1.54 ^ _1728_/CLK (sky130_fd_sc_hd__dfrtp_2)
   1.38    2.93   library removal time
           2.93   data required time
---------------------------------------------------------
           2.93   data required time
          -2.85   data arrival time
---------------------------------------------------------
          -0.08   slack (VIOLATED)


Startpoint: clk_stuck_low (input port clocked by clk)
Endpoint: _1468_ (rising edge-triggered flip-flop clocked by clk)
Path Group: clk
Path Type: min

  Delay    Time   Description
---------------------------------------------------------
   0.00    0.00   clock clk (rise edge)
   0.00    0.00   clock network delay (propagated)
   2.00    2.00 ^ input external delay
   0.02    2.02 ^ clk_stuck_low (in)
   0.21    2.23 ^ input5/X (sky130_fd_sc_hd__buf_1)
   0.28    2.52 ^ wire213/X (sky130_fd_sc_hd__buf_2)
   0.36    2.88 ^ _1079_/X (sky130_fd_sc_hd__a22o_2)
   0.00    2.88 ^ _1468_/D (sky130_fd_sc_hd__dfrtp_2)
           2.88   data arrival time

   0.00    0.00   clock clk (rise edge)
   1.30    1.30   clock network delay (propagated)
   0.25    1.55   clock uncertainty
   0.00    1.55   clock reconvergence pessimism
           1.55 ^ _1468_/CLK (sky130_fd_sc_hd__dfrtp_2)
  -0.06    1.49   library hold time
           1.49   data required time
---------------------------------------------------------
           1.49   data required time
          -2.88   data arrival time
---------------------------------------------------------
           1.38   slack (MET)


