[WARNING ORD-0039] .openroad ignored with -python
Unannotated report:
['report_parasitic_annotation -report_unannotated\n',
 '============================================================================\n',
 'Found 18 unannotated drivers.\n',
 ' characterization_top/HI\n',
 ' characterization_top_214/HI\n',
 ' clkload0/Y\n',
 ' clkload1/X\n',
 ' clkload10/X\n',
 ' clkload11/X\n',
 ' clkload12/X\n',
 ' clkload13/X\n',
 ' clkload14/Y\n',
 ' clkload15/X\n',
 ' clkload2/X\n',
 ' clkload3/X\n',
 ' clkload4/Y\n',
 ' clkload5/X\n',
 ' clkload6/Y\n',
 ' clkload7/Y\n',
 ' clkload8/X\n',
 ' clkload9/X\n',
 'Found 0 partially unannotated drivers.\n',
 '\n']
Reported nets:
['characterization_top/HI',
 'characterization_top_214/HI',
 'clkload0/Y',
 'clkload1/X',
 'clkload10/X',
 'clkload11/X',
 'clkload12/X',
 'clkload13/X',
 'clkload14/Y',
 'clkload15/X',
 'clkload2/X',
 'clkload3/X',
 'clkload4/Y',
 'clkload5/X',
 'clkload6/Y',
 'clkload7/Y',
 'clkload8/X',
 'clkload9/X']
Filtered nets:
[]
done
