Startpoint: rst (input port clocked by clk)
Endpoint: _1728_ (removal check against rising-edge clock clk)
Path Group: asynchronous
Path Type: min

  Delay    Time   Description
---------------------------------------------------------
   0.00    0.00   clock clk (rise edge)
   0.00    0.00   clock network delay (propagated)
   2.00    2.00 v input external delay
   0.01    2.01 v rst (in)
   0.45    2.46 v input9/X (sky130_fd_sc_hd__buf_1)
   0.71    3.17 v max_cap212/X (sky130_fd_sc_hd__buf_2)
   0.20    3.37 ^ _1285_/Y (sky130_fd_sc_hd__inv_2)
   0.00    3.37 ^ _1728_/RESET_B (sky130_fd_sc_hd__dfrtp_2)
           3.37   data arrival time

   0.00    0.00   clock clk (rise edge)
   2.03    2.03   clock network delay (propagated)
   0.25    2.28   clock uncertainty
   0.00    2.28   clock reconvergence pessimism
           2.28 ^ _1728_/CLK (sky130_fd_sc_hd__dfrtp_2)
   2.51    4.79   library removal time
           4.79   data required time
---------------------------------------------------------
           4.79   data required time
          -3.37   data arrival time
---------------------------------------------------------
          -1.42   slack (VIOLATED)


Startpoint: clk_stuck_low (input port clocked by clk)
Endpoint: _1468_ (rising edge-triggered flip-flop clocked by clk)
Path Group: clk
Path Type: min

  Delay    Time   Description
---------------------------------------------------------
   0.00    0.00   clock clk (rise edge)
   0.00    0.00   clock network delay (propagated)
   2.00    2.00 ^ input external delay
   0.04    2.04 ^ clk_stuck_low (in)
   0.33    2.36 ^ input5/X (sky130_fd_sc_hd__buf_1)
   0.44    2.80 ^ wire213/X (sky130_fd_sc_hd__buf_2)
   0.55    3.35 ^ _1079_/X (sky130_fd_sc_hd__a22o_2)
   0.00    3.35 ^ _1468_/D (sky130_fd_sc_hd__dfrtp_2)
           3.35   data arrival time

   0.00    0.00   clock clk (rise edge)
   2.04    2.04   clock network delay (propagated)
   0.25    2.29   clock uncertainty
   0.00    2.29   clock reconvergence pessimism
           2.29 ^ _1468_/CLK (sky130_fd_sc_hd__dfrtp_2)
  -0.05    2.24   library hold time
           2.24   data required time
---------------------------------------------------------
           2.24   data required time
          -3.35   data arrival time
---------------------------------------------------------
           1.11   slack (MET)


