Clock: clk
Sources: clk 
Generated: no
Virtual: yes
Propagated: no
Period: 10.000000

===========================================================================
report_clock_properties
============================================================================
Clock                   Period          Waveform
----------------------------------------------------
clk                  10.000000    0.000000  5.000000

===========================================================================
report_clock_latency
============================================================================
Clock clk
rise -> rise
    min     max
0.000000 0.000000 source latency
0.477689         network latency _1481_/CLK
        0.515874 network latency _1720_/CLK
---------------
0.477689 0.515874 latency
        0.038184 skew

fall -> fall
    min     max
0.000000 0.000000 source latency
0.420121         network latency _1704_/CLK
        0.449977 network latency _1720_/CLK
---------------
0.420121 0.449977 latency
        0.029856 skew



===========================================================================
report_clock_min_period
============================================================================
clk period_min = 2.70 fmax = 371.04
