Reading timing models for corner nom_typ_1p20V_25C…
Reading timing library for the 'nom_typ_1p20V_25C' corner at '/foss/pdks/ihp-sg13g2/libs.ref/sg13g2_stdcell/lib/sg13g2_stdcell_typ_1p20V_25C.lib'…
Reading timing library for the 'nom_typ_1p20V_25C' corner at '/foss/pdks/ihp-sg13g2/libs.ref/sg13g2_io/lib/sg13g2_io_typ_1p2V_3p3V_25C.lib'…
Reading OpenROAD database at '/foss/designs/sky130_characterization/openlane/characterization_top/runs/RUN_2026-06-19_09-25-21/25-openroad-ioplacement/characterization_top.odb'…
Reading design constraints file at '/usr/local/lib/python3.12/dist-packages/librelane/scripts/base.sdc'…
[INFO] Using clock clk…
[INFO] Setting output delay to: 2.0
[INFO] Setting input delay to: 2.0
[INFO] Setting load to: 0.006
[INFO] Setting clock uncertainty to: 0.25
[INFO] Setting clock transition to: 0.15
[INFO] Setting timing derate to: 5%
[INFO] Setting signal min routing layer to: Metal2 and clock min routing layer to Metal2. 
[INFO] Setting signal max routing layer to: TopMetal2 and clock max routing layer to TopMetal2. 
+ global_placement -density 0.45 -routability_driven -pad_right 0 -pad_left 0 -init_wirelength_coef 0.25
[INFO GPL-0001] ---- Initialize GPL Main Data Structures
[INFO GPL-0002] DBU: 1000
[INFO GPL-0003] SiteSize: (  0.480  3.780 ) um
[INFO GPL-0004] CoreBBox: (  5.760 15.120 ) ( 493.920 483.840 ) um
[INFO GPL-0036] Movable instances area:      21319.200 um^2
[INFO GPL-0037] Total instances area:        21319.200 um^2
[INFO GPL-0035] Pin density area adjust:       957.126 um^2
[INFO GPL-0032] ---- Initialize Region: Top-level
[INFO GPL-0006] Number of instances:              1219
[INFO GPL-0007] Movable instances:                1219
[INFO GPL-0008] Fixed instances:                     0
[INFO GPL-0009] Dummy instances:                     0
[INFO GPL-0010] Number of nets:                   1230
[INFO GPL-0011] Number of pins:                   4154
[INFO GPL-0012] Die BBox:  (  0.000  0.000 ) ( 500.000 500.000 ) um
[INFO GPL-0013] Core BBox: (  5.760 15.120 ) ( 493.920 483.840 ) um
[INFO GPL-0016] Core area:                  228810.355 um^2
[INFO GPL-0014] Region name: top-level.
[INFO GPL-0015] Region area:                228810.355 um^2
[INFO GPL-0017] Fixed instances area:            0.000 um^2
[INFO GPL-0018] Movable instances area:      22276.326 um^2
[INFO GPL-0019] Utilization:                     9.736 %
[INFO GPL-0020] Standard cells area:         22276.326 um^2
[INFO GPL-0021] Large instances area:            0.000 um^2
[INFO GPL-0005] ---- Execute Conjugate Gradient Initial Placement.
[INFO GPL-0051] Source of initial instance position counters:
	Odb location = 1219	Core center = 0	Region center = 0
[InitialPlace]  Iter: 1 conjugate gradient residual: 0.00017194 HPWL: 47137484
[InitialPlace]  Iter: 2 conjugate gradient residual: 0.00009683 HPWL: 41021526
[InitialPlace]  Iter: 3 conjugate gradient residual: 0.00007100 HPWL: 38163940
[InitialPlace]  Iter: 4 conjugate gradient residual: 0.00001109 HPWL: 36416644
[InitialPlace]  Iter: 5 conjugate gradient residual: 0.00000916 HPWL: 35615308
[INFO GPL-0033] ---- Initialize Nesterov Region: Top-level
[INFO GPL-0023] Placement target density:       0.4500
[INFO GPL-0024] Movable insts average area:     18.274 um^2
[INFO GPL-0025] Ideal bin area:                 40.609 um^2
[INFO GPL-0026] Ideal bin count:                  5634
[INFO GPL-0027] Total bin area:             228810.355 um^2
[INFO GPL-0028] Bin count (X, Y):          64 ,     64
[INFO GPL-0029] Bin size (W * H):       7.628 *  7.324 um
[INFO GPL-0030] Number of bins:                   4096
[INFO GPL-0007] ---- Execute Nesterov Global Placement.
[INFO GPL-0031] HPWL: Half-Perimeter Wirelength
Iteration | Overflow |     HPWL (um) |  HPWL(%) |   Penalty | Group
---------------------------------------------------------------
        0 |   0.6821 |  2.564859e+04 |   +0.00% |  2.07e-14 |      
       10 |   0.6410 |  2.733512e+04 |   +6.58% |  3.37e-14 |      
       20 |   0.6063 |  2.791313e+04 |   +2.11% |  5.49e-14 |      
[INFO GPL-0038] Routability snapshot saved at iter = 25
       24 |   0.5988 |  2.789700e+04 |          |           |      
       30 |   0.6024 |  2.779346e+04 |   -0.43% |  8.94e-14 |      
       40 |   0.6123 |  2.780778e+04 |   +0.05% |  1.46e-13 |      
       50 |   0.6124 |  2.783892e+04 |   +0.11% |  2.37e-13 |      
       60 |   0.6070 |  2.773528e+04 |   -0.37% |  3.87e-13 |      
       70 |   0.6021 |  2.765801e+04 |   -0.28% |  6.30e-13 |      
       80 |   0.6025 |  2.763553e+04 |   -0.08% |  1.03e-12 |      
       90 |   0.6058 |  2.769267e+04 |   +0.21% |  1.67e-12 |      
      100 |   0.6055 |  2.772618e+04 |   +0.12% |  2.72e-12 |      
      110 |   0.6064 |  2.769255e+04 |   -0.12% |  4.43e-12 |      
      120 |   0.6089 |  2.770018e+04 |   +0.03% |  7.22e-12 |      
      130 |   0.6071 |  2.775783e+04 |   +0.21% |  1.18e-11 |      
      140 |   0.6025 |  2.781765e+04 |   +0.22% |  1.92e-11 |      
      150 |   0.5989 |  2.790343e+04 |   +0.31% |  3.12e-11 |      
      160 |   0.5943 |  2.800204e+04 |   +0.35% |  5.08e-11 |      
      170 |   0.5838 |  2.793766e+04 |   -0.23% |  8.28e-11 |      
      180 |   0.5673 |  2.773917e+04 |   -0.71% |  1.35e-10 |      
      190 |   0.5467 |  2.776762e+04 |   +0.10% |  2.20e-10 |      
      200 |   0.5261 |  2.766909e+04 |   -0.35% |  3.58e-10 |      
      210 |   0.5041 |  2.753463e+04 |   -0.49% |  5.83e-10 |      
      220 |   0.4782 |  2.745665e+04 |   -0.28% |  9.49e-10 |      
      230 |   0.4491 |  2.747975e+04 |   +0.08% |  1.55e-09 |      
      240 |   0.4157 |  2.746087e+04 |   -0.07% |  2.52e-09 |      
      250 |   0.3819 |  2.753841e+04 |   +0.28% |  4.10e-09 |      
      260 |   0.3448 |  2.768881e+04 |   +0.55% |  6.68e-09 |      
      270 |   0.3163 |  2.783152e+04 |   +0.52% |  9.84e-09 |      
[INFO GPL-0040] Routability iteration: 1
[INFO GPL-0041] Total routing overflow: 0.0000
[INFO GPL-0042] Number of overflowed tiles: 0 (0.00%)
[INFO GPL-0043] Average top 0.5% routing congestion: 0.6315
[INFO GPL-0044] Average top 1.0% routing congestion: 0.6010
[INFO GPL-0045] Average top 2.0% routing congestion: 0.5723
[INFO GPL-0046] Average top 5.0% routing congestion: 0.5472
[INFO GPL-0047] Routability iteration weighted routing congestion: 0.6162
[INFO GPL-0050] Weighted routing congestion is lower than target routing congestion(1.0100), end routability optimization.
[INFO GPL-0090] Routability finished. Target routing congestion achieved succesfully.
Iteration | Overflow |     HPWL (um) |  HPWL(%) |   Penalty | Group
---------------------------------------------------------------
      280 |   0.2771 |  2.785955e+04 |   +0.10% |  1.45e-08 |      
      290 |   0.2473 |  2.790598e+04 |   +0.17% |  2.14e-08 |      
      300 |   0.2237 |  2.801518e+04 |   +0.39% |  3.15e-08 |      
      310 |   0.1973 |  2.807456e+04 |   +0.21% |  4.64e-08 |      
      320 |   0.1682 |  2.816347e+04 |   +0.32% |  6.83e-08 |      
      330 |   0.1473 |  2.822015e+04 |   +0.20% |  1.01e-07 |      
      340 |   0.1250 |  2.823366e+04 |   +0.05% |  1.48e-07 |      
      350 |   0.1077 |  2.831211e+04 |   +0.28% |  2.18e-07 |      
      355 |   0.0997 |  2.836385e+04 |          |  2.75e-07 |      
---------------------------------------------------------------
[INFO GPL-1001] Global placement finished at iteration 355
[INFO GPL-1003] Routability mode iteration count: 249
[INFO GPL-1005] Routability final weighted congestion: 0.5892
[INFO GPL-1002] Placed Cell Area            22276.3261
[INFO GPL-1003] Available Free Area         228810.3552
[INFO GPL-1004] Minimum Feasible Density        0.1000 (cell_area / free_area)
[INFO GPL-1006]   Suggested Target Densities:
[INFO GPL-1007]     - For 90% usage of free space: 0.1082
[INFO GPL-1008]     - For 80% usage of free space: 0.1217
[INFO GPL-1009]     - For 50% usage of free space: 0.1947
[INFO GPL-1011] Original area (um^2): 22276.33
[INFO GPL-1012] Total routability artificial inflation: 0.00 (+0.00%)
[INFO GPL-1014] Final placement area: 22276.33 (+0.00%)
Setting global connections for newly added cells…
[INFO] Setting global connections...
[INFO ODB-0403] 0 connections made, 0 conflicts skipped.
Updating metrics…
Cell type report:                       Count       Area
  Buffer                                    1       7.26
  Inverter                                365    1986.77
  Sequential cell                         270   13226.98
  Multi-Input combinational cell          583    6098.20
  Total                                  1219   21319.20
Writing OpenROAD database to '/foss/designs/sky130_characterization/openlane/characterization_top/runs/RUN_2026-06-19_09-25-21/28-openroad-globalplacement/characterization_top.odb'…
Writing netlist to '/foss/designs/sky130_characterization/openlane/characterization_top/runs/RUN_2026-06-19_09-25-21/28-openroad-globalplacement/characterization_top.nl.v'…
Writing powered netlist to '/foss/designs/sky130_characterization/openlane/characterization_top/runs/RUN_2026-06-19_09-25-21/28-openroad-globalplacement/characterization_top.pnl.v'…
Writing layout to '/foss/designs/sky130_characterization/openlane/characterization_top/runs/RUN_2026-06-19_09-25-21/28-openroad-globalplacement/characterization_top.def'…
Writing timing constraints to '/foss/designs/sky130_characterization/openlane/characterization_top/runs/RUN_2026-06-19_09-25-21/28-openroad-globalplacement/characterization_top.sdc'…
