Clock: clk
Sources: clk 
Generated: no
Virtual: yes
Propagated: no
Period: 10.000000

===========================================================================
report_clock_properties
============================================================================
Clock                   Period          Waveform
----------------------------------------------------
clk                  10.000000    0.000000  5.000000

===========================================================================
report_clock_latency
============================================================================
Clock clk
rise -> rise
    min     max
0.000000 0.000000 source latency
0.295799         network latency _1980_/CLK
        0.323504 network latency _1929_/CLK
---------------
0.295799 0.323504 latency
        0.027705 skew

fall -> fall
    min     max
0.000000 0.000000 source latency
0.295542         network latency _1980_/CLK
        0.320278 network latency _1929_/CLK
---------------
0.295542 0.320278 latency
        0.024736 skew



===========================================================================
report_clock_min_period
============================================================================
clk period_min = 2.64 fmax = 378.76
