+ define_corners nom_ss_100C_1v60
Reading timing models for corner nom_ss_100C_1v60…
Reading cell library for the 'nom_ss_100C_1v60' corner at '/foss/pdks/sky130A/libs.ref/sky130_fd_sc_hd/lib/sky130_fd_sc_hd__ss_100C_1v60.lib'…
Reading top-level netlist at '/foss/designs/sky130_characterization/openlane/delay_chain_physical_top/runs/RUN_2026-07-07_15-42-53/06-yosys-synthesis/delay_chain_physical_top.nl.v'…
Linking design 'delay_chain_physical_top' from netlist…
Reading design constraints file at '/usr/local/lib/python3.12/dist-packages/librelane/scripts/base.sdc'…
Warning: base.sdc line 15, port 'null' not found.
[INFO] Using clock null…
[INFO] Setting output delay to: 2
[INFO] Setting input delay to: 2
Warning: base.sdc line 32, port 'null' not found.
[INFO] Setting load to: 0.033442
[INFO] Setting clock uncertainty to: 0.25
[INFO] Setting clock transition to: 0.1499999999999999944488848768742172978818416595458984375
Warning: base.sdc line 69, transition time can not be specified for virtual clocks.
[INFO] Setting timing derate to: 5%
%OL_CREATE_REPORT min.rpt

===========================================================================
report_checks -path_delay min (Hold)
============================================================================
======================= nom_ss_100C_1v60 Corner ===================================

Startpoint: in (input port clocked by null)
Endpoint: out (output port clocked by null)
Path Group: null
Path Type: min

Fanout         Cap        Slew       Delay        Time   Description
---------------------------------------------------------------------------------------------
                      0.000000    0.000000    0.000000   clock null (rise edge)
                                  0.000000    0.000000   clock network delay (ideal)
                                  2.000000    2.000000 ^ input external delay
     1    0.001753    0.025900    0.010242    2.010242 ^ in (in)
                                                         in (net)
                      0.025900    0.000000    2.010242 ^ u0/A (sky130_fd_sc_hd__buf_2)
     1    0.001753    0.040117    0.140038    2.150281 ^ u0/X (sky130_fd_sc_hd__buf_2)
                                                         n0 (net)
                      0.040117    0.000000    2.150281 ^ u1/A (sky130_fd_sc_hd__buf_2)
     1    0.001753    0.040046    0.146635    2.296916 ^ u1/X (sky130_fd_sc_hd__buf_2)
                                                         n1 (net)
                      0.040046    0.000000    2.296916 ^ u2/A (sky130_fd_sc_hd__buf_2)
     1    0.001753    0.040046    0.146602    2.443518 ^ u2/X (sky130_fd_sc_hd__buf_2)
                                                         n2 (net)
                      0.040046    0.000000    2.443518 ^ u3/A (sky130_fd_sc_hd__buf_2)
     1    0.001753    0.040046    0.146602    2.590120 ^ u3/X (sky130_fd_sc_hd__buf_2)
                                                         n3 (net)
                      0.040046    0.000000    2.590120 ^ u4/A (sky130_fd_sc_hd__buf_2)
     1    0.001753    0.040046    0.146602    2.736722 ^ u4/X (sky130_fd_sc_hd__buf_2)
                                                         n4 (net)
                      0.040046    0.000000    2.736722 ^ u5/A (sky130_fd_sc_hd__buf_2)
     1    0.001753    0.040046    0.146602    2.883324 ^ u5/X (sky130_fd_sc_hd__buf_2)
                                                         n5 (net)
                      0.040046    0.000000    2.883324 ^ u6/A (sky130_fd_sc_hd__buf_2)
     1    0.001753    0.040046    0.146602    3.029926 ^ u6/X (sky130_fd_sc_hd__buf_2)
                                                         n6 (net)
                      0.040046    0.000000    3.029926 ^ u7/A (sky130_fd_sc_hd__buf_2)
     1    0.001753    0.040046    0.146602    3.176528 ^ u7/X (sky130_fd_sc_hd__buf_2)
                                                         n7 (net)
                      0.040046    0.000000    3.176528 ^ u8/A (sky130_fd_sc_hd__buf_2)
     1    0.033442    0.269861    0.325861    3.502390 ^ u8/X (sky130_fd_sc_hd__buf_2)
                                                         out (net)
                      0.269861    0.000000    3.502390 ^ out (out)
                                              3.502390   data arrival time

                      0.000000    0.000000    0.000000   clock null (rise edge)
                                  0.000000    0.000000   clock network delay (ideal)
                                  0.250000    0.250000   clock uncertainty
                                  0.000000    0.250000   clock reconvergence pessimism
                                 -2.000000   -1.750000   output external delay
                                             -1.750000   data required time
---------------------------------------------------------------------------------------------
                                             -1.750000   data required time
                                             -3.502390   data arrival time
---------------------------------------------------------------------------------------------
                                              5.252390   slack (MET)



%OL_END_REPORT
%OL_CREATE_REPORT max.rpt

===========================================================================
report_checks -path_delay max (Setup)
============================================================================
======================= nom_ss_100C_1v60 Corner ===================================

Startpoint: in (input port clocked by null)
Endpoint: out (output port clocked by null)
Path Group: null
Path Type: max

Fanout         Cap        Slew       Delay        Time   Description
---------------------------------------------------------------------------------------------
                      0.000000    0.000000    0.000000   clock null (rise edge)
                                  0.000000    0.000000   clock network delay (ideal)
                                  2.000000    2.000000 v input external delay
     1    0.001625    0.014323    0.005500    2.005500 v in (in)
                                                         in (net)
                      0.014323    0.000000    2.005500 v u0/A (sky130_fd_sc_hd__buf_2)
     1    0.001625    0.038827    0.190786    2.196286 v u0/X (sky130_fd_sc_hd__buf_2)
                                                         n0 (net)
                      0.038827    0.000000    2.196286 v u1/A (sky130_fd_sc_hd__buf_2)
     1    0.001625    0.039255    0.201674    2.397960 v u1/X (sky130_fd_sc_hd__buf_2)
                                                         n1 (net)
                      0.039255    0.000000    2.397960 v u2/A (sky130_fd_sc_hd__buf_2)
     1    0.001625    0.039255    0.201870    2.599829 v u2/X (sky130_fd_sc_hd__buf_2)
                                                         n2 (net)
                      0.039255    0.000000    2.599829 v u3/A (sky130_fd_sc_hd__buf_2)
     1    0.001625    0.039255    0.201870    2.801699 v u3/X (sky130_fd_sc_hd__buf_2)
                                                         n3 (net)
                      0.039255    0.000000    2.801699 v u4/A (sky130_fd_sc_hd__buf_2)
     1    0.001625    0.039255    0.201870    3.003569 v u4/X (sky130_fd_sc_hd__buf_2)
                                                         n4 (net)
                      0.039255    0.000000    3.003569 v u5/A (sky130_fd_sc_hd__buf_2)
     1    0.001625    0.039255    0.201870    3.205438 v u5/X (sky130_fd_sc_hd__buf_2)
                                                         n5 (net)
                      0.039255    0.000000    3.205438 v u6/A (sky130_fd_sc_hd__buf_2)
     1    0.001625    0.039255    0.201870    3.407308 v u6/X (sky130_fd_sc_hd__buf_2)
                                                         n6 (net)
                      0.039255    0.000000    3.407308 v u7/A (sky130_fd_sc_hd__buf_2)
     1    0.001625    0.039255    0.201870    3.609178 v u7/X (sky130_fd_sc_hd__buf_2)
                                                         n7 (net)
                      0.039255    0.000000    3.609178 v u8/A (sky130_fd_sc_hd__buf_2)
     1    0.033442    0.165562    0.328300    3.937478 v u8/X (sky130_fd_sc_hd__buf_2)
                                                         out (net)
                      0.165562    0.000000    3.937478 v out (out)
                                              3.937478   data arrival time

                      0.000000   10.000000   10.000000   clock null (rise edge)
                                  0.000000   10.000000   clock network delay (ideal)
                                 -0.250000    9.750000   clock uncertainty
                                  0.000000    9.750000   clock reconvergence pessimism
                                 -2.000000    7.750000   output external delay
                                              7.750000   data required time
---------------------------------------------------------------------------------------------
                                              7.750000   data required time
                                             -3.937478   data arrival time
---------------------------------------------------------------------------------------------
                                              3.812522   slack (MET)



%OL_END_REPORT
%OL_CREATE_REPORT checks.rpt

===========================================================================
report_checks -unconstrained
===========================================================================
======================= nom_ss_100C_1v60 Corner ===================================

Startpoint: in (input port clocked by null)
Endpoint: out (output port clocked by null)
Path Group: null
Path Type: max

Fanout         Cap        Slew       Delay        Time   Description
---------------------------------------------------------------------------------------------
                      0.000000    0.000000    0.000000   clock null (rise edge)
                                  0.000000    0.000000   clock network delay (ideal)
                                  2.000000    2.000000 v input external delay
     1    0.001625    0.014323    0.005500    2.005500 v in (in)
                                                         in (net)
                      0.014323    0.000000    2.005500 v u0/A (sky130_fd_sc_hd__buf_2)
     1    0.001625    0.038827    0.190786    2.196286 v u0/X (sky130_fd_sc_hd__buf_2)
                                                         n0 (net)
                      0.038827    0.000000    2.196286 v u1/A (sky130_fd_sc_hd__buf_2)
     1    0.001625    0.039255    0.201674    2.397960 v u1/X (sky130_fd_sc_hd__buf_2)
                                                         n1 (net)
                      0.039255    0.000000    2.397960 v u2/A (sky130_fd_sc_hd__buf_2)
     1    0.001625    0.039255    0.201870    2.599829 v u2/X (sky130_fd_sc_hd__buf_2)
                                                         n2 (net)
                      0.039255    0.000000    2.599829 v u3/A (sky130_fd_sc_hd__buf_2)
     1    0.001625    0.039255    0.201870    2.801699 v u3/X (sky130_fd_sc_hd__buf_2)
                                                         n3 (net)
                      0.039255    0.000000    2.801699 v u4/A (sky130_fd_sc_hd__buf_2)
     1    0.001625    0.039255    0.201870    3.003569 v u4/X (sky130_fd_sc_hd__buf_2)
                                                         n4 (net)
                      0.039255    0.000000    3.003569 v u5/A (sky130_fd_sc_hd__buf_2)
     1    0.001625    0.039255    0.201870    3.205438 v u5/X (sky130_fd_sc_hd__buf_2)
                                                         n5 (net)
                      0.039255    0.000000    3.205438 v u6/A (sky130_fd_sc_hd__buf_2)
     1    0.001625    0.039255    0.201870    3.407308 v u6/X (sky130_fd_sc_hd__buf_2)
                                                         n6 (net)
                      0.039255    0.000000    3.407308 v u7/A (sky130_fd_sc_hd__buf_2)
     1    0.001625    0.039255    0.201870    3.609178 v u7/X (sky130_fd_sc_hd__buf_2)
                                                         n7 (net)
                      0.039255    0.000000    3.609178 v u8/A (sky130_fd_sc_hd__buf_2)
     1    0.033442    0.165562    0.328300    3.937478 v u8/X (sky130_fd_sc_hd__buf_2)
                                                         out (net)
                      0.165562    0.000000    3.937478 v out (out)
                                              3.937478   data arrival time

                      0.000000   10.000000   10.000000   clock null (rise edge)
                                  0.000000   10.000000   clock network delay (ideal)
                                 -0.250000    9.750000   clock uncertainty
                                  0.000000    9.750000   clock reconvergence pessimism
                                 -2.000000    7.750000   output external delay
                                              7.750000   data required time
---------------------------------------------------------------------------------------------
                                              7.750000   data required time
                                             -3.937478   data arrival time
---------------------------------------------------------------------------------------------
                                              3.812522   slack (MET)




===========================================================================
report_checks --slack_max -0.01
============================================================================
======================= nom_ss_100C_1v60 Corner ===================================

No paths found.


===========================================================================
 report_check_types -max_slew -max_cap -max_fanout -violators
============================================================================
======================= nom_ss_100C_1v60 Corner ===================================



===========================================================================
report_parasitic_annotation -report_unannotated
============================================================================
Found 10 unannotated drivers.
 in
 u0/X
 u1/X
 u2/X
 u3/X
 u4/X
 u5/X
 u6/X
 u7/X
 u8/X
Found 0 partially unannotated drivers.

===========================================================================
max slew violation count 0
%OL_METRIC_I design__max_slew_violation__count__corner:nom_ss_100C_1v60 0
max fanout violation count 0
%OL_METRIC_I design__max_fanout_violation__count__corner:nom_ss_100C_1v60 0
max cap violation count 0
%OL_METRIC_I design__max_cap_violation__count__corner:nom_ss_100C_1v60 0
============================================================================

===========================================================================
check_setup -verbose -unconstrained_endpoints -multiple_clock -no_clock -no_input_delay -loops -generated_clocks
===========================================================================
%OL_END_REPORT
%OL_CREATE_REPORT power.rpt

===========================================================================
 report_power
============================================================================
======================= nom_ss_100C_1v60 Corner ===================================

Group                    Internal    Switching      Leakage        Total
                            Power        Power        Power        Power (Watts)
------------------------------------------------------------------------
Sequential           0.000000e+00 0.000000e+00 0.000000e+00 0.000000e+00   0.0%
Combinational        9.783281e-07 6.075648e-07 5.059898e-08 1.636492e-06 100.0%
Clock                0.000000e+00 0.000000e+00 0.000000e+00 0.000000e+00   0.0%
Macro                0.000000e+00 0.000000e+00 0.000000e+00 0.000000e+00   0.0%
Pad                  0.000000e+00 0.000000e+00 0.000000e+00 0.000000e+00   0.0%
------------------------------------------------------------------------
Total                9.783281e-07 6.075648e-07 5.059898e-08 1.636492e-06 100.0%
                            59.8%        37.1%         3.1%
%OL_METRIC_F power__internal__total 9.783281029740465e-7
%OL_METRIC_F power__switching__total 6.075648002479284e-7
%OL_METRIC_F power__leakage__total 5.05989774524096e-8
%OL_METRIC_F power__total 1.6364919019906665e-6

%OL_END_REPORT
%OL_CREATE_REPORT skew.min.rpt

===========================================================================
Clock Skew (Hold)
============================================================================
%OL_METRIC_F clock__skew__worst_hold__corner:nom_ss_100C_1v60 0.0
======================= nom_ss_100C_1v60 Corner ===================================

Clock null
No launch/capture paths found.

%OL_END_REPORT
%OL_CREATE_REPORT skew.max.rpt

===========================================================================
Clock Skew (Setup)
============================================================================
%OL_METRIC_F clock__skew__worst_setup__corner:nom_ss_100C_1v60 0.0
======================= nom_ss_100C_1v60 Corner ===================================

Clock null
No launch/capture paths found.

%OL_END_REPORT
%OL_CREATE_REPORT ws.min.rpt

===========================================================================
Worst Slack (Hold)
============================================================================
%OL_METRIC_F timing__hold__ws__corner:nom_ss_100C_1v60 5.252389782883669
nom_ss_100C_1v60: 5.252389782883669
%OL_END_REPORT
%OL_CREATE_REPORT ws.max.rpt

===========================================================================
Worst Slack (Setup)
============================================================================
%OL_METRIC_F timing__setup__ws__corner:nom_ss_100C_1v60 3.812521961599827
nom_ss_100C_1v60: 3.812521961599827
%OL_END_REPORT
%OL_CREATE_REPORT tns.min.rpt

===========================================================================
Total Negative Slack (Hold)
============================================================================
%OL_METRIC_F timing__hold__tns__corner:nom_ss_100C_1v60 0.0
nom_ss_100C_1v60: 0.0
%OL_END_REPORT
%OL_CREATE_REPORT tns.max.rpt

===========================================================================
Total Negative Slack (Setup)
============================================================================
%OL_METRIC_F timing__setup__tns__corner:nom_ss_100C_1v60 0.0
nom_ss_100C_1v60: 0.0
%OL_END_REPORT
%OL_CREATE_REPORT wns.min.rpt

===========================================================================
Worst Negative Slack (Hold)
============================================================================
%OL_METRIC_F timing__hold__wns__corner:nom_ss_100C_1v60 0
nom_ss_100C_1v60: 0
%OL_END_REPORT
%OL_CREATE_REPORT wns.max.rpt

===========================================================================
Worst Negative Slack (Setup)
============================================================================
%OL_METRIC_F timing__setup__wns__corner:nom_ss_100C_1v60 0.0
nom_ss_100C_1v60: 0.0
%OL_END_REPORT
%OL_CREATE_REPORT violator_list.rpt

===========================================================================
Violator List
============================================================================
%OL_METRIC_I timing__hold_vio__count__corner:nom_ss_100C_1v60 0
%OL_METRIC_F timing__hold_r2r__ws__corner:nom_ss_100C_1v60 inf
%OL_METRIC_I timing__hold_r2r_vio__count__corner:nom_ss_100C_1v60 0
%OL_METRIC_I timing__setup_vio__count__corner:nom_ss_100C_1v60 0
%OL_METRIC_F timing__setup_r2r__ws__corner:nom_ss_100C_1v60 inf
%OL_METRIC_I timing__setup_r2r_vio__count__corner:nom_ss_100C_1v60 0
%OL_END_REPORT
%OL_CREATE_REPORT unpropagated.rpt
null
%OL_END_REPORT
%OL_CREATE_REPORT clock.rpt
Clock: null
Sources: 
Generated: no
Virtual: yes
Propagated: no
Period: 10.000000

===========================================================================
report_clock_properties
============================================================================
Clock                   Period          Waveform
----------------------------------------------------
null                 10.000000    0.000000  5.000000

===========================================================================
report_clock_latency
============================================================================
Clock null


===========================================================================
report_clock_min_period
============================================================================
null period_min = 0.00 fmax = inf
%OL_END_REPORT
Writing SDF files for all corners…
