Startpoint: rst (input port clocked by clk)
Endpoint: _1560_ (recovery check against rising-edge clock clk)
Path Group: asynchronous
Path Type: max

  Delay    Time   Description
---------------------------------------------------------
   0.00    0.00   clock clk (rise edge)
   0.00    0.00   clock network delay (propagated)
   2.00    2.00 v input external delay
   0.00    2.00 v rst (in)
   0.07    2.07 v input9/X (sky130_fd_sc_hd__buf_1)
   0.10    2.18 v max_cap212/X (sky130_fd_sc_hd__buf_2)
   0.24    2.41 v fanout210/X (sky130_fd_sc_hd__clkdlybuf4s25_1)
   0.12    2.53 v load_slew211/X (sky130_fd_sc_hd__buf_2)
   0.27    2.80 v fanout189/X (sky130_fd_sc_hd__clkdlybuf4s25_1)
   0.29    3.09 v fanout187/X (sky130_fd_sc_hd__clkdlybuf4s25_1)
   0.31    3.40 v fanout185/X (sky130_fd_sc_hd__clkdlybuf4s25_1)
   0.18    3.58 v load_slew186/X (sky130_fd_sc_hd__buf_4)
   0.04    3.62 ^ _1387_/Y (sky130_fd_sc_hd__inv_2)
   0.00    3.62 ^ _1560_/RESET_B (sky130_fd_sc_hd__dfrtp_2)
           3.62   data arrival time

  10.00   10.00   clock clk (rise edge)
   0.38   10.38   clock network delay (propagated)
  -0.25   10.13   clock uncertainty
   0.00   10.13   clock reconvergence pessimism
          10.13 ^ _1560_/CLK (sky130_fd_sc_hd__dfrtp_2)
   0.19   10.32   library recovery time
          10.32   data required time
---------------------------------------------------------
          10.32   data required time
          -3.62   data arrival time
---------------------------------------------------------
           6.70   slack (MET)


Startpoint: start (input port clocked by clk)
Endpoint: _1709_ (rising edge-triggered flip-flop clocked by clk)
Path Group: clk
Path Type: max

  Delay    Time   Description
---------------------------------------------------------
   0.00    0.00   clock clk (rise edge)
   0.00    0.00   clock network delay (propagated)
   2.00    2.00 ^ input external delay
   0.01    2.01 ^ start (in)
   0.24    2.25 ^ input10/X (sky130_fd_sc_hd__clkdlybuf4s25_1)
   0.06    2.31 v _1075_/Y (sky130_fd_sc_hd__nand2b_2)
   0.19    2.50 v _1076_/X (sky130_fd_sc_hd__and2_2)
   0.10    2.60 ^ _1077_/Y (sky130_fd_sc_hd__nor2_2)
   0.39    2.99 ^ fanout103/X (sky130_fd_sc_hd__clkdlybuf4s25_1)
   0.14    3.13 ^ _1113_/X (sky130_fd_sc_hd__a22o_2)
   0.54    3.67 ^ hold357/X (sky130_fd_sc_hd__dlygate4sd3_1)
   0.00    3.67 ^ _1709_/D (sky130_fd_sc_hd__dfrtp_2)
           3.67   data arrival time

  10.00   10.00   clock clk (rise edge)
   0.38   10.38   clock network delay (propagated)
  -0.25   10.13   clock uncertainty
   0.00   10.13   clock reconvergence pessimism
          10.13 ^ _1709_/CLK (sky130_fd_sc_hd__dfrtp_2)
  -0.05   10.08   library setup time
          10.08   data required time
---------------------------------------------------------
          10.08   data required time
          -3.67   data arrival time
---------------------------------------------------------
           6.41   slack (MET)


