Reading technology LEF file at '/foss/pdks/ihp-sg13g2/libs.ref/sg13g2_stdcell/lef/sg13g2_tech.lef'…
[INFO ODB-0227] LEF file: /foss/pdks/ihp-sg13g2/libs.ref/sg13g2_stdcell/lef/sg13g2_tech.lef, created 19 layers, 70 vias
Reading cell LEF file at '/foss/pdks/ihp-sg13g2/libs.ref/sg13g2_stdcell/lef/sg13g2_stdcell.lef'…
[INFO ODB-0227] LEF file: /foss/pdks/ihp-sg13g2/libs.ref/sg13g2_stdcell/lef/sg13g2_stdcell.lef, created 84 library cells
Reading gpio pad LEF file at '/foss/pdks/ihp-sg13g2/libs.ref/sg13g2_io/lef/sg13g2_io.lef'…
[INFO ODB-0227] LEF file: /foss/pdks/ihp-sg13g2/libs.ref/sg13g2_io/lef/sg13g2_io.lef, created 22 library cells
[INFO ODB-0127] Reading DEF file: /foss/designs/sky130_characterization/openlane/characterization_top/runs/RUN_2026-06-19_09-25-21/53-odb-cellfrequencytables/characterization_top.def
[INFO ODB-0128] Design: characterization_top
[INFO ODB-0130]     Created 106 pins.
[INFO ODB-0131]     Created 18465 components and 42313 component-terminals.
[INFO ODB-0132]     Created 2 special nets and 36930 connections.
[INFO ODB-0133]     Created 1879 nets and 5367 connections.
[INFO ODB-0134] Finished DEF file: /foss/designs/sky130_characterization/openlane/characterization_top/runs/RUN_2026-06-19_09-25-21/53-odb-cellfrequencytables/characterization_top.def
Using RCX ruleset '/foss/pdks/ihp-sg13g2/libs.tech/librelane/openrcx/IHP_rcx_patterns.rules'…
[INFO RCX-0431] Defined process_corner CURRENT_CORNER with ext_model_index 0
[INFO RCX-0029] Defined extraction corner CURRENT_CORNER
+ extract_parasitics  -ext_model_file /foss/pdks/ihp-sg13g2/libs.tech/librelane/openrcx/IHP_rcx_patterns.rules -lef_res
[INFO RCX-0435] Reading extraction model file /foss/pdks/ihp-sg13g2/libs.tech/librelane/openrcx/IHP_rcx_patterns.rules ...
[INFO RCX-0436] RC segment generation characterization_top (max_merge_res 50.0) ...
[INFO RCX-0040] Final 6662 rc segments
[INFO RCX-0439] Coupling Cap extraction characterization_top ...
[INFO RCX-0440] Coupling threshhold is 0.1000 fF, coupling capacitance less than 0.1000 fF will be grounded.
[INFO RCX-0442] 52% of 10510 wires extracted
[INFO RCX-0442] 100% of 10510 wires extracted
[INFO RCX-0045] Extract 1879 nets, 8541 rsegs, 8541 caps, 10174 ccs
Setting global connections for newly added cells…
[INFO] Setting global connections...
[INFO ODB-0403] 0 connections made, 0 conflicts skipped.
Updating metrics…
Cell type report:                       Count       Area
  Fill cell                             16578  198279.45
  Antenna cell                              3      16.33
  Standard cell                          1884   30514.58
  Total                                 18465  228810.36
Writing extracted parasitics to '/foss/designs/sky130_characterization/openlane/characterization_top/runs/RUN_2026-06-19_09-25-21/54-openroad-rcx/nom/characterization_top.nom.spef'…
[INFO RCX-0443] 1879 nets finished
