
 /----------------------------------------------------------------------------\
 |  yosys -- Yosys Open SYnthesis Suite                                       |
 |  Copyright (C) 2012 - 2026  Claire Xenia Wolf <claire@yosyshq.com>         |
 |  Distributed under an ISC-like license, type "license" to see terms        |
 \----------------------------------------------------------------------------/
 Yosys 0.65 (git sha1 b85cad634, g++ 13.3.0-6ubuntu2~24.04.1 -fPIC -O3)

1. Executing Liberty frontend: /foss/pdks/sky130A/libs.ref/sky130_fd_sc_hd/lib/sky130_fd_sc_hd__tt_025C_1v80.lib
Imported 428 cell types from liberty file.
[INFO] Using SDC file '/foss/designs/sky130_characterization/openlane/ro_physical_top/runs/RUN_2026-07-07_10-36-36/06-yosys-synthesis/synthesis.abc.sdc' for ABC…wtaf

2. Executing Verilog-2005 frontend: /foss/designs/sky130_characterization/rtl/ro_physical_top.v
Parsing SystemVerilog input from `/foss/designs/sky130_characterization/rtl/ro_physical_top.v' to AST representation.
Storing AST representation for module `$abstract\ro_physical_top'.
Successfully finished Verilog frontend.

3. Executing HIERARCHY pass (managing design hierarchy).

4. Executing AST frontend in derive mode using pre-parsed AST for module `\ro_physical_top'.
Generating RTLIL representation for module `\ro_physical_top'.

4.1. Analyzing design hierarchy..
Top module:  \ro_physical_top

4.2. Analyzing design hierarchy..
Top module:  \ro_physical_top
Removing unused module `$abstract\ro_physical_top'.
Removed 1 unused modules.
Renaming module ro_physical_top to ro_physical_top.

5. Executing ATTRMAP pass (move or copy attributes).

6. Executing TRIBUF pass.

7. Executing HIERARCHY pass (managing design hierarchy).

7.1. Analyzing design hierarchy..
Top module:  \ro_physical_top

7.2. Analyzing design hierarchy..
Top module:  \ro_physical_top
Removed 0 unused modules.

8. Executing PROC_CLEAN pass (remove empty switches from decision trees).
Cleaned up 0 empty switches.

9. Executing PROC_RMDEAD pass (remove dead branches from decision trees).
Removed a total of 0 dead cases.

10. Executing PROC_PRUNE pass (remove redundant assignments in processes).
Removed 0 redundant assignments.
Promoted 0 assignments to connections.

11. Executing PROC_INIT pass (extract init attributes).

12. Executing PROC_ARST pass (detect async resets in processes).

13. Executing PROC_ROM pass (convert switches to ROMs).
Converted 0 switches.

14. Executing PROC_MUX pass (convert decision trees to multiplexers).

15. Executing PROC_DLATCH pass (convert process syncs to latches).

16. Executing PROC_DFF pass (convert process syncs to FFs).

17. Executing PROC_MEMWR pass (convert process memory writes to cells).

18. Executing PROC_CLEAN pass (remove empty switches from decision trees).
Cleaned up 0 empty switches.

19. Executing CHECK pass (checking for obvious problems).
Checking module ro_physical_top...
Found and reported 0 problems.

20. Executing OPT_EXPR pass (perform const folding).
Optimizing module ro_physical_top.

21. Executing FLATTEN pass (flatten design).

22. Executing OPT_EXPR pass (perform const folding).
Optimizing module ro_physical_top.

23. Executing OPT_CLEAN pass (remove unused cells and wires).
Finding unused cells or wires in module \ro_physical_top..

24. Executing OPT_EXPR pass (perform const folding).
Optimizing module ro_physical_top.

25. Executing OPT_MERGE pass (detect identical cells).
Finding identical cells in module `\ro_physical_top'.
Computing hashes of 6 cells of `\ro_physical_top'.
Finding duplicate cells in `\ro_physical_top'.
Removed a total of 0 cells.

26. Executing OPT_MUXTREE pass (detect dead branches in mux trees).
Running muxtree optimizer on module \ro_physical_top..
  Creating internal representation of mux trees.
  No muxes found in this module.
Removed 0 multiplexer ports.

27. Executing OPT_REDUCE pass (consolidate $*mux and $reduce_* inputs).
  Optimizing cells in module \ro_physical_top.
Performed a total of 0 changes.

28. Executing OPT_MERGE pass (detect identical cells).
Finding identical cells in module `\ro_physical_top'.
Computing hashes of 6 cells of `\ro_physical_top'.
Finding duplicate cells in `\ro_physical_top'.
Removed a total of 0 cells.

29. Executing OPT_DFF pass (perform DFF optimizations).

30. Executing OPT_CLEAN pass (remove unused cells and wires).
Finding unused cells or wires in module \ro_physical_top..

31. Executing OPT_EXPR pass (perform const folding).
Optimizing module ro_physical_top.

32. Executing FSM pass (extract and optimize FSM).

32.1. Executing FSM_DETECT pass (finding FSMs in design).

32.2. Executing FSM_EXTRACT pass (extracting FSM from design).

32.3. Executing FSM_OPT pass (simple optimizations of FSMs).

32.4. Executing OPT_CLEAN pass (remove unused cells and wires).
Finding unused cells or wires in module \ro_physical_top..

32.5. Executing FSM_OPT pass (simple optimizations of FSMs).

32.6. Executing FSM_RECODE pass (re-assigning FSM state encoding).

32.7. Executing FSM_INFO pass (dumping all available information on FSM cells).

32.8. Executing FSM_MAP pass (mapping FSMs to basic logic).

33. Executing OPT_EXPR pass (perform const folding).
Optimizing module ro_physical_top.

34. Executing OPT_MERGE pass (detect identical cells).
Finding identical cells in module `\ro_physical_top'.
Computing hashes of 6 cells of `\ro_physical_top'.
Finding duplicate cells in `\ro_physical_top'.
Removed a total of 0 cells.

35. Executing OPT_MUXTREE pass (detect dead branches in mux trees).
Running muxtree optimizer on module \ro_physical_top..
  Creating internal representation of mux trees.
  No muxes found in this module.
Removed 0 multiplexer ports.

36. Executing OPT_REDUCE pass (consolidate $*mux and $reduce_* inputs).
  Optimizing cells in module \ro_physical_top.
Performed a total of 0 changes.

37. Executing OPT_MERGE pass (detect identical cells).
Finding identical cells in module `\ro_physical_top'.
Computing hashes of 6 cells of `\ro_physical_top'.
Finding duplicate cells in `\ro_physical_top'.
Removed a total of 0 cells.

38. Executing OPT_DFF pass (perform DFF optimizations).

39. Executing OPT_CLEAN pass (remove unused cells and wires).
Finding unused cells or wires in module \ro_physical_top..

40. Executing OPT_EXPR pass (perform const folding).
Optimizing module ro_physical_top.

41. Executing WREDUCE pass (reducing word size of cells).

42. Executing PEEPOPT pass (run peephole optimizers).

43. Executing OPT_CLEAN pass (remove unused cells and wires).
Finding unused cells or wires in module \ro_physical_top..

44. Executing ALUMACC pass (create $alu and $macc cells).
Extracting $alu and $macc cells in module ro_physical_top:
  created 0 $alu and 0 $macc cells.

45. Executing SHARE pass (SAT-based resource sharing).

46. Executing OPT_EXPR pass (perform const folding).
Optimizing module ro_physical_top.

47. Executing OPT_MERGE pass (detect identical cells).
Finding identical cells in module `\ro_physical_top'.
Computing hashes of 6 cells of `\ro_physical_top'.
Finding duplicate cells in `\ro_physical_top'.
Removed a total of 0 cells.

48. Executing OPT_MUXTREE pass (detect dead branches in mux trees).
Running muxtree optimizer on module \ro_physical_top..
  Creating internal representation of mux trees.
  No muxes found in this module.
Removed 0 multiplexer ports.

49. Executing OPT_REDUCE pass (consolidate $*mux and $reduce_* inputs).
  Optimizing cells in module \ro_physical_top.
Performed a total of 0 changes.

50. Executing OPT_MERGE pass (detect identical cells).
Finding identical cells in module `\ro_physical_top'.
Computing hashes of 6 cells of `\ro_physical_top'.
Finding duplicate cells in `\ro_physical_top'.
Removed a total of 0 cells.

51. Executing OPT_DFF pass (perform DFF optimizations).

52. Executing OPT_CLEAN pass (remove unused cells and wires).
Finding unused cells or wires in module \ro_physical_top..

53. Executing OPT_EXPR pass (perform const folding).
Optimizing module ro_physical_top.

54. Executing MEMORY pass.

54.1. Executing OPT_MEM pass (optimize memories).
Performed a total of 0 transformations.

54.2. Executing OPT_MEM_PRIORITY pass (removing unnecessary memory write priority relations).
Performed a total of 0 transformations.

54.3. Executing OPT_MEM_FEEDBACK pass (finding memory read-to-write feedback paths).

54.4. Executing MEMORY_BMUX2ROM pass (converting muxes to ROMs).

54.5. Executing MEMORY_DFF pass (merging $dff cells to $memrd).

54.6. Executing OPT_CLEAN pass (remove unused cells and wires).
Finding unused cells or wires in module \ro_physical_top..

54.7. Executing MEMORY_SHARE pass (consolidating $memrd/$memwr cells).

54.8. Executing OPT_MEM_WIDEN pass (optimize memories where all ports are wide).
Performed a total of 0 transformations.

54.9. Executing OPT_CLEAN pass (remove unused cells and wires).
Finding unused cells or wires in module \ro_physical_top..

54.10. Executing MEMORY_COLLECT pass (generating $mem cells).

55. Executing OPT_CLEAN pass (remove unused cells and wires).
Finding unused cells or wires in module \ro_physical_top..

56. Executing OPT_EXPR pass (perform const folding).
Optimizing module ro_physical_top.

57. Executing OPT_MERGE pass (detect identical cells).
Finding identical cells in module `\ro_physical_top'.
Computing hashes of 6 cells of `\ro_physical_top'.
Finding duplicate cells in `\ro_physical_top'.
Removed a total of 0 cells.

58. Executing OPT_DFF pass (perform DFF optimizations).

59. Executing OPT_CLEAN pass (remove unused cells and wires).
Finding unused cells or wires in module \ro_physical_top..

60. Executing MEMORY_MAP pass (converting memories to logic and flip-flops).

61. Executing OPT_EXPR pass (perform const folding).
Optimizing module ro_physical_top.

62. Executing OPT_MERGE pass (detect identical cells).
Finding identical cells in module `\ro_physical_top'.
Computing hashes of 6 cells of `\ro_physical_top'.
Finding duplicate cells in `\ro_physical_top'.
Removed a total of 0 cells.

63. Executing OPT_MUXTREE pass (detect dead branches in mux trees).
Running muxtree optimizer on module \ro_physical_top..
  Creating internal representation of mux trees.
  No muxes found in this module.
Removed 0 multiplexer ports.

64. Executing OPT_REDUCE pass (consolidate $*mux and $reduce_* inputs).
  Optimizing cells in module \ro_physical_top.
Performed a total of 0 changes.

65. Executing OPT_MERGE pass (detect identical cells).
Finding identical cells in module `\ro_physical_top'.
Computing hashes of 6 cells of `\ro_physical_top'.
Finding duplicate cells in `\ro_physical_top'.
Removed a total of 0 cells.

66. Executing OPT_SHARE pass.

67. Executing OPT_DFF pass (perform DFF optimizations).

68. Executing OPT_CLEAN pass (remove unused cells and wires).
Finding unused cells or wires in module \ro_physical_top..

69. Executing OPT_EXPR pass (perform const folding).
Optimizing module ro_physical_top.

70. Executing TECHMAP pass (map to technology primitives).

70.1. Executing Verilog-2005 frontend: /foss/tools/yosys/bin/../share/yosys/techmap.v
Parsing Verilog input from `/foss/tools/yosys/bin/../share/yosys/techmap.v' to AST representation.
Generating RTLIL representation for module `\_90_simplemap_bool_ops'.
Generating RTLIL representation for module `\_90_simplemap_reduce_ops'.
Generating RTLIL representation for module `\_90_simplemap_logic_ops'.
Generating RTLIL representation for module `\_90_simplemap_compare_ops'.
Generating RTLIL representation for module `\_90_simplemap_various'.
Generating RTLIL representation for module `\_90_simplemap_registers'.
Generating RTLIL representation for module `\_90_shift_ops_shr_shl_sshl_sshr'.
Generating RTLIL representation for module `\_90_shift_shiftx'.
Generating RTLIL representation for module `\_90_fa'.
Generating RTLIL representation for module `\_90_lcu_brent_kung'.
Generating RTLIL representation for module `\_90_alu'.
Generating RTLIL representation for module `\_90_macc'.
Generating RTLIL representation for module `\_90_alumacc'.
Generating RTLIL representation for module `$__div_mod_u'.
Generating RTLIL representation for module `$__div_mod_trunc'.
Generating RTLIL representation for module `\_90_div'.
Generating RTLIL representation for module `\_90_mod'.
Generating RTLIL representation for module `$__div_mod_floor'.
Generating RTLIL representation for module `\_90_divfloor'.
Generating RTLIL representation for module `\_90_modfloor'.
Generating RTLIL representation for module `\_90_pow'.
Generating RTLIL representation for module `\_90_demux'.
Generating RTLIL representation for module `\_90_lut'.
Generating RTLIL representation for module `$connect'.
Generating RTLIL representation for module `$input_port'.
Successfully finished Verilog frontend.

70.2. Continuing TECHMAP pass.
No more expansions possible.
<suppressed ~77 debug messages>

71. Executing OPT_EXPR pass (perform const folding).
Optimizing module ro_physical_top.

72. Executing OPT_MERGE pass (detect identical cells).
Finding identical cells in module `\ro_physical_top'.
Computing hashes of 6 cells of `\ro_physical_top'.
Finding duplicate cells in `\ro_physical_top'.
Removed a total of 0 cells.

73. Executing OPT_DFF pass (perform DFF optimizations).

74. Executing OPT_CLEAN pass (remove unused cells and wires).
Finding unused cells or wires in module \ro_physical_top..

75. Executing OPT_EXPR pass (perform const folding).
Optimizing module ro_physical_top.

76. Executing OPT_MERGE pass (detect identical cells).
Finding identical cells in module `\ro_physical_top'.
Computing hashes of 6 cells of `\ro_physical_top'.
Finding duplicate cells in `\ro_physical_top'.
Removed a total of 0 cells.

77. Executing OPT_DFF pass (perform DFF optimizations).

78. Executing OPT_CLEAN pass (remove unused cells and wires).
Finding unused cells or wires in module \ro_physical_top..

79. Executing ABC pass (technology mapping using ABC).

79.1. Extracting gate netlist of module `\ro_physical_top' to `<abc-temp-dir>/input.blif'..

79.1.1. Executed ABC.
Extracted 0 gates and 0 wires to a netlist network with 0 inputs and 0 outputs.
Don't call ABC as there is nothing to map.
Removing temp directory.
Removing global temp directory.

80. Executing OPT pass (performing simple optimizations).

80.1. Executing OPT_EXPR pass (perform const folding).
Optimizing module ro_physical_top.

80.2. Executing OPT_MERGE pass (detect identical cells).
Finding identical cells in module `\ro_physical_top'.
Computing hashes of 6 cells of `\ro_physical_top'.
Finding duplicate cells in `\ro_physical_top'.
Removed a total of 0 cells.

80.3. Executing OPT_DFF pass (perform DFF optimizations).

80.4. Executing OPT_CLEAN pass (remove unused cells and wires).
Finding unused cells or wires in module \ro_physical_top..

80.5. Finished fast OPT passes.

81. Executing HIERARCHY pass (managing design hierarchy).

81.1. Analyzing design hierarchy..
Top module:  \ro_physical_top

81.2. Analyzing design hierarchy..
Top module:  \ro_physical_top
Removed 0 unused modules.

82. Executing CHECK pass (checking for obvious problems).
Checking module ro_physical_top...
Found and reported 0 problems.

83. Printing statistics.

=== ro_physical_top ===

        +----------Local Count, excluding submodules.
        | 
        7 wires
        7 wire bits
        7 public wires
        7 public wire bits
        2 ports
        2 port bits
        6 cells
        1   sky130_fd_sc_hd__buf_2
        4   sky130_fd_sc_hd__inv_1
        1   sky130_fd_sc_hd__nand2_1

84. Executing OPT pass (performing simple optimizations).

84.1. Executing OPT_EXPR pass (perform const folding).
Optimizing module ro_physical_top.

84.2. Executing OPT_MERGE pass (detect identical cells).
Finding identical cells in module `\ro_physical_top'.
Computing hashes of 6 cells of `\ro_physical_top'.
Finding duplicate cells in `\ro_physical_top'.
Removed a total of 0 cells.

84.3. Executing OPT_MUXTREE pass (detect dead branches in mux trees).
Running muxtree optimizer on module \ro_physical_top..
  Creating internal representation of mux trees.
  No muxes found in this module.
Removed 0 multiplexer ports.

84.4. Executing OPT_REDUCE pass (consolidate $*mux and $reduce_* inputs).
  Optimizing cells in module \ro_physical_top.
Performed a total of 0 changes.

84.5. Executing OPT_MERGE pass (detect identical cells).
Finding identical cells in module `\ro_physical_top'.
Computing hashes of 6 cells of `\ro_physical_top'.
Finding duplicate cells in `\ro_physical_top'.
Removed a total of 0 cells.

84.6. Executing OPT_DFF pass (perform DFF optimizations).

84.7. Executing OPT_CLEAN pass (remove unused cells and wires).
Finding unused cells or wires in module \ro_physical_top..

84.8. Executing OPT_EXPR pass (perform const folding).
Optimizing module ro_physical_top.

84.9. Finished fast OPT passes. (There is nothing left to do.)

85. Executing OPT_CLEAN pass (remove unused cells and wires).
Finding unused cells or wires in module \ro_physical_top..
{
   "creator": "Yosys 0.65 (git sha1 b85cad634, g++ 13.3.0-6ubuntu2~24.04.1 -fPIC -O3)",
   "invocation": "stat -json -liberty /foss/designs/sky130_characterization/openlane/ro_physical_top/runs/RUN_2026-07-07_10-36-36/tmp/63d920c743c543c393673e9ddade8386.lib ",
   "modules": {
      "\\ro_physical_top": {
         "num_wires":         7,
         "num_wire_bits":     7,
         "num_pub_wires":     7,
         "num_pub_wire_bits": 7,
         "num_ports":         2,
         "num_port_bits":     2,
         "num_memories":      0,
         "num_memory_bits":   0,
         "num_processes":     0,
         "num_cells":         6,
         "num_submodules":       0,
         "area":              5.004800,
         "sequential_area":    0.000000,
         "num_cells_by_type": {
            "sky130_fd_sc_hd__buf_2": 1,
            "sky130_fd_sc_hd__inv_1": 4,
            "sky130_fd_sc_hd__nand2_1": 1
         }
      }
   },
      "design": {
         "num_wires":         7,
         "num_wire_bits":     7,
         "num_pub_wires":     7,
         "num_pub_wire_bits": 7,
         "num_ports":         2,
         "num_port_bits":     2,
         "num_memories":      0,
         "num_memory_bits":   0,
         "num_processes":     0,
         "num_cells":         6,
         "num_submodules":       0,
         "area":              5.004800,
         "sequential_area":    0.000000,
         "num_cells_by_type": {
            "sky130_fd_sc_hd__buf_2": 1,
            "sky130_fd_sc_hd__inv_1": 4,
            "sky130_fd_sc_hd__nand2_1": 1
         }
      }
}

86. Printing statistics.

=== ro_physical_top ===

        +----------Local Count, excluding submodules.
        |        +-Local Area, excluding submodules.
        |        | 
        7        - wires
        7        - wire bits
        7        - public wires
        7        - public wire bits
        2        - ports
        2        - port bits
        6    5.005 cells
        1    5.005   sky130_fd_sc_hd__buf_2
        4        -   sky130_fd_sc_hd__inv_1
        1        -   sky130_fd_sc_hd__nand2_1

   Area for cell type \sky130_fd_sc_hd__inv_1 is unknown!
   Area for cell type \sky130_fd_sc_hd__nand2_1 is unknown!

   Chip area for module '\ro_physical_top': 5.004800
     of which used for sequential elements: 0.000000 (0.00%)

[INFO] Applying tri-state buffer mapping from '/foss/pdks/sky130A/libs.tech/librelane/sky130_fd_sc_hd/tribuff_map.v'…

87. Executing TECHMAP pass (map to technology primitives).

87.1. Executing Verilog-2005 frontend: /foss/pdks/sky130A/libs.tech/librelane/sky130_fd_sc_hd/tribuff_map.v
Parsing Verilog input from `/foss/pdks/sky130A/libs.tech/librelane/sky130_fd_sc_hd/tribuff_map.v' to AST representation.
Generating RTLIL representation for module `$_TBUF_'.
Successfully finished Verilog frontend.

87.2. Continuing TECHMAP pass.
No more expansions possible.
<suppressed ~3 debug messages>

88. Executing SIMPLEMAP pass (map simple cells to gate primitives).
[INFO] Applying latch mapping from '/foss/pdks/sky130A/libs.tech/librelane/sky130_fd_sc_hd/latch_map.v'…

89. Executing TECHMAP pass (map to technology primitives).

89.1. Executing Verilog-2005 frontend: /foss/pdks/sky130A/libs.tech/librelane/sky130_fd_sc_hd/latch_map.v
Parsing Verilog input from `/foss/pdks/sky130A/libs.tech/librelane/sky130_fd_sc_hd/latch_map.v' to AST representation.
Generating RTLIL representation for module `$_DLATCH_P_'.
Generating RTLIL representation for module `$_DLATCH_N_'.
Successfully finished Verilog frontend.

89.2. Continuing TECHMAP pass.
No more expansions possible.
<suppressed ~4 debug messages>

90. Executing SIMPLEMAP pass (map simple cells to gate primitives).

91. Executing DFFLIBMAP pass (mapping DFF cells to sequential cells from liberty file).
  cell sky130_fd_sc_hd__dfxtp_2 (noninv, pins=3, area=21.27) is a direct match for cell type $_DFF_P_.
  cell sky130_fd_sc_hd__dfrtp_2 (noninv, pins=4, area=26.28) is a direct match for cell type $_DFF_PN0_.
  cell sky130_fd_sc_hd__dfstp_2 (noninv, pins=4, area=26.28) is a direct match for cell type $_DFF_PN1_.
  cell sky130_fd_sc_hd__dfbbn_2 (noninv, pins=6, area=35.03) is a direct match for cell type $_DFFSR_NNN_.
  final dff cell mappings:
    unmapped dff cell: $_DFF_N_
    \sky130_fd_sc_hd__dfxtp_2 _DFF_P_ (.CLK( C), .D( D), .Q( Q));
    unmapped dff cell: $_DFF_NN0_
    unmapped dff cell: $_DFF_NN1_
    unmapped dff cell: $_DFF_NP0_
    unmapped dff cell: $_DFF_NP1_
    \sky130_fd_sc_hd__dfrtp_2 _DFF_PN0_ (.CLK( C), .D( D), .Q( Q), .RESET_B( R));
    \sky130_fd_sc_hd__dfstp_2 _DFF_PN1_ (.CLK( C), .D( D), .Q( Q), .SET_B( R));
    unmapped dff cell: $_DFF_PP0_
    unmapped dff cell: $_DFF_PP1_
    unmapped dff cell: $_DFFE_NN_
    unmapped dff cell: $_DFFE_NP_
    unmapped dff cell: $_DFFE_PN_
    unmapped dff cell: $_DFFE_PP_
    \sky130_fd_sc_hd__dfbbn_2 _DFFSR_NNN_ (.CLK_N( C), .D( D), .Q( Q), .Q_N(~Q), .RESET_B( R), .SET_B( S));
    unmapped dff cell: $_DFFSR_NNP_
    unmapped dff cell: $_DFFSR_NPN_
    unmapped dff cell: $_DFFSR_NPP_
    unmapped dff cell: $_DFFSR_PNN_
    unmapped dff cell: $_DFFSR_PNP_
    unmapped dff cell: $_DFFSR_PPN_
    unmapped dff cell: $_DFFSR_PPP_

91.1. Executing DFFLEGALIZE pass (convert FFs to types supported by the target).
Mapping DFF cells in module `\ro_physical_top':
{
   "creator": "Yosys 0.65 (git sha1 b85cad634, g++ 13.3.0-6ubuntu2~24.04.1 -fPIC -O3)",
   "invocation": "stat -json -liberty /foss/designs/sky130_characterization/openlane/ro_physical_top/runs/RUN_2026-07-07_10-36-36/tmp/63d920c743c543c393673e9ddade8386.lib ",
   "modules": {
      "\\ro_physical_top": {
         "num_wires":         7,
         "num_wire_bits":     7,
         "num_pub_wires":     7,
         "num_pub_wire_bits": 7,
         "num_ports":         2,
         "num_port_bits":     2,
         "num_memories":      0,
         "num_memory_bits":   0,
         "num_processes":     0,
         "num_cells":         6,
         "num_submodules":       0,
         "area":              5.004800,
         "sequential_area":    0.000000,
         "num_cells_by_type": {
            "sky130_fd_sc_hd__buf_2": 1,
            "sky130_fd_sc_hd__inv_1": 4,
            "sky130_fd_sc_hd__nand2_1": 1
         }
      }
   },
      "design": {
         "num_wires":         7,
         "num_wire_bits":     7,
         "num_pub_wires":     7,
         "num_pub_wire_bits": 7,
         "num_ports":         2,
         "num_port_bits":     2,
         "num_memories":      0,
         "num_memory_bits":   0,
         "num_processes":     0,
         "num_cells":         6,
         "num_submodules":       0,
         "area":              5.004800,
         "sequential_area":    0.000000,
         "num_cells_by_type": {
            "sky130_fd_sc_hd__buf_2": 1,
            "sky130_fd_sc_hd__inv_1": 4,
            "sky130_fd_sc_hd__nand2_1": 1
         }
      }
}

92. Printing statistics.

=== ro_physical_top ===

        +----------Local Count, excluding submodules.
        |        +-Local Area, excluding submodules.
        |        | 
        7        - wires
        7        - wire bits
        7        - public wires
        7        - public wire bits
        2        - ports
        2        - port bits
        6    5.005 cells
        1    5.005   sky130_fd_sc_hd__buf_2
        4        -   sky130_fd_sc_hd__inv_1
        1        -   sky130_fd_sc_hd__nand2_1

   Area for cell type \sky130_fd_sc_hd__inv_1 is unknown!
   Area for cell type \sky130_fd_sc_hd__nand2_1 is unknown!

   Chip area for module '\ro_physical_top': 5.004800
     of which used for sequential elements: 0.000000 (0.00%)

[INFO] Using generated ABC script '/foss/designs/sky130_characterization/openlane/ro_physical_top/runs/RUN_2026-07-07_10-36-36/06-yosys-synthesis/AREA_0.abc'…

93. Executing ABC pass (technology mapping using ABC).

93.1. Extracting gate netlist of module `\ro_physical_top' to `/tmp/yosys-abc-nuogYf/input.blif'..

93.1.1. Executed ABC.
Extracted 0 gates and 0 wires to a netlist network with 0 inputs and 0 outputs.
Don't call ABC as there is nothing to map.
Removing temp directory.
Removing global temp directory.

94. Executing SETUNDEF pass (replace undef values with defined constants).

95. Executing HILOMAP pass (mapping to constant drivers).

96. Executing SPLITNETS pass (splitting up multi-bit signals).

97. Executing OPT_CLEAN pass (remove unused cells and wires).
Finding unused cells or wires in module \ro_physical_top..

98. Executing INSBUF pass (insert buffer cells for connected wires).

99. Executing CHECK pass (checking for obvious problems).
Checking module ro_physical_top...
Found and reported 0 problems.
{
   "creator": "Yosys 0.65 (git sha1 b85cad634, g++ 13.3.0-6ubuntu2~24.04.1 -fPIC -O3)",
   "invocation": "stat -json -liberty /foss/designs/sky130_characterization/openlane/ro_physical_top/runs/RUN_2026-07-07_10-36-36/tmp/63d920c743c543c393673e9ddade8386.lib ",
   "modules": {
      "\\ro_physical_top": {
         "num_wires":         7,
         "num_wire_bits":     7,
         "num_pub_wires":     7,
         "num_pub_wire_bits": 7,
         "num_ports":         2,
         "num_port_bits":     2,
         "num_memories":      0,
         "num_memory_bits":   0,
         "num_processes":     0,
         "num_cells":         6,
         "num_submodules":       0,
         "area":              5.004800,
         "sequential_area":    0.000000,
         "num_cells_by_type": {
            "sky130_fd_sc_hd__buf_2": 1,
            "sky130_fd_sc_hd__inv_1": 4,
            "sky130_fd_sc_hd__nand2_1": 1
         }
      }
   },
      "design": {
         "num_wires":         7,
         "num_wire_bits":     7,
         "num_pub_wires":     7,
         "num_pub_wire_bits": 7,
         "num_ports":         2,
         "num_port_bits":     2,
         "num_memories":      0,
         "num_memory_bits":   0,
         "num_processes":     0,
         "num_cells":         6,
         "num_submodules":       0,
         "area":              5.004800,
         "sequential_area":    0.000000,
         "num_cells_by_type": {
            "sky130_fd_sc_hd__buf_2": 1,
            "sky130_fd_sc_hd__inv_1": 4,
            "sky130_fd_sc_hd__nand2_1": 1
         }
      }
}

100. Printing statistics.

=== ro_physical_top ===

        +----------Local Count, excluding submodules.
        |        +-Local Area, excluding submodules.
        |        | 
        7        - wires
        7        - wire bits
        7        - public wires
        7        - public wire bits
        2        - ports
        2        - port bits
        6    5.005 cells
        1    5.005   sky130_fd_sc_hd__buf_2
        4        -   sky130_fd_sc_hd__inv_1
        1        -   sky130_fd_sc_hd__nand2_1

   Area for cell type \sky130_fd_sc_hd__inv_1 is unknown!
   Area for cell type \sky130_fd_sc_hd__nand2_1 is unknown!

   Chip area for module '\ro_physical_top': 5.004800
     of which used for sequential elements: 0.000000 (0.00%)

101. Executing Verilog backend.
Dumping module `\ro_physical_top'.

102. Executing JSON backend.
