Clock: clk
Sources: clk 
Generated: no
Virtual: yes
Propagated: no
Period: 10.000000

===========================================================================
report_clock_properties
============================================================================
Clock                   Period          Waveform
----------------------------------------------------
clk                  10.000000    0.000000  5.000000

===========================================================================
report_clock_latency
============================================================================
Clock clk
rise -> rise
    min     max
0.000000 0.000000 source latency
0.687527         network latency _1481_/CLK
        0.739237 network latency _1720_/CLK
---------------
0.687527 0.739237 latency
        0.051710 skew

fall -> fall
    min     max
0.000000 0.000000 source latency
0.607772         network latency _1481_/CLK
        0.647272 network latency _1720_/CLK
---------------
0.607772 0.647272 latency
        0.039500 skew



===========================================================================
report_clock_min_period
============================================================================
clk period_min = 3.98 fmax = 251.07
