
===========================================================================
report_checks -path_delay max (Setup)
============================================================================
======================= nom_tt_025C_1v80 Corner ===================================

Startpoint: enable (input port clocked by null)
Endpoint: ro_out (output port clocked by null)
Path Group: null
Path Type: max

Fanout         Cap        Slew       Delay        Time   Description
---------------------------------------------------------------------------------------------
                      0.000000    0.000000    0.000000   clock null (rise edge)
                                  0.000000    0.000000   clock network delay (ideal)
                                  2.000000    2.000000 v input external delay
     1    0.003058    0.009230    0.004851    2.004851 v enable (in)
                                                         enable (net)
                      0.009230    0.000000    2.004851 v input1/A (sky130_fd_sc_hd__clkdlybuf4s25_1)
     1    0.003024    0.042806    0.227821    2.232671 v input1/X (sky130_fd_sc_hd__clkdlybuf4s25_1)
                                                         net1 (net)
                      0.042806    0.000011    2.232682 v u_nand/A (sky130_fd_sc_hd__nand2_1)
     1    0.002862    0.039171    0.053087    2.285769 ^ u_nand/Y (sky130_fd_sc_hd__nand2_1)
                                                         n0 (net)
                      0.039171    0.000008    2.285777 ^ u_inv0/A (sky130_fd_sc_hd__inv_1)
     1    0.002682    0.020357    0.032230    2.318007 v u_inv0/Y (sky130_fd_sc_hd__inv_1)
                                                         n1 (net)
                      0.020357    0.000006    2.318014 v u_inv1/A (sky130_fd_sc_hd__inv_1)
     1    0.002739    0.032699    0.037962    2.355976 ^ u_inv1/Y (sky130_fd_sc_hd__inv_1)
                                                         n2 (net)
                      0.032699    0.000005    2.355981 ^ u_inv2/A (sky130_fd_sc_hd__inv_1)
     1    0.002682    0.019306    0.030045    2.386026 v u_inv2/Y (sky130_fd_sc_hd__inv_1)
                                                         n3 (net)
                      0.019306    0.000006    2.386032 v u_inv3/A (sky130_fd_sc_hd__inv_1)
     2    0.004684    0.048495    0.048918    2.434950 ^ u_inv3/Y (sky130_fd_sc_hd__inv_1)
                                                         n4 (net)
                      0.048495    0.000004    2.434954 ^ u_buf/A (sky130_fd_sc_hd__buf_2)
     1    0.002405    0.025879    0.090223    2.525176 ^ u_buf/X (sky130_fd_sc_hd__buf_2)
                                                         net2 (net)
                      0.025879    0.000000    2.525177 ^ output2/A (sky130_fd_sc_hd__clkdlybuf4s25_1)
     1    0.034902    0.352605    0.457147    2.982324 ^ output2/X (sky130_fd_sc_hd__clkdlybuf4s25_1)
                                                         ro_out (net)
                      0.352605    0.000312    2.982637 ^ ro_out (out)
                                              2.982637   data arrival time

                      0.000000   10.000000   10.000000   clock null (rise edge)
                                  0.000000   10.000000   clock network delay (ideal)
                                 -0.250000    9.750000   clock uncertainty
                                  0.000000    9.750000   clock reconvergence pessimism
                                 -2.000000    7.750000   output external delay
                                              7.750000   data required time
---------------------------------------------------------------------------------------------
                                              7.750000   data required time
                                             -2.982637   data arrival time
---------------------------------------------------------------------------------------------
                                              4.767363   slack (MET)



