
===========================================================================
report_checks -path_delay min (Hold)
============================================================================
======================= nom_tt_025C_1v80 Corner ===================================

Startpoint: enable (input port clocked by null)
Endpoint: ro_out (output port clocked by null)
Path Group: null
Path Type: min

Fanout         Cap        Slew       Delay        Time   Description
---------------------------------------------------------------------------------------------
                      0.000000    0.000000    0.000000   clock null (rise edge)
                                  0.000000    0.000000   clock network delay (ideal)
                                  2.000000    2.000000 ^ input external delay
     1    0.003283    0.021820    0.011988    2.011988 ^ enable (in)
                                                         enable (net)
                      0.021820    0.000000    2.011988 ^ input1/A (sky130_fd_sc_hd__clkdlybuf4s25_1)
     1    0.003145    0.048762    0.237287    2.249274 ^ input1/X (sky130_fd_sc_hd__clkdlybuf4s25_1)
                                                         net1 (net)
                      0.048762    0.000012    2.249286 ^ u_nand/A (sky130_fd_sc_hd__nand2_1)
     1    0.002686    0.031454    0.044658    2.293945 v u_nand/Y (sky130_fd_sc_hd__nand2_1)
                                                         n0 (net)
                      0.031454    0.000008    2.293952 v u_inv0/A (sky130_fd_sc_hd__inv_1)
     1    0.002858    0.034221    0.043283    2.337235 ^ u_inv0/Y (sky130_fd_sc_hd__inv_1)
                                                         n1 (net)
                      0.034221    0.000007    2.337242 ^ u_inv1/A (sky130_fd_sc_hd__inv_1)
     1    0.002563    0.019107    0.030088    2.367329 v u_inv1/Y (sky130_fd_sc_hd__inv_1)
                                                         n2 (net)
                      0.019107    0.000005    2.367334 v u_inv2/A (sky130_fd_sc_hd__inv_1)
     1    0.002858    0.033674    0.038186    2.405520 ^ u_inv2/Y (sky130_fd_sc_hd__inv_1)
                                                         n3 (net)
                      0.033674    0.000007    2.405527 ^ u_inv3/A (sky130_fd_sc_hd__inv_1)
     2    0.004316    0.025982    0.036424    2.441951 v u_inv3/Y (sky130_fd_sc_hd__inv_1)
                                                         n4 (net)
                      0.025982    0.000003    2.441954 v u_buf/A (sky130_fd_sc_hd__buf_2)
     1    0.002180    0.022526    0.103142    2.545096 v u_buf/X (sky130_fd_sc_hd__buf_2)
                                                         net2 (net)
                      0.022526    0.000000    2.545097 v output2/A (sky130_fd_sc_hd__clkdlybuf4s25_1)
     1    0.034902    0.259494    0.408351    2.953448 v output2/X (sky130_fd_sc_hd__clkdlybuf4s25_1)
                                                         ro_out (net)
                      0.259494    0.000312    2.953760 v ro_out (out)
                                              2.953760   data arrival time

                      0.000000    0.000000    0.000000   clock null (rise edge)
                                  0.000000    0.000000   clock network delay (ideal)
                                  0.250000    0.250000   clock uncertainty
                                  0.000000    0.250000   clock reconvergence pessimism
                                 -2.000000   -1.750000   output external delay
                                             -1.750000   data required time
---------------------------------------------------------------------------------------------
                                             -1.750000   data required time
                                             -2.953760   data arrival time
---------------------------------------------------------------------------------------------
                                              4.703760   slack (MET)



